mode: set
go-postgres-rest/pkg/config/config.go:34.51,35.17 1 1
go-postgres-rest/pkg/config/config.go:35.17,37.3 1 1
go-postgres-rest/pkg/config/config.go:38.2,39.16 2 1
go-postgres-rest/pkg/config/config.go:39.16,41.3 1 1
go-postgres-rest/pkg/config/config.go:42.2,42.10 1 1
go-postgres-rest/pkg/config/config.go:45.76,46.17 1 1
go-postgres-rest/pkg/config/config.go:46.17,48.3 1 1
go-postgres-rest/pkg/config/config.go:49.2,50.16 2 1
go-postgres-rest/pkg/config/config.go:50.16,52.3 1 1
go-postgres-rest/pkg/config/config.go:53.2,53.10 1 1
go-postgres-rest/pkg/config/config.go:58.30,79.2 3 1
go-postgres-rest/pkg/pkg.go:25.44,27.2 1 1
go-postgres-rest/pkg/pkg.go:33.79,34.16 1 1
go-postgres-rest/pkg/pkg.go:34.16,36.3 1 1
go-postgres-rest/pkg/pkg.go:38.2,43.16 4 1
go-postgres-rest/pkg/pkg.go:43.16,45.3 1 1
go-postgres-rest/pkg/pkg.go:48.2,49.16 2 1
go-postgres-rest/pkg/pkg.go:49.16,51.3 1 0
go-postgres-rest/pkg/pkg.go:54.2,62.8 1 1
go-postgres-rest/pkg/config/config.go:34.51,35.17 1 0
go-postgres-rest/pkg/config/config.go:35.17,37.3 1 0
go-postgres-rest/pkg/config/config.go:38.2,39.16 2 0
go-postgres-rest/pkg/config/config.go:39.16,41.3 1 0
go-postgres-rest/pkg/config/config.go:42.2,42.10 1 0
go-postgres-rest/pkg/config/config.go:45.76,46.17 1 0
go-postgres-rest/pkg/config/config.go:46.17,48.3 1 0
go-postgres-rest/pkg/config/config.go:49.2,50.16 2 0
go-postgres-rest/pkg/config/config.go:50.16,52.3 1 0
go-postgres-rest/pkg/config/config.go:53.2,53.10 1 0
go-postgres-rest/pkg/config/config.go:58.30,79.2 3 0
go-postgres-rest/pkg/database/dbFactory.go:17.24,22.2 3 0
go-postgres-rest/pkg/database/dbFactory.go:26.95,27.23 1 0
go-postgres-rest/pkg/database/dbFactory.go:27.23,31.3 3 0
go-postgres-rest/pkg/database/dbFactory.go:32.2,32.49 1 0
go-postgres-rest/pkg/database/factory.go:22.62,26.2 1 1
go-postgres-rest/pkg/database/factory.go:30.100,32.2 1 1
go-postgres-rest/pkg/database/factory.go:35.121,37.13 2 1
go-postgres-rest/pkg/database/factory.go:37.13,39.3 1 1
go-postgres-rest/pkg/database/factory.go:40.2,40.40 1 1
go-postgres-rest/pkg/database/factory.go:51.115,52.23 1 1
go-postgres-rest/pkg/database/factory.go:52.23,54.3 1 1
go-postgres-rest/pkg/database/factory.go:55.2,55.22 1 1
go-postgres-rest/pkg/database/factory.go:55.22,57.3 1 1
go-postgres-rest/pkg/database/factory.go:58.2,61.3 1 1
go-postgres-rest/pkg/database/factory.go:65.107,68.16 2 0
go-postgres-rest/pkg/database/factory.go:68.16,70.3 1 0
go-postgres-rest/pkg/database/factory.go:73.2,73.35 1 0
go-postgres-rest/pkg/database/factory.go:77.69,81.2 3 1
go-postgres-rest/pkg/database/repoFactory.go:13.86,17.2 3 0
go-postgres-rest/pkg/database/repoFactory.go:23.107,26.2 2 0
go-postgres-rest/pkg/database/repoFactory.go:29.55,31.2 1 0
go-postgres-rest/pkg/database/repository_factory.go:21.50,25.2 1 0
go-postgres-rest/pkg/database/repository_factory.go:29.89,31.2 1 0
go-postgres-rest/pkg/database/repository_factory.go:34.122,36.13 2 0
go-postgres-rest/pkg/database/repository_factory.go:36.13,38.3 1 0
go-postgres-rest/pkg/database/repository_factory.go:39.2,39.37 1 0
go-postgres-rest/pkg/database/repository_factory.go:44.114,46.16 2 0
go-postgres-rest/pkg/database/repository_factory.go:46.16,48.3 1 0
go-postgres-rest/pkg/database/repository_factory.go:52.2,53.9 2 0
go-postgres-rest/pkg/database/repository_factory.go:53.9,55.3 1 0
go-postgres-rest/pkg/database/repository_factory.go:57.2,57.22 1 0
go-postgres-rest/pkg/database/repository_factory.go:62.57,67.2 2 0
go-postgres-rest/pkg/database/postgres/bulk_repo.go:8.55,10.2 1 0
go-postgres-rest/pkg/database/postgres/bulk_repo.go:13.121,15.2 1 0
go-postgres-rest/pkg/database/postgres/bulk_repo.go:18.122,20.2 1 0
go-postgres-rest/pkg/database/postgres/bulk_repo.go:23.104,25.2 1 0
go-postgres-rest/pkg/database/postgres/bulk_repo.go:28.151,30.2 1 0
go-postgres-rest/pkg/database/postgres/connector.go:25.39,31.2 1 1
go-postgres-rest/pkg/database/postgres/connector.go:34.96,40.2 1 0
go-postgres-rest/pkg/database/postgres/connector.go:43.77,44.15 1 0
go-postgres-rest/pkg/database/postgres/connector.go:44.15,46.3 1 0
go-postgres-rest/pkg/database/postgres/connector.go:48.2,49.16 2 0
go-postgres-rest/pkg/database/postgres/connector.go:49.16,51.3 1 0
go-postgres-rest/pkg/database/postgres/connector.go:54.2,59.34 4 0
go-postgres-rest/pkg/database/postgres/connector.go:59.34,62.3 2 0
go-postgres-rest/pkg/database/postgres/connector.go:64.2,64.16 1 0
go-postgres-rest/pkg/database/postgres/core_repo.go:14.55,16.2 1 0
go-postgres-rest/pkg/database/postgres/core_repo.go:21.45,23.36 2 0
go-postgres-rest/pkg/database/postgres/core_repo.go:23.36,25.3 1 0
go-postgres-rest/pkg/database/postgres/core_repo.go:26.2,26.18 1 0
go-postgres-rest/pkg/database/postgres/core_repo.go:32.79,34.2 1 0
go-postgres-rest/pkg/database/postgres/core_repo.go:39.90,41.2 1 0
go-postgres-rest/pkg/database/postgres/core_repo.go:46.116,48.2 1 0
go-postgres-rest/pkg/database/postgres/core_repo.go:53.77,55.16 2 0
go-postgres-rest/pkg/database/postgres/core_repo.go:55.16,57.3 1 0
go-postgres-rest/pkg/database/postgres/core_repo.go:58.2,58.12 1 0
go-postgres-rest/pkg/database/postgres/database_repo.go:22.69,32.2 1 0
go-postgres-rest/pkg/database/postgres/database_repo.go:37.62,39.2 1 0
go-postgres-rest/pkg/database/postgres/database_repo.go:42.60,44.2 1 0
go-postgres-rest/pkg/database/postgres/database_repo.go:47.60,49.2 1 0
go-postgres-rest/pkg/database/postgres/database_repo.go:52.62,54.2 1 0
go-postgres-rest/pkg/database/postgres/database_repo.go:57.78,59.2 1 0
go-postgres-rest/pkg/database/postgres/database_repo.go:62.76,64.2 1 0
go-postgres-rest/pkg/database/postgres/database_repo.go:67.72,69.2 1 0
go-postgres-rest/pkg/database/postgres/ddl_repo.go:13.53,15.2 1 0
go-postgres-rest/pkg/database/postgres/ddl_repo.go:20.77,22.2 1 0
go-postgres-rest/pkg/database/postgres/ddl_repo.go:27.86,29.2 1 0
go-postgres-rest/pkg/database/postgres/ddl_repo.go:34.94,36.2 1 0
go-postgres-rest/pkg/database/postgres/ddl_repo.go:41.72,45.16 4 0
go-postgres-rest/pkg/database/postgres/ddl_repo.go:45.16,47.3 1 0
go-postgres-rest/pkg/database/postgres/ddl_repo.go:48.2,48.20 1 0
go-postgres-rest/pkg/database/postgres/dml_repo.go:8.53,10.2 1 0
go-postgres-rest/pkg/database/postgres/dml_repo.go:14.83,16.2 1 0
go-postgres-rest/pkg/database/postgres/dml_repo.go:20.91,22.2 1 0
go-postgres-rest/pkg/database/postgres/dml_repo.go:26.63,28.2 1 0
go-postgres-rest/pkg/database/postgres/dsn_builder.go:18.41,20.2 1 1
go-postgres-rest/pkg/database/postgres/dsn_builder.go:23.84,24.16 1 0
go-postgres-rest/pkg/database/postgres/dsn_builder.go:24.16,26.3 1 0
go-postgres-rest/pkg/database/postgres/dsn_builder.go:28.2,28.50 1 0
go-postgres-rest/pkg/database/postgres/dsn_builder.go:28.50,30.3 1 0
go-postgres-rest/pkg/database/postgres/dsn_builder.go:33.2,33.20 1 0
go-postgres-rest/pkg/database/postgres/dsn_builder.go:33.20,35.3 1 0
go-postgres-rest/pkg/database/postgres/dsn_builder.go:36.2,36.39 1 0
go-postgres-rest/pkg/database/postgres/dsn_builder.go:36.39,38.3 1 0
go-postgres-rest/pkg/database/postgres/dsn_builder.go:39.2,39.24 1 0
go-postgres-rest/pkg/database/postgres/dsn_builder.go:39.24,41.3 1 0
go-postgres-rest/pkg/database/postgres/dsn_builder.go:42.2,42.28 1 0
go-postgres-rest/pkg/database/postgres/dsn_builder.go:42.28,44.3 1 0
go-postgres-rest/pkg/database/postgres/dsn_builder.go:47.2,57.17 2 0
go-postgres-rest/pkg/database/postgres/migration_repo.go:8.65,10.2 1 0
go-postgres-rest/pkg/database/postgres/migration_repo.go:14.85,16.2 1 0
go-postgres-rest/pkg/database/postgres/migration_repo.go:20.79,22.2 1 0
go-postgres-rest/pkg/database/postgres/performance_repo.go:8.69,10.2 1 0
go-postgres-rest/pkg/database/postgres/performance_repo.go:15.87,17.2 1 0
go-postgres-rest/pkg/database/postgres/performance_repo.go:22.87,24.2 1 0
go-postgres-rest/pkg/database/postgres/performance_repo.go:29.76,31.2 1 0
go-postgres-rest/pkg/database/postgres/postgres.go:14.37,14.57 1 0
go-postgres-rest/pkg/database/postgres/postgres.go:19.65,31.16 3 0
go-postgres-rest/pkg/database/postgres/postgres.go:31.16,33.3 1 0
go-postgres-rest/pkg/database/postgres/postgres.go:35.2,39.35 4 0
go-postgres-rest/pkg/database/postgres/postgres.go:39.35,41.3 1 0
go-postgres-rest/pkg/database/postgres/postgres.go:43.2,43.16 1 0
go-postgres-rest/pkg/database/postgres/relationship_repo.go:13.71,15.2 1 0
go-postgres-rest/pkg/database/postgres/relationship_repo.go:20.110,22.2 1 0
go-postgres-rest/pkg/database/postgres/relationship_repo.go:27.111,29.2 1 0
go-postgres-rest/pkg/database/postgres/relationship_repo.go:34.140,36.2 1 0
go-postgres-rest/pkg/database/postgres/relationship_repo.go:41.70,43.2 1 0
go-postgres-rest/pkg/database/postgres/relationship_repo.go:48.147,50.2 1 0
go-postgres-rest/pkg/database/postgres/relationship_repo.go:55.151,57.2 1 0
go-postgres-rest/pkg/database/postgres/relationship_repo.go:62.152,64.2 1 0
go-postgres-rest/pkg/database/postgres/relationship_repo.go:69.210,71.2 1 0
go-postgres-rest/pkg/database/postgres/relationship_repo.go:76.162,78.2 1 0
go-postgres-rest/pkg/database/postgres/relationship_repo.go:83.163,85.2 1 0
go-postgres-rest/pkg/database/postgres/relationship_repo.go:90.196,92.2 1 0
go-postgres-rest/pkg/database/postgres/repo.go:25.72,27.2 1 0
go-postgres-rest/pkg/database/postgres/repo.go:29.66,31.36 2 0
go-postgres-rest/pkg/database/postgres/repo.go:31.36,33.3 1 0
go-postgres-rest/pkg/database/postgres/repo.go:34.2,34.18 1 0
go-postgres-rest/pkg/database/postgres/repo.go:76.43,79.20 2 0
go-postgres-rest/pkg/database/postgres/repo.go:79.20,81.3 1 0
go-postgres-rest/pkg/database/postgres/repo.go:84.2,84.78 1 0
go-postgres-rest/pkg/database/postgres/repo.go:84.78,85.82 1 0
go-postgres-rest/pkg/database/postgres/repo.go:85.82,87.4 1 0
go-postgres-rest/pkg/database/postgres/repo.go:89.3,90.52 2 0
go-postgres-rest/pkg/database/postgres/repo.go:90.52,92.4 1 0
go-postgres-rest/pkg/database/postgres/repo.go:93.3,93.41 1 0
go-postgres-rest/pkg/database/postgres/repo.go:93.41,95.4 1 0
go-postgres-rest/pkg/database/postgres/repo.go:96.3,96.13 1 0
go-postgres-rest/pkg/database/postgres/repo.go:99.2,99.31 1 0
go-postgres-rest/pkg/database/postgres/repo.go:99.31,101.3 1 0
go-postgres-rest/pkg/database/postgres/repo.go:102.2,102.40 1 0
go-postgres-rest/pkg/database/postgres/repo.go:102.40,104.3 1 0
go-postgres-rest/pkg/database/postgres/repo.go:105.2,105.12 1 0
go-postgres-rest/pkg/database/postgres/repo.go:109.44,112.20 2 0
go-postgres-rest/pkg/database/postgres/repo.go:112.20,114.3 1 0
go-postgres-rest/pkg/database/postgres/repo.go:117.2,117.78 1 0
go-postgres-rest/pkg/database/postgres/repo.go:117.78,118.82 1 0
go-postgres-rest/pkg/database/postgres/repo.go:118.82,120.4 1 0
go-postgres-rest/pkg/database/postgres/repo.go:122.3,123.52 2 0
go-postgres-rest/pkg/database/postgres/repo.go:123.52,125.4 1 0
go-postgres-rest/pkg/database/postgres/repo.go:126.3,126.41 1 0
go-postgres-rest/pkg/database/postgres/repo.go:126.41,128.4 1 0
go-postgres-rest/pkg/database/postgres/repo.go:129.3,129.13 1 0
go-postgres-rest/pkg/database/postgres/repo.go:132.2,132.31 1 0
go-postgres-rest/pkg/database/postgres/repo.go:132.31,134.3 1 0
go-postgres-rest/pkg/database/postgres/repo.go:135.2,135.41 1 0
go-postgres-rest/pkg/database/postgres/repo.go:135.41,137.3 1 0
go-postgres-rest/pkg/database/postgres/repo.go:138.2,138.12 1 0
go-postgres-rest/pkg/database/postgres/repo.go:142.65,147.34 4 0
go-postgres-rest/pkg/database/postgres/repo.go:147.34,148.12 1 0
go-postgres-rest/pkg/database/postgres/repo.go:149.12,151.24 2 0
go-postgres-rest/pkg/database/postgres/repo.go:152.12,153.16 1 0
go-postgres-rest/pkg/database/postgres/repo.go:153.16,155.13 2 0
go-postgres-rest/pkg/database/postgres/repo.go:157.4,158.19 2 0
go-postgres-rest/pkg/database/postgres/repo.go:159.11,160.24 1 0
go-postgres-rest/pkg/database/postgres/repo.go:164.2,164.14 1 0
go-postgres-rest/pkg/database/postgres/repo.go:164.14,166.3 1 0
go-postgres-rest/pkg/database/postgres/repo.go:168.2,169.19 2 0
go-postgres-rest/pkg/database/postgres/repo.go:173.77,174.21 1 0
go-postgres-rest/pkg/database/postgres/repo.go:174.21,176.3 1 0
go-postgres-rest/pkg/database/postgres/repo.go:177.2,177.20 1 0
go-postgres-rest/pkg/database/postgres/repo.go:177.20,179.3 1 0
go-postgres-rest/pkg/database/postgres/repo.go:180.2,180.12 1 0
go-postgres-rest/pkg/database/postgres/repo.go:184.69,185.50 1 0
go-postgres-rest/pkg/database/postgres/repo.go:185.50,187.3 1 0
go-postgres-rest/pkg/database/postgres/repo.go:188.2,188.49 1 0
go-postgres-rest/pkg/database/postgres/repo.go:188.49,190.3 1 0
go-postgres-rest/pkg/database/postgres/repo.go:191.2,191.12 1 0
go-postgres-rest/pkg/database/postgres/repo.go:196.61,198.29 2 0
go-postgres-rest/pkg/database/postgres/repo.go:198.29,200.3 1 0
go-postgres-rest/pkg/database/postgres/repo.go:202.2,203.16 2 0
go-postgres-rest/pkg/database/postgres/repo.go:203.16,205.3 1 0
go-postgres-rest/pkg/database/postgres/repo.go:207.2,207.73 1 0
go-postgres-rest/pkg/database/postgres/repo.go:207.73,209.3 1 0
go-postgres-rest/pkg/database/postgres/repo.go:211.2,211.21 1 0
go-postgres-rest/pkg/database/postgres/repo.go:211.21,215.3 3 0
go-postgres-rest/pkg/database/postgres/repo.go:217.2,217.52 1 0
go-postgres-rest/pkg/database/postgres/repo.go:217.52,219.3 1 0
go-postgres-rest/pkg/database/postgres/repo.go:220.2,220.12 1 0
go-postgres-rest/pkg/database/postgres/repo.go:233.40,234.44 1 0
go-postgres-rest/pkg/database/postgres/repo.go:234.44,236.3 1 0
go-postgres-rest/pkg/database/postgres/repo.go:237.2,237.12 1 0
go-postgres-rest/pkg/database/postgres/repo.go:240.108,242.63 1 0
go-postgres-rest/pkg/database/postgres/repo.go:242.63,244.3 1 0
go-postgres-rest/pkg/database/postgres/repo.go:247.2,247.60 1 0
go-postgres-rest/pkg/database/postgres/repo.go:247.60,249.3 1 0
go-postgres-rest/pkg/database/postgres/repo.go:251.2,256.24 3 0
go-postgres-rest/pkg/database/postgres/repo.go:256.24,258.3 1 0
go-postgres-rest/pkg/database/postgres/repo.go:260.2,260.23 1 0
go-postgres-rest/pkg/database/postgres/repo.go:260.23,262.3 1 0
go-postgres-rest/pkg/database/postgres/repo.go:264.2,264.36 1 0
go-postgres-rest/pkg/database/postgres/repo.go:264.36,266.3 1 0
go-postgres-rest/pkg/database/postgres/repo.go:268.2,268.29 1 0
go-postgres-rest/pkg/database/postgres/repo.go:268.29,270.3 1 0
go-postgres-rest/pkg/database/postgres/repo.go:272.2,273.16 2 0
go-postgres-rest/pkg/database/postgres/repo.go:273.16,275.3 1 0
go-postgres-rest/pkg/database/postgres/repo.go:277.2,277.12 1 0
go-postgres-rest/pkg/database/postgres/repo.go:280.116,281.20 1 0
go-postgres-rest/pkg/database/postgres/repo.go:282.21,283.61 1 0
go-postgres-rest/pkg/database/postgres/repo.go:283.61,285.4 1 0
go-postgres-rest/pkg/database/postgres/repo.go:286.3,289.4 1 0
go-postgres-rest/pkg/database/postgres/repo.go:290.23,291.62 1 0
go-postgres-rest/pkg/database/postgres/repo.go:291.62,293.4 1 0
go-postgres-rest/pkg/database/postgres/repo.go:294.3,297.4 1 0
go-postgres-rest/pkg/database/postgres/repo.go:298.23,299.65 1 0
go-postgres-rest/pkg/database/postgres/repo.go:299.65,301.4 1 0
go-postgres-rest/pkg/database/postgres/repo.go:302.3,305.4 1 0
go-postgres-rest/pkg/database/postgres/repo.go:308.2,308.69 1 0
go-postgres-rest/pkg/database/postgres/repo.go:311.110,313.62 1 0
go-postgres-rest/pkg/database/postgres/repo.go:313.62,315.3 1 0
go-postgres-rest/pkg/database/postgres/repo.go:318.2,318.59 1 0
go-postgres-rest/pkg/database/postgres/repo.go:318.59,320.3 1 0
go-postgres-rest/pkg/database/postgres/repo.go:322.2,324.17 2 0
go-postgres-rest/pkg/database/postgres/repo.go:324.17,326.3 1 0
go-postgres-rest/pkg/database/postgres/repo.go:328.2,329.16 2 0
go-postgres-rest/pkg/database/postgres/repo.go:329.16,331.3 1 0
go-postgres-rest/pkg/database/postgres/repo.go:333.2,333.12 1 0
go-postgres-rest/pkg/database/postgres/repo.go:336.114,338.62 1 0
go-postgres-rest/pkg/database/postgres/repo.go:338.62,340.3 1 0
go-postgres-rest/pkg/database/postgres/repo.go:343.2,343.59 1 0
go-postgres-rest/pkg/database/postgres/repo.go:343.59,345.3 1 0
go-postgres-rest/pkg/database/postgres/repo.go:347.2,349.27 2 0
go-postgres-rest/pkg/database/postgres/repo.go:349.27,352.3 1 0
go-postgres-rest/pkg/database/postgres/repo.go:353.2,353.27 1 0
go-postgres-rest/pkg/database/postgres/repo.go:353.27,354.22 1 0
go-postgres-rest/pkg/database/postgres/repo.go:354.22,357.4 1 0
go-postgres-rest/pkg/database/postgres/repo.go:357.9,360.4 1 0
go-postgres-rest/pkg/database/postgres/repo.go:363.2,363.27 1 0
go-postgres-rest/pkg/database/postgres/repo.go:363.27,366.3 1 0
go-postgres-rest/pkg/database/postgres/repo.go:368.2,368.21 1 0
go-postgres-rest/pkg/database/postgres/repo.go:368.21,371.3 1 0
go-postgres-rest/pkg/database/postgres/repo.go:373.2,373.32 1 0
go-postgres-rest/pkg/database/postgres/repo.go:373.32,374.61 1 0
go-postgres-rest/pkg/database/postgres/repo.go:374.61,376.4 1 0
go-postgres-rest/pkg/database/postgres/repo.go:379.2,379.12 1 0
go-postgres-rest/pkg/database/postgres/repo.go:382.114,384.62 1 0
go-postgres-rest/pkg/database/postgres/repo.go:384.62,386.3 1 0
go-postgres-rest/pkg/database/postgres/repo.go:389.2,389.56 1 0
go-postgres-rest/pkg/database/postgres/repo.go:389.56,391.3 1 0
go-postgres-rest/pkg/database/postgres/repo.go:392.2,392.56 1 0
go-postgres-rest/pkg/database/postgres/repo.go:392.56,394.3 1 0
go-postgres-rest/pkg/database/postgres/repo.go:396.2,400.16 3 0
go-postgres-rest/pkg/database/postgres/repo.go:400.16,402.3 1 0
go-postgres-rest/pkg/database/postgres/repo.go:404.2,404.12 1 0
go-postgres-rest/pkg/database/postgres/repo.go:407.123,412.16 3 0
go-postgres-rest/pkg/database/postgres/repo.go:412.16,414.3 1 0
go-postgres-rest/pkg/database/postgres/repo.go:416.2,418.20 2 0
go-postgres-rest/pkg/database/postgres/repo.go:418.20,420.3 1 0
go-postgres-rest/pkg/database/postgres/repo.go:420.8,422.3 1 0
go-postgres-rest/pkg/database/postgres/repo.go:424.2,426.20 2 0
go-postgres-rest/pkg/database/postgres/repo.go:426.20,428.3 1 0
go-postgres-rest/pkg/database/postgres/repo.go:430.2,433.16 3 0
go-postgres-rest/pkg/database/postgres/repo.go:433.16,435.3 1 0
go-postgres-rest/pkg/database/postgres/repo.go:436.2,436.12 1 0
go-postgres-rest/pkg/database/postgres/repo.go:439.99,441.74 1 0
go-postgres-rest/pkg/database/postgres/repo.go:441.74,443.3 1 0
go-postgres-rest/pkg/database/postgres/repo.go:445.2,453.29 5 0
go-postgres-rest/pkg/database/postgres/repo.go:453.29,455.3 1 0
go-postgres-rest/pkg/database/postgres/repo.go:458.2,459.31 2 0
go-postgres-rest/pkg/database/postgres/repo.go:459.31,461.3 1 0
go-postgres-rest/pkg/database/postgres/repo.go:463.2,466.16 3 0
go-postgres-rest/pkg/database/postgres/repo.go:466.16,468.3 1 0
go-postgres-rest/pkg/database/postgres/repo.go:471.2,471.34 1 0
go-postgres-rest/pkg/database/postgres/repo.go:471.34,472.84 1 0
go-postgres-rest/pkg/database/postgres/repo.go:472.84,474.4 1 0
go-postgres-rest/pkg/database/postgres/repo.go:477.2,477.12 1 0
go-postgres-rest/pkg/database/postgres/repo.go:481.109,483.81 1 0
go-postgres-rest/pkg/database/postgres/repo.go:483.81,485.3 1 0
go-postgres-rest/pkg/database/postgres/repo.go:488.2,488.82 1 0
go-postgres-rest/pkg/database/postgres/repo.go:488.82,490.3 1 0
go-postgres-rest/pkg/database/postgres/repo.go:493.2,493.88 1 0
go-postgres-rest/pkg/database/postgres/repo.go:493.88,495.3 1 0
go-postgres-rest/pkg/database/postgres/repo.go:498.2,498.90 1 0
go-postgres-rest/pkg/database/postgres/repo.go:498.90,500.3 1 0
go-postgres-rest/pkg/database/postgres/repo.go:503.2,503.82 1 0
go-postgres-rest/pkg/database/postgres/repo.go:503.82,505.3 1 0
go-postgres-rest/pkg/database/postgres/repo.go:507.2,507.12 1 0
go-postgres-rest/pkg/database/postgres/repo.go:511.98,512.62 1 0
go-postgres-rest/pkg/database/postgres/repo.go:512.62,514.3 1 0
go-postgres-rest/pkg/database/postgres/repo.go:515.2,515.12 1 0
go-postgres-rest/pkg/database/postgres/repo.go:519.113,520.30 1 0
go-postgres-rest/pkg/database/postgres/repo.go:520.30,521.54 1 0
go-postgres-rest/pkg/database/postgres/repo.go:521.54,523.4 1 0
go-postgres-rest/pkg/database/postgres/repo.go:525.2,525.12 1 0
go-postgres-rest/pkg/database/postgres/repo.go:529.102,530.32 1 0
go-postgres-rest/pkg/database/postgres/repo.go:530.32,531.48 1 0
go-postgres-rest/pkg/database/postgres/repo.go:531.48,533.4 1 0
go-postgres-rest/pkg/database/postgres/repo.go:535.2,535.12 1 0
go-postgres-rest/pkg/database/postgres/repo.go:539.118,540.33 1 0
go-postgres-rest/pkg/database/postgres/repo.go:540.33,541.34 1 0
go-postgres-rest/pkg/database/postgres/repo.go:541.34,542.50 1 0
go-postgres-rest/pkg/database/postgres/repo.go:542.50,544.5 1 0
go-postgres-rest/pkg/database/postgres/repo.go:546.3,546.44 1 0
go-postgres-rest/pkg/database/postgres/repo.go:546.44,547.50 1 0
go-postgres-rest/pkg/database/postgres/repo.go:547.50,549.5 1 0
go-postgres-rest/pkg/database/postgres/repo.go:552.2,552.12 1 0
go-postgres-rest/pkg/database/postgres/repo.go:556.112,557.30 1 0
go-postgres-rest/pkg/database/postgres/repo.go:557.30,558.35 1 0
go-postgres-rest/pkg/database/postgres/repo.go:558.35,559.50 1 0
go-postgres-rest/pkg/database/postgres/repo.go:559.50,561.5 1 0
go-postgres-rest/pkg/database/postgres/repo.go:564.2,564.12 1 0
go-postgres-rest/pkg/database/postgres/repo.go:568.112,570.30 2 0
go-postgres-rest/pkg/database/postgres/repo.go:570.30,576.18 5 0
go-postgres-rest/pkg/database/postgres/repo.go:576.18,578.4 1 0
go-postgres-rest/pkg/database/postgres/repo.go:580.3,580.17 1 0
go-postgres-rest/pkg/database/postgres/repo.go:580.17,582.4 1 0
go-postgres-rest/pkg/database/postgres/repo.go:584.3,584.30 1 0
go-postgres-rest/pkg/database/postgres/repo.go:584.30,587.4 2 0
go-postgres-rest/pkg/database/postgres/repo.go:589.3,589.23 1 0
go-postgres-rest/pkg/database/postgres/repo.go:589.23,593.4 3 0
go-postgres-rest/pkg/database/postgres/repo.go:595.3,595.50 1 0
go-postgres-rest/pkg/database/postgres/repo.go:597.2,597.19 1 0
go-postgres-rest/pkg/database/postgres/repo.go:601.117,603.33 2 0
go-postgres-rest/pkg/database/postgres/repo.go:603.33,613.24 9 0
go-postgres-rest/pkg/database/postgres/repo.go:613.24,616.4 2 0
go-postgres-rest/pkg/database/postgres/repo.go:618.3,618.24 1 0
go-postgres-rest/pkg/database/postgres/repo.go:618.24,621.4 2 0
go-postgres-rest/pkg/database/postgres/repo.go:623.3,623.41 1 0
go-postgres-rest/pkg/database/postgres/repo.go:625.2,625.15 1 0
go-postgres-rest/pkg/database/postgres/repo.go:628.85,630.63 1 0
go-postgres-rest/pkg/database/postgres/repo.go:630.63,632.3 1 0
go-postgres-rest/pkg/database/postgres/repo.go:634.2,637.16 3 0
go-postgres-rest/pkg/database/postgres/repo.go:637.16,639.3 1 0
go-postgres-rest/pkg/database/postgres/repo.go:641.2,642.16 2 0
go-postgres-rest/pkg/database/postgres/repo.go:642.16,644.3 1 0
go-postgres-rest/pkg/database/postgres/repo.go:646.2,646.23 1 0
go-postgres-rest/pkg/database/postgres/repo.go:646.23,648.3 1 0
go-postgres-rest/pkg/database/postgres/repo.go:650.2,650.12 1 0
go-postgres-rest/pkg/database/postgres/repo.go:653.137,654.46 1 0
go-postgres-rest/pkg/database/postgres/repo.go:654.46,656.3 1 0
go-postgres-rest/pkg/database/postgres/repo.go:658.2,663.34 4 0
go-postgres-rest/pkg/database/postgres/repo.go:663.34,664.49 1 0
go-postgres-rest/pkg/database/postgres/repo.go:664.49,666.4 1 0
go-postgres-rest/pkg/database/postgres/repo.go:669.2,669.26 1 0
go-postgres-rest/pkg/database/postgres/repo.go:669.26,671.3 1 0
go-postgres-rest/pkg/database/postgres/repo.go:674.2,678.20 3 0
go-postgres-rest/pkg/database/postgres/repo.go:679.16,680.113 1 0
go-postgres-rest/pkg/database/postgres/repo.go:681.19,682.117 1 0
go-postgres-rest/pkg/database/postgres/repo.go:683.10,684.112 1 0
go-postgres-rest/pkg/database/postgres/repo.go:687.2,690.36 3 0
go-postgres-rest/pkg/database/postgres/repo.go:693.99,695.23 1 0
go-postgres-rest/pkg/database/postgres/repo.go:696.21,697.17 1 0
go-postgres-rest/pkg/database/postgres/repo.go:698.16,700.23 2 0
go-postgres-rest/pkg/database/postgres/repo.go:700.23,702.4 1 0
go-postgres-rest/pkg/database/postgres/repo.go:703.3,703.19 1 0
go-postgres-rest/pkg/database/postgres/repo.go:704.13,706.23 2 0
go-postgres-rest/pkg/database/postgres/repo.go:706.23,708.4 1 0
go-postgres-rest/pkg/database/postgres/repo.go:709.3,709.19 1 0
go-postgres-rest/pkg/database/postgres/repo.go:710.10,711.20 1 0
go-postgres-rest/pkg/database/postgres/repo.go:716.155,720.2 3 0
go-postgres-rest/pkg/database/postgres/repo.go:723.147,725.29 2 0
go-postgres-rest/pkg/database/postgres/repo.go:725.29,727.3 1 0
go-postgres-rest/pkg/database/postgres/repo.go:729.2,731.29 3 0
go-postgres-rest/pkg/database/postgres/repo.go:731.29,735.3 3 0
go-postgres-rest/pkg/database/postgres/repo.go:737.2,738.12 2 0
go-postgres-rest/pkg/database/postgres/repo.go:738.12,740.3 1 0
go-postgres-rest/pkg/database/postgres/repo.go:741.2,742.36 2 0
go-postgres-rest/pkg/database/postgres/repo.go:746.149,748.12 2 0
go-postgres-rest/pkg/database/postgres/repo.go:748.12,750.3 1 0
go-postgres-rest/pkg/database/postgres/repo.go:751.2,752.35 2 0
go-postgres-rest/pkg/database/postgres/repo.go:756.135,760.2 3 0
go-postgres-rest/pkg/database/postgres/repo.go:762.138,764.58 1 0
go-postgres-rest/pkg/database/postgres/repo.go:764.58,768.3 1 0
go-postgres-rest/pkg/database/postgres/repo.go:771.2,771.58 1 0
go-postgres-rest/pkg/database/postgres/repo.go:771.58,774.3 1 0
go-postgres-rest/pkg/database/postgres/repo.go:776.2,776.42 1 0
go-postgres-rest/pkg/database/postgres/repo.go:777.17,778.73 1 0
go-postgres-rest/pkg/database/postgres/repo.go:779.25,780.74 1 0
go-postgres-rest/pkg/database/postgres/repo.go:781.17,782.73 1 0
go-postgres-rest/pkg/database/postgres/repo.go:783.19,784.74 1 0
go-postgres-rest/pkg/database/postgres/repo.go:785.17,786.73 1 0
go-postgres-rest/pkg/database/postgres/repo.go:787.19,788.74 1 0
go-postgres-rest/pkg/database/postgres/repo.go:789.14,790.76 1 0
go-postgres-rest/pkg/database/postgres/repo.go:791.15,792.77 1 0
go-postgres-rest/pkg/database/postgres/repo.go:793.12,794.71 1 0
go-postgres-rest/pkg/database/postgres/repo.go:795.16,796.70 1 0
go-postgres-rest/pkg/database/postgres/repo.go:797.17,798.73 1 0
go-postgres-rest/pkg/database/postgres/repo.go:799.21,800.72 1 0
go-postgres-rest/pkg/database/postgres/repo.go:801.13,802.65 1 0
go-postgres-rest/pkg/database/postgres/repo.go:803.10,805.85 1 0
go-postgres-rest/pkg/database/postgres/repo.go:811.69,812.23 1 0
go-postgres-rest/pkg/database/postgres/repo.go:812.23,814.3 1 0
go-postgres-rest/pkg/database/postgres/repo.go:816.2,817.30 2 0
go-postgres-rest/pkg/database/postgres/repo.go:817.30,818.17 1 0
go-postgres-rest/pkg/database/postgres/repo.go:818.17,821.12 2 0
go-postgres-rest/pkg/database/postgres/repo.go:825.3,825.49 1 0
go-postgres-rest/pkg/database/postgres/repo.go:825.49,827.4 1 0
go-postgres-rest/pkg/database/postgres/repo.go:830.3,830.59 1 0
go-postgres-rest/pkg/database/postgres/repo.go:833.2,833.24 1 0
go-postgres-rest/pkg/database/postgres/repo.go:838.74,839.27 1 0
go-postgres-rest/pkg/database/postgres/repo.go:839.27,841.3 1 0
go-postgres-rest/pkg/database/postgres/repo.go:843.2,844.40 2 0
go-postgres-rest/pkg/database/postgres/repo.go:844.40,847.22 2 0
go-postgres-rest/pkg/database/postgres/repo.go:847.22,848.12 1 0
go-postgres-rest/pkg/database/postgres/repo.go:852.3,853.53 2 0
go-postgres-rest/pkg/database/postgres/repo.go:853.53,855.4 1 0
go-postgres-rest/pkg/database/postgres/repo.go:858.3,861.21 2 0
go-postgres-rest/pkg/database/postgres/repo.go:861.21,863.49 2 0
go-postgres-rest/pkg/database/postgres/repo.go:863.49,865.5 1 0
go-postgres-rest/pkg/database/postgres/repo.go:869.3,869.72 1 0
go-postgres-rest/pkg/database/postgres/repo.go:872.2,872.27 1 0
go-postgres-rest/pkg/database/postgres/repo.go:875.138,881.35 3 0
go-postgres-rest/pkg/database/postgres/repo.go:881.35,886.3 4 0
go-postgres-rest/pkg/database/postgres/repo.go:889.2,889.38 1 0
go-postgres-rest/pkg/database/postgres/repo.go:889.38,891.27 2 0
go-postgres-rest/pkg/database/postgres/repo.go:891.27,895.4 3 0
go-postgres-rest/pkg/database/postgres/repo.go:898.2,898.26 1 0
go-postgres-rest/pkg/database/postgres/repo.go:898.26,900.3 1 0
go-postgres-rest/pkg/database/postgres/repo.go:902.2,903.24 2 0
go-postgres-rest/pkg/database/postgres/repo.go:903.24,905.3 1 0
go-postgres-rest/pkg/database/postgres/repo.go:907.2,907.66 1 0
go-postgres-rest/pkg/database/postgres/repo.go:910.133,926.22 10 0
go-postgres-rest/pkg/database/postgres/repo.go:926.22,928.3 1 0
go-postgres-rest/pkg/database/postgres/repo.go:931.2,932.23 2 0
go-postgres-rest/pkg/database/postgres/repo.go:932.23,936.3 3 0
go-postgres-rest/pkg/database/postgres/repo.go:939.2,940.25 2 0
go-postgres-rest/pkg/database/postgres/repo.go:940.25,942.3 1 0
go-postgres-rest/pkg/database/postgres/repo.go:945.2,946.24 2 0
go-postgres-rest/pkg/database/postgres/repo.go:946.24,950.3 3 0
go-postgres-rest/pkg/database/postgres/repo.go:953.2,954.25 2 0
go-postgres-rest/pkg/database/postgres/repo.go:954.25,956.3 1 0
go-postgres-rest/pkg/database/postgres/repo.go:959.2,960.29 2 0
go-postgres-rest/pkg/database/postgres/repo.go:960.29,963.3 2 0
go-postgres-rest/pkg/database/postgres/repo.go:965.2,965.29 1 0
go-postgres-rest/pkg/database/postgres/repo.go:969.113,971.33 2 0
go-postgres-rest/pkg/database/postgres/repo.go:971.33,974.56 2 0
go-postgres-rest/pkg/database/postgres/repo.go:974.56,976.4 1 0
go-postgres-rest/pkg/database/postgres/repo.go:979.3,980.59 2 0
go-postgres-rest/pkg/database/postgres/repo.go:980.59,982.23 2 0
go-postgres-rest/pkg/database/postgres/repo.go:982.23,984.57 1 0
go-postgres-rest/pkg/database/postgres/repo.go:984.57,986.6 1 0
go-postgres-rest/pkg/database/postgres/repo.go:988.4,988.39 1 0
go-postgres-rest/pkg/database/postgres/repo.go:991.2,991.17 1 0
go-postgres-rest/pkg/database/postgres/repo.go:995.92,996.18 1 0
go-postgres-rest/pkg/database/postgres/repo.go:997.43,998.14 1 0
go-postgres-rest/pkg/database/postgres/repo.go:999.10,1000.15 1 0
go-postgres-rest/pkg/database/postgres/repo.go:1005.98,1006.26 1 0
go-postgres-rest/pkg/database/postgres/repo.go:1006.26,1008.3 1 0
go-postgres-rest/pkg/database/postgres/repo.go:1011.2,1012.16 2 0
go-postgres-rest/pkg/database/postgres/repo.go:1012.16,1014.3 1 0
go-postgres-rest/pkg/database/postgres/repo.go:1017.2,1017.22 1 0
go-postgres-rest/pkg/database/postgres/repo.go:1021.119,1024.32 2 0
go-postgres-rest/pkg/database/postgres/repo.go:1024.32,1030.29 3 0
go-postgres-rest/pkg/database/postgres/repo.go:1030.29,1033.4 2 0
go-postgres-rest/pkg/database/postgres/repo.go:1034.8,1038.3 2 0
go-postgres-rest/pkg/database/postgres/repo.go:1040.2,1040.64 1 0
go-postgres-rest/pkg/database/postgres/repo.go:1044.95,1045.21 1 0
go-postgres-rest/pkg/database/postgres/repo.go:1045.21,1047.3 1 0
go-postgres-rest/pkg/database/postgres/repo.go:1049.2,1050.29 2 0
go-postgres-rest/pkg/database/postgres/repo.go:1050.29,1052.21 2 0
go-postgres-rest/pkg/database/postgres/repo.go:1052.21,1054.4 1 0
go-postgres-rest/pkg/database/postgres/repo.go:1055.3,1056.23 2 0
go-postgres-rest/pkg/database/postgres/repo.go:1056.23,1058.4 1 0
go-postgres-rest/pkg/database/postgres/repo.go:1059.3,1059.43 1 0
go-postgres-rest/pkg/database/postgres/repo.go:1061.2,1061.28 1 0
go-postgres-rest/pkg/database/postgres/repo.go:1065.134,1071.27 3 0
go-postgres-rest/pkg/database/postgres/repo.go:1071.27,1073.22 2 0
go-postgres-rest/pkg/database/postgres/repo.go:1073.22,1077.4 3 0
go-postgres-rest/pkg/database/postgres/repo.go:1081.2,1081.29 1 0
go-postgres-rest/pkg/database/postgres/repo.go:1081.29,1084.41 2 0
go-postgres-rest/pkg/database/postgres/repo.go:1084.41,1089.4 4 0
go-postgres-rest/pkg/database/postgres/repo.go:1090.3,1090.26 1 0
go-postgres-rest/pkg/database/postgres/repo.go:1090.26,1092.4 1 0
go-postgres-rest/pkg/database/postgres/repo.go:1096.2,1096.25 1 0
go-postgres-rest/pkg/database/postgres/repo.go:1096.25,1097.65 1 0
go-postgres-rest/pkg/database/postgres/repo.go:1097.65,1102.4 4 0
go-postgres-rest/pkg/database/postgres/repo.go:1106.2,1106.28 1 0
go-postgres-rest/pkg/database/postgres/repo.go:1106.28,1108.22 2 0
go-postgres-rest/pkg/database/postgres/repo.go:1108.22,1112.4 3 0
go-postgres-rest/pkg/database/postgres/repo.go:1115.2,1115.30 1 0
go-postgres-rest/pkg/database/postgres/repo.go:1115.30,1117.3 1 0
go-postgres-rest/pkg/database/postgres/repo.go:1118.2,1118.29 1 0
go-postgres-rest/pkg/database/postgres/repo.go:1122.89,1123.23 1 0
go-postgres-rest/pkg/database/postgres/repo.go:1123.23,1125.3 1 0
go-postgres-rest/pkg/database/postgres/repo.go:1127.2,1128.42 2 0
go-postgres-rest/pkg/database/postgres/repo.go:1128.42,1130.3 1 0
go-postgres-rest/pkg/database/postgres/repo.go:1131.2,1131.11 1 0
go-postgres-rest/pkg/database/postgres/repo.go:1135.137,1136.22 1 0
go-postgres-rest/pkg/database/postgres/repo.go:1136.22,1138.3 1 0
go-postgres-rest/pkg/database/postgres/repo.go:1140.2,1143.32 3 0
go-postgres-rest/pkg/database/postgres/repo.go:1143.32,1148.3 4 0
go-postgres-rest/pkg/database/postgres/repo.go:1150.2,1150.31 1 0
go-postgres-rest/pkg/database/postgres/repo.go:1150.31,1152.3 1 0
go-postgres-rest/pkg/database/postgres/repo.go:1153.2,1153.29 1 0
go-postgres-rest/pkg/database/postgres/repo.go:1157.89,1158.23 1 0
go-postgres-rest/pkg/database/postgres/repo.go:1158.23,1160.3 1 0
go-postgres-rest/pkg/database/postgres/repo.go:1162.2,1163.42 2 0
go-postgres-rest/pkg/database/postgres/repo.go:1163.42,1165.3 1 0
go-postgres-rest/pkg/database/postgres/repo.go:1166.2,1166.11 1 0
go-postgres-rest/pkg/database/postgres/repo.go:1170.128,1175.18 3 0
go-postgres-rest/pkg/database/postgres/repo.go:1175.18,1179.3 3 0
go-postgres-rest/pkg/database/postgres/repo.go:1182.2,1182.19 1 0
go-postgres-rest/pkg/database/postgres/repo.go:1182.19,1185.3 2 0
go-postgres-rest/pkg/database/postgres/repo.go:1187.2,1187.30 1 0
go-postgres-rest/pkg/database/postgres/repo.go:1190.111,1193.16 3 0
go-postgres-rest/pkg/database/postgres/repo.go:1193.16,1195.3 1 0
go-postgres-rest/pkg/database/postgres/repo.go:1196.2,1199.16 3 0
go-postgres-rest/pkg/database/postgres/repo.go:1199.16,1201.3 1 0
go-postgres-rest/pkg/database/postgres/repo.go:1203.2,1204.18 2 0
go-postgres-rest/pkg/database/postgres/repo.go:1204.18,1207.25 3 0
go-postgres-rest/pkg/database/postgres/repo.go:1207.25,1209.4 1 0
go-postgres-rest/pkg/database/postgres/repo.go:1211.3,1211.49 1 0
go-postgres-rest/pkg/database/postgres/repo.go:1211.49,1213.4 1 0
go-postgres-rest/pkg/database/postgres/repo.go:1215.3,1216.33 2 0
go-postgres-rest/pkg/database/postgres/repo.go:1220.2,1220.35 1 0
go-postgres-rest/pkg/database/postgres/repo.go:1220.35,1222.3 1 0
go-postgres-rest/pkg/database/postgres/repo.go:1224.2,1224.21 1 0
go-postgres-rest/pkg/database/postgres/repo.go:1227.104,1230.30 2 0
go-postgres-rest/pkg/database/postgres/repo.go:1230.30,1233.10 2 0
go-postgres-rest/pkg/database/postgres/repo.go:1235.53,1236.29 1 0
go-postgres-rest/pkg/database/postgres/repo.go:1239.29,1240.32 1 0
go-postgres-rest/pkg/database/postgres/repo.go:1242.11,1243.30 1 0
go-postgres-rest/pkg/database/postgres/repo.go:1247.2,1247.12 1 0
go-postgres-rest/pkg/database/postgres/repo.go:1252.43,1253.25 1 0
go-postgres-rest/pkg/database/postgres/repo.go:1254.14,1255.54 1 0
go-postgres-rest/pkg/database/postgres/repo.go:1255.54,1257.4 1 0
go-postgres-rest/pkg/database/postgres/repo.go:1258.3,1258.21 1 0
go-postgres-rest/pkg/database/postgres/repo.go:1259.14,1260.49 1 0
go-postgres-rest/pkg/database/postgres/repo.go:1260.49,1262.4 1 0
go-postgres-rest/pkg/database/postgres/repo.go:1263.3,1263.13 1 0
go-postgres-rest/pkg/database/postgres/repo.go:1264.10,1265.11 1 0
go-postgres-rest/pkg/database/postgres/repo.go:1269.46,1270.23 1 0
go-postgres-rest/pkg/database/postgres/repo.go:1271.15,1272.29 1 0
go-postgres-rest/pkg/database/postgres/repo.go:1272.29,1274.4 1 0
go-postgres-rest/pkg/database/postgres/repo.go:1275.15,1276.38 1 0
go-postgres-rest/pkg/database/postgres/repo.go:1276.38,1278.4 1 0
go-postgres-rest/pkg/database/postgres/repo.go:1280.2,1280.10 1 0
go-postgres-rest/pkg/database/postgres/repo.go:1283.44,1285.9 2 0
go-postgres-rest/pkg/database/postgres/repo.go:1285.9,1288.3 1 0
go-postgres-rest/pkg/database/postgres/repo.go:1291.2,1291.39 1 0
go-postgres-rest/pkg/database/postgres/repo.go:1291.39,1293.3 1 0
go-postgres-rest/pkg/database/postgres/repo.go:1296.2,1296.47 1 0
go-postgres-rest/pkg/database/postgres/repo.go:1296.47,1298.3 1 0
go-postgres-rest/pkg/database/postgres/repo.go:1300.2,1300.18 1 0
go-postgres-rest/pkg/database/postgres/repo.go:1304.49,1306.49 2 0
go-postgres-rest/pkg/database/postgres/repo.go:1306.49,1308.3 1 0
go-postgres-rest/pkg/database/postgres/repo.go:1309.2,1309.19 1 0
go-postgres-rest/pkg/database/postgres/repo.go:1313.42,1318.32 2 0
go-postgres-rest/pkg/database/postgres/repo.go:1318.32,1319.45 1 0
go-postgres-rest/pkg/database/postgres/repo.go:1319.45,1323.42 2 0
go-postgres-rest/pkg/database/postgres/repo.go:1323.42,1325.5 1 0
go-postgres-rest/pkg/database/postgres/repo.go:1327.4,1327.14 1 0
go-postgres-rest/pkg/database/postgres/repo.go:1331.2,1331.12 1 0
go-postgres-rest/pkg/database/postgres/repo.go:1335.64,1337.32 2 0
go-postgres-rest/pkg/database/postgres/repo.go:1337.32,1338.57 1 0
go-postgres-rest/pkg/database/postgres/repo.go:1338.57,1340.4 1 0
go-postgres-rest/pkg/database/postgres/repo.go:1340.9,1342.4 1 0
go-postgres-rest/pkg/database/postgres/repo.go:1344.2,1344.15 1 0
go-postgres-rest/pkg/database/postgres/repo.go:1348.51,1352.45 4 0
go-postgres-rest/pkg/database/postgres/repo.go:1352.45,1354.3 1 0
go-postgres-rest/pkg/database/postgres/repo.go:1355.2,1355.12 1 0
go-postgres-rest/pkg/database/postgres/repo.go:1358.105,1360.63 1 0
go-postgres-rest/pkg/database/postgres/repo.go:1360.63,1362.3 1 0
go-postgres-rest/pkg/database/postgres/repo.go:1364.2,1364.20 1 0
go-postgres-rest/pkg/database/postgres/repo.go:1364.20,1366.3 1 0
go-postgres-rest/pkg/database/postgres/repo.go:1369.2,1374.29 5 0
go-postgres-rest/pkg/database/postgres/repo.go:1374.29,1376.49 1 0
go-postgres-rest/pkg/database/postgres/repo.go:1376.49,1378.4 1 0
go-postgres-rest/pkg/database/postgres/repo.go:1379.3,1382.6 4 0
go-postgres-rest/pkg/database/postgres/repo.go:1385.2,1393.16 3 0
go-postgres-rest/pkg/database/postgres/repo.go:1393.16,1395.3 1 0
go-postgres-rest/pkg/database/postgres/repo.go:1396.2,1398.18 2 0
go-postgres-rest/pkg/database/postgres/repo.go:1398.18,1400.3 1 0
go-postgres-rest/pkg/database/postgres/repo.go:1402.2,1403.16 2 0
go-postgres-rest/pkg/database/postgres/repo.go:1403.16,1405.3 1 0
go-postgres-rest/pkg/database/postgres/repo.go:1407.2,1409.24 3 0
go-postgres-rest/pkg/database/postgres/repo.go:1409.24,1411.3 1 0
go-postgres-rest/pkg/database/postgres/repo.go:1413.2,1413.48 1 0
go-postgres-rest/pkg/database/postgres/repo.go:1413.48,1415.3 1 0
go-postgres-rest/pkg/database/postgres/repo.go:1418.2,1420.20 2 0
go-postgres-rest/pkg/database/postgres/repo.go:1423.113,1424.20 1 0
go-postgres-rest/pkg/database/postgres/repo.go:1424.20,1426.3 1 0
go-postgres-rest/pkg/database/postgres/repo.go:1429.2,1433.29 4 0
go-postgres-rest/pkg/database/postgres/repo.go:1433.29,1437.3 3 0
go-postgres-rest/pkg/database/postgres/repo.go:1439.2,1449.16 4 0
go-postgres-rest/pkg/database/postgres/repo.go:1449.16,1451.3 1 0
go-postgres-rest/pkg/database/postgres/repo.go:1452.2,1454.18 2 0
go-postgres-rest/pkg/database/postgres/repo.go:1454.18,1456.3 1 0
go-postgres-rest/pkg/database/postgres/repo.go:1458.2,1459.16 2 0
go-postgres-rest/pkg/database/postgres/repo.go:1459.16,1461.3 1 0
go-postgres-rest/pkg/database/postgres/repo.go:1463.2,1465.24 3 0
go-postgres-rest/pkg/database/postgres/repo.go:1465.24,1467.3 1 0
go-postgres-rest/pkg/database/postgres/repo.go:1469.2,1469.48 1 0
go-postgres-rest/pkg/database/postgres/repo.go:1469.48,1471.3 1 0
go-postgres-rest/pkg/database/postgres/repo.go:1473.2,1475.20 2 0
go-postgres-rest/pkg/database/postgres/repo.go:1479.96,1480.25 1 0
go-postgres-rest/pkg/database/postgres/repo.go:1481.16,1482.18 1 0
go-postgres-rest/pkg/database/postgres/repo.go:1482.18,1484.4 1 0
go-postgres-rest/pkg/database/postgres/repo.go:1485.3,1485.21 1 0
go-postgres-rest/pkg/database/postgres/repo.go:1486.13,1487.18 1 0
go-postgres-rest/pkg/database/postgres/repo.go:1487.18,1489.4 1 0
go-postgres-rest/pkg/database/postgres/repo.go:1490.3,1490.21 1 0
go-postgres-rest/pkg/database/postgres/repo.go:1491.15,1492.18 1 0
go-postgres-rest/pkg/database/postgres/repo.go:1492.18,1494.4 1 0
go-postgres-rest/pkg/database/postgres/repo.go:1495.3,1495.21 1 0
go-postgres-rest/pkg/database/postgres/repo.go:1496.17,1497.18 1 0
go-postgres-rest/pkg/database/postgres/repo.go:1497.18,1499.4 1 0
go-postgres-rest/pkg/database/postgres/repo.go:1500.3,1500.21 1 0
go-postgres-rest/pkg/database/postgres/repo.go:1501.14,1502.18 1 0
go-postgres-rest/pkg/database/postgres/repo.go:1502.18,1504.4 1 0
go-postgres-rest/pkg/database/postgres/repo.go:1505.3,1505.21 1 0
go-postgres-rest/pkg/database/postgres/repo.go:1506.10,1507.13 1 0
go-postgres-rest/pkg/database/postgres/repo.go:1512.94,1513.25 1 0
go-postgres-rest/pkg/database/postgres/repo.go:1514.21,1515.18 1 0
go-postgres-rest/pkg/database/postgres/repo.go:1515.18,1517.4 1 0
go-postgres-rest/pkg/database/postgres/repo.go:1518.3,1518.21 1 0
go-postgres-rest/pkg/database/postgres/repo.go:1519.32,1520.18 1 0
go-postgres-rest/pkg/database/postgres/repo.go:1520.18,1522.4 1 0
go-postgres-rest/pkg/database/postgres/repo.go:1523.3,1524.17 2 0
go-postgres-rest/pkg/database/postgres/repo.go:1524.17,1526.4 1 0
go-postgres-rest/pkg/database/postgres/repo.go:1527.3,1527.28 1 0
go-postgres-rest/pkg/database/postgres/repo.go:1528.10,1529.13 1 0
go-postgres-rest/pkg/database/postgres/repo.go:1534.41,1535.25 1 0
go-postgres-rest/pkg/database/postgres/repo.go:1536.16,1537.21 1 0
go-postgres-rest/pkg/database/postgres/repo.go:1538.13,1539.21 1 0
go-postgres-rest/pkg/database/postgres/repo.go:1540.15,1541.21 1 0
go-postgres-rest/pkg/database/postgres/repo.go:1542.17,1543.21 1 0
go-postgres-rest/pkg/database/postgres/repo.go:1544.14,1545.21 1 0
go-postgres-rest/pkg/database/postgres/repo.go:1546.21,1547.21 1 0
go-postgres-rest/pkg/database/postgres/repo.go:1548.32,1549.21 1 0
go-postgres-rest/pkg/database/postgres/repo.go:1550.10,1551.15 1 0
go-postgres-rest/pkg/database/postgres/repo.go:1556.40,1557.20 1 0
go-postgres-rest/pkg/database/postgres/repo.go:1558.92,1559.14 1 0
go-postgres-rest/pkg/database/postgres/repo.go:1560.10,1561.15 1 0
go-postgres-rest/pkg/database/postgres/repo.go:1565.58,1567.23 1 0
go-postgres-rest/pkg/database/postgres/repo.go:1567.23,1569.3 1 0
go-postgres-rest/pkg/database/postgres/repo.go:1572.2,1572.23 1 0
go-postgres-rest/pkg/database/postgres/repo.go:1572.23,1574.3 1 0
go-postgres-rest/pkg/database/postgres/repo.go:1577.2,1577.80 1 0
go-postgres-rest/pkg/database/postgres/repo.go:1577.80,1579.3 1 0
go-postgres-rest/pkg/database/postgres/repo.go:1581.2,1581.78 1 0
go-postgres-rest/pkg/database/postgres/repo.go:1581.78,1583.3 1 0
go-postgres-rest/pkg/database/postgres/repo.go:1586.2,1586.12 1 0
go-postgres-rest/pkg/database/postgres/repo.go:1589.72,1591.19 2 0
go-postgres-rest/pkg/database/postgres/repo.go:1591.19,1593.3 1 0
go-postgres-rest/pkg/database/postgres/repo.go:1595.2,1598.24 3 0
go-postgres-rest/pkg/database/postgres/repo.go:1598.24,1600.43 2 0
go-postgres-rest/pkg/database/postgres/repo.go:1600.43,1602.4 1 0
go-postgres-rest/pkg/database/postgres/repo.go:1604.3,1605.22 2 0
go-postgres-rest/pkg/database/postgres/repo.go:1607.2,1607.20 1 0
go-postgres-rest/pkg/database/postgres/repo.go:1611.84,1626.16 3 0
go-postgres-rest/pkg/database/postgres/repo.go:1626.16,1628.3 1 0
go-postgres-rest/pkg/database/postgres/repo.go:1629.2,1632.18 3 0
go-postgres-rest/pkg/database/postgres/repo.go:1632.18,1641.99 2 0
go-postgres-rest/pkg/database/postgres/repo.go:1641.99,1643.4 1 0
go-postgres-rest/pkg/database/postgres/repo.go:1645.3,1646.23 2 0
go-postgres-rest/pkg/database/postgres/repo.go:1646.23,1649.4 2 0
go-postgres-rest/pkg/database/postgres/repo.go:1650.3,1651.19 2 0
go-postgres-rest/pkg/database/postgres/repo.go:1651.19,1654.4 2 0
go-postgres-rest/pkg/database/postgres/repo.go:1656.3,1663.5 1 0
go-postgres-rest/pkg/database/postgres/repo.go:1665.2,1665.35 1 0
go-postgres-rest/pkg/database/postgres/repo.go:1665.35,1667.3 1 0
go-postgres-rest/pkg/database/postgres/repo.go:1668.2,1669.12 2 0
go-postgres-rest/pkg/database/postgres/repo.go:1673.88,1687.16 3 0
go-postgres-rest/pkg/database/postgres/repo.go:1687.16,1689.3 1 0
go-postgres-rest/pkg/database/postgres/repo.go:1690.2,1693.20 3 0
go-postgres-rest/pkg/database/postgres/repo.go:1693.20,1695.47 2 0
go-postgres-rest/pkg/database/postgres/repo.go:1695.47,1697.4 1 0
go-postgres-rest/pkg/database/postgres/repo.go:1698.3,1698.45 1 0
go-postgres-rest/pkg/database/postgres/repo.go:1700.2,1700.37 1 0
go-postgres-rest/pkg/database/postgres/repo.go:1700.37,1702.3 1 0
go-postgres-rest/pkg/database/postgres/repo.go:1703.2,1707.39 3 0
go-postgres-rest/pkg/database/postgres/repo.go:1707.39,1709.3 1 0
go-postgres-rest/pkg/database/postgres/repo.go:1711.2,1711.31 1 0
go-postgres-rest/pkg/database/postgres/repo.go:1711.31,1713.3 1 0
go-postgres-rest/pkg/database/postgres/repo.go:1714.2,1714.12 1 0
go-postgres-rest/pkg/database/postgres/repo.go:1718.88,1736.16 3 0
go-postgres-rest/pkg/database/postgres/repo.go:1736.16,1738.3 1 0
go-postgres-rest/pkg/database/postgres/repo.go:1739.2,1742.20 3 0
go-postgres-rest/pkg/database/postgres/repo.go:1742.20,1749.101 2 0
go-postgres-rest/pkg/database/postgres/repo.go:1749.101,1751.4 1 0
go-postgres-rest/pkg/database/postgres/repo.go:1752.3,1757.5 1 0
go-postgres-rest/pkg/database/postgres/repo.go:1759.2,1759.37 1 0
go-postgres-rest/pkg/database/postgres/repo.go:1759.37,1761.3 1 0
go-postgres-rest/pkg/database/postgres/repo.go:1762.2,1763.12 2 0
go-postgres-rest/pkg/database/postgres/repo.go:1766.89,1767.61 1 0
go-postgres-rest/pkg/database/postgres/repo.go:1767.61,1769.3 1 0
go-postgres-rest/pkg/database/postgres/repo.go:1770.2,1770.65 1 0
go-postgres-rest/pkg/database/postgres/repo.go:1770.65,1772.3 1 0
go-postgres-rest/pkg/database/postgres/repo.go:1773.2,1773.65 1 0
go-postgres-rest/pkg/database/postgres/repo.go:1773.65,1775.3 1 0
go-postgres-rest/pkg/database/postgres/repo.go:1776.2,1776.12 1 0
go-postgres-rest/pkg/database/postgres/repo.go:1779.100,1789.16 4 0
go-postgres-rest/pkg/database/postgres/repo.go:1789.16,1791.3 1 0
go-postgres-rest/pkg/database/postgres/repo.go:1792.2,1794.18 2 0
go-postgres-rest/pkg/database/postgres/repo.go:1794.18,1796.64 2 0
go-postgres-rest/pkg/database/postgres/repo.go:1796.64,1798.4 1 0
go-postgres-rest/pkg/database/postgres/repo.go:1799.3,1799.29 1 0
go-postgres-rest/pkg/database/postgres/repo.go:1801.2,1801.35 1 0
go-postgres-rest/pkg/database/postgres/repo.go:1801.35,1803.3 1 0
go-postgres-rest/pkg/database/postgres/repo.go:1805.2,1805.24 1 0
go-postgres-rest/pkg/database/postgres/repo.go:1805.24,1806.72 1 0
go-postgres-rest/pkg/database/postgres/repo.go:1806.72,1808.4 1 0
go-postgres-rest/pkg/database/postgres/repo.go:1811.2,1811.20 1 0
go-postgres-rest/pkg/database/postgres/repo.go:1815.142,1816.23 1 0
go-postgres-rest/pkg/database/postgres/repo.go:1816.23,1818.3 1 0
go-postgres-rest/pkg/database/postgres/repo.go:1821.2,1822.30 2 0
go-postgres-rest/pkg/database/postgres/repo.go:1822.30,1824.3 1 0
go-postgres-rest/pkg/database/postgres/repo.go:1826.2,1827.16 2 0
go-postgres-rest/pkg/database/postgres/repo.go:1827.16,1829.3 1 0
go-postgres-rest/pkg/database/postgres/repo.go:1830.2,1840.33 6 0
go-postgres-rest/pkg/database/postgres/repo.go:1840.33,1842.31 2 0
go-postgres-rest/pkg/database/postgres/repo.go:1842.31,1846.4 3 0
go-postgres-rest/pkg/database/postgres/repo.go:1847.3,1847.93 1 0
go-postgres-rest/pkg/database/postgres/repo.go:1850.2,1858.16 3 0
go-postgres-rest/pkg/database/postgres/repo.go:1858.16,1860.3 1 0
go-postgres-rest/pkg/database/postgres/repo.go:1861.2,1864.16 3 0
go-postgres-rest/pkg/database/postgres/repo.go:1864.16,1866.3 1 0
go-postgres-rest/pkg/database/postgres/repo.go:1868.2,1868.18 1 0
go-postgres-rest/pkg/database/postgres/repo.go:1868.18,1871.25 3 0
go-postgres-rest/pkg/database/postgres/repo.go:1871.25,1873.4 1 0
go-postgres-rest/pkg/database/postgres/repo.go:1875.3,1875.49 1 0
go-postgres-rest/pkg/database/postgres/repo.go:1875.49,1877.4 1 0
go-postgres-rest/pkg/database/postgres/repo.go:1880.3,1881.36 2 0
go-postgres-rest/pkg/database/postgres/repo.go:1885.2,1885.35 1 0
go-postgres-rest/pkg/database/postgres/repo.go:1885.35,1887.3 1 0
go-postgres-rest/pkg/database/postgres/repo.go:1889.2,1889.36 1 0
go-postgres-rest/pkg/database/postgres/repo.go:1889.36,1891.3 1 0
go-postgres-rest/pkg/database/postgres/repo.go:1893.2,1893.21 1 0
go-postgres-rest/pkg/database/postgres/repo.go:1897.181,1898.20 1 0
go-postgres-rest/pkg/database/postgres/repo.go:1898.20,1900.3 1 0
go-postgres-rest/pkg/database/postgres/repo.go:1902.2,1907.29 5 0
go-postgres-rest/pkg/database/postgres/repo.go:1907.29,1912.3 4 0
go-postgres-rest/pkg/database/postgres/repo.go:1915.2,1916.30 2 0
go-postgres-rest/pkg/database/postgres/repo.go:1916.30,1919.29 2 0
go-postgres-rest/pkg/database/postgres/repo.go:1919.29,1921.38 2 0
go-postgres-rest/pkg/database/postgres/repo.go:1921.38,1923.5 1 0
go-postgres-rest/pkg/database/postgres/repo.go:1924.4,1924.73 1 0
go-postgres-rest/pkg/database/postgres/repo.go:1925.9,1927.4 1 0
go-postgres-rest/pkg/database/postgres/repo.go:1930.2,1939.16 3 0
go-postgres-rest/pkg/database/postgres/repo.go:1939.16,1941.3 1 0
go-postgres-rest/pkg/database/postgres/repo.go:1942.2,1944.18 2 0
go-postgres-rest/pkg/database/postgres/repo.go:1944.18,1946.3 1 0
go-postgres-rest/pkg/database/postgres/repo.go:1948.2,1949.16 2 0
go-postgres-rest/pkg/database/postgres/repo.go:1949.16,1951.3 1 0
go-postgres-rest/pkg/database/postgres/repo.go:1953.2,1955.24 3 0
go-postgres-rest/pkg/database/postgres/repo.go:1955.24,1957.3 1 0
go-postgres-rest/pkg/database/postgres/repo.go:1959.2,1959.48 1 0
go-postgres-rest/pkg/database/postgres/repo.go:1959.48,1961.3 1 0
go-postgres-rest/pkg/database/postgres/repo.go:1963.2,1964.27 2 0
go-postgres-rest/pkg/database/postgres/repo.go:1964.27,1966.3 1 0
go-postgres-rest/pkg/database/postgres/repo.go:1968.2,1968.20 1 0
go-postgres-rest/pkg/database/postgres/repo.go:1972.143,1973.23 1 0
go-postgres-rest/pkg/database/postgres/repo.go:1973.23,1975.3 1 0
go-postgres-rest/pkg/database/postgres/repo.go:1977.2,1978.16 2 0
go-postgres-rest/pkg/database/postgres/repo.go:1978.16,1980.3 1 0
go-postgres-rest/pkg/database/postgres/repo.go:1981.2,1985.33 3 0
go-postgres-rest/pkg/database/postgres/repo.go:1985.33,1987.14 2 0
go-postgres-rest/pkg/database/postgres/repo.go:1987.14,1988.12 1 0
go-postgres-rest/pkg/database/postgres/repo.go:1991.3,1995.32 4 0
go-postgres-rest/pkg/database/postgres/repo.go:1995.32,1996.26 1 0
go-postgres-rest/pkg/database/postgres/repo.go:1996.26,2000.5 3 0
go-postgres-rest/pkg/database/postgres/repo.go:2003.3,2014.17 4 0
go-postgres-rest/pkg/database/postgres/repo.go:2014.17,2016.4 1 0
go-postgres-rest/pkg/database/postgres/repo.go:2018.3,2019.17 2 0
go-postgres-rest/pkg/database/postgres/repo.go:2019.17,2021.4 1 0
go-postgres-rest/pkg/database/postgres/repo.go:2023.3,2023.28 1 0
go-postgres-rest/pkg/database/postgres/repo.go:2026.2,2026.36 1 0
go-postgres-rest/pkg/database/postgres/repo.go:2026.36,2028.3 1 0
go-postgres-rest/pkg/database/postgres/repo.go:2030.2,2030.27 1 0
go-postgres-rest/pkg/database/postgres/repo.go:2034.125,2035.19 1 0
go-postgres-rest/pkg/database/postgres/repo.go:2035.19,2037.3 1 0
go-postgres-rest/pkg/database/postgres/repo.go:2039.2,2040.21 2 0
go-postgres-rest/pkg/database/postgres/repo.go:2040.21,2042.3 1 0
go-postgres-rest/pkg/database/postgres/repo.go:2044.2,2052.16 3 0
go-postgres-rest/pkg/database/postgres/repo.go:2052.16,2054.3 1 0
go-postgres-rest/pkg/database/postgres/repo.go:2056.2,2056.30 1 0
go-postgres-rest/pkg/database/postgres/repo.go:2060.98,2062.16 2 0
go-postgres-rest/pkg/database/postgres/repo.go:2062.16,2064.3 1 0
go-postgres-rest/pkg/database/postgres/repo.go:2065.2,2065.12 1 0
go-postgres-rest/pkg/database/postgres/repo.go:2069.94,2073.16 4 0
go-postgres-rest/pkg/database/postgres/repo.go:2073.16,2075.3 1 0
go-postgres-rest/pkg/database/postgres/repo.go:2076.2,2076.20 1 0
go-postgres-rest/pkg/database/postgres/repo.go:2080.101,2083.16 3 0
go-postgres-rest/pkg/database/postgres/repo.go:2083.16,2085.3 1 0
go-postgres-rest/pkg/database/postgres/repo.go:2086.2,2089.16 3 0
go-postgres-rest/pkg/database/postgres/repo.go:2089.16,2091.3 1 0
go-postgres-rest/pkg/database/postgres/repo.go:2093.2,2094.18 2 0
go-postgres-rest/pkg/database/postgres/repo.go:2094.18,2097.25 3 0
go-postgres-rest/pkg/database/postgres/repo.go:2097.25,2099.4 1 0
go-postgres-rest/pkg/database/postgres/repo.go:2101.3,2101.49 1 0
go-postgres-rest/pkg/database/postgres/repo.go:2101.49,2103.4 1 0
go-postgres-rest/pkg/database/postgres/repo.go:2105.3,2106.28 2 0
go-postgres-rest/pkg/database/postgres/repo.go:2106.28,2108.4 1 0
go-postgres-rest/pkg/database/postgres/repo.go:2109.3,2109.45 1 0
go-postgres-rest/pkg/database/postgres/repo.go:2113.2,2113.35 1 0
go-postgres-rest/pkg/database/postgres/repo.go:2113.35,2115.3 1 0
go-postgres-rest/pkg/database/postgres/repo.go:2117.2,2117.24 1 0
go-postgres-rest/pkg/database/postgres/repo.go:2121.95,2124.16 3 0
go-postgres-rest/pkg/database/postgres/repo.go:2124.16,2126.3 1 0
go-postgres-rest/pkg/database/postgres/repo.go:2127.2,2127.12 1 0
go-postgres-rest/pkg/database/postgres/repo.go:2131.101,2134.16 3 0
go-postgres-rest/pkg/database/postgres/repo.go:2134.16,2136.3 1 0
go-postgres-rest/pkg/database/postgres/repo.go:2137.2,2137.12 1 0
go-postgres-rest/pkg/database/postgres/repo.go:2141.101,2153.16 4 0
go-postgres-rest/pkg/database/postgres/repo.go:2153.16,2155.3 1 0
go-postgres-rest/pkg/database/postgres/repo.go:2158.2,2167.16 3 0
go-postgres-rest/pkg/database/postgres/repo.go:2167.16,2169.3 1 0
go-postgres-rest/pkg/database/postgres/repo.go:2172.2,2179.16 3 0
go-postgres-rest/pkg/database/postgres/repo.go:2179.16,2181.3 1 0
go-postgres-rest/pkg/database/postgres/repo.go:2184.2,2188.16 3 0
go-postgres-rest/pkg/database/postgres/repo.go:2188.16,2190.3 1 0
go-postgres-rest/pkg/database/postgres/repo.go:2192.2,2192.21 1 0
go-postgres-rest/pkg/database/postgres/repo.go:2196.90,2207.62 7 0
go-postgres-rest/pkg/database/postgres/repo.go:2207.62,2210.17 3 0
go-postgres-rest/pkg/database/postgres/repo.go:2210.17,2213.4 2 0
go-postgres-rest/pkg/database/postgres/repo.go:2216.2,2216.25 1 0
go-postgres-rest/pkg/database/postgres/repo.go:2260.111,2270.40 4 0
go-postgres-rest/pkg/database/postgres/repo.go:2270.40,2272.3 1 0
go-postgres-rest/pkg/database/postgres/repo.go:2273.2,2273.20 1 0
go-postgres-rest/pkg/database/postgres/repo.go:2276.107,2280.16 3 0
go-postgres-rest/pkg/database/postgres/repo.go:2280.16,2282.3 1 0
go-postgres-rest/pkg/database/postgres/repo.go:2284.2,2284.12 1 0
go-postgres-rest/pkg/database/postgres/repo.go:2284.12,2286.3 1 0
go-postgres-rest/pkg/database/postgres/repo.go:2288.2,2289.33 2 0
go-postgres-rest/pkg/database/postgres/repo.go:2289.33,2291.3 1 0
go-postgres-rest/pkg/database/postgres/repo.go:2293.2,2294.33 2 0
go-postgres-rest/pkg/database/postgres/repo.go:2294.33,2296.3 1 0
go-postgres-rest/pkg/database/postgres/repo.go:2298.2,2309.16 3 0
go-postgres-rest/pkg/database/postgres/repo.go:2309.16,2311.3 1 0
go-postgres-rest/pkg/database/postgres/repo.go:2312.2,2312.12 1 0
go-postgres-rest/pkg/database/postgres/repo.go:2315.108,2317.89 1 0
go-postgres-rest/pkg/database/postgres/repo.go:2317.89,2327.3 6 0
go-postgres-rest/pkg/database/postgres/repo.go:2327.8,2332.3 3 0
go-postgres-rest/pkg/database/postgres/repo.go:2334.2,2334.12 1 0
go-postgres-rest/pkg/database/postgres/repo.go:2337.137,2344.50 2 0
go-postgres-rest/pkg/database/postgres/repo.go:2344.50,2347.18 2 0
go-postgres-rest/pkg/database/postgres/repo.go:2347.18,2349.4 1 0
go-postgres-rest/pkg/database/postgres/repo.go:2351.3,2351.17 1 0
go-postgres-rest/pkg/database/postgres/repo.go:2351.17,2353.4 1 0
go-postgres-rest/pkg/database/postgres/repo.go:2355.3,2355.30 1 0
go-postgres-rest/pkg/database/postgres/repo.go:2355.30,2357.4 1 0
go-postgres-rest/pkg/database/postgres/repo.go:2359.3,2359.23 1 0
go-postgres-rest/pkg/database/postgres/repo.go:2359.23,2361.4 1 0
go-postgres-rest/pkg/database/postgres/repo.go:2363.3,2363.39 1 0
go-postgres-rest/pkg/database/postgres/repo.go:2367.2,2379.16 5 0
go-postgres-rest/pkg/database/postgres/repo.go:2379.16,2381.3 1 0
go-postgres-rest/pkg/database/postgres/repo.go:2382.2,2382.12 1 0
go-postgres-rest/pkg/database/postgres/repo.go:2385.67,2388.16 3 0
go-postgres-rest/pkg/database/postgres/repo.go:2388.16,2390.3 1 0
go-postgres-rest/pkg/database/postgres/repo.go:2391.2,2391.12 1 0
go-postgres-rest/pkg/database/postgres/repo.go:2396.144,2401.16 3 0
go-postgres-rest/pkg/database/postgres/repo.go:2401.16,2403.3 1 0
go-postgres-rest/pkg/database/postgres/repo.go:2404.2,2404.12 1 0
go-postgres-rest/pkg/database/postgres/repo.go:2407.148,2408.25 1 0
go-postgres-rest/pkg/database/postgres/repo.go:2408.25,2410.3 1 0
go-postgres-rest/pkg/database/postgres/repo.go:2413.2,2415.59 2 0
go-postgres-rest/pkg/database/postgres/repo.go:2415.59,2417.3 1 0
go-postgres-rest/pkg/database/postgres/repo.go:2420.2,2422.37 3 0
go-postgres-rest/pkg/database/postgres/repo.go:2422.37,2425.3 2 0
go-postgres-rest/pkg/database/postgres/repo.go:2427.2,2431.16 3 0
go-postgres-rest/pkg/database/postgres/repo.go:2431.16,2433.3 1 0
go-postgres-rest/pkg/database/postgres/repo.go:2434.2,2434.12 1 0
go-postgres-rest/pkg/database/postgres/repo.go:2437.149,2438.25 1 0
go-postgres-rest/pkg/database/postgres/repo.go:2438.25,2440.3 1 0
go-postgres-rest/pkg/database/postgres/repo.go:2442.2,2444.37 3 0
go-postgres-rest/pkg/database/postgres/repo.go:2444.37,2447.3 2 0
go-postgres-rest/pkg/database/postgres/repo.go:2449.2,2453.16 3 0
go-postgres-rest/pkg/database/postgres/repo.go:2453.16,2455.3 1 0
go-postgres-rest/pkg/database/postgres/repo.go:2456.2,2456.12 1 0
go-postgres-rest/pkg/database/postgres/repo.go:2460.198,2468.31 5 0
go-postgres-rest/pkg/database/postgres/repo.go:2468.31,2469.85 1 0
go-postgres-rest/pkg/database/postgres/repo.go:2469.85,2474.4 4 0
go-postgres-rest/pkg/database/postgres/repo.go:2477.2,2486.22 2 0
go-postgres-rest/pkg/database/postgres/repo.go:2490.101,2491.18 1 0
go-postgres-rest/pkg/database/postgres/repo.go:2491.18,2493.3 1 0
go-postgres-rest/pkg/database/postgres/repo.go:2495.2,2496.16 2 0
go-postgres-rest/pkg/database/postgres/repo.go:2496.16,2498.3 1 0
go-postgres-rest/pkg/database/postgres/repo.go:2500.2,2502.22 3 0
go-postgres-rest/pkg/database/postgres/repo.go:2502.22,2504.3 1 0
go-postgres-rest/pkg/database/postgres/repo.go:2506.2,2506.46 1 0
go-postgres-rest/pkg/database/postgres/repo.go:2506.46,2508.3 1 0
go-postgres-rest/pkg/database/postgres/repo.go:2510.2,2511.27 2 0
go-postgres-rest/pkg/database/postgres/repo.go:2511.27,2513.3 1 0
go-postgres-rest/pkg/database/postgres/repo.go:2514.2,2514.20 1 0
go-postgres-rest/pkg/database/postgres/repo.go:2517.207,2518.25 1 0
go-postgres-rest/pkg/database/postgres/repo.go:2518.25,2520.3 1 0
go-postgres-rest/pkg/database/postgres/repo.go:2522.2,2524.37 2 0
go-postgres-rest/pkg/database/postgres/repo.go:2524.37,2530.17 3 0
go-postgres-rest/pkg/database/postgres/repo.go:2530.17,2532.4 1 0
go-postgres-rest/pkg/database/postgres/repo.go:2533.3,2537.17 3 0
go-postgres-rest/pkg/database/postgres/repo.go:2537.17,2539.4 1 0
go-postgres-rest/pkg/database/postgres/repo.go:2540.3,2540.20 1 0
go-postgres-rest/pkg/database/postgres/repo.go:2540.20,2542.4 1 0
go-postgres-rest/pkg/database/postgres/repo.go:2545.2,2545.21 1 0
go-postgres-rest/pkg/database/postgres/repo.go:2548.159,2549.25 1 0
go-postgres-rest/pkg/database/postgres/repo.go:2549.25,2554.17 3 0
go-postgres-rest/pkg/database/postgres/repo.go:2554.17,2556.4 1 0
go-postgres-rest/pkg/database/postgres/repo.go:2557.3,2558.25 2 0
go-postgres-rest/pkg/database/postgres/repo.go:2561.2,2563.37 3 0
go-postgres-rest/pkg/database/postgres/repo.go:2563.37,2566.3 2 0
go-postgres-rest/pkg/database/postgres/repo.go:2568.2,2572.16 3 0
go-postgres-rest/pkg/database/postgres/repo.go:2572.16,2574.3 1 0
go-postgres-rest/pkg/database/postgres/repo.go:2576.2,2577.24 2 0
go-postgres-rest/pkg/database/postgres/repo.go:2580.160,2581.25 1 0
go-postgres-rest/pkg/database/postgres/repo.go:2581.25,2585.17 3 0
go-postgres-rest/pkg/database/postgres/repo.go:2585.17,2587.4 1 0
go-postgres-rest/pkg/database/postgres/repo.go:2588.3,2589.25 2 0
go-postgres-rest/pkg/database/postgres/repo.go:2592.2,2594.37 3 0
go-postgres-rest/pkg/database/postgres/repo.go:2594.37,2597.3 2 0
go-postgres-rest/pkg/database/postgres/repo.go:2599.2,2604.16 3 0
go-postgres-rest/pkg/database/postgres/repo.go:2604.16,2606.3 1 0
go-postgres-rest/pkg/database/postgres/repo.go:2608.2,2609.24 2 0
go-postgres-rest/pkg/database/postgres/repo.go:2613.158,2617.28 3 0
go-postgres-rest/pkg/database/postgres/repo.go:2617.28,2619.3 1 0
go-postgres-rest/pkg/database/postgres/repo.go:2619.8,2620.28 1 0
go-postgres-rest/pkg/database/postgres/repo.go:2621.66,2622.68 1 0
go-postgres-rest/pkg/database/postgres/repo.go:2623.38,2624.28 1 0
go-postgres-rest/pkg/database/postgres/repo.go:2628.2,2628.27 1 0
go-postgres-rest/pkg/database/postgres/repo.go:2629.65,2632.15 2 0
go-postgres-rest/pkg/database/postgres/repo.go:2634.37,2641.15 2 0
go-postgres-rest/pkg/database/postgres/repo.go:2644.2,2644.35 1 0
go-postgres-rest/pkg/database/postgres/repo.go:2648.135,2652.40 2 0
go-postgres-rest/pkg/database/postgres/repo.go:2652.40,2657.3 4 0
go-postgres-rest/pkg/database/postgres/repo.go:2660.2,2660.29 1 0
go-postgres-rest/pkg/database/postgres/repo.go:2660.29,2662.3 1 0
go-postgres-rest/pkg/database/postgres/repo.go:2665.2,2665.25 1 0
go-postgres-rest/pkg/database/postgres/repo.go:2665.25,2669.3 3 0
go-postgres-rest/pkg/database/postgres/repo.go:2672.2,2672.26 1 0
go-postgres-rest/pkg/database/postgres/repo.go:2672.26,2675.3 2 0
go-postgres-rest/pkg/database/postgres/repo.go:2677.2,2677.25 1 0
go-postgres-rest/pkg/database/postgres/repo.go:2685.37,2701.16 11 0
go-postgres-rest/pkg/database/postgres/repo.go:2701.16,2703.3 1 0
go-postgres-rest/pkg/database/postgres/repo.go:2704.2,2707.16 3 0
go-postgres-rest/pkg/database/postgres/repo.go:2707.16,2709.3 1 0
go-postgres-rest/pkg/database/postgres/repo.go:2711.2,2712.18 2 0
go-postgres-rest/pkg/database/postgres/repo.go:2712.18,2715.25 3 0
go-postgres-rest/pkg/database/postgres/repo.go:2715.25,2717.4 1 0
go-postgres-rest/pkg/database/postgres/repo.go:2719.3,2719.49 1 0
go-postgres-rest/pkg/database/postgres/repo.go:2719.49,2721.4 1 0
go-postgres-rest/pkg/database/postgres/repo.go:2723.3,2724.28 2 0
go-postgres-rest/pkg/database/postgres/repo.go:2724.28,2726.4 1 0
go-postgres-rest/pkg/database/postgres/repo.go:2727.3,2727.27 1 0
go-postgres-rest/pkg/database/postgres/repo.go:2731.2,2731.35 1 0
go-postgres-rest/pkg/database/postgres/repo.go:2731.35,2733.3 1 0
go-postgres-rest/pkg/database/postgres/repo.go:2735.2,2735.18 1 0
go-postgres-rest/pkg/database/postgres/repo.go:2745.86,2750.31 4 0
go-postgres-rest/pkg/database/postgres/repo.go:2750.31,2751.27 1 0
go-postgres-rest/pkg/database/postgres/repo.go:2751.27,2754.4 2 0
go-postgres-rest/pkg/database/postgres/repo.go:2756.2,2756.25 1 0
go-postgres-rest/pkg/database/postgres/repo.go:2756.25,2757.15 1 0
go-postgres-rest/pkg/database/postgres/repo.go:2757.15,2759.4 1 0
go-postgres-rest/pkg/database/postgres/repo.go:2761.2,2761.16 1 0
go-postgres-rest/pkg/database/postgres/repo.go:2765.108,2768.30 3 0
go-postgres-rest/pkg/database/postgres/repo.go:2768.30,2772.3 2 0
go-postgres-rest/pkg/database/postgres/repo.go:2774.2,2775.27 2 0
go-postgres-rest/pkg/database/postgres/repo.go:2775.27,2777.3 1 0
go-postgres-rest/pkg/database/postgres/repo.go:2777.8,2779.3 1 0
go-postgres-rest/pkg/database/postgres/repo.go:2781.2,2781.22 1 0
go-postgres-rest/pkg/database/postgres/repo.go:2784.121,2785.16 1 0
go-postgres-rest/pkg/database/postgres/repo.go:2785.16,2787.3 1 0
go-postgres-rest/pkg/database/postgres/repo.go:2790.2,2796.16 4 0
go-postgres-rest/pkg/database/postgres/repo.go:2796.16,2798.3 1 0
go-postgres-rest/pkg/database/postgres/repo.go:2799.2,2802.16 3 0
go-postgres-rest/pkg/database/postgres/repo.go:2802.16,2804.3 1 0
go-postgres-rest/pkg/database/postgres/repo.go:2806.2,2807.18 2 0
go-postgres-rest/pkg/database/postgres/repo.go:2807.18,2810.25 3 0
go-postgres-rest/pkg/database/postgres/repo.go:2810.25,2812.4 1 0
go-postgres-rest/pkg/database/postgres/repo.go:2814.3,2814.49 1 0
go-postgres-rest/pkg/database/postgres/repo.go:2814.49,2816.4 1 0
go-postgres-rest/pkg/database/postgres/repo.go:2818.3,2819.33 2 0
go-postgres-rest/pkg/database/postgres/repo.go:2823.2,2823.35 1 0
go-postgres-rest/pkg/database/postgres/repo.go:2823.35,2825.3 1 0
go-postgres-rest/pkg/database/postgres/repo.go:2827.2,2827.23 1 0
go-postgres-rest/pkg/database/postgres/repo.go:2827.23,2829.3 1 0
go-postgres-rest/pkg/database/postgres/repo.go:2830.2,2830.21 1 0
go-postgres-rest/pkg/services/bulk_service.go:14.74,16.2 1 1
go-postgres-rest/pkg/services/bulk_service.go:19.120,20.23 1 0
go-postgres-rest/pkg/services/bulk_service.go:20.23,22.3 1 0
go-postgres-rest/pkg/services/bulk_service.go:25.2,25.46 1 0
go-postgres-rest/pkg/services/bulk_service.go:29.159,30.20 1 0
go-postgres-rest/pkg/services/bulk_service.go:30.20,32.3 1 0
go-postgres-rest/pkg/services/bulk_service.go:34.2,34.71 1 0
go-postgres-rest/pkg/services/bulk_service.go:38.121,39.23 1 0
go-postgres-rest/pkg/services/bulk_service.go:39.23,41.3 1 0
go-postgres-rest/pkg/services/bulk_service.go:44.2,44.59 1 0
go-postgres-rest/pkg/services/bulk_service.go:48.103,49.19 1 0
go-postgres-rest/pkg/services/bulk_service.go:49.19,51.3 1 0
go-postgres-rest/pkg/services/bulk_service.go:54.2,54.52 1 0
go-postgres-rest/pkg/services/migration_service.go:25.91,27.2 1 1
go-postgres-rest/pkg/services/migration_service.go:29.61,32.16 2 0
go-postgres-rest/pkg/services/migration_service.go:32.16,34.3 1 0
go-postgres-rest/pkg/services/migration_service.go:36.2,36.12 1 0
go-postgres-rest/pkg/services/migration_service.go:36.12,38.3 1 0
go-postgres-rest/pkg/services/migration_service.go:41.2,51.67 2 0
go-postgres-rest/pkg/services/migration_service.go:54.65,57.16 2 0
go-postgres-rest/pkg/services/migration_service.go:57.16,59.3 1 0
go-postgres-rest/pkg/services/migration_service.go:62.2,62.36 1 0
go-postgres-rest/pkg/services/migration_service.go:62.36,63.32 1 0
go-postgres-rest/pkg/services/migration_service.go:63.32,65.4 1 0
go-postgres-rest/pkg/services/migration_service.go:69.2,70.16 2 0
go-postgres-rest/pkg/services/migration_service.go:70.16,72.3 1 0
go-postgres-rest/pkg/services/migration_service.go:75.2,77.16 3 0
go-postgres-rest/pkg/services/migration_service.go:77.16,79.3 1 0
go-postgres-rest/pkg/services/migration_service.go:81.2,81.12 1 0
go-postgres-rest/pkg/services/migration_service.go:84.89,86.16 2 0
go-postgres-rest/pkg/services/migration_service.go:86.16,88.3 1 0
go-postgres-rest/pkg/services/migration_service.go:91.2,92.33 2 0
go-postgres-rest/pkg/services/migration_service.go:92.33,100.62 2 0
go-postgres-rest/pkg/services/migration_service.go:100.62,102.4 1 0
go-postgres-rest/pkg/services/migration_service.go:105.3,105.39 1 0
go-postgres-rest/pkg/services/migration_service.go:105.39,107.4 1 0
go-postgres-rest/pkg/services/migration_service.go:109.3,109.45 1 0
go-postgres-rest/pkg/services/migration_service.go:112.2,112.24 1 0
go-postgres-rest/pkg/services/migration_service.go:115.42,118.2 2 0
go-postgres-rest/pkg/services/performance_service.go:16.88,18.2 1 1
go-postgres-rest/pkg/services/performance_service.go:21.68,24.16 2 0
go-postgres-rest/pkg/services/performance_service.go:24.16,26.3 1 0
go-postgres-rest/pkg/services/performance_service.go:29.2,29.74 1 0
go-postgres-rest/pkg/services/performance_service.go:29.74,31.3 1 0
go-postgres-rest/pkg/services/performance_service.go:34.2,34.76 1 0
go-postgres-rest/pkg/services/performance_service.go:34.76,36.3 1 0
go-postgres-rest/pkg/services/performance_service.go:38.2,38.12 1 0
go-postgres-rest/pkg/services/performance_service.go:41.87,43.16 2 0
go-postgres-rest/pkg/services/performance_service.go:43.16,45.3 1 0
go-postgres-rest/pkg/services/performance_service.go:47.2,47.41 1 0
go-postgres-rest/pkg/services/performance_service.go:47.41,48.35 1 0
go-postgres-rest/pkg/services/performance_service.go:48.35,50.4 1 0
go-postgres-rest/pkg/services/performance_service.go:53.2,53.57 1 0
go-postgres-rest/pkg/services/performance_service.go:56.105,57.45 1 0
go-postgres-rest/pkg/services/performance_service.go:57.45,58.65 1 0
go-postgres-rest/pkg/services/performance_service.go:58.65,61.18 3 0
go-postgres-rest/pkg/services/performance_service.go:61.18,63.5 1 0
go-postgres-rest/pkg/services/performance_service.go:66.2,66.12 1 0
go-postgres-rest/pkg/services/performance_service.go:69.107,70.45 1 0
go-postgres-rest/pkg/services/performance_service.go:70.45,71.42 1 0
go-postgres-rest/pkg/services/performance_service.go:71.42,74.18 3 0
go-postgres-rest/pkg/services/performance_service.go:74.18,76.5 1 0
go-postgres-rest/pkg/services/performance_service.go:79.2,79.12 1 0
go-postgres-rest/pkg/services/performance_service.go:82.106,83.33 1 0
go-postgres-rest/pkg/services/performance_service.go:83.33,84.34 1 0
go-postgres-rest/pkg/services/performance_service.go:84.34,85.25 1 0
go-postgres-rest/pkg/services/performance_service.go:85.25,87.5 1 0
go-postgres-rest/pkg/services/performance_service.go:90.2,90.14 1 0
go-postgres-rest/pkg/services/performance_service.go:93.75,105.2 2 0
go-postgres-rest/pkg/services/performance_service.go:108.76,111.2 1 0
go-postgres-rest/pkg/services/performance_service.go:114.86,117.2 1 0
go-postgres-rest/pkg/services/performance_service.go:120.101,123.2 2 0
go-postgres-rest/pkg/services/performance_service.go:126.104,129.16 2 0
go-postgres-rest/pkg/services/performance_service.go:129.16,131.3 1 0
go-postgres-rest/pkg/services/performance_service.go:133.2,133.13 1 0
go-postgres-rest/pkg/services/performance_service.go:133.13,135.3 1 0
go-postgres-rest/pkg/services/performance_service.go:138.2,139.16 2 0
go-postgres-rest/pkg/services/performance_service.go:139.16,141.3 1 0
go-postgres-rest/pkg/services/performance_service.go:143.2,144.41 2 0
go-postgres-rest/pkg/services/performance_service.go:144.41,145.35 1 0
go-postgres-rest/pkg/services/performance_service.go:145.35,147.9 2 0
go-postgres-rest/pkg/services/performance_service.go:151.2,151.24 1 0
go-postgres-rest/pkg/services/performance_service.go:151.24,153.3 1 0
go-postgres-rest/pkg/services/performance_service.go:155.2,164.39 2 0
go-postgres-rest/pkg/services/performance_service.go:164.39,166.3 1 0
go-postgres-rest/pkg/services/performance_service.go:168.2,168.38 1 0
go-postgres-rest/pkg/services/performance_service.go:168.38,170.3 1 0
go-postgres-rest/pkg/services/performance_service.go:172.2,172.35 1 0
go-postgres-rest/pkg/services/performance_service.go:172.35,174.3 1 0
go-postgres-rest/pkg/services/performance_service.go:176.2,176.22 1 0
go-postgres-rest/pkg/services/relationship_service.go:14.97,16.2 1 1
go-postgres-rest/pkg/services/relationship_service.go:18.128,20.65 1 0
go-postgres-rest/pkg/services/relationship_service.go:20.65,22.3 1 0
go-postgres-rest/pkg/services/relationship_service.go:25.2,25.18 1 0
go-postgres-rest/pkg/services/relationship_service.go:26.35,27.43 1 0
go-postgres-rest/pkg/services/relationship_service.go:28.36,29.44 1 0
go-postgres-rest/pkg/services/relationship_service.go:30.37,31.45 1 0
go-postgres-rest/pkg/services/relationship_service.go:32.10,33.72 1 0
go-postgres-rest/pkg/services/relationship_service.go:37.143,39.21 1 0
go-postgres-rest/pkg/services/relationship_service.go:39.21,40.74 1 0
go-postgres-rest/pkg/services/relationship_service.go:40.74,42.4 1 0
go-postgres-rest/pkg/services/relationship_service.go:46.2,46.106 1 0
go-postgres-rest/pkg/services/relationship_service.go:46.106,47.71 1 0
go-postgres-rest/pkg/services/relationship_service.go:47.71,49.4 1 0
go-postgres-rest/pkg/services/relationship_service.go:52.2,52.12 1 0
go-postgres-rest/pkg/services/relationship_service.go:57.174,58.27 1 0
go-postgres-rest/pkg/services/relationship_service.go:59.35,60.46 1 0
go-postgres-rest/pkg/services/relationship_service.go:61.36,62.47 1 0
go-postgres-rest/pkg/services/relationship_service.go:63.10,64.102 1 0
go-postgres-rest/pkg/services/relationship_service.go:68.174,69.27 1 0
go-postgres-rest/pkg/services/relationship_service.go:70.37,71.48 1 0
go-postgres-rest/pkg/services/relationship_service.go:72.36,73.47 1 0
go-postgres-rest/pkg/services/relationship_service.go:74.10,75.102 1 0
go-postgres-rest/pkg/services/relationship_service.go:79.177,80.27 1 0
go-postgres-rest/pkg/services/relationship_service.go:81.37,82.51 1 0
go-postgres-rest/pkg/services/relationship_service.go:83.65,84.50 1 0
go-postgres-rest/pkg/services/relationship_service.go:85.10,86.105 1 0
go-postgres-rest/pkg/services/relationship_service.go:92.109,93.20 1 0
go-postgres-rest/pkg/services/relationship_service.go:93.20,95.3 1 0
go-postgres-rest/pkg/services/relationship_service.go:97.2,97.20 1 0
go-postgres-rest/pkg/services/relationship_service.go:97.20,99.3 1 0
go-postgres-rest/pkg/services/relationship_service.go:101.2,101.27 1 0
go-postgres-rest/pkg/services/relationship_service.go:101.27,103.3 1 0
go-postgres-rest/pkg/services/relationship_service.go:105.2,105.27 1 0
go-postgres-rest/pkg/services/relationship_service.go:105.27,107.3 1 0
go-postgres-rest/pkg/services/relationship_service.go:109.2,109.12 1 0
go-postgres-rest/pkg/services/relationship_service.go:112.136,115.24 2 0
go-postgres-rest/pkg/services/relationship_service.go:115.24,117.3 1 0
go-postgres-rest/pkg/services/relationship_service.go:119.2,120.24 2 0
go-postgres-rest/pkg/services/relationship_service.go:120.24,122.3 1 0
go-postgres-rest/pkg/services/relationship_service.go:124.2,136.33 2 0
go-postgres-rest/pkg/services/relationship_service.go:136.33,137.74 1 0
go-postgres-rest/pkg/services/relationship_service.go:137.74,139.4 1 0
go-postgres-rest/pkg/services/relationship_service.go:143.2,143.27 1 0
go-postgres-rest/pkg/services/relationship_service.go:146.137,149.24 2 0
go-postgres-rest/pkg/services/relationship_service.go:149.24,151.3 1 0
go-postgres-rest/pkg/services/relationship_service.go:153.2,154.24 2 0
go-postgres-rest/pkg/services/relationship_service.go:154.24,156.3 1 0
go-postgres-rest/pkg/services/relationship_service.go:158.2,170.33 2 0
go-postgres-rest/pkg/services/relationship_service.go:170.33,171.73 1 0
go-postgres-rest/pkg/services/relationship_service.go:171.73,173.4 1 0
go-postgres-rest/pkg/services/relationship_service.go:178.2,178.26 1 0
go-postgres-rest/pkg/services/relationship_service.go:181.138,185.26 2 0
go-postgres-rest/pkg/services/relationship_service.go:185.26,189.3 3 0
go-postgres-rest/pkg/services/relationship_service.go:192.2,192.25 1 0
go-postgres-rest/pkg/services/relationship_service.go:192.25,194.3 1 0
go-postgres-rest/pkg/services/relationship_service.go:195.2,195.28 1 0
go-postgres-rest/pkg/services/relationship_service.go:195.28,197.3 1 0
go-postgres-rest/pkg/services/relationship_service.go:198.2,198.28 1 0
go-postgres-rest/pkg/services/relationship_service.go:198.28,200.3 1 0
go-postgres-rest/pkg/services/relationship_service.go:203.2,204.24 2 0
go-postgres-rest/pkg/services/relationship_service.go:204.24,206.3 1 0
go-postgres-rest/pkg/services/relationship_service.go:207.2,208.24 2 0
go-postgres-rest/pkg/services/relationship_service.go:208.24,210.3 1 0
go-postgres-rest/pkg/services/relationship_service.go:213.2,235.75 3 0
go-postgres-rest/pkg/services/relationship_service.go:235.75,237.3 1 0
go-postgres-rest/pkg/services/relationship_service.go:240.2,240.26 1 0
go-postgres-rest/pkg/services/relationship_service.go:243.170,245.16 2 0
go-postgres-rest/pkg/services/relationship_service.go:245.16,250.3 1 0
go-postgres-rest/pkg/services/relationship_service.go:252.2,255.8 1 0
go-postgres-rest/pkg/services/relationship_service.go:258.171,260.16 2 0
go-postgres-rest/pkg/services/relationship_service.go:260.16,265.3 1 0
go-postgres-rest/pkg/services/relationship_service.go:267.2,270.8 1 0
go-postgres-rest/pkg/services/relationship_service.go:273.172,275.16 2 0
go-postgres-rest/pkg/services/relationship_service.go:275.16,280.3 1 0
go-postgres-rest/pkg/services/relationship_service.go:282.2,286.8 1 0
go-postgres-rest/pkg/services/relationship_service.go:289.171,291.16 2 0
go-postgres-rest/pkg/services/relationship_service.go:291.16,296.3 1 0
go-postgres-rest/pkg/services/relationship_service.go:298.2,301.8 1 0
go-postgres-rest/pkg/services/relationship_service.go:304.175,306.16 2 0
go-postgres-rest/pkg/services/relationship_service.go:306.16,311.3 1 0
go-postgres-rest/pkg/services/relationship_service.go:313.2,316.8 1 0
go-postgres-rest/pkg/services/relationship_service.go:319.174,321.16 2 0
go-postgres-rest/pkg/services/relationship_service.go:321.16,326.3 1 0
go-postgres-rest/pkg/services/relationship_service.go:328.2,331.8 1 0
go-postgres-rest/pkg/services/table_service.go:18.76,20.2 1 1
go-postgres-rest/pkg/services/table_service.go:23.73,25.2 1 0
go-postgres-rest/pkg/services/table_service.go:28.116,30.16 2 0
go-postgres-rest/pkg/services/table_service.go:30.16,32.3 1 0
go-postgres-rest/pkg/services/table_service.go:34.2,35.9 2 0
go-postgres-rest/pkg/services/table_service.go:35.9,40.3 1 0
go-postgres-rest/pkg/services/table_service.go:41.2,41.18 1 0
go-postgres-rest/pkg/services/table_service.go:44.116,46.16 2 0
go-postgres-rest/pkg/services/table_service.go:46.16,48.3 1 0
go-postgres-rest/pkg/services/table_service.go:49.2,50.9 2 0
go-postgres-rest/pkg/services/table_service.go:50.9,55.3 1 0
go-postgres-rest/pkg/services/table_service.go:56.2,56.18 1 0
go-postgres-rest/pkg/services/table_service.go:59.132,61.16 2 0
go-postgres-rest/pkg/services/table_service.go:61.16,63.3 1 0
go-postgres-rest/pkg/services/table_service.go:64.2,65.9 2 0
go-postgres-rest/pkg/services/table_service.go:65.9,70.3 1 0
go-postgres-rest/pkg/services/table_service.go:71.2,71.18 1 0
go-postgres-rest/pkg/services/table_service.go:74.77,76.2 1 0
go-postgres-rest/pkg/services/table_service.go:79.73,81.58 1 0
go-postgres-rest/pkg/services/table_service.go:81.58,83.3 1 0
go-postgres-rest/pkg/services/table_service.go:85.2,85.37 1 0
go-postgres-rest/pkg/services/table_service.go:88.87,90.63 1 0
go-postgres-rest/pkg/services/table_service.go:90.63,92.3 1 0
go-postgres-rest/pkg/services/table_service.go:94.2,94.40 1 0
go-postgres-rest/pkg/services/table_service.go:97.89,99.57 1 0
go-postgres-rest/pkg/services/table_service.go:99.57,101.3 1 0
go-postgres-rest/pkg/services/table_service.go:103.2,103.47 1 0
go-postgres-rest/pkg/services/table_service.go:107.88,108.52 1 0
go-postgres-rest/pkg/services/table_service.go:108.52,110.3 1 0
go-postgres-rest/pkg/services/table_service.go:111.2,111.61 1 0
go-postgres-rest/pkg/services/table_service.go:111.61,113.3 1 0
go-postgres-rest/pkg/services/table_service.go:114.2,114.66 1 0
go-postgres-rest/pkg/services/table_service.go:114.66,116.3 1 0
go-postgres-rest/pkg/services/table_service.go:117.2,117.73 1 0
go-postgres-rest/pkg/services/table_service.go:117.73,119.3 1 0
go-postgres-rest/pkg/services/table_service.go:120.2,120.74 1 0
go-postgres-rest/pkg/services/table_service.go:120.74,122.3 1 0
go-postgres-rest/pkg/services/table_service.go:123.2,123.12 1 0
go-postgres-rest/pkg/services/table_service.go:126.43,127.16 1 0
go-postgres-rest/pkg/services/table_service.go:127.16,129.3 1 0
go-postgres-rest/pkg/services/table_service.go:130.2,130.12 1 0
go-postgres-rest/pkg/services/table_service.go:133.71,134.23 1 0
go-postgres-rest/pkg/services/table_service.go:134.23,136.3 1 0
go-postgres-rest/pkg/services/table_service.go:137.2,137.12 1 0
go-postgres-rest/pkg/services/table_service.go:140.92,142.30 2 0
go-postgres-rest/pkg/services/table_service.go:142.30,143.57 1 0
[...]
go-postgres-rest/pkg/database/postgres/repo.go:1714.2,1714.12 1 1
go-postgres-rest/pkg/database/postgres/repo.go:1718.88,1736.16 3 1
go-postgres-rest/pkg/database/postgres/repo.go:1736.16,1738.3 1 0
go-postgres-rest/pkg/database/postgres/repo.go:1739.2,1742.20 3 1
go-postgres-rest/pkg/database/postgres/repo.go:1742.20,1749.101 2 1
go-postgres-rest/pkg/database/postgres/repo.go:1749.101,1751.4 1 0
go-postgres-rest/pkg/database/postgres/repo.go:1752.3,1757.5 1 1
go-postgres-rest/pkg/database/postgres/repo.go:1759.2,1759.37 1 1
go-postgres-rest/pkg/database/postgres/repo.go:1759.37,1761.3 1 1
go-postgres-rest/pkg/database/postgres/repo.go:1762.2,1763.12 2 1
go-postgres-rest/pkg/database/postgres/repo.go:1766.89,1767.61 1 1
go-postgres-rest/pkg/database/postgres/repo.go:1767.61,1769.3 1 1
go-postgres-rest/pkg/database/postgres/repo.go:1770.2,1770.65 1 1
go-postgres-rest/pkg/database/postgres/repo.go:1770.65,1772.3 1 1
go-postgres-rest/pkg/database/postgres/repo.go:1773.2,1773.65 1 1
go-postgres-rest/pkg/database/postgres/repo.go:1773.65,1775.3 1 1
go-postgres-rest/pkg/database/postgres/repo.go:1776.2,1776.12 1 1
go-postgres-rest/pkg/database/postgres/repo.go:1779.100,1789.16 4 1
go-postgres-rest/pkg/database/postgres/repo.go:1789.16,1791.3 1 1
go-postgres-rest/pkg/database/postgres/repo.go:1792.2,1794.18 2 1
go-postgres-rest/pkg/database/postgres/repo.go:1794.18,1796.64 2 1
go-postgres-rest/pkg/database/postgres/repo.go:1796.64,1798.4 1 0
go-postgres-rest/pkg/database/postgres/repo.go:1799.3,1799.29 1 1
go-postgres-rest/pkg/database/postgres/repo.go:1801.2,1801.35 1 1
go-postgres-rest/pkg/database/postgres/repo.go:1801.35,1803.3 1 0
go-postgres-rest/pkg/database/postgres/repo.go:1805.2,1805.24 1 1
go-postgres-rest/pkg/database/postgres/repo.go:1805.24,1806.72 1 1
go-postgres-rest/pkg/database/postgres/repo.go:1806.72,1808.4 1 1
go-postgres-rest/pkg/database/postgres/repo.go:1811.2,1811.20 1 1
go-postgres-rest/pkg/database/postgres/repo.go:1815.142,1816.23 1 1
go-postgres-rest/pkg/database/postgres/repo.go:1816.23,1818.3 1 0
go-postgres-rest/pkg/database/postgres/repo.go:1821.2,1822.30 2 1
go-postgres-rest/pkg/database/postgres/repo.go:1822.30,1824.3 1 1
go-postgres-rest/pkg/database/postgres/repo.go:1826.2,1827.16 2 1
go-postgres-rest/pkg/database/postgres/repo.go:1827.16,1829.3 1 0
go-postgres-rest/pkg/database/postgres/repo.go:1830.2,1840.33 6 1
go-postgres-rest/pkg/database/postgres/repo.go:1840.33,1842.31 2 1
go-postgres-rest/pkg/database/postgres/repo.go:1842.31,1846.4 3 1
go-postgres-rest/pkg/database/postgres/repo.go:1847.3,1847.93 1 1
go-postgres-rest/pkg/database/postgres/repo.go:1850.2,1858.16 3 1
go-postgres-rest/pkg/database/postgres/repo.go:1858.16,1860.3 1 0
go-postgres-rest/pkg/database/postgres/repo.go:1861.2,1864.16 3 1
go-postgres-rest/pkg/database/postgres/repo.go:1864.16,1866.3 1 0
go-postgres-rest/pkg/database/postgres/repo.go:1868.2,1868.18 1 1
go-postgres-rest/pkg/database/postgres/repo.go:1868.18,1871.25 3 1
go-postgres-rest/pkg/database/postgres/repo.go:1871.25,1873.4 1 1
go-postgres-rest/pkg/database/postgres/repo.go:1875.3,1875.49 1 1
go-postgres-rest/pkg/database/postgres/repo.go:1875.49,1877.4 1 0
go-postgres-rest/pkg/database/postgres/repo.go:1880.3,1881.36 2 1
go-postgres-rest/pkg/database/postgres/repo.go:1885.2,1885.35 1 1
go-postgres-rest/pkg/database/postgres/repo.go:1885.35,1887.3 1 0
go-postgres-rest/pkg/database/postgres/repo.go:1889.2,1889.36 1 1
go-postgres-rest/pkg/database/postgres/repo.go:1889.36,1891.3 1 0
go-postgres-rest/pkg/database/postgres/repo.go:1893.2,1893.21 1 1
go-postgres-rest/pkg/database/postgres/repo.go:1897.181,1898.20 1 1
go-postgres-rest/pkg/database/postgres/repo.go:1898.20,1900.3 1 0
go-postgres-rest/pkg/database/postgres/repo.go:1902.2,1907.29 5 1
go-postgres-rest/pkg/database/postgres/repo.go:1907.29,1912.3 4 1
go-postgres-rest/pkg/database/postgres/repo.go:1915.2,1916.30 2 1
go-postgres-rest/pkg/database/postgres/repo.go:1916.30,1919.29 2 1
go-postgres-rest/pkg/database/postgres/repo.go:1919.29,1921.38 2 1
go-postgres-rest/pkg/database/postgres/repo.go:1921.38,1923.5 1 1
go-postgres-rest/pkg/database/postgres/repo.go:1924.4,1924.73 1 1
go-postgres-rest/pkg/database/postgres/repo.go:1925.9,1927.4 1 0
go-postgres-rest/pkg/database/postgres/repo.go:1930.2,1939.16 3 1
go-postgres-rest/pkg/database/postgres/repo.go:1939.16,1941.3 1 0
go-postgres-rest/pkg/database/postgres/repo.go:1942.2,1944.18 2 1
go-postgres-rest/pkg/database/postgres/repo.go:1944.18,1946.3 1 0
go-postgres-rest/pkg/database/postgres/repo.go:1948.2,1949.16 2 1
go-postgres-rest/pkg/database/postgres/repo.go:1949.16,1951.3 1 0
go-postgres-rest/pkg/database/postgres/repo.go:1953.2,1955.24 3 1
go-postgres-rest/pkg/database/postgres/repo.go:1955.24,1957.3 1 1
go-postgres-rest/pkg/database/postgres/repo.go:1959.2,1959.48 1 1
go-postgres-rest/pkg/database/postgres/repo.go:1959.48,1961.3 1 0
go-postgres-rest/pkg/database/postgres/repo.go:1963.2,1964.27 2 1
go-postgres-rest/pkg/database/postgres/repo.go:1964.27,1966.3 1 1
go-postgres-rest/pkg/database/postgres/repo.go:1968.2,1968.20 1 1
go-postgres-rest/pkg/database/postgres/repo.go:1972.143,1973.23 1 1
go-postgres-rest/pkg/database/postgres/repo.go:1973.23,1975.3 1 0
go-postgres-rest/pkg/database/postgres/repo.go:1977.2,1978.16 2 1
go-postgres-rest/pkg/database/postgres/repo.go:1978.16,1980.3 1 0
go-postgres-rest/pkg/database/postgres/repo.go:1981.2,1985.33 3 1
go-postgres-rest/pkg/database/postgres/repo.go:1985.33,1987.14 2 1
go-postgres-rest/pkg/database/postgres/repo.go:1987.14,1988.12 1 0
go-postgres-rest/pkg/database/postgres/repo.go:1991.3,1995.32 4 1
go-postgres-rest/pkg/database/postgres/repo.go:1995.32,1996.26 1 1
go-postgres-rest/pkg/database/postgres/repo.go:1996.26,2000.5 3 1
go-postgres-rest/pkg/database/postgres/repo.go:2003.3,2014.17 4 1
go-postgres-rest/pkg/database/postgres/repo.go:2014.17,2016.4 1 0
go-postgres-rest/pkg/database/postgres/repo.go:2018.3,2019.17 2 1
go-postgres-rest/pkg/database/postgres/repo.go:2019.17,2021.4 1 0
go-postgres-rest/pkg/database/postgres/repo.go:2023.3,2023.28 1 1
go-postgres-rest/pkg/database/postgres/repo.go:2026.2,2026.36 1 1
go-postgres-rest/pkg/database/postgres/repo.go:2026.36,2028.3 1 0
go-postgres-rest/pkg/database/postgres/repo.go:2030.2,2030.27 1 1
go-postgres-rest/pkg/database/postgres/repo.go:2034.125,2035.19 1 1
go-postgres-rest/pkg/database/postgres/repo.go:2035.19,2037.3 1 0
go-postgres-rest/pkg/database/postgres/repo.go:2039.2,2040.21 2 1
go-postgres-rest/pkg/database/postgres/repo.go:2040.21,2042.3 1 1
go-postgres-rest/pkg/database/postgres/repo.go:2044.2,2052.16 3 1
go-postgres-rest/pkg/database/postgres/repo.go:2052.16,2054.3 1 1
go-postgres-rest/pkg/database/postgres/repo.go:2056.2,2056.30 1 1
go-postgres-rest/pkg/database/postgres/repo.go:2060.98,2062.16 2 1
go-postgres-rest/pkg/database/postgres/repo.go:2062.16,2064.3 1 0
go-postgres-rest/pkg/database/postgres/repo.go:2065.2,2065.12 1 1
go-postgres-rest/pkg/database/postgres/repo.go:2069.94,2073.16 4 1
go-postgres-rest/pkg/database/postgres/repo.go:2073.16,2075.3 1 0
go-postgres-rest/pkg/database/postgres/repo.go:2076.2,2076.20 1 1
go-postgres-rest/pkg/database/postgres/repo.go:2080.101,2083.16 3 1
go-postgres-rest/pkg/database/postgres/repo.go:2083.16,2085.3 1 0
go-postgres-rest/pkg/database/postgres/repo.go:2086.2,2089.16 3 1
go-postgres-rest/pkg/database/postgres/repo.go:2089.16,2091.3 1 0
go-postgres-rest/pkg/database/postgres/repo.go:2093.2,2094.18 2 1
go-postgres-rest/pkg/database/postgres/repo.go:2094.18,2097.25 3 1
go-postgres-rest/pkg/database/postgres/repo.go:2097.25,2099.4 1 1
go-postgres-rest/pkg/database/postgres/repo.go:2101.3,2101.49 1 1
go-postgres-rest/pkg/database/postgres/repo.go:2101.49,2103.4 1 0
go-postgres-rest/pkg/database/postgres/repo.go:2105.3,2106.28 2 1
go-postgres-rest/pkg/database/postgres/repo.go:2106.28,2108.4 1 1
go-postgres-rest/pkg/database/postgres/repo.go:2109.3,2109.45 1 1
go-postgres-rest/pkg/database/postgres/repo.go:2113.2,2113.35 1 1
go-postgres-rest/pkg/database/postgres/repo.go:2113.35,2115.3 1 0
go-postgres-rest/pkg/database/postgres/repo.go:2117.2,2117.24 1 1
go-postgres-rest/pkg/database/postgres/repo.go:2121.95,2124.16 3 1
go-postgres-rest/pkg/database/postgres/repo.go:2124.16,2126.3 1 0
go-postgres-rest/pkg/database/postgres/repo.go:2127.2,2127.12 1 1
go-postgres-rest/pkg/database/postgres/repo.go:2131.101,2134.16 3 1
go-postgres-rest/pkg/database/postgres/repo.go:2134.16,2136.3 1 0
go-postgres-rest/pkg/database/postgres/repo.go:2137.2,2137.12 1 1
go-postgres-rest/pkg/database/postgres/repo.go:2141.101,2153.16 4 1
go-postgres-rest/pkg/database/postgres/repo.go:2153.16,2155.3 1 1
go-postgres-rest/pkg/database/postgres/repo.go:2158.2,2167.16 3 1
go-postgres-rest/pkg/database/postgres/repo.go:2167.16,2169.3 1 1
go-postgres-rest/pkg/database/postgres/repo.go:2172.2,2179.16 3 1
go-postgres-rest/pkg/database/postgres/repo.go:2179.16,2181.3 1 1
go-postgres-rest/pkg/database/postgres/repo.go:2184.2,2188.16 3 1
go-postgres-rest/pkg/database/postgres/repo.go:2188.16,2190.3 1 1
go-postgres-rest/pkg/database/postgres/repo.go:2192.2,2192.21 1 1
go-postgres-rest/pkg/database/postgres/repo.go:2196.90,2207.62 7 1
go-postgres-rest/pkg/database/postgres/repo.go:2207.62,2210.17 3 1
go-postgres-rest/pkg/database/postgres/repo.go:2210.17,2213.4 2 1
go-postgres-rest/pkg/database/postgres/repo.go:2216.2,2216.25 1 1
go-postgres-rest/pkg/database/postgres/repo.go:2260.111,2270.40 4 1
go-postgres-rest/pkg/database/postgres/repo.go:2270.40,2272.3 1 0
go-postgres-rest/pkg/database/postgres/repo.go:2273.2,2273.20 1 1
go-postgres-rest/pkg/database/postgres/repo.go:2276.107,2280.16 3 1
go-postgres-rest/pkg/database/postgres/repo.go:2280.16,2282.3 1 0
go-postgres-rest/pkg/database/postgres/repo.go:2284.2,2284.12 1 1
go-postgres-rest/pkg/database/postgres/repo.go:2284.12,2286.3 1 0
go-postgres-rest/pkg/database/postgres/repo.go:2288.2,2289.33 2 1
go-postgres-rest/pkg/database/postgres/repo.go:2289.33,2291.3 1 1
go-postgres-rest/pkg/database/postgres/repo.go:2293.2,2294.33 2 1
go-postgres-rest/pkg/database/postgres/repo.go:2294.33,2296.3 1 1
go-postgres-rest/pkg/database/postgres/repo.go:2298.2,2309.16 3 1
go-postgres-rest/pkg/database/postgres/repo.go:2309.16,2311.3 1 0
go-postgres-rest/pkg/database/postgres/repo.go:2312.2,2312.12 1 1
go-postgres-rest/pkg/database/postgres/repo.go:2315.108,2317.89 1 1
go-postgres-rest/pkg/database/postgres/repo.go:2317.89,2327.3 6 1
go-postgres-rest/pkg/database/postgres/repo.go:2327.8,2332.3 3 1
go-postgres-rest/pkg/database/postgres/repo.go:2334.2,2334.12 1 1
go-postgres-rest/pkg/database/postgres/repo.go:2337.137,2344.50 2 1
go-postgres-rest/pkg/database/postgres/repo.go:2344.50,2347.18 2 1
go-postgres-rest/pkg/database/postgres/repo.go:2347.18,2349.4 1 0
go-postgres-rest/pkg/database/postgres/repo.go:2351.3,2351.17 1 1
go-postgres-rest/pkg/database/postgres/repo.go:2351.17,2353.4 1 0
go-postgres-rest/pkg/database/postgres/repo.go:2355.3,2355.30 1 1
go-postgres-rest/pkg/database/postgres/repo.go:2355.30,2357.4 1 1
go-postgres-rest/pkg/database/postgres/repo.go:2359.3,2359.23 1 1
go-postgres-rest/pkg/database/postgres/repo.go:2359.23,2361.4 1 0
go-postgres-rest/pkg/database/postgres/repo.go:2363.3,2363.39 1 1
go-postgres-rest/pkg/database/postgres/repo.go:2367.2,2379.16 5 1
go-postgres-rest/pkg/database/postgres/repo.go:2379.16,2381.3 1 0
go-postgres-rest/pkg/database/postgres/repo.go:2382.2,2382.12 1 1
go-postgres-rest/pkg/database/postgres/repo.go:2385.67,2388.16 3 1
go-postgres-rest/pkg/database/postgres/repo.go:2388.16,2390.3 1 0
go-postgres-rest/pkg/database/postgres/repo.go:2391.2,2391.12 1 1
go-postgres-rest/pkg/database/postgres/repo.go:2396.144,2401.16 3 1
go-postgres-rest/pkg/database/postgres/repo.go:2401.16,2403.3 1 0
go-postgres-rest/pkg/database/postgres/repo.go:2404.2,2404.12 1 1
go-postgres-rest/pkg/database/postgres/repo.go:2407.148,2408.25 1 1
go-postgres-rest/pkg/database/postgres/repo.go:2408.25,2410.3 1 0
go-postgres-rest/pkg/database/postgres/repo.go:2413.2,2415.59 2 1
go-postgres-rest/pkg/database/postgres/repo.go:2415.59,2417.3 1 0
go-postgres-rest/pkg/database/postgres/repo.go:2420.2,2422.37 3 1
go-postgres-rest/pkg/database/postgres/repo.go:2422.37,2425.3 2 1
go-postgres-rest/pkg/database/postgres/repo.go:2427.2,2431.16 3 1
go-postgres-rest/pkg/database/postgres/repo.go:2431.16,2433.3 1 0
go-postgres-rest/pkg/database/postgres/repo.go:2434.2,2434.12 1 1
go-postgres-rest/pkg/database/postgres/repo.go:2437.149,2438.25 1 1
go-postgres-rest/pkg/database/postgres/repo.go:2438.25,2440.3 1 0
go-postgres-rest/pkg/database/postgres/repo.go:2442.2,2444.37 3 1
go-postgres-rest/pkg/database/postgres/repo.go:2444.37,2447.3 2 1
go-postgres-rest/pkg/database/postgres/repo.go:2449.2,2453.16 3 1
go-postgres-rest/pkg/database/postgres/repo.go:2453.16,2455.3 1 0
go-postgres-rest/pkg/database/postgres/repo.go:2456.2,2456.12 1 1
go-postgres-rest/pkg/database/postgres/repo.go:2460.198,2468.31 5 1
go-postgres-rest/pkg/database/postgres/repo.go:2468.31,2469.85 1 1
go-postgres-rest/pkg/database/postgres/repo.go:2469.85,2474.4 4 1
go-postgres-rest/pkg/database/postgres/repo.go:2477.2,2486.22 2 1
go-postgres-rest/pkg/database/postgres/repo.go:2490.101,2491.18 1 1
go-postgres-rest/pkg/database/postgres/repo.go:2491.18,2493.3 1 0
go-postgres-rest/pkg/database/postgres/repo.go:2495.2,2496.16 2 1
go-postgres-rest/pkg/database/postgres/repo.go:2496.16,2498.3 1 0
go-postgres-rest/pkg/database/postgres/repo.go:2500.2,2502.22 3 1
go-postgres-rest/pkg/database/postgres/repo.go:2502.22,2504.3 1 1
go-postgres-rest/pkg/database/postgres/repo.go:2506.2,2506.46 1 1
go-postgres-rest/pkg/database/postgres/repo.go:2506.46,2508.3 1 0
go-postgres-rest/pkg/database/postgres/repo.go:2510.2,2511.27 2 1
go-postgres-rest/pkg/database/postgres/repo.go:2511.27,2513.3 1 1
go-postgres-rest/pkg/database/postgres/repo.go:2514.2,2514.20 1 1
go-postgres-rest/pkg/database/postgres/repo.go:2517.207,2518.25 1 1
go-postgres-rest/pkg/database/postgres/repo.go:2518.25,2520.3 1 0
go-postgres-rest/pkg/database/postgres/repo.go:2522.2,2524.37 2 1
go-postgres-rest/pkg/database/postgres/repo.go:2524.37,2530.17 3 1
go-postgres-rest/pkg/database/postgres/repo.go:2530.17,2532.4 1 0
go-postgres-rest/pkg/database/postgres/repo.go:2533.3,2537.17 3 1
go-postgres-rest/pkg/database/postgres/repo.go:2537.17,2539.4 1 0
go-postgres-rest/pkg/database/postgres/repo.go:2540.3,2540.20 1 1
go-postgres-rest/pkg/database/postgres/repo.go:2540.20,2542.4 1 1
go-postgres-rest/pkg/database/postgres/repo.go:2545.2,2545.21 1 1
go-postgres-rest/pkg/database/postgres/repo.go:2548.159,2549.25 1 1
go-postgres-rest/pkg/database/postgres/repo.go:2549.25,2554.17 3 1
go-postgres-rest/pkg/database/postgres/repo.go:2554.17,2556.4 1 1
go-postgres-rest/pkg/database/postgres/repo.go:2557.3,2558.25 2 1
go-postgres-rest/pkg/database/postgres/repo.go:2561.2,2563.37 3 1
go-postgres-rest/pkg/database/postgres/repo.go:2563.37,2566.3 2 1
go-postgres-rest/pkg/database/postgres/repo.go:2568.2,2572.16 3 1
go-postgres-rest/pkg/database/postgres/repo.go:2572.16,2574.3 1 0
go-postgres-rest/pkg/database/postgres/repo.go:2576.2,2577.24 2 1
go-postgres-rest/pkg/database/postgres/repo.go:2580.160,2581.25 1 1
go-postgres-rest/pkg/database/postgres/repo.go:2581.25,2585.17 3 1
go-postgres-rest/pkg/database/postgres/repo.go:2585.17,2587.4 1 1
go-postgres-rest/pkg/database/postgres/repo.go:2588.3,2589.25 2 1
go-postgres-rest/pkg/database/postgres/repo.go:2592.2,2594.37 3 1
go-postgres-rest/pkg/database/postgres/repo.go:2594.37,2597.3 2 1
go-postgres-rest/pkg/database/postgres/repo.go:2599.2,2604.16 3 1
go-postgres-rest/pkg/database/postgres/repo.go:2604.16,2606.3 1 0
go-postgres-rest/pkg/database/postgres/repo.go:2608.2,2609.24 2 1
go-postgres-rest/pkg/database/postgres/repo.go:2613.158,2617.28 3 1
go-postgres-rest/pkg/database/postgres/repo.go:2617.28,2619.3 1 1
go-postgres-rest/pkg/database/postgres/repo.go:2619.8,2620.28 1 1
go-postgres-rest/pkg/database/postgres/repo.go:2621.66,2622.68 1 1
go-postgres-rest/pkg/database/postgres/repo.go:2623.38,2624.28 1 1
go-postgres-rest/pkg/database/postgres/repo.go:2628.2,2628.27 1 1
go-postgres-rest/pkg/database/postgres/repo.go:2629.65,2632.15 2 1
go-postgres-rest/pkg/database/postgres/repo.go:2634.37,2641.15 2 1
go-postgres-rest/pkg/database/postgres/repo.go:2644.2,2644.35 1 1
go-postgres-rest/pkg/database/postgres/repo.go:2648.135,2652.40 2 1
go-postgres-rest/pkg/database/postgres/repo.go:2652.40,2657.3 4 1
go-postgres-rest/pkg/database/postgres/repo.go:2660.2,2660.29 1 1
go-postgres-rest/pkg/database/postgres/repo.go:2660.29,2662.3 1 1
go-postgres-rest/pkg/database/postgres/repo.go:2665.2,2665.25 1 1
go-postgres-rest/pkg/database/postgres/repo.go:2665.25,2669.3 3 1
go-postgres-rest/pkg/database/postgres/repo.go:2672.2,2672.26 1 1
go-postgres-rest/pkg/database/postgres/repo.go:2672.26,2675.3 2 1
go-postgres-rest/pkg/database/postgres/repo.go:2677.2,2677.25 1 1
go-postgres-rest/pkg/database/postgres/repo.go:2685.37,2701.16 11 1
go-postgres-rest/pkg/database/postgres/repo.go:2701.16,2703.3 1 1
go-postgres-rest/pkg/database/postgres/repo.go:2704.2,2707.16 3 1
go-postgres-rest/pkg/database/postgres/repo.go:2707.16,2709.3 1 0
go-postgres-rest/pkg/database/postgres/repo.go:2711.2,2712.18 2 1
go-postgres-rest/pkg/database/postgres/repo.go:2712.18,2715.25 3 1
go-postgres-rest/pkg/database/postgres/repo.go:2715.25,2717.4 1 1
go-postgres-rest/pkg/database/postgres/repo.go:2719.3,2719.49 1 1
go-postgres-rest/pkg/database/postgres/repo.go:2719.49,2721.4 1 0
go-postgres-rest/pkg/database/postgres/repo.go:2723.3,2724.28 2 1
go-postgres-rest/pkg/database/postgres/repo.go:2724.28,2726.4 1 1
go-postgres-rest/pkg/database/postgres/repo.go:2727.3,2727.27 1 1
go-postgres-rest/pkg/database/postgres/repo.go:2731.2,2731.35 1 1
go-postgres-rest/pkg/database/postgres/repo.go:2731.35,2733.3 1 1
go-postgres-rest/pkg/database/postgres/repo.go:2735.2,2735.18 1 1
go-postgres-rest/pkg/database/postgres/repo.go:2745.86,2750.31 4 1
go-postgres-rest/pkg/database/postgres/repo.go:2750.31,2751.27 1 1
go-postgres-rest/pkg/database/postgres/repo.go:2751.27,2754.4 2 1
go-postgres-rest/pkg/database/postgres/repo.go:2756.2,2756.25 1 1
go-postgres-rest/pkg/database/postgres/repo.go:2756.25,2757.15 1 1
go-postgres-rest/pkg/database/postgres/repo.go:2757.15,2759.4 1 1
go-postgres-rest/pkg/database/postgres/repo.go:2761.2,2761.16 1 1
go-postgres-rest/pkg/database/postgres/repo.go:2765.108,2768.30 3 1
go-postgres-rest/pkg/database/postgres/repo.go:2768.30,2772.3 2 1
go-postgres-rest/pkg/database/postgres/repo.go:2774.2,2775.27 2 1
go-postgres-rest/pkg/database/postgres/repo.go:2775.27,2777.3 1 1
go-postgres-rest/pkg/database/postgres/repo.go:2777.8,2779.3 1 1
go-postgres-rest/pkg/database/postgres/repo.go:2781.2,2781.22 1 1
go-postgres-rest/pkg/database/postgres/repo.go:2784.121,2785.16 1 1
go-postgres-rest/pkg/database/postgres/repo.go:2785.16,2787.3 1 0
go-postgres-rest/pkg/database/postgres/repo.go:2790.2,2796.16 4 1
go-postgres-rest/pkg/database/postgres/repo.go:2796.16,2798.3 1 1
go-postgres-rest/pkg/database/postgres/repo.go:2799.2,2802.16 3 1
go-postgres-rest/pkg/database/postgres/repo.go:2802.16,2804.3 1 0
go-postgres-rest/pkg/database/postgres/repo.go:2806.2,2807.18 2 1
go-postgres-rest/pkg/database/postgres/repo.go:2807.18,2810.25 3 1
go-postgres-rest/pkg/database/postgres/repo.go:2810.25,2812.4 1 1
go-postgres-rest/pkg/database/postgres/repo.go:2814.3,2814.49 1 1
go-postgres-rest/pkg/database/postgres/repo.go:2814.49,2816.4 1 0
go-postgres-rest/pkg/database/postgres/repo.go:2818.3,2819.33 2 1
go-postgres-rest/pkg/database/postgres/repo.go:2823.2,2823.35 1 1
go-postgres-rest/pkg/database/postgres/repo.go:2823.35,2825.3 1 0
go-postgres-rest/pkg/database/postgres/repo.go:2827.2,2827.23 1 1
go-postgres-rest/pkg/database/postgres/repo.go:2827.23,2829.3 1 1
go-postgres-rest/pkg/database/postgres/repo.go:2830.2,2830.21 1 0
