mode: atomic
github.com/aptlogica/go-postgres-rest/pkg/config/config.go:39.51,40.17 1 6
github.com/aptlogica/go-postgres-rest/pkg/config/config.go:40.17,42.3 1 1
github.com/aptlogica/go-postgres-rest/pkg/config/config.go:43.2,44.16 2 5
github.com/aptlogica/go-postgres-rest/pkg/config/config.go:44.16,46.3 1 1
github.com/aptlogica/go-postgres-rest/pkg/config/config.go:47.2,47.10 1 4
github.com/aptlogica/go-postgres-rest/pkg/config/config.go:50.76,51.17 1 4
github.com/aptlogica/go-postgres-rest/pkg/config/config.go:51.17,53.3 1 1
github.com/aptlogica/go-postgres-rest/pkg/config/config.go:54.2,55.16 2 3
github.com/aptlogica/go-postgres-rest/pkg/config/config.go:55.16,57.3 1 1
github.com/aptlogica/go-postgres-rest/pkg/config/config.go:58.2,58.10 1 2
github.com/aptlogica/go-postgres-rest/pkg/config/config.go:63.30,84.2 3 1
github.com/aptlogica/go-postgres-rest/pkg/services/bulk_service.go:19.74,21.2 1 2
github.com/aptlogica/go-postgres-rest/pkg/services/bulk_service.go:24.120,25.23 1 3
github.com/aptlogica/go-postgres-rest/pkg/services/bulk_service.go:25.23,27.3 1 1
github.com/aptlogica/go-postgres-rest/pkg/services/bulk_service.go:30.2,30.46 1 2
github.com/aptlogica/go-postgres-rest/pkg/services/bulk_service.go:34.159,35.20 1 3
github.com/aptlogica/go-postgres-rest/pkg/services/bulk_service.go:35.20,37.3 1 1
github.com/aptlogica/go-postgres-rest/pkg/services/bulk_service.go:39.2,39.71 1 2
github.com/aptlogica/go-postgres-rest/pkg/services/bulk_service.go:43.121,44.23 1 3
github.com/aptlogica/go-postgres-rest/pkg/services/bulk_service.go:44.23,46.3 1 1
github.com/aptlogica/go-postgres-rest/pkg/services/bulk_service.go:49.2,49.59 1 2
github.com/aptlogica/go-postgres-rest/pkg/services/bulk_service.go:53.103,54.19 1 3
github.com/aptlogica/go-postgres-rest/pkg/services/bulk_service.go:54.19,56.3 1 1
github.com/aptlogica/go-postgres-rest/pkg/services/bulk_service.go:59.2,59.52 1 2
github.com/aptlogica/go-postgres-rest/pkg/services/migration_service.go:30.91,32.2 1 2
github.com/aptlogica/go-postgres-rest/pkg/services/migration_service.go:34.61,37.16 2 4
github.com/aptlogica/go-postgres-rest/pkg/services/migration_service.go:37.16,39.3 1 0
github.com/aptlogica/go-postgres-rest/pkg/services/migration_service.go:41.2,41.12 1 4
github.com/aptlogica/go-postgres-rest/pkg/services/migration_service.go:41.12,43.3 1 2
github.com/aptlogica/go-postgres-rest/pkg/services/migration_service.go:46.2,56.67 2 2
github.com/aptlogica/go-postgres-rest/pkg/services/migration_service.go:59.65,62.16 2 3
github.com/aptlogica/go-postgres-rest/pkg/services/migration_service.go:62.16,64.3 1 0
github.com/aptlogica/go-postgres-rest/pkg/services/migration_service.go:67.2,67.36 1 3
github.com/aptlogica/go-postgres-rest/pkg/services/migration_service.go:67.36,68.32 1 1
github.com/aptlogica/go-postgres-rest/pkg/services/migration_service.go:68.32,70.4 1 1
github.com/aptlogica/go-postgres-rest/pkg/services/migration_service.go:74.2,75.16 2 2
github.com/aptlogica/go-postgres-rest/pkg/services/migration_service.go:75.16,77.3 1 0
github.com/aptlogica/go-postgres-rest/pkg/services/migration_service.go:80.2,82.16 3 2
github.com/aptlogica/go-postgres-rest/pkg/services/migration_service.go:82.16,84.3 1 0
github.com/aptlogica/go-postgres-rest/pkg/services/migration_service.go:86.2,86.12 1 2
github.com/aptlogica/go-postgres-rest/pkg/services/migration_service.go:89.89,91.16 2 2
github.com/aptlogica/go-postgres-rest/pkg/services/migration_service.go:91.16,93.3 1 0
github.com/aptlogica/go-postgres-rest/pkg/services/migration_service.go:96.2,97.33 2 2
github.com/aptlogica/go-postgres-rest/pkg/services/migration_service.go:97.33,105.62 2 2
github.com/aptlogica/go-postgres-rest/pkg/services/migration_service.go:105.62,107.4 1 2
github.com/aptlogica/go-postgres-rest/pkg/services/migration_service.go:110.3,110.39 1 2
github.com/aptlogica/go-postgres-rest/pkg/services/migration_service.go:110.39,112.4 1 2
github.com/aptlogica/go-postgres-rest/pkg/services/migration_service.go:114.3,114.45 1 2
github.com/aptlogica/go-postgres-rest/pkg/services/migration_service.go:117.2,117.24 1 2
github.com/aptlogica/go-postgres-rest/pkg/services/migration_service.go:120.42,123.2 2 2
github.com/aptlogica/go-postgres-rest/pkg/services/performance_service.go:21.88,23.2 1 3
github.com/aptlogica/go-postgres-rest/pkg/services/performance_service.go:26.68,29.16 2 5
github.com/aptlogica/go-postgres-rest/pkg/services/performance_service.go:29.16,31.3 1 1
github.com/aptlogica/go-postgres-rest/pkg/services/performance_service.go:34.2,34.74 1 4
github.com/aptlogica/go-postgres-rest/pkg/services/performance_service.go:34.74,36.3 1 0
github.com/aptlogica/go-postgres-rest/pkg/services/performance_service.go:39.2,39.76 1 4
github.com/aptlogica/go-postgres-rest/pkg/services/performance_service.go:39.76,41.3 1 1
github.com/aptlogica/go-postgres-rest/pkg/services/performance_service.go:43.2,43.12 1 3
github.com/aptlogica/go-postgres-rest/pkg/services/performance_service.go:46.87,48.16 2 5
github.com/aptlogica/go-postgres-rest/pkg/services/performance_service.go:48.16,50.3 1 0
github.com/aptlogica/go-postgres-rest/pkg/services/performance_service.go:52.2,52.41 1 5
github.com/aptlogica/go-postgres-rest/pkg/services/performance_service.go:52.41,53.35 1 4
github.com/aptlogica/go-postgres-rest/pkg/services/performance_service.go:53.35,55.4 1 4
github.com/aptlogica/go-postgres-rest/pkg/services/performance_service.go:58.2,58.57 1 1
github.com/aptlogica/go-postgres-rest/pkg/services/performance_service.go:61.105,62.45 1 4
github.com/aptlogica/go-postgres-rest/pkg/services/performance_service.go:62.45,63.65 1 7
github.com/aptlogica/go-postgres-rest/pkg/services/performance_service.go:63.65,66.18 3 3
github.com/aptlogica/go-postgres-rest/pkg/services/performance_service.go:66.18,68.5 1 0
github.com/aptlogica/go-postgres-rest/pkg/services/performance_service.go:71.2,71.12 1 4
github.com/aptlogica/go-postgres-rest/pkg/services/performance_service.go:74.107,75.45 1 4
github.com/aptlogica/go-postgres-rest/pkg/services/performance_service.go:75.45,76.42 1 7
github.com/aptlogica/go-postgres-rest/pkg/services/performance_service.go:76.42,79.18 3 4
github.com/aptlogica/go-postgres-rest/pkg/services/performance_service.go:79.18,81.5 1 1
github.com/aptlogica/go-postgres-rest/pkg/services/performance_service.go:84.2,84.12 1 3
github.com/aptlogica/go-postgres-rest/pkg/services/performance_service.go:87.106,88.33 1 7
github.com/aptlogica/go-postgres-rest/pkg/services/performance_service.go:88.33,89.34 1 6
github.com/aptlogica/go-postgres-rest/pkg/services/performance_service.go:89.34,90.25 1 6
github.com/aptlogica/go-postgres-rest/pkg/services/performance_service.go:90.25,92.5 1 3
github.com/aptlogica/go-postgres-rest/pkg/services/performance_service.go:95.2,95.14 1 4
github.com/aptlogica/go-postgres-rest/pkg/services/performance_service.go:98.75,110.2 2 7
github.com/aptlogica/go-postgres-rest/pkg/services/performance_service.go:113.76,116.2 1 3
github.com/aptlogica/go-postgres-rest/pkg/services/performance_service.go:119.86,122.2 1 3
github.com/aptlogica/go-postgres-rest/pkg/services/performance_service.go:125.101,128.2 2 3
github.com/aptlogica/go-postgres-rest/pkg/services/performance_service.go:131.104,134.16 2 9
github.com/aptlogica/go-postgres-rest/pkg/services/performance_service.go:134.16,136.3 1 2
github.com/aptlogica/go-postgres-rest/pkg/services/performance_service.go:138.2,138.13 1 7
github.com/aptlogica/go-postgres-rest/pkg/services/performance_service.go:138.13,140.3 1 1
github.com/aptlogica/go-postgres-rest/pkg/services/performance_service.go:143.2,144.16 2 6
github.com/aptlogica/go-postgres-rest/pkg/services/performance_service.go:144.16,146.3 1 1
github.com/aptlogica/go-postgres-rest/pkg/services/performance_service.go:148.2,149.41 2 5
github.com/aptlogica/go-postgres-rest/pkg/services/performance_service.go:149.41,150.35 1 4
github.com/aptlogica/go-postgres-rest/pkg/services/performance_service.go:150.35,152.9 2 4
github.com/aptlogica/go-postgres-rest/pkg/services/performance_service.go:156.2,156.24 1 5
github.com/aptlogica/go-postgres-rest/pkg/services/performance_service.go:156.24,158.3 1 1
github.com/aptlogica/go-postgres-rest/pkg/services/performance_service.go:160.2,169.39 2 4
github.com/aptlogica/go-postgres-rest/pkg/services/performance_service.go:169.39,171.3 1 4
github.com/aptlogica/go-postgres-rest/pkg/services/performance_service.go:173.2,173.38 1 4
github.com/aptlogica/go-postgres-rest/pkg/services/performance_service.go:173.38,175.3 1 4
github.com/aptlogica/go-postgres-rest/pkg/services/performance_service.go:177.2,177.35 1 4
github.com/aptlogica/go-postgres-rest/pkg/services/performance_service.go:177.35,179.3 1 1
github.com/aptlogica/go-postgres-rest/pkg/services/performance_service.go:181.2,181.22 1 4
github.com/aptlogica/go-postgres-rest/pkg/services/relationship_service.go:19.97,21.2 1 14
github.com/aptlogica/go-postgres-rest/pkg/services/relationship_service.go:23.128,25.65 1 7
github.com/aptlogica/go-postgres-rest/pkg/services/relationship_service.go:25.65,27.3 1 4
github.com/aptlogica/go-postgres-rest/pkg/services/relationship_service.go:30.2,30.18 1 3
github.com/aptlogica/go-postgres-rest/pkg/services/relationship_service.go:31.35,32.43 1 1
github.com/aptlogica/go-postgres-rest/pkg/services/relationship_service.go:33.36,34.44 1 1
github.com/aptlogica/go-postgres-rest/pkg/services/relationship_service.go:35.37,36.45 1 1
github.com/aptlogica/go-postgres-rest/pkg/services/relationship_service.go:37.10,38.72 1 0
github.com/aptlogica/go-postgres-rest/pkg/services/relationship_service.go:42.143,44.21 1 5
github.com/aptlogica/go-postgres-rest/pkg/services/relationship_service.go:44.21,45.74 1 3
github.com/aptlogica/go-postgres-rest/pkg/services/relationship_service.go:45.74,47.4 1 1
github.com/aptlogica/go-postgres-rest/pkg/services/relationship_service.go:51.2,51.106 1 4
github.com/aptlogica/go-postgres-rest/pkg/services/relationship_service.go:51.106,52.71 1 2
github.com/aptlogica/go-postgres-rest/pkg/services/relationship_service.go:52.71,54.4 1 1
github.com/aptlogica/go-postgres-rest/pkg/services/relationship_service.go:57.2,57.12 1 3
github.com/aptlogica/go-postgres-rest/pkg/services/relationship_service.go:62.174,63.27 1 2
github.com/aptlogica/go-postgres-rest/pkg/services/relationship_service.go:64.35,65.46 1 1
github.com/aptlogica/go-postgres-rest/pkg/services/relationship_service.go:66.36,67.47 1 1
github.com/aptlogica/go-postgres-rest/pkg/services/relationship_service.go:68.10,69.102 1 0
github.com/aptlogica/go-postgres-rest/pkg/services/relationship_service.go:73.174,74.27 1 2
github.com/aptlogica/go-postgres-rest/pkg/services/relationship_service.go:75.37,76.48 1 1
github.com/aptlogica/go-postgres-rest/pkg/services/relationship_service.go:77.36,78.47 1 1
github.com/aptlogica/go-postgres-rest/pkg/services/relationship_service.go:79.10,80.102 1 0
github.com/aptlogica/go-postgres-rest/pkg/services/relationship_service.go:84.177,85.27 1 2
github.com/aptlogica/go-postgres-rest/pkg/services/relationship_service.go:86.37,87.51 1 1
github.com/aptlogica/go-postgres-rest/pkg/services/relationship_service.go:88.65,89.50 1 1
github.com/aptlogica/go-postgres-rest/pkg/services/relationship_service.go:90.10,91.105 1 0
github.com/aptlogica/go-postgres-rest/pkg/services/relationship_service.go:97.109,98.20 1 7
github.com/aptlogica/go-postgres-rest/pkg/services/relationship_service.go:98.20,100.3 1 1
github.com/aptlogica/go-postgres-rest/pkg/services/relationship_service.go:102.2,102.20 1 6
github.com/aptlogica/go-postgres-rest/pkg/services/relationship_service.go:102.20,104.3 1 1
github.com/aptlogica/go-postgres-rest/pkg/services/relationship_service.go:106.2,106.27 1 5
github.com/aptlogica/go-postgres-rest/pkg/services/relationship_service.go:106.27,108.3 1 1
github.com/aptlogica/go-postgres-rest/pkg/services/relationship_service.go:110.2,110.27 1 4
github.com/aptlogica/go-postgres-rest/pkg/services/relationship_service.go:110.27,112.3 1 1
github.com/aptlogica/go-postgres-rest/pkg/services/relationship_service.go:114.2,114.12 1 3
github.com/aptlogica/go-postgres-rest/pkg/services/relationship_service.go:117.136,120.24 2 1
github.com/aptlogica/go-postgres-rest/pkg/services/relationship_service.go:120.24,122.3 1 1
github.com/aptlogica/go-postgres-rest/pkg/services/relationship_service.go:124.2,125.24 2 1
github.com/aptlogica/go-postgres-rest/pkg/services/relationship_service.go:125.24,127.3 1 1
github.com/aptlogica/go-postgres-rest/pkg/services/relationship_service.go:129.2,141.33 2 1
github.com/aptlogica/go-postgres-rest/pkg/services/relationship_service.go:141.33,142.74 1 1
github.com/aptlogica/go-postgres-rest/pkg/services/relationship_service.go:142.74,144.4 1 0
github.com/aptlogica/go-postgres-rest/pkg/services/relationship_service.go:148.2,148.27 1 1
github.com/aptlogica/go-postgres-rest/pkg/services/relationship_service.go:151.137,154.24 2 1
github.com/aptlogica/go-postgres-rest/pkg/services/relationship_service.go:154.24,156.3 1 1
github.com/aptlogica/go-postgres-rest/pkg/services/relationship_service.go:158.2,159.24 2 1
github.com/aptlogica/go-postgres-rest/pkg/services/relationship_service.go:159.24,161.3 1 1
github.com/aptlogica/go-postgres-rest/pkg/services/relationship_service.go:163.2,175.33 2 1
github.com/aptlogica/go-postgres-rest/pkg/services/relationship_service.go:175.33,176.73 1 1
github.com/aptlogica/go-postgres-rest/pkg/services/relationship_service.go:176.73,178.4 1 0
github.com/aptlogica/go-postgres-rest/pkg/services/relationship_service.go:183.2,183.26 1 1
github.com/aptlogica/go-postgres-rest/pkg/services/relationship_service.go:186.138,190.26 2 1
github.com/aptlogica/go-postgres-rest/pkg/services/relationship_service.go:190.26,194.3 3 0
github.com/aptlogica/go-postgres-rest/pkg/services/relationship_service.go:197.2,197.25 1 1
github.com/aptlogica/go-postgres-rest/pkg/services/relationship_service.go:197.25,199.3 1 1
github.com/aptlogica/go-postgres-rest/pkg/services/relationship_service.go:200.2,200.28 1 1
github.com/aptlogica/go-postgres-rest/pkg/services/relationship_service.go:200.28,202.3 1 1
github.com/aptlogica/go-postgres-rest/pkg/services/relationship_service.go:203.2,203.28 1 1
github.com/aptlogica/go-postgres-rest/pkg/services/relationship_service.go:203.28,205.3 1 1
github.com/aptlogica/go-postgres-rest/pkg/services/relationship_service.go:208.2,209.24 2 1
github.com/aptlogica/go-postgres-rest/pkg/services/relationship_service.go:209.24,211.3 1 1
github.com/aptlogica/go-postgres-rest/pkg/services/relationship_service.go:212.2,213.24 2 1
github.com/aptlogica/go-postgres-rest/pkg/services/relationship_service.go:213.24,215.3 1 1
github.com/aptlogica/go-postgres-rest/pkg/services/relationship_service.go:218.2,240.75 3 1
github.com/aptlogica/go-postgres-rest/pkg/services/relationship_service.go:240.75,242.3 1 0
github.com/aptlogica/go-postgres-rest/pkg/services/relationship_service.go:245.2,245.26 1 1
github.com/aptlogica/go-postgres-rest/pkg/services/relationship_service.go:248.170,250.16 2 1
github.com/aptlogica/go-postgres-rest/pkg/services/relationship_service.go:250.16,255.3 1 1
github.com/aptlogica/go-postgres-rest/pkg/services/relationship_service.go:257.2,260.8 1 0
github.com/aptlogica/go-postgres-rest/pkg/services/relationship_service.go:263.171,265.16 2 1
github.com/aptlogica/go-postgres-rest/pkg/services/relationship_service.go:265.16,270.3 1 1
github.com/aptlogica/go-postgres-rest/pkg/services/relationship_service.go:272.2,275.8 1 0
github.com/aptlogica/go-postgres-rest/pkg/services/relationship_service.go:278.172,280.16 2 1
github.com/aptlogica/go-postgres-rest/pkg/services/relationship_service.go:280.16,285.3 1 1
github.com/aptlogica/go-postgres-rest/pkg/services/relationship_service.go:287.2,291.8 1 0
github.com/aptlogica/go-postgres-rest/pkg/services/relationship_service.go:294.171,296.16 2 1
github.com/aptlogica/go-postgres-rest/pkg/services/relationship_service.go:296.16,301.3 1 1
github.com/aptlogica/go-postgres-rest/pkg/services/relationship_service.go:303.2,306.8 1 0
github.com/aptlogica/go-postgres-rest/pkg/services/relationship_service.go:309.175,311.16 2 1
github.com/aptlogica/go-postgres-rest/pkg/services/relationship_service.go:311.16,316.3 1 1
github.com/aptlogica/go-postgres-rest/pkg/services/relationship_service.go:318.2,321.8 1 0
github.com/aptlogica/go-postgres-rest/pkg/services/relationship_service.go:324.174,326.16 2 1
github.com/aptlogica/go-postgres-rest/pkg/services/relationship_service.go:326.16,331.3 1 1
github.com/aptlogica/go-postgres-rest/pkg/services/relationship_service.go:333.2,336.8 1 0
github.com/aptlogica/go-postgres-rest/pkg/services/table_service.go:24.76,26.2 1 12
github.com/aptlogica/go-postgres-rest/pkg/services/table_service.go:29.73,31.2 1 1
github.com/aptlogica/go-postgres-rest/pkg/services/table_service.go:34.116,36.16 2 2
github.com/aptlogica/go-postgres-rest/pkg/services/table_service.go:36.16,38.3 1 0
github.com/aptlogica/go-postgres-rest/pkg/services/table_service.go:40.2,41.9 2 2
github.com/aptlogica/go-postgres-rest/pkg/services/table_service.go:41.9,46.3 1 1
github.com/aptlogica/go-postgres-rest/pkg/services/table_service.go:47.2,47.18 1 1
github.com/aptlogica/go-postgres-rest/pkg/services/table_service.go:50.116,52.16 2 3
github.com/aptlogica/go-postgres-rest/pkg/services/table_service.go:52.16,54.3 1 1
github.com/aptlogica/go-postgres-rest/pkg/services/table_service.go:55.2,56.9 2 2
github.com/aptlogica/go-postgres-rest/pkg/services/table_service.go:56.9,61.3 1 1
github.com/aptlogica/go-postgres-rest/pkg/services/table_service.go:62.2,62.18 1 1
github.com/aptlogica/go-postgres-rest/pkg/services/table_service.go:65.132,67.16 2 3
github.com/aptlogica/go-postgres-rest/pkg/services/table_service.go:67.16,69.3 1 1
github.com/aptlogica/go-postgres-rest/pkg/services/table_service.go:70.2,71.9 2 2
github.com/aptlogica/go-postgres-rest/pkg/services/table_service.go:71.9,76.3 1 1
github.com/aptlogica/go-postgres-rest/pkg/services/table_service.go:77.2,77.18 1 1
github.com/aptlogica/go-postgres-rest/pkg/services/table_service.go:80.77,82.2 1 1
github.com/aptlogica/go-postgres-rest/pkg/services/table_service.go:84.139,86.16 2 0
github.com/aptlogica/go-postgres-rest/pkg/services/table_service.go:86.16,88.3 1 0
github.com/aptlogica/go-postgres-rest/pkg/services/table_service.go:89.2,90.9 2 0
github.com/aptlogica/go-postgres-rest/pkg/services/table_service.go:90.9,95.3 1 0
github.com/aptlogica/go-postgres-rest/pkg/services/table_service.go:96.2,96.22 1 0
github.com/aptlogica/go-postgres-rest/pkg/services/table_service.go:99.101,101.16 2 0
github.com/aptlogica/go-postgres-rest/pkg/services/table_service.go:101.16,103.3 1 0
github.com/aptlogica/go-postgres-rest/pkg/services/table_service.go:104.2,104.26 1 0
github.com/aptlogica/go-postgres-rest/pkg/services/table_service.go:108.73,110.58 1 4
github.com/aptlogica/go-postgres-rest/pkg/services/table_service.go:110.58,112.3 1 3
github.com/aptlogica/go-postgres-rest/pkg/services/table_service.go:114.2,114.37 1 1
github.com/aptlogica/go-postgres-rest/pkg/services/table_service.go:117.87,119.63 1 3
github.com/aptlogica/go-postgres-rest/pkg/services/table_service.go:119.63,121.3 1 2
github.com/aptlogica/go-postgres-rest/pkg/services/table_service.go:123.2,123.40 1 1
github.com/aptlogica/go-postgres-rest/pkg/services/table_service.go:126.89,128.57 1 3
github.com/aptlogica/go-postgres-rest/pkg/services/table_service.go:128.57,130.3 1 2
github.com/aptlogica/go-postgres-rest/pkg/services/table_service.go:132.2,132.47 1 1
github.com/aptlogica/go-postgres-rest/pkg/services/table_service.go:136.88,137.52 1 4
github.com/aptlogica/go-postgres-rest/pkg/services/table_service.go:137.52,139.3 1 1
github.com/aptlogica/go-postgres-rest/pkg/services/table_service.go:140.2,140.61 1 3
github.com/aptlogica/go-postgres-rest/pkg/services/table_service.go:140.61,142.3 1 0
github.com/aptlogica/go-postgres-rest/pkg/services/table_service.go:143.2,143.66 1 3
github.com/aptlogica/go-postgres-rest/pkg/services/table_service.go:143.66,145.3 1 1
github.com/aptlogica/go-postgres-rest/pkg/services/table_service.go:146.2,146.73 1 2
github.com/aptlogica/go-postgres-rest/pkg/services/table_service.go:146.73,148.3 1 0
github.com/aptlogica/go-postgres-rest/pkg/services/table_service.go:149.2,149.74 1 2
github.com/aptlogica/go-postgres-rest/pkg/services/table_service.go:149.74,151.3 1 1
github.com/aptlogica/go-postgres-rest/pkg/services/table_service.go:152.2,152.12 1 1
github.com/aptlogica/go-postgres-rest/pkg/services/table_service.go:155.43,156.16 1 4
github.com/aptlogica/go-postgres-rest/pkg/services/table_service.go:156.16,158.3 1 1
github.com/aptlogica/go-postgres-rest/pkg/services/table_service.go:159.2,159.12 1 3
github.com/aptlogica/go-postgres-rest/pkg/services/table_service.go:162.71,163.23 1 3
github.com/aptlogica/go-postgres-rest/pkg/services/table_service.go:163.23,165.3 1 0
github.com/aptlogica/go-postgres-rest/pkg/services/table_service.go:166.2,166.12 1 3
github.com/aptlogica/go-postgres-rest/pkg/services/table_service.go:169.92,171.30 2 3
github.com/aptlogica/go-postgres-rest/pkg/services/table_service.go:171.30,172.57 1 5
github.com/aptlogica/go-postgres-rest/pkg/services/table_service.go:172.57,174.4 1 1
github.com/aptlogica/go-postgres-rest/pkg/services/table_service.go:175.3,175.28 1 4
github.com/aptlogica/go-postgres-rest/pkg/services/table_service.go:175.28,177.4 1 0
github.com/aptlogica/go-postgres-rest/pkg/services/table_service.go:178.3,178.31 1 4
github.com/aptlogica/go-postgres-rest/pkg/services/table_service.go:180.2,180.12 1 2
github.com/aptlogica/go-postgres-rest/pkg/services/table_service.go:183.89,185.30 2 2
github.com/aptlogica/go-postgres-rest/pkg/services/table_service.go:185.30,187.3 1 3
github.com/aptlogica/go-postgres-rest/pkg/services/table_service.go:188.2,188.33 1 2
github.com/aptlogica/go-postgres-rest/pkg/services/table_service.go:188.33,189.23 1 1
github.com/aptlogica/go-postgres-rest/pkg/services/table_service.go:189.23,191.4 1 0
github.com/aptlogica/go-postgres-rest/pkg/services/table_service.go:193.2,193.12 1 2
github.com/aptlogica/go-postgres-rest/pkg/services/table_service.go:196.103,198.30 2 2
github.com/aptlogica/go-postgres-rest/pkg/services/table_service.go:198.30,200.3 1 3
github.com/aptlogica/go-postgres-rest/pkg/services/table_service.go:201.2,201.33 1 2
github.com/aptlogica/go-postgres-rest/pkg/services/table_service.go:201.33,202.34 1 1
github.com/aptlogica/go-postgres-rest/pkg/services/table_service.go:202.34,203.25 1 1
github.com/aptlogica/go-postgres-rest/pkg/services/table_service.go:203.25,205.5 1 1
github.com/aptlogica/go-postgres-rest/pkg/services/table_service.go:208.2,208.12 1 1
github.com/aptlogica/go-postgres-rest/pkg/services/table_service.go:211.84,212.20 1 9
github.com/aptlogica/go-postgres-rest/pkg/services/table_service.go:212.20,214.3 1 1
github.com/aptlogica/go-postgres-rest/pkg/services/table_service.go:216.2,216.24 1 8
github.com/aptlogica/go-postgres-rest/pkg/services/table_service.go:216.24,218.3 1 0
github.com/aptlogica/go-postgres-rest/pkg/services/table_service.go:221.2,234.56 3 8
github.com/aptlogica/go-postgres-rest/pkg/services/table_service.go:234.56,236.3 1 0
github.com/aptlogica/go-postgres-rest/pkg/services/table_service.go:238.2,238.44 1 8
github.com/aptlogica/go-postgres-rest/pkg/services/table_service.go:238.44,240.3 1 2
github.com/aptlogica/go-postgres-rest/pkg/services/table_service.go:242.2,242.12 1 6
github.com/aptlogica/go-postgres-rest/pkg/services/table_service.go:245.86,246.20 1 10
github.com/aptlogica/go-postgres-rest/pkg/services/table_service.go:247.20,248.45 1 2
github.com/aptlogica/go-postgres-rest/pkg/services/table_service.go:249.21,250.46 1 3
github.com/aptlogica/go-postgres-rest/pkg/services/table_service.go:251.23,252.48 1 1
github.com/aptlogica/go-postgres-rest/pkg/services/table_service.go:253.23,254.48 1 2
github.com/aptlogica/go-postgres-rest/pkg/services/table_service.go:255.10,256.58 1 2
github.com/aptlogica/go-postgres-rest/pkg/services/table_service.go:260.72,261.54 1 2
github.com/aptlogica/go-postgres-rest/pkg/services/table_service.go:261.54,263.3 1 1
github.com/aptlogica/go-postgres-rest/pkg/services/table_service.go:264.2,267.3 1 1
github.com/aptlogica/go-postgres-rest/pkg/services/table_service.go:270.73,271.56 1 3
github.com/aptlogica/go-postgres-rest/pkg/services/table_service.go:271.56,272.31 1 2
github.com/aptlogica/go-postgres-rest/pkg/services/table_service.go:272.31,274.4 1 1
github.com/aptlogica/go-postgres-rest/pkg/services/table_service.go:275.3,275.13 1 1
github.com/aptlogica/go-postgres-rest/pkg/services/table_service.go:277.2,280.3 1 1
github.com/aptlogica/go-postgres-rest/pkg/services/table_service.go:283.75,284.57 1 1
github.com/aptlogica/go-postgres-rest/pkg/services/table_service.go:284.57,285.30 1 1
github.com/aptlogica/go-postgres-rest/pkg/services/table_service.go:285.30,287.4 1 1
github.com/aptlogica/go-postgres-rest/pkg/services/table_service.go:288.3,288.13 1 0
github.com/aptlogica/go-postgres-rest/pkg/services/table_service.go:290.2,293.3 1 0
github.com/aptlogica/go-postgres-rest/pkg/services/table_service.go:296.75,297.60 1 2
github.com/aptlogica/go-postgres-rest/pkg/services/table_service.go:297.60,298.57 1 2
github.com/aptlogica/go-postgres-rest/pkg/services/table_service.go:298.57,300.4 1 1
github.com/aptlogica/go-postgres-rest/pkg/services/table_service.go:301.3,301.13 1 1
github.com/aptlogica/go-postgres-rest/pkg/services/table_service.go:303.2,306.3 1 0
github.com/aptlogica/go-postgres-rest/pkg/services/table_service.go:341.120,356.34 3 32
github.com/aptlogica/go-postgres-rest/pkg/services/table_service.go:356.34,357.39 1 41
github.com/aptlogica/go-postgres-rest/pkg/services/table_service.go:357.39,358.45 1 41
github.com/aptlogica/go-postgres-rest/pkg/services/table_service.go:358.45,361.5 1 26
github.com/aptlogica/go-postgres-rest/pkg/services/table_service.go:366.2,366.20 1 6
github.com/aptlogica/go-postgres-rest/pkg/services/table_service.go:369.77,370.41 1 8
github.com/aptlogica/go-postgres-rest/pkg/services/table_service.go:370.41,372.32 2 4
github.com/aptlogica/go-postgres-rest/pkg/services/table_service.go:372.32,374.4 1 7
github.com/aptlogica/go-postgres-rest/pkg/services/table_service.go:375.8,375.25 1 4
github.com/aptlogica/go-postgres-rest/pkg/services/table_service.go:375.25,380.3 1 3
github.com/aptlogica/go-postgres-rest/pkg/services/table_service.go:381.2,381.12 1 5
github.com/aptlogica/go-postgres-rest/pkg/services/table_service.go:415.76,416.47 1 14
github.com/aptlogica/go-postgres-rest/pkg/services/table_service.go:416.47,418.37 2 11
github.com/aptlogica/go-postgres-rest/pkg/services/table_service.go:418.37,420.18 2 11
github.com/aptlogica/go-postgres-rest/pkg/services/table_service.go:420.18,422.5 1 7
github.com/aptlogica/go-postgres-rest/pkg/services/table_service.go:423.4,423.31 1 4
github.com/aptlogica/go-postgres-rest/pkg/services/table_service.go:425.3,425.23 1 4
github.com/aptlogica/go-postgres-rest/pkg/services/table_service.go:426.8,426.25 1 3
github.com/aptlogica/go-postgres-rest/pkg/services/table_service.go:426.25,431.3 1 3
github.com/aptlogica/go-postgres-rest/pkg/services/table_service.go:432.2,432.12 1 4
github.com/aptlogica/go-postgres-rest/pkg/services/table_service.go:440.69,441.58 1 11
github.com/aptlogica/go-postgres-rest/pkg/services/table_service.go:441.58,443.56 2 10
github.com/aptlogica/go-postgres-rest/pkg/services/table_service.go:443.56,445.4 1 3
github.com/aptlogica/go-postgres-rest/pkg/services/table_service.go:446.3,446.55 1 7
github.com/aptlogica/go-postgres-rest/pkg/services/table_service.go:446.55,448.4 1 1
github.com/aptlogica/go-postgres-rest/pkg/services/table_service.go:449.3,449.53 1 6
github.com/aptlogica/go-postgres-rest/pkg/services/table_service.go:449.53,451.4 1 1
github.com/aptlogica/go-postgres-rest/pkg/services/table_service.go:452.3,452.56 1 5
github.com/aptlogica/go-postgres-rest/pkg/services/table_service.go:452.56,454.4 1 1
github.com/aptlogica/go-postgres-rest/pkg/services/table_service.go:455.3,455.19 1 4
github.com/aptlogica/go-postgres-rest/pkg/services/table_service.go:456.8,461.3 1 1
github.com/aptlogica/go-postgres-rest/pkg/services/table_service.go:464.84,465.48 1 10
github.com/aptlogica/go-postgres-rest/pkg/services/table_service.go:465.48,467.3 1 3
github.com/aptlogica/go-postgres-rest/pkg/services/table_service.go:467.8,467.50 1 7
github.com/aptlogica/go-postgres-rest/pkg/services/table_service.go:467.50,472.3 1 3
github.com/aptlogica/go-postgres-rest/pkg/services/table_service.go:473.2,473.12 1 7
github.com/aptlogica/go-postgres-rest/pkg/services/table_service.go:476.83,477.50 1 7
github.com/aptlogica/go-postgres-rest/pkg/services/table_service.go:477.50,479.3 1 3
github.com/aptlogica/go-postgres-rest/pkg/services/table_service.go:479.8,479.49 1 4
github.com/aptlogica/go-postgres-rest/pkg/services/table_service.go:479.49,484.3 1 1
github.com/aptlogica/go-postgres-rest/pkg/services/table_service.go:485.2,485.12 1 6
github.com/aptlogica/go-postgres-rest/pkg/services/table_service.go:488.81,489.42 1 6
github.com/aptlogica/go-postgres-rest/pkg/services/table_service.go:489.42,491.3 1 3
github.com/aptlogica/go-postgres-rest/pkg/services/table_service.go:491.8,491.47 1 3
github.com/aptlogica/go-postgres-rest/pkg/services/table_service.go:491.47,496.3 1 1
github.com/aptlogica/go-postgres-rest/pkg/services/table_service.go:497.2,497.12 1 5
github.com/aptlogica/go-postgres-rest/pkg/services/table_service.go:500.84,501.48 1 5
github.com/aptlogica/go-postgres-rest/pkg/services/table_service.go:501.48,503.3 1 3
github.com/aptlogica/go-postgres-rest/pkg/services/table_service.go:503.8,503.50 1 2
github.com/aptlogica/go-postgres-rest/pkg/services/table_service.go:503.50,508.3 1 1
github.com/aptlogica/go-postgres-rest/pkg/services/table_service.go:509.2,509.12 1 4
github.com/aptlogica/go-postgres-rest/pkg/services/table_service.go:512.81,513.46 1 10
github.com/aptlogica/go-postgres-rest/pkg/services/table_service.go:513.46,515.35 2 8
github.com/aptlogica/go-postgres-rest/pkg/services/table_service.go:515.35,517.18 2 8
github.com/aptlogica/go-postgres-rest/pkg/services/table_service.go:517.18,519.5 1 5
github.com/aptlogica/go-postgres-rest/pkg/services/table_service.go:520.4,520.40 1 3
github.com/aptlogica/go-postgres-rest/pkg/services/table_service.go:522.3,522.33 1 3
github.com/aptlogica/go-postgres-rest/pkg/services/table_service.go:523.8,523.25 1 2
github.com/aptlogica/go-postgres-rest/pkg/services/table_service.go:523.25,528.3 1 2
github.com/aptlogica/go-postgres-rest/pkg/services/table_service.go:529.2,529.12 1 3
github.com/aptlogica/go-postgres-rest/pkg/services/table_service.go:532.80,533.56 1 8
github.com/aptlogica/go-postgres-rest/pkg/services/table_service.go:533.56,535.62 2 7
github.com/aptlogica/go-postgres-rest/pkg/services/table_service.go:535.62,537.4 1 2
github.com/aptlogica/go-postgres-rest/pkg/services/table_service.go:538.3,538.60 1 5
github.com/aptlogica/go-postgres-rest/pkg/services/table_service.go:538.60,540.4 1 1
github.com/aptlogica/go-postgres-rest/pkg/services/table_service.go:541.3,541.59 1 4
github.com/aptlogica/go-postgres-rest/pkg/services/table_service.go:541.59,543.4 1 1
github.com/aptlogica/go-postgres-rest/pkg/services/table_service.go:544.3,544.18 1 3
github.com/aptlogica/go-postgres-rest/pkg/services/table_service.go:545.8,550.3 1 1
github.com/aptlogica/go-postgres-rest/pkg/services/table_service.go:553.97,554.53 1 7
github.com/aptlogica/go-postgres-rest/pkg/services/table_service.go:554.53,556.3 1 3
github.com/aptlogica/go-postgres-rest/pkg/services/table_service.go:556.8,556.52 1 4
github.com/aptlogica/go-postgres-rest/pkg/services/table_service.go:556.52,561.3 1 2
github.com/aptlogica/go-postgres-rest/pkg/services/table_service.go:562.2,562.12 1 5
github.com/aptlogica/go-postgres-rest/pkg/services/table_service.go:565.95,566.49 1 5
github.com/aptlogica/go-postgres-rest/pkg/services/table_service.go:566.49,568.3 1 3
github.com/aptlogica/go-postgres-rest/pkg/services/table_service.go:568.8,568.50 1 2
github.com/aptlogica/go-postgres-rest/pkg/services/table_service.go:568.50,573.3 1 1
github.com/aptlogica/go-postgres-rest/pkg/services/table_service.go:574.2,574.12 1 4
github.com/aptlogica/go-postgres-rest/pkg/services/table_service.go:577.94,578.47 1 4
github.com/aptlogica/go-postgres-rest/pkg/services/table_service.go:578.47,580.3 1 2
github.com/aptlogica/go-postgres-rest/pkg/services/table_service.go:580.8,580.49 1 2
github.com/aptlogica/go-postgres-rest/pkg/services/table_service.go:580.49,585.3 1 1
github.com/aptlogica/go-postgres-rest/pkg/services/table_service.go:586.2,586.12 1 3
github.com/aptlogica/go-postgres-rest/pkg/services/table_service.go:589.78,590.40 1 4
github.com/aptlogica/go-postgres-rest/pkg/services/table_service.go:590.40,592.33 2 2
github.com/aptlogica/go-postgres-rest/pkg/services/table_service.go:592.33,594.4 1 3
github.com/aptlogica/go-postgres-rest/pkg/services/table_service.go:595.8,595.25 1 2
github.com/aptlogica/go-postgres-rest/pkg/services/table_service.go:595.25,600.3 1 2
github.com/aptlogica/go-postgres-rest/pkg/services/table_service.go:601.2,601.12 1 2
github.com/aptlogica/go-postgres-rest/pkg/services/table_service.go:604.76,605.56 1 4
github.com/aptlogica/go-postgres-rest/pkg/services/table_service.go:605.56,607.52 2 3
github.com/aptlogica/go-postgres-rest/pkg/services/table_service.go:607.52,609.4 1 1
github.com/aptlogica/go-postgres-rest/pkg/services/table_service.go:609.9,609.53 1 2
github.com/aptlogica/go-postgres-rest/pkg/services/table_service.go:609.53,614.4 1 1
github.com/aptlogica/go-postgres-rest/pkg/services/table_service.go:615.3,615.39 1 2
github.com/aptlogica/go-postgres-rest/pkg/services/table_service.go:615.39,617.4 1 2
github.com/aptlogica/go-postgres-rest/pkg/services/table_service.go:618.3,618.35 1 2
github.com/aptlogica/go-postgres-rest/pkg/services/table_service.go:618.35,620.4 1 2
github.com/aptlogica/go-postgres-rest/pkg/services/table_service.go:621.3,621.28 1 2
github.com/aptlogica/go-postgres-rest/pkg/services/table_service.go:622.8,622.25 1 1
github.com/aptlogica/go-postgres-rest/pkg/services/table_service.go:622.25,627.3 1 1
github.com/aptlogica/go-postgres-rest/pkg/services/table_service.go:628.2,628.12 1 2
github.com/aptlogica/go-postgres-rest/pkg/services/table_service.go:631.79,632.54 1 12
github.com/aptlogica/go-postgres-rest/pkg/services/table_service.go:632.54,634.57 2 10
github.com/aptlogica/go-postgres-rest/pkg/services/table_service.go:634.57,636.4 1 2
github.com/aptlogica/go-postgres-rest/pkg/services/table_service.go:637.3,637.59 1 8
github.com/aptlogica/go-postgres-rest/pkg/services/table_service.go:637.59,639.4 1 4
github.com/aptlogica/go-postgres-rest/pkg/services/table_service.go:640.3,640.56 1 4
github.com/aptlogica/go-postgres-rest/pkg/services/table_service.go:640.56,642.4 1 1
github.com/aptlogica/go-postgres-rest/pkg/services/table_service.go:643.3,643.24 1 3
github.com/aptlogica/go-postgres-rest/pkg/services/table_service.go:644.8,644.25 1 2
github.com/aptlogica/go-postgres-rest/pkg/services/table_service.go:644.25,649.3 1 2
github.com/aptlogica/go-postgres-rest/pkg/services/table_service.go:650.2,650.12 1 3
github.com/aptlogica/go-postgres-rest/pkg/services/table_service.go:653.90,654.47 1 10
github.com/aptlogica/go-postgres-rest/pkg/services/table_service.go:654.47,656.3 1 3
github.com/aptlogica/go-postgres-rest/pkg/services/table_service.go:656.8,656.49 1 7
github.com/aptlogica/go-postgres-rest/pkg/services/table_service.go:656.49,661.3 1 2
github.com/aptlogica/go-postgres-rest/pkg/services/table_service.go:662.2,662.12 1 8
github.com/aptlogica/go-postgres-rest/pkg/services/table_service.go:665.92,666.58 1 8
github.com/aptlogica/go-postgres-rest/pkg/services/table_service.go:666.58,668.31 2 5
github.com/aptlogica/go-postgres-rest/pkg/services/table_service.go:668.31,669.38 1 7
github.com/aptlogica/go-postgres-rest/pkg/services/table_service.go:669.38,671.5 1 5
github.com/aptlogica/go-postgres-rest/pkg/services/table_service.go:671.10,676.5 1 2
github.com/aptlogica/go-postgres-rest/pkg/services/table_service.go:678.3,678.28 1 3
github.com/aptlogica/go-postgres-rest/pkg/services/table_service.go:679.8,679.51 1 3
github.com/aptlogica/go-postgres-rest/pkg/services/table_service.go:679.51,684.3 1 2
github.com/aptlogica/go-postgres-rest/pkg/services/table_service.go:685.2,685.12 1 4
github.com/aptlogica/go-postgres-rest/pkg/services/table_service.go:688.89,689.51 1 4
github.com/aptlogica/go-postgres-rest/pkg/services/table_service.go:689.51,691.3 1 2
github.com/aptlogica/go-postgres-rest/pkg/services/table_service.go:691.8,691.48 1 2
github.com/aptlogica/go-postgres-rest/pkg/services/table_service.go:691.48,696.3 1 1
github.com/aptlogica/go-postgres-rest/pkg/services/table_service.go:697.2,697.12 1 3
github.com/aptlogica/go-postgres-rest/pkg/services/table_service.go:700.83,701.22 1 5
github.com/aptlogica/go-postgres-rest/pkg/services/table_service.go:701.22,703.3 1 1
github.com/aptlogica/go-postgres-rest/pkg/services/table_service.go:704.2,706.16 3 4
github.com/aptlogica/go-postgres-rest/pkg/services/table_service.go:706.16,708.3 1 2
github.com/aptlogica/go-postgres-rest/pkg/services/table_service.go:709.2,709.12 1 2
github.com/aptlogica/go-postgres-rest/pkg/services/table_service.go:712.79,713.21 1 4
github.com/aptlogica/go-postgres-rest/pkg/services/table_service.go:713.21,715.3 1 2
github.com/aptlogica/go-postgres-rest/pkg/services/table_service.go:718.2,720.16 3 2
github.com/aptlogica/go-postgres-rest/pkg/services/table_service.go:720.16,722.3 1 1
github.com/aptlogica/go-postgres-rest/pkg/services/table_service.go:724.2,724.12 1 1
github.com/aptlogica/go-postgres-rest/pkg/services/table_service.go:727.95,728.37 1 5
github.com/aptlogica/go-postgres-rest/pkg/services/table_service.go:728.37,730.3 1 2
github.com/aptlogica/go-postgres-rest/pkg/services/table_service.go:732.2,734.16 3 3
github.com/aptlogica/go-postgres-rest/pkg/services/table_service.go:734.16,736.3 1 1
github.com/aptlogica/go-postgres-rest/pkg/services/table_service.go:737.2,737.12 1 2
github.com/aptlogica/go-postgres-rest/pkg/services/table_service.go:740.107,741.45 1 15
github.com/aptlogica/go-postgres-rest/pkg/services/table_service.go:741.45,743.3 1 7
github.com/aptlogica/go-postgres-rest/pkg/services/table_service.go:745.2,747.16 3 8
github.com/aptlogica/go-postgres-rest/pkg/services/table_service.go:747.16,749.3 1 3
github.com/aptlogica/go-postgres-rest/pkg/services/table_service.go:750.2,750.12 1 5
github.com/aptlogica/go-postgres-rest/pkg/services/table_service.go:753.143,754.24 1 17
github.com/aptlogica/go-postgres-rest/pkg/services/table_service.go:754.24,756.3 1 3
github.com/aptlogica/go-postgres-rest/pkg/services/table_service.go:758.2,759.16 2 14
github.com/aptlogica/go-postgres-rest/pkg/services/table_service.go:759.16,761.3 1 3
github.com/aptlogica/go-postgres-rest/pkg/services/table_service.go:763.2,763.28 1 11
github.com/aptlogica/go-postgres-rest/pkg/services/table_service.go:764.32,765.16 1 4
github.com/aptlogica/go-postgres-rest/pkg/services/table_service.go:766.30,767.42 1 4
github.com/aptlogica/go-postgres-rest/pkg/services/table_service.go:768.10,769.84 1 3
github.com/aptlogica/go-postgres-rest/pkg/pkg.go:42.44,44.2 1 1
github.com/aptlogica/go-postgres-rest/pkg/pkg.go:50.79,51.16 1 3
github.com/aptlogica/go-postgres-rest/pkg/pkg.go:51.16,53.3 1 1
github.com/aptlogica/go-postgres-rest/pkg/pkg.go:55.2,60.16 4 2
github.com/aptlogica/go-postgres-rest/pkg/pkg.go:60.16,62.3 1 1
github.com/aptlogica/go-postgres-rest/pkg/pkg.go:65.2,66.16 2 1
github.com/aptlogica/go-postgres-rest/pkg/pkg.go:66.16,68.3 1 0
github.com/aptlogica/go-postgres-rest/pkg/pkg.go:71.2,79.8 1 1
github.com/aptlogica/go-postgres-rest/pkg/database/postgres/bulk_repo.go:13.55,15.2 1 6
github.com/aptlogica/go-postgres-rest/pkg/database/postgres/bulk_repo.go:18.121,20.2 1 1
github.com/aptlogica/go-postgres-rest/pkg/database/postgres/bulk_repo.go:23.122,25.2 1 1
github.com/aptlogica/go-postgres-rest/pkg/database/postgres/bulk_repo.go:28.104,30.2 1 1
github.com/aptlogica/go-postgres-rest/pkg/database/postgres/bulk_repo.go:33.151,35.2 1 1
github.com/aptlogica/go-postgres-rest/pkg/database/postgres/connector.go:30.39,36.2 1 2
github.com/aptlogica/go-postgres-rest/pkg/database/postgres/connector.go:39.96,45.2 1 3
github.com/aptlogica/go-postgres-rest/pkg/database/postgres/connector.go:48.77,49.15 1 3
github.com/aptlogica/go-postgres-rest/pkg/database/postgres/connector.go:49.15,51.3 1 2
github.com/aptlogica/go-postgres-rest/pkg/database/postgres/connector.go:53.2,54.16 2 1
github.com/aptlogica/go-postgres-rest/pkg/database/postgres/connector.go:54.16,56.3 1 0
github.com/aptlogica/go-postgres-rest/pkg/database/postgres/connector.go:59.2,64.34 4 1
github.com/aptlogica/go-postgres-rest/pkg/database/postgres/connector.go:64.34,67.3 2 1
github.com/aptlogica/go-postgres-rest/pkg/database/postgres/connector.go:69.2,69.16 1 0
github.com/aptlogica/go-postgres-rest/pkg/database/postgres/core_repo.go:19.55,21.2 1 7
github.com/aptlogica/go-postgres-rest/pkg/database/postgres/core_repo.go:26.45,28.36 2 3
github.com/aptlogica/go-postgres-rest/pkg/database/postgres/core_repo.go:28.36,30.3 1 1
github.com/aptlogica/go-postgres-rest/pkg/database/postgres/core_repo.go:31.2,31.18 1 2
github.com/aptlogica/go-postgres-rest/pkg/database/postgres/core_repo.go:37.79,39.2 1 2
github.com/aptlogica/go-postgres-rest/pkg/database/postgres/core_repo.go:44.90,46.2 1 2
github.com/aptlogica/go-postgres-rest/pkg/database/postgres/core_repo.go:51.116,53.2 1 2
github.com/aptlogica/go-postgres-rest/pkg/database/postgres/core_repo.go:58.77,60.16 2 2
github.com/aptlogica/go-postgres-rest/pkg/database/postgres/core_repo.go:60.16,62.3 1 1
github.com/aptlogica/go-postgres-rest/pkg/database/postgres/core_repo.go:63.2,63.12 1 1
github.com/aptlogica/go-postgres-rest/pkg/database/postgres/database_repo.go:27.69,37.2 1 3
github.com/aptlogica/go-postgres-rest/pkg/database/postgres/database_repo.go:42.62,44.2 1 2
github.com/aptlogica/go-postgres-rest/pkg/database/postgres/database_repo.go:47.60,49.2 1 2
github.com/aptlogica/go-postgres-rest/pkg/database/postgres/database_repo.go:52.60,54.2 1 2
github.com/aptlogica/go-postgres-rest/pkg/database/postgres/database_repo.go:57.62,59.2 1 2
github.com/aptlogica/go-postgres-rest/pkg/database/postgres/database_repo.go:62.78,64.2 1 2
github.com/aptlogica/go-postgres-rest/pkg/database/postgres/database_repo.go:67.76,69.2 1 2
github.com/aptlogica/go-postgres-rest/pkg/database/postgres/database_repo.go:72.72,74.2 1 2
github.com/aptlogica/go-postgres-rest/pkg/database/postgres/ddl_repo.go:18.53,20.2 1 7
github.com/aptlogica/go-postgres-rest/pkg/database/postgres/ddl_repo.go:25.77,27.2 1 2
github.com/aptlogica/go-postgres-rest/pkg/database/postgres/ddl_repo.go:32.86,34.2 1 2
github.com/aptlogica/go-postgres-rest/pkg/database/postgres/ddl_repo.go:39.94,41.2 1 2
github.com/aptlogica/go-postgres-rest/pkg/database/postgres/ddl_repo.go:46.72,50.16 4 2
github.com/aptlogica/go-postgres-rest/pkg/database/postgres/ddl_repo.go:50.16,52.3 1 0
github.com/aptlogica/go-postgres-rest/pkg/database/postgres/ddl_repo.go:53.2,53.20 1 2
github.com/aptlogica/go-postgres-rest/pkg/database/postgres/dml_repo.go:15.53,17.2 1 7
github.com/aptlogica/go-postgres-rest/pkg/database/postgres/dml_repo.go:22.83,24.2 1 2
github.com/aptlogica/go-postgres-rest/pkg/database/postgres/dml_repo.go:29.91,31.2 1 2
github.com/aptlogica/go-postgres-rest/pkg/database/postgres/dml_repo.go:36.63,38.2 1 2
github.com/aptlogica/go-postgres-rest/pkg/database/postgres/dml_repo.go:43.120,45.2 1 0
github.com/aptlogica/go-postgres-rest/pkg/database/postgres/dml_repo.go:50.101,52.2 1 0
github.com/aptlogica/go-postgres-rest/pkg/database/postgres/dsn_builder.go:23.41,25.2 1 2
github.com/aptlogica/go-postgres-rest/pkg/database/postgres/dsn_builder.go:28.84,29.16 1 9
github.com/aptlogica/go-postgres-rest/pkg/database/postgres/dsn_builder.go:29.16,31.3 1 0
github.com/aptlogica/go-postgres-rest/pkg/database/postgres/dsn_builder.go:33.2,33.50 1 9
github.com/aptlogica/go-postgres-rest/pkg/database/postgres/dsn_builder.go:33.50,35.3 1 0
github.com/aptlogica/go-postgres-rest/pkg/database/postgres/dsn_builder.go:38.2,38.20 1 9
github.com/aptlogica/go-postgres-rest/pkg/database/postgres/dsn_builder.go:38.20,40.3 1 3
github.com/aptlogica/go-postgres-rest/pkg/database/postgres/dsn_builder.go:41.2,41.39 1 6
github.com/aptlogica/go-postgres-rest/pkg/database/postgres/dsn_builder.go:41.39,43.3 1 2
github.com/aptlogica/go-postgres-rest/pkg/database/postgres/dsn_builder.go:44.2,44.24 1 4
github.com/aptlogica/go-postgres-rest/pkg/database/postgres/dsn_builder.go:44.24,46.3 1 1
github.com/aptlogica/go-postgres-rest/pkg/database/postgres/dsn_builder.go:47.2,47.28 1 3
github.com/aptlogica/go-postgres-rest/pkg/database/postgres/dsn_builder.go:47.28,49.3 1 1
github.com/aptlogica/go-postgres-rest/pkg/database/postgres/dsn_builder.go:52.2,62.17 2 2
github.com/aptlogica/go-postgres-rest/pkg/database/postgres/migration_repo.go:13.65,15.2 1 6
github.com/aptlogica/go-postgres-rest/pkg/database/postgres/migration_repo.go:19.85,21.2 1 1
github.com/aptlogica/go-postgres-rest/pkg/database/postgres/migration_repo.go:25.79,27.2 1 1
github.com/aptlogica/go-postgres-rest/pkg/database/postgres/performance_repo.go:13.69,15.2 1 7
github.com/aptlogica/go-postgres-rest/pkg/database/postgres/performance_repo.go:20.87,22.2 1 2
github.com/aptlogica/go-postgres-rest/pkg/database/postgres/performance_repo.go:27.87,29.2 1 2
github.com/aptlogica/go-postgres-rest/pkg/database/postgres/performance_repo.go:34.76,36.2 1 2
github.com/aptlogica/go-postgres-rest/pkg/database/postgres/postgres.go:19.37,19.57 1 1
github.com/aptlogica/go-postgres-rest/pkg/database/postgres/postgres.go:24.65,36.16 3 2
github.com/aptlogica/go-postgres-rest/pkg/database/postgres/postgres.go:36.16,38.3 1 0
github.com/aptlogica/go-postgres-rest/pkg/database/postgres/postgres.go:40.2,44.35 4 2
github.com/aptlogica/go-postgres-rest/pkg/database/postgres/postgres.go:44.35,46.3 1 2
github.com/aptlogica/go-postgres-rest/pkg/database/postgres/postgres.go:48.2,48.16 1 0
github.com/aptlogica/go-postgres-rest/pkg/database/postgres/relationship_repo.go:18.71,20.2 1 7
github.com/aptlogica/go-postgres-rest/pkg/database/postgres/relationship_repo.go:25.110,27.2 1 2
github.com/aptlogica/go-postgres-rest/pkg/database/postgres/relationship_repo.go:32.111,34.2 1 2
github.com/aptlogica/go-postgres-rest/pkg/database/postgres/relationship_repo.go:39.140,41.2 1 2
github.com/aptlogica/go-postgres-rest/pkg/database/postgres/relationship_repo.go:46.70,48.2 1 2
github.com/aptlogica/go-postgres-rest/pkg/database/postgres/relationship_repo.go:53.147,55.2 1 1
github.com/aptlogica/go-postgres-rest/pkg/database/postgres/relationship_repo.go:60.151,62.2 1 1
github.com/aptlogica/go-postgres-rest/pkg/database/postgres/relationship_repo.go:67.152,69.2 1 1
github.com/aptlogica/go-postgres-rest/pkg/database/postgres/relationship_repo.go:74.210,76.2 1 1
github.com/aptlogica/go-postgres-rest/pkg/database/postgres/relationship_repo.go:81.162,83.2 1 1
github.com/aptlogica/go-postgres-rest/pkg/database/postgres/relationship_repo.go:88.163,90.2 1 2
github.com/aptlogica/go-postgres-rest/pkg/database/postgres/relationship_repo.go:95.196,97.2 1 1
github.com/aptlogica/go-postgres-rest/pkg/database/postgres/repo.go:31.72,33.2 1 26
github.com/aptlogica/go-postgres-rest/pkg/database/postgres/repo.go:35.66,37.36 2 2
github.com/aptlogica/go-postgres-rest/pkg/database/postgres/repo.go:37.36,39.3 1 1
github.com/aptlogica/go-postgres-rest/pkg/database/postgres/repo.go:40.2,40.18 1 1
github.com/aptlogica/go-postgres-rest/pkg/database/postgres/repo.go:83.43,86.20 2 122
github.com/aptlogica/go-postgres-rest/pkg/database/postgres/repo.go:86.20,88.3 1 1
github.com/aptlogica/go-postgres-rest/pkg/database/postgres/repo.go:91.2,91.78 1 121
github.com/aptlogica/go-postgres-rest/pkg/database/postgres/repo.go:91.78,92.82 1 14
github.com/aptlogica/go-postgres-rest/pkg/database/postgres/repo.go:92.82,94.4 1 2
github.com/aptlogica/go-postgres-rest/pkg/database/postgres/repo.go:96.3,97.52 2 12
github.com/aptlogica/go-postgres-rest/pkg/database/postgres/repo.go:97.52,99.4 1 2
github.com/aptlogica/go-postgres-rest/pkg/database/postgres/repo.go:100.3,100.41 1 10
github.com/aptlogica/go-postgres-rest/pkg/database/postgres/repo.go:100.41,102.4 1 1
github.com/aptlogica/go-postgres-rest/pkg/database/postgres/repo.go:103.3,103.13 1 9
github.com/aptlogica/go-postgres-rest/pkg/database/postgres/repo.go:106.2,106.31 1 107
github.com/aptlogica/go-postgres-rest/pkg/database/postgres/repo.go:106.31,108.3 1 1
github.com/aptlogica/go-postgres-rest/pkg/database/postgres/repo.go:109.2,109.40 1 106
github.com/aptlogica/go-postgres-rest/pkg/database/postgres/repo.go:109.40,111.3 1 19
github.com/aptlogica/go-postgres-rest/pkg/database/postgres/repo.go:112.2,112.12 1 87
github.com/aptlogica/go-postgres-rest/pkg/database/postgres/repo.go:116.44,119.20 2 177
github.com/aptlogica/go-postgres-rest/pkg/database/postgres/repo.go:119.20,121.3 1 1
github.com/aptlogica/go-postgres-rest/pkg/database/postgres/repo.go:124.2,124.78 1 176
github.com/aptlogica/go-postgres-rest/pkg/database/postgres/repo.go:124.78,125.82 1 9
github.com/aptlogica/go-postgres-rest/pkg/database/postgres/repo.go:125.82,127.4 1 2
github.com/aptlogica/go-postgres-rest/pkg/database/postgres/repo.go:129.3,130.52 2 7
github.com/aptlogica/go-postgres-rest/pkg/database/postgres/repo.go:130.52,132.4 1 2
github.com/aptlogica/go-postgres-rest/pkg/database/postgres/repo.go:133.3,133.41 1 5
github.com/aptlogica/go-postgres-rest/pkg/database/postgres/repo.go:133.41,135.4 1 1
github.com/aptlogica/go-postgres-rest/pkg/database/postgres/repo.go:136.3,136.13 1 4
github.com/aptlogica/go-postgres-rest/pkg/database/postgres/repo.go:139.2,139.31 1 167
github.com/aptlogica/go-postgres-rest/pkg/database/postgres/repo.go:139.31,141.3 1 1
github.com/aptlogica/go-postgres-rest/pkg/database/postgres/repo.go:142.2,142.41 1 166
github.com/aptlogica/go-postgres-rest/pkg/database/postgres/repo.go:142.41,144.3 1 24
github.com/aptlogica/go-postgres-rest/pkg/database/postgres/repo.go:145.2,145.12 1 142
github.com/aptlogica/go-postgres-rest/pkg/database/postgres/repo.go:149.65,154.34 4 73
github.com/aptlogica/go-postgres-rest/pkg/database/postgres/repo.go:154.34,155.12 1 769
github.com/aptlogica/go-postgres-rest/pkg/database/postgres/repo.go:156.12,158.24 2 25
github.com/aptlogica/go-postgres-rest/pkg/database/postgres/repo.go:159.12,160.16 1 45
github.com/aptlogica/go-postgres-rest/pkg/database/postgres/repo.go:160.16,162.13 2 3
github.com/aptlogica/go-postgres-rest/pkg/database/postgres/repo.go:164.4,165.19 2 42
github.com/aptlogica/go-postgres-rest/pkg/database/postgres/repo.go:166.11,167.24 1 699
github.com/aptlogica/go-postgres-rest/pkg/database/postgres/repo.go:171.2,171.14 1 73
github.com/aptlogica/go-postgres-rest/pkg/database/postgres/repo.go:171.14,173.3 1 5
github.com/aptlogica/go-postgres-rest/pkg/database/postgres/repo.go:175.2,176.19 2 68
github.com/aptlogica/go-postgres-rest/pkg/database/postgres/repo.go:180.77,181.21 1 64
github.com/aptlogica/go-postgres-rest/pkg/database/postgres/repo.go:181.21,183.3 1 1
github.com/aptlogica/go-postgres-rest/pkg/database/postgres/repo.go:184.2,184.20 1 63
github.com/aptlogica/go-postgres-rest/pkg/database/postgres/repo.go:184.20,186.3 1 2
github.com/aptlogica/go-postgres-rest/pkg/database/postgres/repo.go:187.2,187.12 1 61
github.com/aptlogica/go-postgres-rest/pkg/database/postgres/repo.go:191.69,192.50 1 34
github.com/aptlogica/go-postgres-rest/pkg/database/postgres/repo.go:192.50,194.3 1 2
github.com/aptlogica/go-postgres-rest/pkg/database/postgres/repo.go:195.2,195.49 1 32
github.com/aptlogica/go-postgres-rest/pkg/database/postgres/repo.go:195.49,197.3 1 2
github.com/aptlogica/go-postgres-rest/pkg/database/postgres/repo.go:198.2,198.12 1 30
github.com/aptlogica/go-postgres-rest/pkg/database/postgres/repo.go:203.61,205.29 2 66
github.com/aptlogica/go-postgres-rest/pkg/database/postgres/repo.go:205.29,207.3 1 3
github.com/aptlogica/go-postgres-rest/pkg/database/postgres/repo.go:209.2,210.16 2 63
github.com/aptlogica/go-postgres-rest/pkg/database/postgres/repo.go:210.16,212.3 1 3
github.com/aptlogica/go-postgres-rest/pkg/database/postgres/repo.go:214.2,214.73 1 60
github.com/aptlogica/go-postgres-rest/pkg/database/postgres/repo.go:214.73,216.3 1 1
github.com/aptlogica/go-postgres-rest/pkg/database/postgres/repo.go:218.2,218.21 1 59
github.com/aptlogica/go-postgres-rest/pkg/database/postgres/repo.go:218.21,222.3 3 34
github.com/aptlogica/go-postgres-rest/pkg/database/postgres/repo.go:224.2,224.52 1 25
github.com/aptlogica/go-postgres-rest/pkg/database/postgres/repo.go:224.52,226.3 1 7
github.com/aptlogica/go-postgres-rest/pkg/database/postgres/repo.go:227.2,227.12 1 18
github.com/aptlogica/go-postgres-rest/pkg/database/postgres/repo.go:240.40,241.44 1 88
github.com/aptlogica/go-postgres-rest/pkg/database/postgres/repo.go:241.44,243.3 1 11
github.com/aptlogica/go-postgres-rest/pkg/database/postgres/repo.go:244.2,244.12 1 77
github.com/aptlogica/go-postgres-rest/pkg/database/postgres/repo.go:247.108,249.63 1 4
github.com/aptlogica/go-postgres-rest/pkg/database/postgres/repo.go:249.63,251.3 1 0
github.com/aptlogica/go-postgres-rest/pkg/database/postgres/repo.go:254.2,254.60 1 4
github.com/aptlogica/go-postgres-rest/pkg/database/postgres/repo.go:254.60,256.3 1 0
github.com/aptlogica/go-postgres-rest/pkg/database/postgres/repo.go:258.2,263.24 3 4
github.com/aptlogica/go-postgres-rest/pkg/database/postgres/repo.go:263.24,265.3 1 1
github.com/aptlogica/go-postgres-rest/pkg/database/postgres/repo.go:267.2,267.23 1 4
github.com/aptlogica/go-postgres-rest/pkg/database/postgres/repo.go:267.23,269.3 1 1
github.com/aptlogica/go-postgres-rest/pkg/database/postgres/repo.go:271.2,271.36 1 4
github.com/aptlogica/go-postgres-rest/pkg/database/postgres/repo.go:271.36,273.3 1 1
github.com/aptlogica/go-postgres-rest/pkg/database/postgres/repo.go:275.2,275.29 1 4
github.com/aptlogica/go-postgres-rest/pkg/database/postgres/repo.go:275.29,277.3 1 1
github.com/aptlogica/go-postgres-rest/pkg/database/postgres/repo.go:279.2,280.16 2 4
github.com/aptlogica/go-postgres-rest/pkg/database/postgres/repo.go:280.16,282.3 1 0
github.com/aptlogica/go-postgres-rest/pkg/database/postgres/repo.go:284.2,284.12 1 4
github.com/aptlogica/go-postgres-rest/pkg/database/postgres/repo.go:287.116,288.20 1 11
github.com/aptlogica/go-postgres-rest/pkg/database/postgres/repo.go:289.21,290.61 1 5
github.com/aptlogica/go-postgres-rest/pkg/database/postgres/repo.go:290.61,292.4 1 3
github.com/aptlogica/go-postgres-rest/pkg/database/postgres/repo.go:293.3,296.4 1 2
github.com/aptlogica/go-postgres-rest/pkg/database/postgres/repo.go:297.23,298.62 1 2
github.com/aptlogica/go-postgres-rest/pkg/database/postgres/repo.go:298.62,300.4 1 1
github.com/aptlogica/go-postgres-rest/pkg/database/postgres/repo.go:301.3,304.4 1 1
github.com/aptlogica/go-postgres-rest/pkg/database/postgres/repo.go:305.23,306.65 1 2
github.com/aptlogica/go-postgres-rest/pkg/database/postgres/repo.go:306.65,308.4 1 1
github.com/aptlogica/go-postgres-rest/pkg/database/postgres/repo.go:309.3,312.4 1 1
github.com/aptlogica/go-postgres-rest/pkg/database/postgres/repo.go:315.2,315.69 1 2
github.com/aptlogica/go-postgres-rest/pkg/database/postgres/repo.go:318.110,320.62 1 6
github.com/aptlogica/go-postgres-rest/pkg/database/postgres/repo.go:320.62,322.3 1 1
github.com/aptlogica/go-postgres-rest/pkg/database/postgres/repo.go:325.2,325.59 1 5
github.com/aptlogica/go-postgres-rest/pkg/database/postgres/repo.go:325.59,327.3 1 1
github.com/aptlogica/go-postgres-rest/pkg/database/postgres/repo.go:329.2,331.17 2 4
github.com/aptlogica/go-postgres-rest/pkg/database/postgres/repo.go:331.17,333.3 1 1
github.com/aptlogica/go-postgres-rest/pkg/database/postgres/repo.go:335.2,336.16 2 4
github.com/aptlogica/go-postgres-rest/pkg/database/postgres/repo.go:336.16,338.3 1 0
github.com/aptlogica/go-postgres-rest/pkg/database/postgres/repo.go:340.2,340.12 1 4
github.com/aptlogica/go-postgres-rest/pkg/database/postgres/repo.go:343.114,345.62 1 8
github.com/aptlogica/go-postgres-rest/pkg/database/postgres/repo.go:345.62,347.3 1 0
github.com/aptlogica/go-postgres-rest/pkg/database/postgres/repo.go:350.2,350.59 1 8
github.com/aptlogica/go-postgres-rest/pkg/database/postgres/repo.go:350.59,352.3 1 1
github.com/aptlogica/go-postgres-rest/pkg/database/postgres/repo.go:354.2,356.27 2 7
github.com/aptlogica/go-postgres-rest/pkg/database/postgres/repo.go:356.27,359.3 1 3
github.com/aptlogica/go-postgres-rest/pkg/database/postgres/repo.go:360.2,360.27 1 7
github.com/aptlogica/go-postgres-rest/pkg/database/postgres/repo.go:360.27,361.22 1 5
github.com/aptlogica/go-postgres-rest/pkg/database/postgres/repo.go:361.22,364.4 1 3
github.com/aptlogica/go-postgres-rest/pkg/database/postgres/repo.go:364.9,367.4 1 2
github.com/aptlogica/go-postgres-rest/pkg/database/postgres/repo.go:370.2,370.27 1 7
github.com/aptlogica/go-postgres-rest/pkg/database/postgres/repo.go:370.27,373.3 1 2
github.com/aptlogica/go-postgres-rest/pkg/database/postgres/repo.go:375.2,375.21 1 7
github.com/aptlogica/go-postgres-rest/pkg/database/postgres/repo.go:375.21,378.3 1 2
github.com/aptlogica/go-postgres-rest/pkg/database/postgres/repo.go:380.2,380.32 1 7
github.com/aptlogica/go-postgres-rest/pkg/database/postgres/repo.go:380.32,381.61 1 12
github.com/aptlogica/go-postgres-rest/pkg/database/postgres/repo.go:381.61,383.4 1 1
github.com/aptlogica/go-postgres-rest/pkg/database/postgres/repo.go:386.2,386.12 1 6
github.com/aptlogica/go-postgres-rest/pkg/database/postgres/repo.go:389.114,391.62 1 4
github.com/aptlogica/go-postgres-rest/pkg/database/postgres/repo.go:391.62,393.3 1 1
github.com/aptlogica/go-postgres-rest/pkg/database/postgres/repo.go:396.2,396.56 1 3
github.com/aptlogica/go-postgres-rest/pkg/database/postgres/repo.go:396.56,398.3 1 1
github.com/aptlogica/go-postgres-rest/pkg/database/postgres/repo.go:399.2,399.56 1 2
github.com/aptlogica/go-postgres-rest/pkg/database/postgres/repo.go:399.56,401.3 1 0
github.com/aptlogica/go-postgres-rest/pkg/database/postgres/repo.go:403.2,407.16 3 2
github.com/aptlogica/go-postgres-rest/pkg/database/postgres/repo.go:407.16,409.3 1 0
github.com/aptlogica/go-postgres-rest/pkg/database/postgres/repo.go:411.2,411.12 1 2
github.com/aptlogica/go-postgres-rest/pkg/database/postgres/repo.go:414.123,419.16 3 3
github.com/aptlogica/go-postgres-rest/pkg/database/postgres/repo.go:419.16,421.3 1 3
github.com/aptlogica/go-postgres-rest/pkg/database/postgres/repo.go:423.2,425.20 2 3
github.com/aptlogica/go-postgres-rest/pkg/database/postgres/repo.go:425.20,427.3 1 0
github.com/aptlogica/go-postgres-rest/pkg/database/postgres/repo.go:427.8,429.3 1 3
github.com/aptlogica/go-postgres-rest/pkg/database/postgres/repo.go:431.2,433.20 2 3
github.com/aptlogica/go-postgres-rest/pkg/database/postgres/repo.go:433.20,435.3 1 0
github.com/aptlogica/go-postgres-rest/pkg/database/postgres/repo.go:437.2,440.16 3 3
github.com/aptlogica/go-postgres-rest/pkg/database/postgres/repo.go:440.16,442.3 1 0
github.com/aptlogica/go-postgres-rest/pkg/database/postgres/repo.go:443.2,443.12 1 3
github.com/aptlogica/go-postgres-rest/pkg/database/postgres/repo.go:446.99,448.74 1 9
github.com/aptlogica/go-postgres-rest/pkg/database/postgres/repo.go:448.74,450.3 1 5
github.com/aptlogica/go-postgres-rest/pkg/database/postgres/repo.go:452.2,460.29 5 4
github.com/aptlogica/go-postgres-rest/pkg/database/postgres/repo.go:460.29,462.3 1 4
github.com/aptlogica/go-postgres-rest/pkg/database/postgres/repo.go:465.2,466.31 2 4
github.com/aptlogica/go-postgres-rest/pkg/database/postgres/repo.go:466.31,468.3 1 2
github.com/aptlogica/go-postgres-rest/pkg/database/postgres/repo.go:470.2,473.16 3 4
github.com/aptlogica/go-postgres-rest/pkg/database/postgres/repo.go:473.16,475.3 1 0
github.com/aptlogica/go-postgres-rest/pkg/database/postgres/repo.go:478.2,478.34 1 4
github.com/aptlogica/go-postgres-rest/pkg/database/postgres/repo.go:478.34,479.84 1 2
github.com/aptlogica/go-postgres-rest/pkg/database/postgres/repo.go:479.84,481.4 1 0
github.com/aptlogica/go-postgres-rest/pkg/database/postgres/repo.go:484.2,484.12 1 4
github.com/aptlogica/go-postgres-rest/pkg/database/postgres/repo.go:488.109,490.81 1 12
github.com/aptlogica/go-postgres-rest/pkg/database/postgres/repo.go:490.81,492.3 1 2
github.com/aptlogica/go-postgres-rest/pkg/database/postgres/repo.go:495.2,495.82 1 10
github.com/aptlogica/go-postgres-rest/pkg/database/postgres/repo.go:495.82,497.3 1 1
github.com/aptlogica/go-postgres-rest/pkg/database/postgres/repo.go:500.2,500.88 1 9
github.com/aptlogica/go-postgres-rest/pkg/database/postgres/repo.go:500.88,502.3 1 1
github.com/aptlogica/go-postgres-rest/pkg/database/postgres/repo.go:505.2,505.90 1 8
github.com/aptlogica/go-postgres-rest/pkg/database/postgres/repo.go:505.90,507.3 1 1
github.com/aptlogica/go-postgres-rest/pkg/database/postgres/repo.go:510.2,510.82 1 7
github.com/aptlogica/go-postgres-rest/pkg/database/postgres/repo.go:510.82,512.3 1 1
github.com/aptlogica/go-postgres-rest/pkg/database/postgres/repo.go:514.2,514.12 1 6
github.com/aptlogica/go-postgres-rest/pkg/database/postgres/repo.go:518.98,519.62 1 12
github.com/aptlogica/go-postgres-rest/pkg/database/postgres/repo.go:519.62,521.3 1 2
github.com/aptlogica/go-postgres-rest/pkg/database/postgres/repo.go:522.2,522.12 1 10
github.com/aptlogica/go-postgres-rest/pkg/database/postgres/repo.go:526.113,527.30 1 10
github.com/aptlogica/go-postgres-rest/pkg/database/postgres/repo.go:527.30,528.54 1 11
github.com/aptlogica/go-postgres-rest/pkg/database/postgres/repo.go:528.54,530.4 1 1
github.com/aptlogica/go-postgres-rest/pkg/database/postgres/repo.go:532.2,532.12 1 9
github.com/aptlogica/go-postgres-rest/pkg/database/postgres/repo.go:536.102,537.32 1 9
github.com/aptlogica/go-postgres-rest/pkg/database/postgres/repo.go:537.32,538.48 1 5
github.com/aptlogica/go-postgres-rest/pkg/database/postgres/repo.go:538.48,540.4 1 1
github.com/aptlogica/go-postgres-rest/pkg/database/postgres/repo.go:542.2,542.12 1 8
github.com/aptlogica/go-postgres-rest/pkg/database/postgres/repo.go:546.118,547.33 1 8
github.com/aptlogica/go-postgres-rest/pkg/database/postgres/repo.go:547.33,548.34 1 3
github.com/aptlogica/go-postgres-rest/pkg/database/postgres/repo.go:548.34,549.50 1 3
github.com/aptlogica/go-postgres-rest/pkg/database/postgres/repo.go:549.50,551.5 1 0
github.com/aptlogica/go-postgres-rest/pkg/database/postgres/repo.go:553.3,553.44 1 3
github.com/aptlogica/go-postgres-rest/pkg/database/postgres/repo.go:553.44,554.50 1 3
github.com/aptlogica/go-postgres-rest/pkg/database/postgres/repo.go:554.50,556.5 1 1
github.com/aptlogica/go-postgres-rest/pkg/database/postgres/repo.go:559.2,559.12 1 7
github.com/aptlogica/go-postgres-rest/pkg/database/postgres/repo.go:563.112,564.30 1 7
github.com/aptlogica/go-postgres-rest/pkg/database/postgres/repo.go:564.30,565.35 1 3
github.com/aptlogica/go-postgres-rest/pkg/database/postgres/repo.go:565.35,566.50 1 3
github.com/aptlogica/go-postgres-rest/pkg/database/postgres/repo.go:566.50,568.5 1 1
github.com/aptlogica/go-postgres-rest/pkg/database/postgres/repo.go:571.2,571.12 1 6
github.com/aptlogica/go-postgres-rest/pkg/database/postgres/repo.go:575.112,577.30 2 5
github.com/aptlogica/go-postgres-rest/pkg/database/postgres/repo.go:577.30,583.18 5 9
github.com/aptlogica/go-postgres-rest/pkg/database/postgres/repo.go:583.18,585.4 1 5
github.com/aptlogica/go-postgres-rest/pkg/database/postgres/repo.go:587.3,587.17 1 9
github.com/aptlogica/go-postgres-rest/pkg/database/postgres/repo.go:587.17,589.4 1 1
github.com/aptlogica/go-postgres-rest/pkg/database/postgres/repo.go:591.3,591.30 1 9
github.com/aptlogica/go-postgres-rest/pkg/database/postgres/repo.go:591.30,594.4 2 3
github.com/aptlogica/go-postgres-rest/pkg/database/postgres/repo.go:596.3,596.23 1 9
github.com/aptlogica/go-postgres-rest/pkg/database/postgres/repo.go:596.23,600.4 3 1
github.com/aptlogica/go-postgres-rest/pkg/database/postgres/repo.go:602.3,602.50 1 9
github.com/aptlogica/go-postgres-rest/pkg/database/postgres/repo.go:604.2,604.19 1 5
github.com/aptlogica/go-postgres-rest/pkg/database/postgres/repo.go:608.117,610.33 2 5
github.com/aptlogica/go-postgres-rest/pkg/database/postgres/repo.go:610.33,620.24 9 4
github.com/aptlogica/go-postgres-rest/pkg/database/postgres/repo.go:620.24,623.4 2 1
github.com/aptlogica/go-postgres-rest/pkg/database/postgres/repo.go:625.3,625.24 1 4
github.com/aptlogica/go-postgres-rest/pkg/database/postgres/repo.go:625.24,628.4 2 1
github.com/aptlogica/go-postgres-rest/pkg/database/postgres/repo.go:630.3,630.41 1 4
github.com/aptlogica/go-postgres-rest/pkg/database/postgres/repo.go:632.2,632.15 1 5
github.com/aptlogica/go-postgres-rest/pkg/database/postgres/repo.go:635.85,637.63 1 6
github.com/aptlogica/go-postgres-rest/pkg/database/postgres/repo.go:637.63,639.3 1 1
github.com/aptlogica/go-postgres-rest/pkg/database/postgres/repo.go:641.2,644.16 3 5
github.com/aptlogica/go-postgres-rest/pkg/database/postgres/repo.go:644.16,646.3 1 0
github.com/aptlogica/go-postgres-rest/pkg/database/postgres/repo.go:648.2,649.16 2 5
github.com/aptlogica/go-postgres-rest/pkg/database/postgres/repo.go:649.16,651.3 1 1
github.com/aptlogica/go-postgres-rest/pkg/database/postgres/repo.go:653.2,653.23 1 4
github.com/aptlogica/go-postgres-rest/pkg/database/postgres/repo.go:653.23,655.3 1 1
github.com/aptlogica/go-postgres-rest/pkg/database/postgres/repo.go:657.2,657.12 1 3
github.com/aptlogica/go-postgres-rest/pkg/database/postgres/repo.go:660.137,661.46 1 2
github.com/aptlogica/go-postgres-rest/pkg/database/postgres/repo.go:661.46,663.3 1 0
github.com/aptlogica/go-postgres-rest/pkg/database/postgres/repo.go:665.2,670.34 4 2
github.com/aptlogica/go-postgres-rest/pkg/database/postgres/repo.go:670.34,671.49 1 4
github.com/aptlogica/go-postgres-rest/pkg/database/postgres/repo.go:671.49,673.4 1 4
github.com/aptlogica/go-postgres-rest/pkg/database/postgres/repo.go:676.2,676.26 1 2
github.com/aptlogica/go-postgres-rest/pkg/database/postgres/repo.go:676.26,678.3 1 0
github.com/aptlogica/go-postgres-rest/pkg/database/postgres/repo.go:681.2,685.20 3 2
github.com/aptlogica/go-postgres-rest/pkg/database/postgres/repo.go:686.16,687.113 1 0
github.com/aptlogica/go-postgres-rest/pkg/database/postgres/repo.go:688.19,689.117 1 1
github.com/aptlogica/go-postgres-rest/pkg/database/postgres/repo.go:690.10,691.112 1 1
github.com/aptlogica/go-postgres-rest/pkg/database/postgres/repo.go:694.2,697.36 3 2
github.com/aptlogica/go-postgres-rest/pkg/database/postgres/repo.go:700.99,702.23 1 19
github.com/aptlogica/go-postgres-rest/pkg/database/postgres/repo.go:703.21,704.17 1 4
github.com/aptlogica/go-postgres-rest/pkg/database/postgres/repo.go:705.16,707.23 2 4
github.com/aptlogica/go-postgres-rest/pkg/database/postgres/repo.go:707.23,709.4 1 6
github.com/aptlogica/go-postgres-rest/pkg/database/postgres/repo.go:710.3,710.19 1 4
github.com/aptlogica/go-postgres-rest/pkg/database/postgres/repo.go:711.13,713.23 2 7
github.com/aptlogica/go-postgres-rest/pkg/database/postgres/repo.go:713.23,715.4 1 13
github.com/aptlogica/go-postgres-rest/pkg/database/postgres/repo.go:716.3,716.19 1 7
github.com/aptlogica/go-postgres-rest/pkg/database/postgres/repo.go:717.10,718.20 1 4
github.com/aptlogica/go-postgres-rest/pkg/database/postgres/repo.go:723.155,727.2 3 31
github.com/aptlogica/go-postgres-rest/pkg/database/postgres/repo.go:730.147,732.29 2 14
github.com/aptlogica/go-postgres-rest/pkg/database/postgres/repo.go:732.29,734.3 1 5
github.com/aptlogica/go-postgres-rest/pkg/database/postgres/repo.go:736.2,738.29 3 9
github.com/aptlogica/go-postgres-rest/pkg/database/postgres/repo.go:738.29,742.3 3 19
github.com/aptlogica/go-postgres-rest/pkg/database/postgres/repo.go:744.2,745.12 2 9
github.com/aptlogica/go-postgres-rest/pkg/database/postgres/repo.go:745.12,747.3 1 4
github.com/aptlogica/go-postgres-rest/pkg/database/postgres/repo.go:748.2,749.36 2 9
github.com/aptlogica/go-postgres-rest/pkg/database/postgres/repo.go:753.149,755.12 2 7
github.com/aptlogica/go-postgres-rest/pkg/database/postgres/repo.go:755.12,757.3 1 3
github.com/aptlogica/go-postgres-rest/pkg/database/postgres/repo.go:758.2,759.35 2 7
github.com/aptlogica/go-postgres-rest/pkg/database/postgres/repo.go:763.135,767.2 3 5
github.com/aptlogica/go-postgres-rest/pkg/database/postgres/repo.go:769.138,771.58 1 59
github.com/aptlogica/go-postgres-rest/pkg/database/postgres/repo.go:771.58,775.3 1 5
github.com/aptlogica/go-postgres-rest/pkg/database/postgres/repo.go:778.2,778.58 1 54
github.com/aptlogica/go-postgres-rest/pkg/database/postgres/repo.go:778.58,781.3 1 4
github.com/aptlogica/go-postgres-rest/pkg/database/postgres/repo.go:783.2,783.42 1 50
github.com/aptlogica/go-postgres-rest/pkg/database/postgres/repo.go:784.17,785.73 1 12
github.com/aptlogica/go-postgres-rest/pkg/database/postgres/repo.go:786.25,787.74 1 1
github.com/aptlogica/go-postgres-rest/pkg/database/postgres/repo.go:788.17,789.73 1 6
github.com/aptlogica/go-postgres-rest/pkg/database/postgres/repo.go:790.19,791.74 1 2
github.com/aptlogica/go-postgres-rest/pkg/database/postgres/repo.go:792.17,793.73 1 2
github.com/aptlogica/go-postgres-rest/pkg/database/postgres/repo.go:794.19,795.74 1 1
github.com/aptlogica/go-postgres-rest/pkg/database/postgres/repo.go:796.14,797.76 1 3
github.com/aptlogica/go-postgres-rest/pkg/database/postgres/repo.go:798.15,799.77 1 3
github.com/aptlogica/go-postgres-rest/pkg/database/postgres/repo.go:800.12,801.71 1 6
github.com/aptlogica/go-postgres-rest/pkg/database/postgres/repo.go:802.16,803.70 1 5
github.com/aptlogica/go-postgres-rest/pkg/database/postgres/repo.go:804.17,805.73 1 3
github.com/aptlogica/go-postgres-rest/pkg/database/postgres/repo.go:806.21,807.72 1 2
github.com/aptlogica/go-postgres-rest/pkg/database/postgres/repo.go:808.13,809.65 1 4
github.com/aptlogica/go-postgres-rest/pkg/database/postgres/repo.go:810.10,812.85 1 0
github.com/aptlogica/go-postgres-rest/pkg/database/postgres/repo.go:818.69,819.23 1 20
github.com/aptlogica/go-postgres-rest/pkg/database/postgres/repo.go:819.23,821.3 1 4
github.com/aptlogica/go-postgres-rest/pkg/database/postgres/repo.go:823.2,824.30 2 16
github.com/aptlogica/go-postgres-rest/pkg/database/postgres/repo.go:824.30,825.17 1 26
github.com/aptlogica/go-postgres-rest/pkg/database/postgres/repo.go:825.17,828.12 2 3
github.com/aptlogica/go-postgres-rest/pkg/database/postgres/repo.go:832.3,832.49 1 23
github.com/aptlogica/go-postgres-rest/pkg/database/postgres/repo.go:832.49,834.4 1 5
github.com/aptlogica/go-postgres-rest/pkg/database/postgres/repo.go:837.3,837.59 1 18
github.com/aptlogica/go-postgres-rest/pkg/database/postgres/repo.go:840.2,840.24 1 11
github.com/aptlogica/go-postgres-rest/pkg/database/postgres/repo.go:845.74,846.27 1 8
github.com/aptlogica/go-postgres-rest/pkg/database/postgres/repo.go:846.27,848.3 1 1
github.com/aptlogica/go-postgres-rest/pkg/database/postgres/repo.go:850.2,851.40 2 7
github.com/aptlogica/go-postgres-rest/pkg/database/postgres/repo.go:851.40,854.22 2 10
github.com/aptlogica/go-postgres-rest/pkg/database/postgres/repo.go:854.22,855.12 1 0
github.com/aptlogica/go-postgres-rest/pkg/database/postgres/repo.go:859.3,860.53 2 10
github.com/aptlogica/go-postgres-rest/pkg/database/postgres/repo.go:860.53,862.4 1 2
github.com/aptlogica/go-postgres-rest/pkg/database/postgres/repo.go:865.3,868.21 2 8
github.com/aptlogica/go-postgres-rest/pkg/database/postgres/repo.go:868.21,870.49 2 6
github.com/aptlogica/go-postgres-rest/pkg/database/postgres/repo.go:870.49,872.5 1 6
github.com/aptlogica/go-postgres-rest/pkg/database/postgres/repo.go:876.3,876.72 1 8
github.com/aptlogica/go-postgres-rest/pkg/database/postgres/repo.go:879.2,879.27 1 5
github.com/aptlogica/go-postgres-rest/pkg/database/postgres/repo.go:882.138,888.35 3 8
github.com/aptlogica/go-postgres-rest/pkg/database/postgres/repo.go:888.35,893.3 4 9
github.com/aptlogica/go-postgres-rest/pkg/database/postgres/repo.go:896.2,896.38 1 8
github.com/aptlogica/go-postgres-rest/pkg/database/postgres/repo.go:896.38,898.27 2 3
github.com/aptlogica/go-postgres-rest/pkg/database/postgres/repo.go:898.27,902.4 3 3
github.com/aptlogica/go-postgres-rest/pkg/database/postgres/repo.go:905.2,905.26 1 8
github.com/aptlogica/go-postgres-rest/pkg/database/postgres/repo.go:905.26,907.3 1 0
github.com/aptlogica/go-postgres-rest/pkg/database/postgres/repo.go:909.2,910.24 2 8
github.com/aptlogica/go-postgres-rest/pkg/database/postgres/repo.go:910.24,912.3 1 7
github.com/aptlogica/go-postgres-rest/pkg/database/postgres/repo.go:914.2,914.66 1 8
github.com/aptlogica/go-postgres-rest/pkg/database/postgres/repo.go:917.133,933.22 10 5
github.com/aptlogica/go-postgres-rest/pkg/database/postgres/repo.go:933.22,935.3 1 2
github.com/aptlogica/go-postgres-rest/pkg/database/postgres/repo.go:938.2,939.23 2 5
github.com/aptlogica/go-postgres-rest/pkg/database/postgres/repo.go:939.23,943.3 3 2
github.com/aptlogica/go-postgres-rest/pkg/database/postgres/repo.go:946.2,947.25 2 5
github.com/aptlogica/go-postgres-rest/pkg/database/postgres/repo.go:947.25,949.3 1 1
github.com/aptlogica/go-postgres-rest/pkg/database/postgres/repo.go:952.2,953.24 2 5
github.com/aptlogica/go-postgres-rest/pkg/database/postgres/repo.go:953.24,957.3 3 1
github.com/aptlogica/go-postgres-rest/pkg/database/postgres/repo.go:960.2,961.25 2 5
github.com/aptlogica/go-postgres-rest/pkg/database/postgres/repo.go:961.25,963.3 1 2
github.com/aptlogica/go-postgres-rest/pkg/database/postgres/repo.go:966.2,967.29 2 5
github.com/aptlogica/go-postgres-rest/pkg/database/postgres/repo.go:967.29,970.3 2 2
github.com/aptlogica/go-postgres-rest/pkg/database/postgres/repo.go:972.2,972.29 1 5
github.com/aptlogica/go-postgres-rest/pkg/database/postgres/repo.go:976.113,978.33 2 4
github.com/aptlogica/go-postgres-rest/pkg/database/postgres/repo.go:978.33,981.56 2 6
github.com/aptlogica/go-postgres-rest/pkg/database/postgres/repo.go:981.56,983.4 1 6
github.com/aptlogica/go-postgres-rest/pkg/database/postgres/repo.go:986.3,987.59 2 6
github.com/aptlogica/go-postgres-rest/pkg/database/postgres/repo.go:987.59,989.23 2 5
github.com/aptlogica/go-postgres-rest/pkg/database/postgres/repo.go:989.23,991.57 1 4
github.com/aptlogica/go-postgres-rest/pkg/database/postgres/repo.go:991.57,993.6 1 4
github.com/aptlogica/go-postgres-rest/pkg/database/postgres/repo.go:995.4,995.39 1 5
github.com/aptlogica/go-postgres-rest/pkg/database/postgres/repo.go:998.2,998.17 1 4
github.com/aptlogica/go-postgres-rest/pkg/database/postgres/repo.go:1002.92,1003.18 1 15
github.com/aptlogica/go-postgres-rest/pkg/database/postgres/repo.go:1004.43,1005.14 1 10
github.com/aptlogica/go-postgres-rest/pkg/database/postgres/repo.go:1006.10,1007.15 1 5
github.com/aptlogica/go-postgres-rest/pkg/database/postgres/repo.go:1012.98,1013.26 1 9
github.com/aptlogica/go-postgres-rest/pkg/database/postgres/repo.go:1013.26,1015.3 1 5
github.com/aptlogica/go-postgres-rest/pkg/database/postgres/repo.go:1018.2,1019.16 2 4
github.com/aptlogica/go-postgres-rest/pkg/database/postgres/repo.go:1019.16,1021.3 1 4
github.com/aptlogica/go-postgres-rest/pkg/database/postgres/repo.go:1024.2,1024.22 1 0
github.com/aptlogica/go-postgres-rest/pkg/database/postgres/repo.go:1028.119,1031.32 2 8
github.com/aptlogica/go-postgres-rest/pkg/database/postgres/repo.go:1031.32,1037.29 3 3
github.com/aptlogica/go-postgres-rest/pkg/database/postgres/repo.go:1037.29,1040.4 2 2
github.com/aptlogica/go-postgres-rest/pkg/database/postgres/repo.go:1041.8,1045.3 2 5
github.com/aptlogica/go-postgres-rest/pkg/database/postgres/repo.go:1047.2,1047.64 1 8
github.com/aptlogica/go-postgres-rest/pkg/database/postgres/repo.go:1051.95,1052.21 1 7
github.com/aptlogica/go-postgres-rest/pkg/database/postgres/repo.go:1052.21,1054.3 1 4
github.com/aptlogica/go-postgres-rest/pkg/database/postgres/repo.go:1056.2,1057.29 2 3
github.com/aptlogica/go-postgres-rest/pkg/database/postgres/repo.go:1057.29,1059.21 2 3
github.com/aptlogica/go-postgres-rest/pkg/database/postgres/repo.go:1059.21,1061.4 1 0
github.com/aptlogica/go-postgres-rest/pkg/database/postgres/repo.go:1062.3,1063.23 2 3
github.com/aptlogica/go-postgres-rest/pkg/database/postgres/repo.go:1063.23,1065.4 1 3
github.com/aptlogica/go-postgres-rest/pkg/database/postgres/repo.go:1066.3,1066.43 1 3
github.com/aptlogica/go-postgres-rest/pkg/database/postgres/repo.go:1068.2,1068.28 1 3
github.com/aptlogica/go-postgres-rest/pkg/database/postgres/repo.go:1072.134,1078.27 3 7
github.com/aptlogica/go-postgres-rest/pkg/database/postgres/repo.go:1078.27,1080.22 2 2
github.com/aptlogica/go-postgres-rest/pkg/database/postgres/repo.go:1080.22,1084.4 3 2
github.com/aptlogica/go-postgres-rest/pkg/database/postgres/repo.go:1088.2,1088.29 1 7
github.com/aptlogica/go-postgres-rest/pkg/database/postgres/repo.go:1088.29,1091.41 2 3
github.com/aptlogica/go-postgres-rest/pkg/database/postgres/repo.go:1091.41,1096.4 4 3
github.com/aptlogica/go-postgres-rest/pkg/database/postgres/repo.go:1097.3,1097.26 1 3
github.com/aptlogica/go-postgres-rest/pkg/database/postgres/repo.go:1097.26,1099.4 1 3
github.com/aptlogica/go-postgres-rest/pkg/database/postgres/repo.go:1103.2,1103.25 1 7
github.com/aptlogica/go-postgres-rest/pkg/database/postgres/repo.go:1103.25,1104.65 1 2
github.com/aptlogica/go-postgres-rest/pkg/database/postgres/repo.go:1104.65,1109.4 4 2
github.com/aptlogica/go-postgres-rest/pkg/database/postgres/repo.go:1113.2,1113.28 1 7
github.com/aptlogica/go-postgres-rest/pkg/database/postgres/repo.go:1113.28,1115.22 2 2
github.com/aptlogica/go-postgres-rest/pkg/database/postgres/repo.go:1115.22,1119.4 3 2
github.com/aptlogica/go-postgres-rest/pkg/database/postgres/repo.go:1122.2,1122.30 1 7
github.com/aptlogica/go-postgres-rest/pkg/database/postgres/repo.go:1122.30,1124.3 1 3
github.com/aptlogica/go-postgres-rest/pkg/database/postgres/repo.go:1125.2,1125.29 1 4
github.com/aptlogica/go-postgres-rest/pkg/database/postgres/repo.go:1129.89,1130.23 1 7
github.com/aptlogica/go-postgres-rest/pkg/database/postgres/repo.go:1130.23,1132.3 1 5
github.com/aptlogica/go-postgres-rest/pkg/database/postgres/repo.go:1134.2,1135.42 2 2
github.com/aptlogica/go-postgres-rest/pkg/database/postgres/repo.go:1135.42,1137.3 1 2
github.com/aptlogica/go-postgres-rest/pkg/database/postgres/repo.go:1138.2,1138.11 1 0
github.com/aptlogica/go-postgres-rest/pkg/database/postgres/repo.go:1142.137,1143.22 1 7
github.com/aptlogica/go-postgres-rest/pkg/database/postgres/repo.go:1143.22,1145.3 1 5
github.com/aptlogica/go-postgres-rest/pkg/database/postgres/repo.go:1147.2,1150.32 3 2
github.com/aptlogica/go-postgres-rest/pkg/database/postgres/repo.go:1150.32,1155.3 4 2
github.com/aptlogica/go-postgres-rest/pkg/database/postgres/repo.go:1157.2,1157.31 1 2
github.com/aptlogica/go-postgres-rest/pkg/database/postgres/repo.go:1157.31,1159.3 1 2
github.com/aptlogica/go-postgres-rest/pkg/database/postgres/repo.go:1160.2,1160.29 1 0
github.com/aptlogica/go-postgres-rest/pkg/database/postgres/repo.go:1164.89,1165.23 1 7
github.com/aptlogica/go-postgres-rest/pkg/database/postgres/repo.go:1165.23,1167.3 1 4
github.com/aptlogica/go-postgres-rest/pkg/database/postgres/repo.go:1169.2,1170.42 2 3
github.com/aptlogica/go-postgres-rest/pkg/database/postgres/repo.go:1170.42,1172.3 1 3
github.com/aptlogica/go-postgres-rest/pkg/database/postgres/repo.go:1173.2,1173.11 1 0
github.com/aptlogica/go-postgres-rest/pkg/database/postgres/repo.go:1177.128,1182.18 3 8
github.com/aptlogica/go-postgres-rest/pkg/database/postgres/repo.go:1182.18,1186.3 3 4
github.com/aptlogica/go-postgres-rest/pkg/database/postgres/repo.go:1189.2,1189.19 1 8
github.com/aptlogica/go-postgres-rest/pkg/database/postgres/repo.go:1189.19,1192.3 2 3
github.com/aptlogica/go-postgres-rest/pkg/database/postgres/repo.go:1194.2,1194.30 1 8
[...]
github.com/aptlogica/go-postgres-rest/pkg/database/postgres/repo.go:2661.159,2662.25 1 5
github.com/aptlogica/go-postgres-rest/pkg/database/postgres/repo.go:2662.25,2667.17 3 2
github.com/aptlogica/go-postgres-rest/pkg/database/postgres/repo.go:2667.17,2669.4 1 1
github.com/aptlogica/go-postgres-rest/pkg/database/postgres/repo.go:2670.3,2671.25 2 1
github.com/aptlogica/go-postgres-rest/pkg/database/postgres/repo.go:2674.2,2676.37 3 3
github.com/aptlogica/go-postgres-rest/pkg/database/postgres/repo.go:2676.37,2679.3 2 4
github.com/aptlogica/go-postgres-rest/pkg/database/postgres/repo.go:2681.2,2685.16 3 3
github.com/aptlogica/go-postgres-rest/pkg/database/postgres/repo.go:2685.16,2687.3 1 0
github.com/aptlogica/go-postgres-rest/pkg/database/postgres/repo.go:2689.2,2690.24 2 3
github.com/aptlogica/go-postgres-rest/pkg/database/postgres/repo.go:2693.160,2694.25 1 6
github.com/aptlogica/go-postgres-rest/pkg/database/postgres/repo.go:2694.25,2698.17 3 2
github.com/aptlogica/go-postgres-rest/pkg/database/postgres/repo.go:2698.17,2700.4 1 1
github.com/aptlogica/go-postgres-rest/pkg/database/postgres/repo.go:2701.3,2702.25 2 1
github.com/aptlogica/go-postgres-rest/pkg/database/postgres/repo.go:2705.2,2707.37 3 4
github.com/aptlogica/go-postgres-rest/pkg/database/postgres/repo.go:2707.37,2710.3 2 5
github.com/aptlogica/go-postgres-rest/pkg/database/postgres/repo.go:2712.2,2717.16 3 4
github.com/aptlogica/go-postgres-rest/pkg/database/postgres/repo.go:2717.16,2719.3 1 0
github.com/aptlogica/go-postgres-rest/pkg/database/postgres/repo.go:2721.2,2722.24 2 4
github.com/aptlogica/go-postgres-rest/pkg/database/postgres/repo.go:2747.158,2751.28 3 14
github.com/aptlogica/go-postgres-rest/pkg/database/postgres/repo.go:2751.28,2753.3 1 4
github.com/aptlogica/go-postgres-rest/pkg/database/postgres/repo.go:2753.8,2754.28 1 10
github.com/aptlogica/go-postgres-rest/pkg/database/postgres/repo.go:2755.66,2756.68 1 4
github.com/aptlogica/go-postgres-rest/pkg/database/postgres/repo.go:2757.38,2758.28 1 4
github.com/aptlogica/go-postgres-rest/pkg/database/postgres/repo.go:2762.2,2762.27 1 14
github.com/aptlogica/go-postgres-rest/pkg/database/postgres/repo.go:2763.65,2766.15 2 5
github.com/aptlogica/go-postgres-rest/pkg/database/postgres/repo.go:2768.37,2775.15 2 7
github.com/aptlogica/go-postgres-rest/pkg/database/postgres/repo.go:2778.2,2778.35 1 14
github.com/aptlogica/go-postgres-rest/pkg/database/postgres/repo.go:2801.135,2805.40 2 14
github.com/aptlogica/go-postgres-rest/pkg/database/postgres/repo.go:2805.40,2810.3 4 5
github.com/aptlogica/go-postgres-rest/pkg/database/postgres/repo.go:2813.2,2813.29 1 14
github.com/aptlogica/go-postgres-rest/pkg/database/postgres/repo.go:2813.29,2815.3 1 4
github.com/aptlogica/go-postgres-rest/pkg/database/postgres/repo.go:2818.2,2818.25 1 14
github.com/aptlogica/go-postgres-rest/pkg/database/postgres/repo.go:2818.25,2822.3 3 4
github.com/aptlogica/go-postgres-rest/pkg/database/postgres/repo.go:2825.2,2825.26 1 14
github.com/aptlogica/go-postgres-rest/pkg/database/postgres/repo.go:2825.26,2828.3 2 4
github.com/aptlogica/go-postgres-rest/pkg/database/postgres/repo.go:2830.2,2830.25 1 14
github.com/aptlogica/go-postgres-rest/pkg/database/postgres/repo.go:2838.37,2854.16 11 14
github.com/aptlogica/go-postgres-rest/pkg/database/postgres/repo.go:2854.16,2856.3 1 4
github.com/aptlogica/go-postgres-rest/pkg/database/postgres/repo.go:2857.2,2860.16 3 10
github.com/aptlogica/go-postgres-rest/pkg/database/postgres/repo.go:2860.16,2862.3 1 0
github.com/aptlogica/go-postgres-rest/pkg/database/postgres/repo.go:2864.2,2865.18 2 10
github.com/aptlogica/go-postgres-rest/pkg/database/postgres/repo.go:2865.18,2868.25 3 9
github.com/aptlogica/go-postgres-rest/pkg/database/postgres/repo.go:2868.25,2870.4 1 18
github.com/aptlogica/go-postgres-rest/pkg/database/postgres/repo.go:2872.3,2872.49 1 9
github.com/aptlogica/go-postgres-rest/pkg/database/postgres/repo.go:2872.49,2874.4 1 0
github.com/aptlogica/go-postgres-rest/pkg/database/postgres/repo.go:2876.3,2877.28 2 9
github.com/aptlogica/go-postgres-rest/pkg/database/postgres/repo.go:2877.28,2879.4 1 18
github.com/aptlogica/go-postgres-rest/pkg/database/postgres/repo.go:2880.3,2880.27 1 9
github.com/aptlogica/go-postgres-rest/pkg/database/postgres/repo.go:2884.2,2884.35 1 10
github.com/aptlogica/go-postgres-rest/pkg/database/postgres/repo.go:2884.35,2886.3 1 2
github.com/aptlogica/go-postgres-rest/pkg/database/postgres/repo.go:2888.2,2888.18 1 8
github.com/aptlogica/go-postgres-rest/pkg/database/postgres/repo.go:2898.86,2903.31 4 3
github.com/aptlogica/go-postgres-rest/pkg/database/postgres/repo.go:2903.31,2904.27 1 12
github.com/aptlogica/go-postgres-rest/pkg/database/postgres/repo.go:2904.27,2907.4 2 1
github.com/aptlogica/go-postgres-rest/pkg/database/postgres/repo.go:2909.2,2909.25 1 3
github.com/aptlogica/go-postgres-rest/pkg/database/postgres/repo.go:2909.25,2910.15 1 2
github.com/aptlogica/go-postgres-rest/pkg/database/postgres/repo.go:2910.15,2912.4 1 1
github.com/aptlogica/go-postgres-rest/pkg/database/postgres/repo.go:2914.2,2914.16 1 3
github.com/aptlogica/go-postgres-rest/pkg/database/postgres/repo.go:2918.108,2921.30 3 3
github.com/aptlogica/go-postgres-rest/pkg/database/postgres/repo.go:2921.30,2925.3 2 2
github.com/aptlogica/go-postgres-rest/pkg/database/postgres/repo.go:2927.2,2928.27 2 3
github.com/aptlogica/go-postgres-rest/pkg/database/postgres/repo.go:2928.27,2930.3 1 1
github.com/aptlogica/go-postgres-rest/pkg/database/postgres/repo.go:2930.8,2932.3 1 2
github.com/aptlogica/go-postgres-rest/pkg/database/postgres/repo.go:2934.2,2934.22 1 3
github.com/aptlogica/go-postgres-rest/pkg/database/postgres/repo.go:2937.121,2938.16 1 3
github.com/aptlogica/go-postgres-rest/pkg/database/postgres/repo.go:2938.16,2940.3 1 0
github.com/aptlogica/go-postgres-rest/pkg/database/postgres/repo.go:2943.2,2949.16 4 3
github.com/aptlogica/go-postgres-rest/pkg/database/postgres/repo.go:2949.16,2951.3 1 1
github.com/aptlogica/go-postgres-rest/pkg/database/postgres/repo.go:2952.2,2955.16 3 2
github.com/aptlogica/go-postgres-rest/pkg/database/postgres/repo.go:2955.16,2957.3 1 0
github.com/aptlogica/go-postgres-rest/pkg/database/postgres/repo.go:2959.2,2960.18 2 2
github.com/aptlogica/go-postgres-rest/pkg/database/postgres/repo.go:2960.18,2963.25 3 2
github.com/aptlogica/go-postgres-rest/pkg/database/postgres/repo.go:2963.25,2965.4 1 2
github.com/aptlogica/go-postgres-rest/pkg/database/postgres/repo.go:2967.3,2967.49 1 2
github.com/aptlogica/go-postgres-rest/pkg/database/postgres/repo.go:2967.49,2969.4 1 0
github.com/aptlogica/go-postgres-rest/pkg/database/postgres/repo.go:2971.3,2972.33 2 2
github.com/aptlogica/go-postgres-rest/pkg/database/postgres/repo.go:2976.2,2976.35 1 2
github.com/aptlogica/go-postgres-rest/pkg/database/postgres/repo.go:2976.35,2978.3 1 0
github.com/aptlogica/go-postgres-rest/pkg/database/postgres/repo.go:2980.2,2980.23 1 2
github.com/aptlogica/go-postgres-rest/pkg/database/postgres/repo.go:2980.23,2982.3 1 2
github.com/aptlogica/go-postgres-rest/pkg/database/postgres/repo.go:2983.2,2983.21 1 0
github.com/aptlogica/go-postgres-rest/pkg/database/dbFactory.go:22.24,27.2 3 1
github.com/aptlogica/go-postgres-rest/pkg/database/dbFactory.go:31.95,32.23 1 5
github.com/aptlogica/go-postgres-rest/pkg/database/dbFactory.go:32.23,36.3 3 1
github.com/aptlogica/go-postgres-rest/pkg/database/dbFactory.go:37.2,37.49 1 5
github.com/aptlogica/go-postgres-rest/pkg/database/factory.go:27.62,31.2 1 6
github.com/aptlogica/go-postgres-rest/pkg/database/factory.go:35.100,37.2 1 6
github.com/aptlogica/go-postgres-rest/pkg/database/factory.go:40.121,42.13 2 8
github.com/aptlogica/go-postgres-rest/pkg/database/factory.go:42.13,44.3 1 2
github.com/aptlogica/go-postgres-rest/pkg/database/factory.go:45.2,45.40 1 6
github.com/aptlogica/go-postgres-rest/pkg/database/factory.go:56.115,57.23 1 8
github.com/aptlogica/go-postgres-rest/pkg/database/factory.go:57.23,59.3 1 3
github.com/aptlogica/go-postgres-rest/pkg/database/factory.go:60.2,60.22 1 8
github.com/aptlogica/go-postgres-rest/pkg/database/factory.go:60.22,62.3 1 3
github.com/aptlogica/go-postgres-rest/pkg/database/factory.go:63.2,66.3 1 8
github.com/aptlogica/go-postgres-rest/pkg/database/factory.go:70.107,73.16 2 7
github.com/aptlogica/go-postgres-rest/pkg/database/factory.go:73.16,75.3 1 2
github.com/aptlogica/go-postgres-rest/pkg/database/factory.go:78.2,78.35 1 5
github.com/aptlogica/go-postgres-rest/pkg/database/factory.go:82.69,86.2 3 1
github.com/aptlogica/go-postgres-rest/pkg/database/repoFactory.go:18.86,22.2 3 3
github.com/aptlogica/go-postgres-rest/pkg/database/repoFactory.go:28.107,31.2 2 2
github.com/aptlogica/go-postgres-rest/pkg/database/repoFactory.go:34.55,36.2 1 3
github.com/aptlogica/go-postgres-rest/pkg/database/repository_factory.go:26.50,30.2 1 13
github.com/aptlogica/go-postgres-rest/pkg/database/repository_factory.go:34.89,36.2 1 10
github.com/aptlogica/go-postgres-rest/pkg/database/repository_factory.go:39.122,41.13 2 14
github.com/aptlogica/go-postgres-rest/pkg/database/repository_factory.go:41.13,43.3 1 5
github.com/aptlogica/go-postgres-rest/pkg/database/repository_factory.go:44.2,44.37 1 9
github.com/aptlogica/go-postgres-rest/pkg/database/repository_factory.go:49.114,51.16 2 4
github.com/aptlogica/go-postgres-rest/pkg/database/repository_factory.go:51.16,53.3 1 1
github.com/aptlogica/go-postgres-rest/pkg/database/repository_factory.go:57.2,58.9 2 3
github.com/aptlogica/go-postgres-rest/pkg/database/repository_factory.go:58.9,60.3 1 1
github.com/aptlogica/go-postgres-rest/pkg/database/repository_factory.go:62.2,62.22 1 2
github.com/aptlogica/go-postgres-rest/pkg/database/repository_factory.go:67.57,72.2 2 1
github.com/aptlogica/go-postgres-rest/pkg/utils/file_utility.go:13.36,15.16 2 2
github.com/aptlogica/go-postgres-rest/pkg/utils/file_utility.go:15.16,17.3 1 0
github.com/aptlogica/go-postgres-rest/pkg/utils/file_utility.go:18.2,19.12 2 2
github.com/aptlogica/go-postgres-rest/pkg/utils/file_utility.go:22.44,24.2 1 2
github.com/aptlogica/go-postgres-rest/pkg/utils/file_utility.go:26.36,28.2 1 1
github.com/aptlogica/go-postgres-rest/pkg/utils/file_utility.go:30.44,32.2 1 2
github.com/aptlogica/go-postgres-rest/pkg/utils/file_utility.go:34.31,37.2 2 3
github.com/aptlogica/go-postgres-rest/pkg/utils/helpers.go:19.36,23.2 3 1
github.com/aptlogica/go-postgres-rest/pkg/utils/helpers.go:26.48,27.18 1 10
github.com/aptlogica/go-postgres-rest/pkg/utils/helpers.go:27.18,29.3 1 1
github.com/aptlogica/go-postgres-rest/pkg/utils/helpers.go:31.2,31.27 1 9
github.com/aptlogica/go-postgres-rest/pkg/utils/helpers.go:32.14,33.11 1 1
github.com/aptlogica/go-postgres-rest/pkg/utils/helpers.go:34.38,35.30 1 3
github.com/aptlogica/go-postgres-rest/pkg/utils/helpers.go:36.43,37.30 1 1
github.com/aptlogica/go-postgres-rest/pkg/utils/helpers.go:38.24,39.30 1 1
github.com/aptlogica/go-postgres-rest/pkg/utils/helpers.go:40.12,41.31 1 1
github.com/aptlogica/go-postgres-rest/pkg/utils/helpers.go:42.17,43.32 1 1
github.com/aptlogica/go-postgres-rest/pkg/utils/helpers.go:44.10,45.30 1 1
github.com/aptlogica/go-postgres-rest/pkg/utils/helpers.go:50.46,50.76 1 2
github.com/aptlogica/go-postgres-rest/pkg/utils/helpers.go:53.52,53.92 1 2
github.com/aptlogica/go-postgres-rest/pkg/utils/helpers.go:56.48,56.83 1 2
github.com/aptlogica/go-postgres-rest/pkg/utils/helpers.go:63.35,63.57 1 2
github.com/aptlogica/go-postgres-rest/pkg/utils/helpers.go:66.38,66.60 1 2
github.com/aptlogica/go-postgres-rest/pkg/utils/helpers.go:69.54,69.76 1 2
github.com/aptlogica/go-postgres-rest/pkg/utils/helpers.go:72.38,75.2 2 2
github.com/aptlogica/go-postgres-rest/pkg/utils/helpers.go:80.44,81.18 1 9
github.com/aptlogica/go-postgres-rest/pkg/utils/helpers.go:81.18,83.3 1 1
github.com/aptlogica/go-postgres-rest/pkg/utils/helpers.go:85.2,86.18 2 8
github.com/aptlogica/go-postgres-rest/pkg/utils/helpers.go:87.79,88.22 1 3
github.com/aptlogica/go-postgres-rest/pkg/utils/helpers.go:89.20,90.19 1 2
github.com/aptlogica/go-postgres-rest/pkg/utils/helpers.go:91.78,92.22 1 1
github.com/aptlogica/go-postgres-rest/pkg/utils/helpers.go:93.100,94.23 1 0
github.com/aptlogica/go-postgres-rest/pkg/utils/helpers.go:95.40,96.24 1 0
github.com/aptlogica/go-postgres-rest/pkg/utils/helpers.go:97.38,98.19 1 1
github.com/aptlogica/go-postgres-rest/pkg/utils/helpers.go:101.2,101.14 1 1
github.com/aptlogica/go-postgres-rest/pkg/utils/helpers.go:109.56,110.26 1 8
github.com/aptlogica/go-postgres-rest/pkg/utils/helpers.go:110.26,111.19 1 12
github.com/aptlogica/go-postgres-rest/pkg/utils/helpers.go:111.19,113.4 1 4
github.com/aptlogica/go-postgres-rest/pkg/utils/helpers.go:115.2,115.14 1 4
github.com/aptlogica/go-postgres-rest/pkg/utils/helpers.go:119.58,119.93 1 2
github.com/aptlogica/go-postgres-rest/pkg/utils/helpers.go:120.58,120.93 1 2
github.com/aptlogica/go-postgres-rest/pkg/utils/helpers.go:121.58,121.93 1 2
github.com/aptlogica/go-postgres-rest/pkg/utils/helpers.go:124.61,126.31 2 10
github.com/aptlogica/go-postgres-rest/pkg/utils/helpers.go:126.31,128.3 1 4
github.com/aptlogica/go-postgres-rest/pkg/utils/helpers.go:129.2,129.16 1 6
github.com/aptlogica/go-postgres-rest/pkg/utils/helpers.go:133.80,134.31 1 4
github.com/aptlogica/go-postgres-rest/pkg/utils/helpers.go:134.31,135.36 1 8
github.com/aptlogica/go-postgres-rest/pkg/utils/helpers.go:135.36,137.4 1 1
github.com/aptlogica/go-postgres-rest/pkg/utils/helpers.go:139.2,139.14 1 3
github.com/aptlogica/go-postgres-rest/pkg/utils/helpers.go:145.66,147.9 2 3
github.com/aptlogica/go-postgres-rest/pkg/utils/helpers.go:147.9,149.3 1 1
github.com/aptlogica/go-postgres-rest/pkg/utils/helpers.go:150.2,150.60 1 2
github.com/aptlogica/go-postgres-rest/pkg/utils/helpers.go:150.60,152.3 1 3
github.com/aptlogica/go-postgres-rest/pkg/utils/helpers.go:160.52,161.21 1 6
github.com/aptlogica/go-postgres-rest/pkg/utils/helpers.go:161.21,163.3 1 3
github.com/aptlogica/go-postgres-rest/pkg/utils/helpers.go:164.2,166.26 3 3
github.com/aptlogica/go-postgres-rest/pkg/utils/helpers.go:166.26,167.15 1 9
github.com/aptlogica/go-postgres-rest/pkg/utils/helpers.go:167.15,170.4 2 6
github.com/aptlogica/go-postgres-rest/pkg/utils/helpers.go:172.2,172.15 1 3
github.com/aptlogica/go-postgres-rest/pkg/utils/helpers.go:176.54,176.88 1 2
github.com/aptlogica/go-postgres-rest/pkg/utils/helpers.go:177.54,177.88 1 2
github.com/aptlogica/go-postgres-rest/pkg/utils/helpers.go:181.60,183.9 2 2
github.com/aptlogica/go-postgres-rest/pkg/utils/helpers.go:183.9,185.3 1 1
github.com/aptlogica/go-postgres-rest/pkg/utils/helpers.go:187.2,190.52 3 1
github.com/aptlogica/go-postgres-rest/pkg/utils/helpers.go:190.52,191.17 1 3
github.com/aptlogica/go-postgres-rest/pkg/utils/helpers.go:191.17,194.4 2 2
github.com/aptlogica/go-postgres-rest/pkg/utils/helpers.go:195.3,195.15 1 3
github.com/aptlogica/go-postgres-rest/pkg/utils/helpers.go:198.2,198.27 1 1
github.com/aptlogica/go-postgres-rest/pkg/utils/helpers.go:202.52,203.24 1 3
github.com/aptlogica/go-postgres-rest/pkg/utils/helpers.go:203.24,205.3 1 1
github.com/aptlogica/go-postgres-rest/pkg/utils/helpers.go:207.2,207.17 1 2
github.com/aptlogica/go-postgres-rest/pkg/utils/helpers.go:207.17,209.3 1 1
github.com/aptlogica/go-postgres-rest/pkg/utils/helpers.go:211.2,211.31 1 1
github.com/aptlogica/go-postgres-rest/pkg/utils/helpers.go:215.41,217.18 2 3
github.com/aptlogica/go-postgres-rest/pkg/utils/helpers.go:217.18,219.3 1 1
github.com/aptlogica/go-postgres-rest/pkg/utils/helpers.go:221.2,222.46 2 2
github.com/aptlogica/go-postgres-rest/pkg/utils/helpers.go:222.46,225.3 2 1
github.com/aptlogica/go-postgres-rest/pkg/utils/helpers.go:227.2,227.76 1 2
github.com/aptlogica/go-postgres-rest/pkg/utils/helpers.go:235.77,236.21 1 4
github.com/aptlogica/go-postgres-rest/pkg/utils/helpers.go:236.21,238.3 1 2
github.com/aptlogica/go-postgres-rest/pkg/utils/helpers.go:239.2,240.26 2 2
github.com/aptlogica/go-postgres-rest/pkg/utils/helpers.go:240.26,241.12 1 4
github.com/aptlogica/go-postgres-rest/pkg/utils/helpers.go:241.12,243.4 1 2
github.com/aptlogica/go-postgres-rest/pkg/utils/helpers.go:244.3,244.31 1 4
github.com/aptlogica/go-postgres-rest/pkg/utils/helpers.go:246.2,246.20 1 2
github.com/aptlogica/go-postgres-rest/pkg/utils/helpers.go:250.50,251.58 1 2
github.com/aptlogica/go-postgres-rest/pkg/utils/helpers.go:251.58,251.70 1 2
github.com/aptlogica/go-postgres-rest/pkg/utils/helpers.go:253.44,254.55 1 2
github.com/aptlogica/go-postgres-rest/pkg/utils/helpers.go:254.55,254.86 1 2
github.com/aptlogica/go-postgres-rest/pkg/utils/helpers.go:259.46,261.25 2 3
github.com/aptlogica/go-postgres-rest/pkg/utils/helpers.go:261.25,263.3 1 2
github.com/aptlogica/go-postgres-rest/pkg/utils/helpers.go:265.2,266.53 2 1
github.com/aptlogica/go-postgres-rest/pkg/utils/helpers.go:266.53,267.12 1 2
github.com/aptlogica/go-postgres-rest/pkg/utils/helpers.go:267.12,269.4 1 1
github.com/aptlogica/go-postgres-rest/pkg/utils/helpers.go:270.3,271.15 2 2
github.com/aptlogica/go-postgres-rest/pkg/utils/helpers.go:274.2,274.20 1 1
github.com/aptlogica/go-postgres-rest/pkg/utils/helpers.go:278.41,279.15 1 2
github.com/aptlogica/go-postgres-rest/pkg/utils/helpers.go:279.15,281.3 1 1
github.com/aptlogica/go-postgres-rest/pkg/utils/helpers.go:283.2,284.29 2 1
github.com/aptlogica/go-postgres-rest/pkg/utils/helpers.go:284.29,286.3 1 2
github.com/aptlogica/go-postgres-rest/pkg/utils/helpers.go:288.2,288.14 1 1
github.com/aptlogica/go-postgres-rest/pkg/utils/helpers.go:296.72,298.29 2 4
github.com/aptlogica/go-postgres-rest/pkg/utils/helpers.go:298.29,300.3 1 2
github.com/aptlogica/go-postgres-rest/pkg/utils/helpers.go:301.2,301.29 1 2
github.com/aptlogica/go-postgres-rest/pkg/utils/helpers.go:305.43,307.9 2 2
github.com/aptlogica/go-postgres-rest/pkg/utils/helpers.go:307.9,309.3 1 1
github.com/aptlogica/go-postgres-rest/pkg/utils/helpers.go:310.2,311.27 2 1
github.com/aptlogica/go-postgres-rest/pkg/utils/helpers.go:311.27,313.3 1 2
github.com/aptlogica/go-postgres-rest/pkg/utils/helpers.go:314.2,314.15 1 1
github.com/aptlogica/go-postgres-rest/pkg/utils/helpers.go:318.45,320.9 2 2
github.com/aptlogica/go-postgres-rest/pkg/utils/helpers.go:320.9,322.3 1 1
github.com/aptlogica/go-postgres-rest/pkg/utils/helpers.go:323.2,324.27 2 1
github.com/aptlogica/go-postgres-rest/pkg/utils/helpers.go:324.27,326.3 1 2
github.com/aptlogica/go-postgres-rest/pkg/utils/helpers.go:327.2,327.15 1 1
github.com/aptlogica/go-postgres-rest/pkg/utils/helpers.go:335.32,336.54 1 4
github.com/aptlogica/go-postgres-rest/pkg/utils/helpers.go:336.54,338.3 1 4
github.com/aptlogica/go-postgres-rest/pkg/utils/helpers.go:342.37,342.55 1 1
github.com/aptlogica/go-postgres-rest/pkg/utils/helpers.go:343.37,343.55 1 1
github.com/aptlogica/go-postgres-rest/pkg/utils/helpers.go:344.37,344.55 1 1
github.com/aptlogica/go-postgres-rest/pkg/utils/helpers.go:348.39,350.9 2 2
github.com/aptlogica/go-postgres-rest/pkg/utils/helpers.go:350.9,352.3 1 1
github.com/aptlogica/go-postgres-rest/pkg/utils/helpers.go:353.2,353.51 1 1
github.com/aptlogica/go-postgres-rest/pkg/utils/helpers.go:353.51,358.3 4 1
github.com/aptlogica/go-postgres-rest/pkg/utils/helpers.go:362.52,363.16 1 12
github.com/aptlogica/go-postgres-rest/pkg/utils/helpers.go:363.16,365.3 1 6
github.com/aptlogica/go-postgres-rest/pkg/utils/helpers.go:366.2,366.47 1 6
github.com/aptlogica/go-postgres-rest/pkg/utils/helpers.go:370.34,374.9 3 15
github.com/aptlogica/go-postgres-rest/pkg/utils/helpers.go:375.26,376.20 1 3
github.com/aptlogica/go-postgres-rest/pkg/utils/helpers.go:377.24,378.55 1 2
github.com/aptlogica/go-postgres-rest/pkg/utils/helpers.go:379.27,380.51 1 2
github.com/aptlogica/go-postgres-rest/pkg/utils/helpers.go:381.29,382.53 1 2
github.com/aptlogica/go-postgres-rest/pkg/utils/helpers.go:383.30,384.58 1 2
github.com/aptlogica/go-postgres-rest/pkg/utils/helpers.go:385.31,386.60 1 2
github.com/aptlogica/go-postgres-rest/pkg/utils/helpers.go:387.10,388.60 1 2
