mode: atomic
github.com/aptlogica/go-postgres-rest/pkg/pkg.go:43.44,45.2 1 1
github.com/aptlogica/go-postgres-rest/pkg/pkg.go:51.79,52.16 1 3
github.com/aptlogica/go-postgres-rest/pkg/pkg.go:52.16,54.3 1 1
github.com/aptlogica/go-postgres-rest/pkg/pkg.go:56.2,61.16 4 2
github.com/aptlogica/go-postgres-rest/pkg/pkg.go:61.16,63.3 1 1
github.com/aptlogica/go-postgres-rest/pkg/pkg.go:66.2,67.16 2 1
github.com/aptlogica/go-postgres-rest/pkg/pkg.go:67.16,69.3 1 0
github.com/aptlogica/go-postgres-rest/pkg/pkg.go:72.2,80.8 1 1
github.com/aptlogica/go-postgres-rest/pkg/config/config.go:39.51,40.17 1 6
github.com/aptlogica/go-postgres-rest/pkg/config/config.go:40.17,42.3 1 1
github.com/aptlogica/go-postgres-rest/pkg/config/config.go:43.2,44.16 2 5
github.com/aptlogica/go-postgres-rest/pkg/config/config.go:44.16,46.3 1 1
github.com/aptlogica/go-postgres-rest/pkg/config/config.go:47.2,47.10 1 4
github.com/aptlogica/go-postgres-rest/pkg/config/config.go:50.76,51.17 1 4
github.com/aptlogica/go-postgres-rest/pkg/config/config.go:51.17,53.3 1 1
github.com/aptlogica/go-postgres-rest/pkg/config/config.go:54.2,55.16 2 3
github.com/aptlogica/go-postgres-rest/pkg/config/config.go:55.16,57.3 1 1
github.com/aptlogica/go-postgres-rest/pkg/config/config.go:58.2,58.10 1 2
github.com/aptlogica/go-postgres-rest/pkg/config/config.go:63.30,84.2 3 1
github.com/aptlogica/go-postgres-rest/pkg/services/bulk_service.go:19.74,21.2 1 2
github.com/aptlogica/go-postgres-rest/pkg/services/bulk_service.go:24.120,25.23 1 3
github.com/aptlogica/go-postgres-rest/pkg/services/bulk_service.go:25.23,27.3 1 1
github.com/aptlogica/go-postgres-rest/pkg/services/bulk_service.go:30.2,30.46 1 2
github.com/aptlogica/go-postgres-rest/pkg/services/bulk_service.go:34.159,35.20 1 3
github.com/aptlogica/go-postgres-rest/pkg/services/bulk_service.go:35.20,37.3 1 1
github.com/aptlogica/go-postgres-rest/pkg/services/bulk_service.go:39.2,39.71 1 2
github.com/aptlogica/go-postgres-rest/pkg/services/bulk_service.go:43.121,44.23 1 3
github.com/aptlogica/go-postgres-rest/pkg/services/bulk_service.go:44.23,46.3 1 1
github.com/aptlogica/go-postgres-rest/pkg/services/bulk_service.go:49.2,49.59 1 2
github.com/aptlogica/go-postgres-rest/pkg/services/bulk_service.go:53.103,54.19 1 3
github.com/aptlogica/go-postgres-rest/pkg/services/bulk_service.go:54.19,56.3 1 1
github.com/aptlogica/go-postgres-rest/pkg/services/bulk_service.go:59.2,59.52 1 2
github.com/aptlogica/go-postgres-rest/pkg/services/migration_service.go:30.91,32.2 1 2
github.com/aptlogica/go-postgres-rest/pkg/services/migration_service.go:34.61,37.16 2 4
github.com/aptlogica/go-postgres-rest/pkg/services/migration_service.go:37.16,39.3 1 0
github.com/aptlogica/go-postgres-rest/pkg/services/migration_service.go:41.2,41.12 1 4
github.com/aptlogica/go-postgres-rest/pkg/services/migration_service.go:41.12,43.3 1 2
github.com/aptlogica/go-postgres-rest/pkg/services/migration_service.go:46.2,56.67 2 2
github.com/aptlogica/go-postgres-rest/pkg/services/migration_service.go:59.65,62.16 2 3
github.com/aptlogica/go-postgres-rest/pkg/services/migration_service.go:62.16,64.3 1 0
github.com/aptlogica/go-postgres-rest/pkg/services/migration_service.go:67.2,67.36 1 3
github.com/aptlogica/go-postgres-rest/pkg/services/migration_service.go:67.36,68.32 1 1
github.com/aptlogica/go-postgres-rest/pkg/services/migration_service.go:68.32,70.4 1 1
github.com/aptlogica/go-postgres-rest/pkg/services/migration_service.go:74.2,75.16 2 2
github.com/aptlogica/go-postgres-rest/pkg/services/migration_service.go:75.16,77.3 1 0
github.com/aptlogica/go-postgres-rest/pkg/services/migration_service.go:80.2,82.16 3 2
github.com/aptlogica/go-postgres-rest/pkg/services/migration_service.go:82.16,84.3 1 0
github.com/aptlogica/go-postgres-rest/pkg/services/migration_service.go:86.2,86.12 1 2
github.com/aptlogica/go-postgres-rest/pkg/services/migration_service.go:89.89,91.16 2 2
github.com/aptlogica/go-postgres-rest/pkg/services/migration_service.go:91.16,93.3 1 0
github.com/aptlogica/go-postgres-rest/pkg/services/migration_service.go:96.2,97.33 2 2
github.com/aptlogica/go-postgres-rest/pkg/services/migration_service.go:97.33,105.62 2 2
github.com/aptlogica/go-postgres-rest/pkg/services/migration_service.go:105.62,107.4 1 2
github.com/aptlogica/go-postgres-rest/pkg/services/migration_service.go:110.3,110.39 1 2
github.com/aptlogica/go-postgres-rest/pkg/services/migration_service.go:110.39,112.4 1 2
github.com/aptlogica/go-postgres-rest/pkg/services/migration_service.go:114.3,114.45 1 2
github.com/aptlogica/go-postgres-rest/pkg/services/migration_service.go:117.2,117.24 1 2
github.com/aptlogica/go-postgres-rest/pkg/services/migration_service.go:120.42,123.2 2 2
github.com/aptlogica/go-postgres-rest/pkg/services/performance_service.go:21.88,23.2 1 3
github.com/aptlogica/go-postgres-rest/pkg/services/performance_service.go:26.68,29.16 2 5
github.com/aptlogica/go-postgres-rest/pkg/services/performance_service.go:29.16,31.3 1 1
github.com/aptlogica/go-postgres-rest/pkg/services/performance_service.go:34.2,34.74 1 4
github.com/aptlogica/go-postgres-rest/pkg/services/performance_service.go:34.74,36.3 1 0
github.com/aptlogica/go-postgres-rest/pkg/services/performance_service.go:39.2,39.76 1 4
github.com/aptlogica/go-postgres-rest/pkg/services/performance_service.go:39.76,41.3 1 1
github.com/aptlogica/go-postgres-rest/pkg/services/performance_service.go:43.2,43.12 1 3
github.com/aptlogica/go-postgres-rest/pkg/services/performance_service.go:46.87,48.16 2 5
github.com/aptlogica/go-postgres-rest/pkg/services/performance_service.go:48.16,50.3 1 0
github.com/aptlogica/go-postgres-rest/pkg/services/performance_service.go:52.2,52.41 1 5
github.com/aptlogica/go-postgres-rest/pkg/services/performance_service.go:52.41,53.35 1 4
github.com/aptlogica/go-postgres-rest/pkg/services/performance_service.go:53.35,55.4 1 4
github.com/aptlogica/go-postgres-rest/pkg/services/performance_service.go:58.2,58.57 1 1
github.com/aptlogica/go-postgres-rest/pkg/services/performance_service.go:61.105,62.45 1 4
github.com/aptlogica/go-postgres-rest/pkg/services/performance_service.go:62.45,63.65 1 7
github.com/aptlogica/go-postgres-rest/pkg/services/performance_service.go:63.65,66.18 3 3
github.com/aptlogica/go-postgres-rest/pkg/services/performance_service.go:66.18,68.5 1 0
github.com/aptlogica/go-postgres-rest/pkg/services/performance_service.go:71.2,71.12 1 4
github.com/aptlogica/go-postgres-rest/pkg/services/performance_service.go:74.107,75.45 1 4
github.com/aptlogica/go-postgres-rest/pkg/services/performance_service.go:75.45,76.42 1 7
github.com/aptlogica/go-postgres-rest/pkg/services/performance_service.go:76.42,79.18 3 4
github.com/aptlogica/go-postgres-rest/pkg/services/performance_service.go:79.18,81.5 1 1
github.com/aptlogica/go-postgres-rest/pkg/services/performance_service.go:84.2,84.12 1 3
github.com/aptlogica/go-postgres-rest/pkg/services/performance_service.go:87.106,88.33 1 7
github.com/aptlogica/go-postgres-rest/pkg/services/performance_service.go:88.33,89.34 1 6
github.com/aptlogica/go-postgres-rest/pkg/services/performance_service.go:89.34,90.25 1 6
github.com/aptlogica/go-postgres-rest/pkg/services/performance_service.go:90.25,92.5 1 3
github.com/aptlogica/go-postgres-rest/pkg/services/performance_service.go:95.2,95.14 1 4
github.com/aptlogica/go-postgres-rest/pkg/services/performance_service.go:98.75,110.2 2 7
github.com/aptlogica/go-postgres-rest/pkg/services/performance_service.go:113.76,116.2 1 3
github.com/aptlogica/go-postgres-rest/pkg/services/performance_service.go:119.86,122.2 1 3
github.com/aptlogica/go-postgres-rest/pkg/services/performance_service.go:125.101,128.2 2 3
github.com/aptlogica/go-postgres-rest/pkg/services/performance_service.go:131.104,134.16 2 9
github.com/aptlogica/go-postgres-rest/pkg/services/performance_service.go:134.16,136.3 1 2
github.com/aptlogica/go-postgres-rest/pkg/services/performance_service.go:138.2,138.13 1 7
github.com/aptlogica/go-postgres-rest/pkg/services/performance_service.go:138.13,140.3 1 1
github.com/aptlogica/go-postgres-rest/pkg/services/performance_service.go:143.2,144.16 2 6
github.com/aptlogica/go-postgres-rest/pkg/services/performance_service.go:144.16,146.3 1 1
github.com/aptlogica/go-postgres-rest/pkg/services/performance_service.go:148.2,149.41 2 5
github.com/aptlogica/go-postgres-rest/pkg/services/performance_service.go:149.41,150.35 1 4
github.com/aptlogica/go-postgres-rest/pkg/services/performance_service.go:150.35,152.9 2 4
github.com/aptlogica/go-postgres-rest/pkg/services/performance_service.go:156.2,156.24 1 5
github.com/aptlogica/go-postgres-rest/pkg/services/performance_service.go:156.24,158.3 1 1
github.com/aptlogica/go-postgres-rest/pkg/services/performance_service.go:160.2,169.39 2 4
github.com/aptlogica/go-postgres-rest/pkg/services/performance_service.go:169.39,171.3 1 4
github.com/aptlogica/go-postgres-rest/pkg/services/performance_service.go:173.2,173.38 1 4
github.com/aptlogica/go-postgres-rest/pkg/services/performance_service.go:173.38,175.3 1 4
github.com/aptlogica/go-postgres-rest/pkg/services/performance_service.go:177.2,177.35 1 4
github.com/aptlogica/go-postgres-rest/pkg/services/performance_service.go:177.35,179.3 1 1
github.com/aptlogica/go-postgres-rest/pkg/services/performance_service.go:181.2,181.22 1 4
github.com/aptlogica/go-postgres-rest/pkg/services/relationship_service.go:19.97,21.2 1 14
github.com/aptlogica/go-postgres-rest/pkg/services/relationship_service.go:23.128,25.65 1 7
github.com/aptlogica/go-postgres-rest/pkg/services/relationship_service.go:25.65,27.3 1 4
github.com/aptlogica/go-postgres-rest/pkg/services/relationship_service.go:30.2,30.18 1 3
github.com/aptlogica/go-postgres-rest/pkg/services/relationship_service.go:31.35,32.43 1 1
github.com/aptlogica/go-postgres-rest/pkg/services/relationship_service.go:33.36,34.44 1 1
github.com/aptlogica/go-postgres-rest/pkg/services/relationship_service.go:35.37,36.45 1 1
github.com/aptlogica/go-postgres-rest/pkg/services/relationship_service.go:37.10,38.72 1 0
github.com/aptlogica/go-postgres-rest/pkg/services/relationship_service.go:42.143,44.21 1 5
github.com/aptlogica/go-postgres-rest/pkg/services/relationship_service.go:44.21,45.74 1 3
github.com/aptlogica/go-postgres-rest/pkg/services/relationship_service.go:45.74,47.4 1 1
github.com/aptlogica/go-postgres-rest/pkg/services/relationship_service.go:51.2,51.106 1 4
github.com/aptlogica/go-postgres-rest/pkg/services/relationship_service.go:51.106,52.71 1 2
github.com/aptlogica/go-postgres-rest/pkg/services/relationship_service.go:52.71,54.4 1 1
github.com/aptlogica/go-postgres-rest/pkg/services/relationship_service.go:57.2,57.12 1 3
github.com/aptlogica/go-postgres-rest/pkg/services/relationship_service.go:62.174,63.27 1 2
github.com/aptlogica/go-postgres-rest/pkg/services/relationship_service.go:64.35,65.46 1 1
github.com/aptlogica/go-postgres-rest/pkg/services/relationship_service.go:66.36,67.47 1 1
github.com/aptlogica/go-postgres-rest/pkg/services/relationship_service.go:68.10,69.102 1 0
github.com/aptlogica/go-postgres-rest/pkg/services/relationship_service.go:73.174,74.27 1 2
github.com/aptlogica/go-postgres-rest/pkg/services/relationship_service.go:75.37,76.48 1 1
github.com/aptlogica/go-postgres-rest/pkg/services/relationship_service.go:77.36,78.47 1 1
github.com/aptlogica/go-postgres-rest/pkg/services/relationship_service.go:79.10,80.102 1 0
github.com/aptlogica/go-postgres-rest/pkg/services/relationship_service.go:84.177,85.27 1 2
github.com/aptlogica/go-postgres-rest/pkg/services/relationship_service.go:86.37,87.51 1 1
github.com/aptlogica/go-postgres-rest/pkg/services/relationship_service.go:88.65,89.50 1 1
github.com/aptlogica/go-postgres-rest/pkg/services/relationship_service.go:90.10,91.105 1 0
github.com/aptlogica/go-postgres-rest/pkg/services/relationship_service.go:97.109,98.20 1 7
github.com/aptlogica/go-postgres-rest/pkg/services/relationship_service.go:98.20,100.3 1 1
github.com/aptlogica/go-postgres-rest/pkg/services/relationship_service.go:102.2,102.20 1 6
github.com/aptlogica/go-postgres-rest/pkg/services/relationship_service.go:102.20,104.3 1 1
github.com/aptlogica/go-postgres-rest/pkg/services/relationship_service.go:106.2,106.27 1 5
github.com/aptlogica/go-postgres-rest/pkg/services/relationship_service.go:106.27,108.3 1 1
github.com/aptlogica/go-postgres-rest/pkg/services/relationship_service.go:110.2,110.27 1 4
github.com/aptlogica/go-postgres-rest/pkg/services/relationship_service.go:110.27,112.3 1 1
github.com/aptlogica/go-postgres-rest/pkg/services/relationship_service.go:114.2,114.12 1 3
github.com/aptlogica/go-postgres-rest/pkg/services/relationship_service.go:117.136,120.24 2 1
github.com/aptlogica/go-postgres-rest/pkg/services/relationship_service.go:120.24,122.3 1 1
github.com/aptlogica/go-postgres-rest/pkg/services/relationship_service.go:124.2,125.24 2 1
github.com/aptlogica/go-postgres-rest/pkg/services/relationship_service.go:125.24,127.3 1 1
github.com/aptlogica/go-postgres-rest/pkg/services/relationship_service.go:129.2,141.33 2 1
github.com/aptlogica/go-postgres-rest/pkg/services/relationship_service.go:141.33,142.74 1 1
github.com/aptlogica/go-postgres-rest/pkg/services/relationship_service.go:142.74,144.4 1 0
github.com/aptlogica/go-postgres-rest/pkg/services/relationship_service.go:148.2,148.27 1 1
github.com/aptlogica/go-postgres-rest/pkg/services/relationship_service.go:151.137,154.24 2 1
github.com/aptlogica/go-postgres-rest/pkg/services/relationship_service.go:154.24,156.3 1 1
github.com/aptlogica/go-postgres-rest/pkg/services/relationship_service.go:158.2,159.24 2 1
github.com/aptlogica/go-postgres-rest/pkg/services/relationship_service.go:159.24,161.3 1 1
github.com/aptlogica/go-postgres-rest/pkg/services/relationship_service.go:163.2,175.33 2 1
github.com/aptlogica/go-postgres-rest/pkg/services/relationship_service.go:175.33,176.73 1 1
github.com/aptlogica/go-postgres-rest/pkg/services/relationship_service.go:176.73,178.4 1 0
github.com/aptlogica/go-postgres-rest/pkg/services/relationship_service.go:183.2,183.26 1 1
github.com/aptlogica/go-postgres-rest/pkg/services/relationship_service.go:186.138,190.26 2 1
github.com/aptlogica/go-postgres-rest/pkg/services/relationship_service.go:190.26,194.3 3 0
github.com/aptlogica/go-postgres-rest/pkg/services/relationship_service.go:197.2,197.25 1 1
github.com/aptlogica/go-postgres-rest/pkg/services/relationship_service.go:197.25,199.3 1 1
github.com/aptlogica/go-postgres-rest/pkg/services/relationship_service.go:200.2,200.28 1 1
github.com/aptlogica/go-postgres-rest/pkg/services/relationship_service.go:200.28,202.3 1 1
github.com/aptlogica/go-postgres-rest/pkg/services/relationship_service.go:203.2,203.28 1 1
github.com/aptlogica/go-postgres-rest/pkg/services/relationship_service.go:203.28,205.3 1 1
github.com/aptlogica/go-postgres-rest/pkg/services/relationship_service.go:208.2,209.24 2 1
github.com/aptlogica/go-postgres-rest/pkg/services/relationship_service.go:209.24,211.3 1 1
github.com/aptlogica/go-postgres-rest/pkg/services/relationship_service.go:212.2,213.24 2 1
github.com/aptlogica/go-postgres-rest/pkg/services/relationship_service.go:213.24,215.3 1 1
github.com/aptlogica/go-postgres-rest/pkg/services/relationship_service.go:218.2,240.75 3 1
github.com/aptlogica/go-postgres-rest/pkg/services/relationship_service.go:240.75,242.3 1 0
github.com/aptlogica/go-postgres-rest/pkg/services/relationship_service.go:245.2,245.26 1 1
github.com/aptlogica/go-postgres-rest/pkg/services/relationship_service.go:248.170,250.16 2 1
github.com/aptlogica/go-postgres-rest/pkg/services/relationship_service.go:250.16,255.3 1 1
github.com/aptlogica/go-postgres-rest/pkg/services/relationship_service.go:257.2,260.8 1 0
github.com/aptlogica/go-postgres-rest/pkg/services/relationship_service.go:263.171,265.16 2 1
github.com/aptlogica/go-postgres-rest/pkg/services/relationship_service.go:265.16,270.3 1 1
github.com/aptlogica/go-postgres-rest/pkg/services/relationship_service.go:272.2,275.8 1 0
github.com/aptlogica/go-postgres-rest/pkg/services/relationship_service.go:278.172,280.16 2 1
github.com/aptlogica/go-postgres-rest/pkg/services/relationship_service.go:280.16,285.3 1 1
github.com/aptlogica/go-postgres-rest/pkg/services/relationship_service.go:287.2,291.8 1 0
github.com/aptlogica/go-postgres-rest/pkg/services/relationship_service.go:294.171,296.16 2 1
github.com/aptlogica/go-postgres-rest/pkg/services/relationship_service.go:296.16,301.3 1 1
github.com/aptlogica/go-postgres-rest/pkg/services/relationship_service.go:303.2,306.8 1 0
github.com/aptlogica/go-postgres-rest/pkg/services/relationship_service.go:309.175,311.16 2 1
github.com/aptlogica/go-postgres-rest/pkg/services/relationship_service.go:311.16,316.3 1 1
github.com/aptlogica/go-postgres-rest/pkg/services/relationship_service.go:318.2,321.8 1 0
github.com/aptlogica/go-postgres-rest/pkg/services/relationship_service.go:324.174,326.16 2 1
github.com/aptlogica/go-postgres-rest/pkg/services/relationship_service.go:326.16,331.3 1 1
github.com/aptlogica/go-postgres-rest/pkg/services/relationship_service.go:333.2,336.8 1 0
github.com/aptlogica/go-postgres-rest/pkg/services/table_service.go:24.76,26.2 1 12
github.com/aptlogica/go-postgres-rest/pkg/services/table_service.go:29.73,31.2 1 1
github.com/aptlogica/go-postgres-rest/pkg/services/table_service.go:34.116,36.16 2 2
github.com/aptlogica/go-postgres-rest/pkg/services/table_service.go:36.16,38.3 1 0
github.com/aptlogica/go-postgres-rest/pkg/services/table_service.go:40.2,41.9 2 2
github.com/aptlogica/go-postgres-rest/pkg/services/table_service.go:41.9,46.3 1 1
github.com/aptlogica/go-postgres-rest/pkg/services/table_service.go:47.2,47.18 1 1
github.com/aptlogica/go-postgres-rest/pkg/services/table_service.go:50.116,52.16 2 3
github.com/aptlogica/go-postgres-rest/pkg/services/table_service.go:52.16,54.3 1 1
github.com/aptlogica/go-postgres-rest/pkg/services/table_service.go:55.2,56.9 2 2
github.com/aptlogica/go-postgres-rest/pkg/services/table_service.go:56.9,61.3 1 1
github.com/aptlogica/go-postgres-rest/pkg/services/table_service.go:62.2,62.18 1 1
github.com/aptlogica/go-postgres-rest/pkg/services/table_service.go:65.132,67.16 2 3
github.com/aptlogica/go-postgres-rest/pkg/services/table_service.go:67.16,69.3 1 1
github.com/aptlogica/go-postgres-rest/pkg/services/table_service.go:70.2,71.9 2 2
github.com/aptlogica/go-postgres-rest/pkg/services/table_service.go:71.9,76.3 1 1
github.com/aptlogica/go-postgres-rest/pkg/services/table_service.go:77.2,77.18 1 1
github.com/aptlogica/go-postgres-rest/pkg/services/table_service.go:80.77,82.2 1 1
github.com/aptlogica/go-postgres-rest/pkg/services/table_service.go:84.139,86.16 2 0
github.com/aptlogica/go-postgres-rest/pkg/services/table_service.go:86.16,88.3 1 0
github.com/aptlogica/go-postgres-rest/pkg/services/table_service.go:89.2,90.9 2 0
github.com/aptlogica/go-postgres-rest/pkg/services/table_service.go:90.9,95.3 1 0
github.com/aptlogica/go-postgres-rest/pkg/services/table_service.go:96.2,96.22 1 0
github.com/aptlogica/go-postgres-rest/pkg/services/table_service.go:99.101,101.16 2 0
github.com/aptlogica/go-postgres-rest/pkg/services/table_service.go:101.16,103.3 1 0
github.com/aptlogica/go-postgres-rest/pkg/services/table_service.go:104.2,104.26 1 0
github.com/aptlogica/go-postgres-rest/pkg/services/table_service.go:108.73,110.58 1 4
github.com/aptlogica/go-postgres-rest/pkg/services/table_service.go:110.58,112.3 1 3
github.com/aptlogica/go-postgres-rest/pkg/services/table_service.go:114.2,114.37 1 1
github.com/aptlogica/go-postgres-rest/pkg/services/table_service.go:117.87,119.63 1 3
github.com/aptlogica/go-postgres-rest/pkg/services/table_service.go:119.63,121.3 1 2
github.com/aptlogica/go-postgres-rest/pkg/services/table_service.go:123.2,123.40 1 1
github.com/aptlogica/go-postgres-rest/pkg/services/table_service.go:126.89,128.57 1 3
github.com/aptlogica/go-postgres-rest/pkg/services/table_service.go:128.57,130.3 1 2
github.com/aptlogica/go-postgres-rest/pkg/services/table_service.go:132.2,132.47 1 1
github.com/aptlogica/go-postgres-rest/pkg/services/table_service.go:136.88,137.52 1 4
github.com/aptlogica/go-postgres-rest/pkg/services/table_service.go:137.52,139.3 1 1
github.com/aptlogica/go-postgres-rest/pkg/services/table_service.go:140.2,140.61 1 3
github.com/aptlogica/go-postgres-rest/pkg/services/table_service.go:140.61,142.3 1 0
github.com/aptlogica/go-postgres-rest/pkg/services/table_service.go:143.2,143.66 1 3
github.com/aptlogica/go-postgres-rest/pkg/services/table_service.go:143.66,145.3 1 1
github.com/aptlogica/go-postgres-rest/pkg/services/table_service.go:146.2,146.73 1 2
github.com/aptlogica/go-postgres-rest/pkg/services/table_service.go:146.73,148.3 1 0
github.com/aptlogica/go-postgres-rest/pkg/services/table_service.go:149.2,149.74 1 2
github.com/aptlogica/go-postgres-rest/pkg/services/table_service.go:149.74,151.3 1 1
github.com/aptlogica/go-postgres-rest/pkg/services/table_service.go:152.2,152.12 1 1
github.com/aptlogica/go-postgres-rest/pkg/services/table_service.go:155.43,156.16 1 4
github.com/aptlogica/go-postgres-rest/pkg/services/table_service.go:156.16,158.3 1 1
github.com/aptlogica/go-postgres-rest/pkg/services/table_service.go:159.2,159.12 1 3
github.com/aptlogica/go-postgres-rest/pkg/services/table_service.go:162.71,163.23 1 3
github.com/aptlogica/go-postgres-rest/pkg/services/table_service.go:163.23,165.3 1 0
github.com/aptlogica/go-postgres-rest/pkg/services/table_service.go:166.2,166.12 1 3
github.com/aptlogica/go-postgres-rest/pkg/services/table_service.go:169.92,171.30 2 3
github.com/aptlogica/go-postgres-rest/pkg/services/table_service.go:171.30,172.57 1 5
github.com/aptlogica/go-postgres-rest/pkg/services/table_service.go:172.57,174.4 1 1
github.com/aptlogica/go-postgres-rest/pkg/services/table_service.go:175.3,175.28 1 4
github.com/aptlogica/go-postgres-rest/pkg/services/table_service.go:175.28,177.4 1 0
github.com/aptlogica/go-postgres-rest/pkg/services/table_service.go:178.3,178.31 1 4
github.com/aptlogica/go-postgres-rest/pkg/services/table_service.go:180.2,180.12 1 2
github.com/aptlogica/go-postgres-rest/pkg/services/table_service.go:183.89,185.30 2 2
github.com/aptlogica/go-postgres-rest/pkg/services/table_service.go:185.30,187.3 1 3
github.com/aptlogica/go-postgres-rest/pkg/services/table_service.go:188.2,188.33 1 2
github.com/aptlogica/go-postgres-rest/pkg/services/table_service.go:188.33,189.23 1 1
github.com/aptlogica/go-postgres-rest/pkg/services/table_service.go:189.23,191.4 1 0
github.com/aptlogica/go-postgres-rest/pkg/services/table_service.go:193.2,193.12 1 2
github.com/aptlogica/go-postgres-rest/pkg/services/table_service.go:196.103,198.30 2 2
github.com/aptlogica/go-postgres-rest/pkg/services/table_service.go:198.30,200.3 1 3
github.com/aptlogica/go-postgres-rest/pkg/services/table_service.go:201.2,201.33 1 2
github.com/aptlogica/go-postgres-rest/pkg/services/table_service.go:201.33,202.34 1 1
github.com/aptlogica/go-postgres-rest/pkg/services/table_service.go:202.34,203.25 1 1
github.com/aptlogica/go-postgres-rest/pkg/services/table_service.go:203.25,205.5 1 1
github.com/aptlogica/go-postgres-rest/pkg/services/table_service.go:208.2,208.12 1 1
github.com/aptlogica/go-postgres-rest/pkg/services/table_service.go:211.84,212.20 1 9
github.com/aptlogica/go-postgres-rest/pkg/services/table_service.go:212.20,214.3 1 1
github.com/aptlogica/go-postgres-rest/pkg/services/table_service.go:216.2,216.24 1 8
github.com/aptlogica/go-postgres-rest/pkg/services/table_service.go:216.24,218.3 1 0
github.com/aptlogica/go-postgres-rest/pkg/services/table_service.go:221.2,234.56 3 8
github.com/aptlogica/go-postgres-rest/pkg/services/table_service.go:234.56,236.3 1 0
github.com/aptlogica/go-postgres-rest/pkg/services/table_service.go:238.2,238.44 1 8
github.com/aptlogica/go-postgres-rest/pkg/services/table_service.go:238.44,240.3 1 2
github.com/aptlogica/go-postgres-rest/pkg/services/table_service.go:242.2,242.12 1 6
github.com/aptlogica/go-postgres-rest/pkg/services/table_service.go:245.86,246.20 1 10
github.com/aptlogica/go-postgres-rest/pkg/services/table_service.go:247.20,248.45 1 2
github.com/aptlogica/go-postgres-rest/pkg/services/table_service.go:249.21,250.46 1 3
github.com/aptlogica/go-postgres-rest/pkg/services/table_service.go:251.23,252.48 1 1
github.com/aptlogica/go-postgres-rest/pkg/services/table_service.go:253.23,254.48 1 2
github.com/aptlogica/go-postgres-rest/pkg/services/table_service.go:255.10,256.58 1 2
github.com/aptlogica/go-postgres-rest/pkg/services/table_service.go:260.72,261.54 1 2
github.com/aptlogica/go-postgres-rest/pkg/services/table_service.go:261.54,263.3 1 1
github.com/aptlogica/go-postgres-rest/pkg/services/table_service.go:264.2,267.3 1 1
github.com/aptlogica/go-postgres-rest/pkg/services/table_service.go:270.73,271.56 1 3
github.com/aptlogica/go-postgres-rest/pkg/services/table_service.go:271.56,272.31 1 2
github.com/aptlogica/go-postgres-rest/pkg/services/table_service.go:272.31,274.4 1 1
github.com/aptlogica/go-postgres-rest/pkg/services/table_service.go:275.3,275.13 1 1
github.com/aptlogica/go-postgres-rest/pkg/services/table_service.go:277.2,280.3 1 1
github.com/aptlogica/go-postgres-rest/pkg/services/table_service.go:283.75,284.57 1 1
github.com/aptlogica/go-postgres-rest/pkg/services/table_service.go:284.57,285.30 1 1
github.com/aptlogica/go-postgres-rest/pkg/services/table_service.go:285.30,287.4 1 1
github.com/aptlogica/go-postgres-rest/pkg/services/table_service.go:288.3,288.13 1 0
github.com/aptlogica/go-postgres-rest/pkg/services/table_service.go:290.2,293.3 1 0
github.com/aptlogica/go-postgres-rest/pkg/services/table_service.go:296.75,297.60 1 2
github.com/aptlogica/go-postgres-rest/pkg/services/table_service.go:297.60,298.57 1 2
github.com/aptlogica/go-postgres-rest/pkg/services/table_service.go:298.57,300.4 1 1
github.com/aptlogica/go-postgres-rest/pkg/services/table_service.go:301.3,301.13 1 1
github.com/aptlogica/go-postgres-rest/pkg/services/table_service.go:303.2,306.3 1 0
github.com/aptlogica/go-postgres-rest/pkg/services/table_service.go:341.120,356.34 3 32
github.com/aptlogica/go-postgres-rest/pkg/services/table_service.go:356.34,357.39 1 41
github.com/aptlogica/go-postgres-rest/pkg/services/table_service.go:357.39,358.45 1 41
github.com/aptlogica/go-postgres-rest/pkg/services/table_service.go:358.45,361.5 1 26
github.com/aptlogica/go-postgres-rest/pkg/services/table_service.go:366.2,366.20 1 6
github.com/aptlogica/go-postgres-rest/pkg/services/table_service.go:369.77,370.41 1 8
github.com/aptlogica/go-postgres-rest/pkg/services/table_service.go:370.41,372.32 2 4
github.com/aptlogica/go-postgres-rest/pkg/services/table_service.go:372.32,374.4 1 7
github.com/aptlogica/go-postgres-rest/pkg/services/table_service.go:375.8,375.25 1 4
github.com/aptlogica/go-postgres-rest/pkg/services/table_service.go:375.25,380.3 1 3
github.com/aptlogica/go-postgres-rest/pkg/services/table_service.go:381.2,381.12 1 5
github.com/aptlogica/go-postgres-rest/pkg/services/table_service.go:415.76,416.47 1 14
github.com/aptlogica/go-postgres-rest/pkg/services/table_service.go:416.47,418.37 2 11
github.com/aptlogica/go-postgres-rest/pkg/services/table_service.go:418.37,420.18 2 11
github.com/aptlogica/go-postgres-rest/pkg/services/table_service.go:420.18,422.5 1 7
github.com/aptlogica/go-postgres-rest/pkg/services/table_service.go:423.4,423.31 1 4
github.com/aptlogica/go-postgres-rest/pkg/services/table_service.go:425.3,425.23 1 4
github.com/aptlogica/go-postgres-rest/pkg/services/table_service.go:426.8,426.25 1 3
github.com/aptlogica/go-postgres-rest/pkg/services/table_service.go:426.25,431.3 1 3
github.com/aptlogica/go-postgres-rest/pkg/services/table_service.go:432.2,432.12 1 4
github.com/aptlogica/go-postgres-rest/pkg/services/table_service.go:440.69,441.58 1 11
github.com/aptlogica/go-postgres-rest/pkg/services/table_service.go:441.58,443.56 2 10
github.com/aptlogica/go-postgres-rest/pkg/services/table_service.go:443.56,445.4 1 3
github.com/aptlogica/go-postgres-rest/pkg/services/table_service.go:446.3,446.55 1 7
github.com/aptlogica/go-postgres-rest/pkg/services/table_service.go:446.55,448.4 1 1
github.com/aptlogica/go-postgres-rest/pkg/services/table_service.go:449.3,449.53 1 6
github.com/aptlogica/go-postgres-rest/pkg/services/table_service.go:449.53,451.4 1 1
github.com/aptlogica/go-postgres-rest/pkg/services/table_service.go:452.3,452.56 1 5
github.com/aptlogica/go-postgres-rest/pkg/services/table_service.go:452.56,454.4 1 1
github.com/aptlogica/go-postgres-rest/pkg/services/table_service.go:455.3,455.19 1 4
github.com/aptlogica/go-postgres-rest/pkg/services/table_service.go:456.8,461.3 1 1
github.com/aptlogica/go-postgres-rest/pkg/services/table_service.go:464.84,465.48 1 10
github.com/aptlogica/go-postgres-rest/pkg/services/table_service.go:465.48,467.3 1 3
github.com/aptlogica/go-postgres-rest/pkg/services/table_service.go:467.8,467.50 1 7
github.com/aptlogica/go-postgres-rest/pkg/services/table_service.go:467.50,472.3 1 3
github.com/aptlogica/go-postgres-rest/pkg/services/table_service.go:473.2,473.12 1 7
github.com/aptlogica/go-postgres-rest/pkg/services/table_service.go:476.83,477.50 1 7
github.com/aptlogica/go-postgres-rest/pkg/services/table_service.go:477.50,479.3 1 3
github.com/aptlogica/go-postgres-rest/pkg/services/table_service.go:479.8,479.49 1 4
github.com/aptlogica/go-postgres-rest/pkg/services/table_service.go:479.49,484.3 1 1
github.com/aptlogica/go-postgres-rest/pkg/services/table_service.go:485.2,485.12 1 6
github.com/aptlogica/go-postgres-rest/pkg/services/table_service.go:488.81,489.42 1 6
github.com/aptlogica/go-postgres-rest/pkg/services/table_service.go:489.42,491.3 1 3
github.com/aptlogica/go-postgres-rest/pkg/services/table_service.go:491.8,491.47 1 3
github.com/aptlogica/go-postgres-rest/pkg/services/table_service.go:491.47,496.3 1 1
github.com/aptlogica/go-postgres-rest/pkg/services/table_service.go:497.2,497.12 1 5
github.com/aptlogica/go-postgres-rest/pkg/services/table_service.go:500.84,501.48 1 5
github.com/aptlogica/go-postgres-rest/pkg/services/table_service.go:501.48,503.3 1 3
github.com/aptlogica/go-postgres-rest/pkg/services/table_service.go:503.8,503.50 1 2
github.com/aptlogica/go-postgres-rest/pkg/services/table_service.go:503.50,508.3 1 1
github.com/aptlogica/go-postgres-rest/pkg/services/table_service.go:509.2,509.12 1 4
github.com/aptlogica/go-postgres-rest/pkg/services/table_service.go:512.81,513.46 1 10
github.com/aptlogica/go-postgres-rest/pkg/services/table_service.go:513.46,515.35 2 8
github.com/aptlogica/go-postgres-rest/pkg/services/table_service.go:515.35,517.18 2 8
github.com/aptlogica/go-postgres-rest/pkg/services/table_service.go:517.18,519.5 1 5
github.com/aptlogica/go-postgres-rest/pkg/services/table_service.go:520.4,520.40 1 3
github.com/aptlogica/go-postgres-rest/pkg/services/table_service.go:522.3,522.33 1 3
github.com/aptlogica/go-postgres-rest/pkg/services/table_service.go:523.8,523.25 1 2
github.com/aptlogica/go-postgres-rest/pkg/services/table_service.go:523.25,528.3 1 2
github.com/aptlogica/go-postgres-rest/pkg/services/table_service.go:529.2,529.12 1 3
github.com/aptlogica/go-postgres-rest/pkg/services/table_service.go:532.80,533.56 1 8
github.com/aptlogica/go-postgres-rest/pkg/services/table_service.go:533.56,535.62 2 7
github.com/aptlogica/go-postgres-rest/pkg/services/table_service.go:535.62,537.4 1 2
github.com/aptlogica/go-postgres-rest/pkg/services/table_service.go:538.3,538.60 1 5
github.com/aptlogica/go-postgres-rest/pkg/services/table_service.go:538.60,540.4 1 1
github.com/aptlogica/go-postgres-rest/pkg/services/table_service.go:541.3,541.59 1 4
github.com/aptlogica/go-postgres-rest/pkg/services/table_service.go:541.59,543.4 1 1
github.com/aptlogica/go-postgres-rest/pkg/services/table_service.go:544.3,544.18 1 3
github.com/aptlogica/go-postgres-rest/pkg/services/table_service.go:545.8,550.3 1 1
github.com/aptlogica/go-postgres-rest/pkg/services/table_service.go:553.97,554.53 1 7
github.com/aptlogica/go-postgres-rest/pkg/services/table_service.go:554.53,556.3 1 3
github.com/aptlogica/go-postgres-rest/pkg/services/table_service.go:556.8,556.52 1 4
github.com/aptlogica/go-postgres-rest/pkg/services/table_service.go:556.52,561.3 1 2
github.com/aptlogica/go-postgres-rest/pkg/services/table_service.go:562.2,562.12 1 5
github.com/aptlogica/go-postgres-rest/pkg/services/table_service.go:565.95,566.49 1 5
github.com/aptlogica/go-postgres-rest/pkg/services/table_service.go:566.49,568.3 1 3
github.com/aptlogica/go-postgres-rest/pkg/services/table_service.go:568.8,568.50 1 2
github.com/aptlogica/go-postgres-rest/pkg/services/table_service.go:568.50,573.3 1 1
github.com/aptlogica/go-postgres-rest/pkg/services/table_service.go:574.2,574.12 1 4
github.com/aptlogica/go-postgres-rest/pkg/services/table_service.go:577.94,578.47 1 4
github.com/aptlogica/go-postgres-rest/pkg/services/table_service.go:578.47,580.3 1 2
github.com/aptlogica/go-postgres-rest/pkg/services/table_service.go:580.8,580.49 1 2
github.com/aptlogica/go-postgres-rest/pkg/services/table_service.go:580.49,585.3 1 1
github.com/aptlogica/go-postgres-rest/pkg/services/table_service.go:586.2,586.12 1 3
github.com/aptlogica/go-postgres-rest/pkg/services/table_service.go:589.78,590.40 1 4
github.com/aptlogica/go-postgres-rest/pkg/services/table_service.go:590.40,592.33 2 2
github.com/aptlogica/go-postgres-rest/pkg/services/table_service.go:592.33,594.4 1 3
github.com/aptlogica/go-postgres-rest/pkg/services/table_service.go:595.8,595.25 1 2
github.com/aptlogica/go-postgres-rest/pkg/services/table_service.go:595.25,600.3 1 2
github.com/aptlogica/go-postgres-rest/pkg/services/table_service.go:601.2,601.12 1 2
github.com/aptlogica/go-postgres-rest/pkg/services/table_service.go:604.76,605.56 1 4
github.com/aptlogica/go-postgres-rest/pkg/services/table_service.go:605.56,607.52 2 3
github.com/aptlogica/go-postgres-rest/pkg/services/table_service.go:607.52,609.4 1 1
github.com/aptlogica/go-postgres-rest/pkg/services/table_service.go:609.9,609.53 1 2
github.com/aptlogica/go-postgres-rest/pkg/services/table_service.go:609.53,614.4 1 1
github.com/aptlogica/go-postgres-rest/pkg/services/table_service.go:615.3,615.39 1 2
github.com/aptlogica/go-postgres-rest/pkg/services/table_service.go:615.39,617.4 1 2
github.com/aptlogica/go-postgres-rest/pkg/services/table_service.go:618.3,618.35 1 2
github.com/aptlogica/go-postgres-rest/pkg/services/table_service.go:618.35,620.4 1 2
github.com/aptlogica/go-postgres-rest/pkg/services/table_service.go:621.3,621.28 1 2
github.com/aptlogica/go-postgres-rest/pkg/services/table_service.go:622.8,622.25 1 1
github.com/aptlogica/go-postgres-rest/pkg/services/table_service.go:622.25,627.3 1 1
github.com/aptlogica/go-postgres-rest/pkg/services/table_service.go:628.2,628.12 1 2
github.com/aptlogica/go-postgres-rest/pkg/services/table_service.go:631.79,632.54 1 12
github.com/aptlogica/go-postgres-rest/pkg/services/table_service.go:632.54,634.57 2 10
github.com/aptlogica/go-postgres-rest/pkg/services/table_service.go:634.57,636.4 1 2
github.com/aptlogica/go-postgres-rest/pkg/services/table_service.go:637.3,637.59 1 8
github.com/aptlogica/go-postgres-rest/pkg/services/table_service.go:637.59,639.4 1 4
github.com/aptlogica/go-postgres-rest/pkg/services/table_service.go:640.3,640.56 1 4
github.com/aptlogica/go-postgres-rest/pkg/services/table_service.go:640.56,642.4 1 1
github.com/aptlogica/go-postgres-rest/pkg/services/table_service.go:643.3,643.24 1 3
github.com/aptlogica/go-postgres-rest/pkg/services/table_service.go:644.8,644.25 1 2
github.com/aptlogica/go-postgres-rest/pkg/services/table_service.go:644.25,649.3 1 2
github.com/aptlogica/go-postgres-rest/pkg/services/table_service.go:650.2,650.12 1 3
github.com/aptlogica/go-postgres-rest/pkg/services/table_service.go:653.90,654.47 1 10
github.com/aptlogica/go-postgres-rest/pkg/services/table_service.go:654.47,656.3 1 3
github.com/aptlogica/go-postgres-rest/pkg/services/table_service.go:656.8,656.49 1 7
github.com/aptlogica/go-postgres-rest/pkg/services/table_service.go:656.49,661.3 1 2
github.com/aptlogica/go-postgres-rest/pkg/services/table_service.go:662.2,662.12 1 8
github.com/aptlogica/go-postgres-rest/pkg/services/table_service.go:665.92,666.58 1 8
github.com/aptlogica/go-postgres-rest/pkg/services/table_service.go:666.58,668.31 2 5
github.com/aptlogica/go-postgres-rest/pkg/services/table_service.go:668.31,669.38 1 7
github.com/aptlogica/go-postgres-rest/pkg/services/table_service.go:669.38,671.5 1 5
github.com/aptlogica/go-postgres-rest/pkg/services/table_service.go:671.10,676.5 1 2
github.com/aptlogica/go-postgres-rest/pkg/services/table_service.go:678.3,678.28 1 3
github.com/aptlogica/go-postgres-rest/pkg/services/table_service.go:679.8,679.51 1 3
github.com/aptlogica/go-postgres-rest/pkg/services/table_service.go:679.51,684.3 1 2
github.com/aptlogica/go-postgres-rest/pkg/services/table_service.go:685.2,685.12 1 4
github.com/aptlogica/go-postgres-rest/pkg/services/table_service.go:688.89,689.51 1 4
github.com/aptlogica/go-postgres-rest/pkg/services/table_service.go:689.51,691.3 1 2
github.com/aptlogica/go-postgres-rest/pkg/services/table_service.go:691.8,691.48 1 2
github.com/aptlogica/go-postgres-rest/pkg/services/table_service.go:691.48,696.3 1 1
github.com/aptlogica/go-postgres-rest/pkg/services/table_service.go:697.2,697.12 1 3
github.com/aptlogica/go-postgres-rest/pkg/services/table_service.go:700.83,701.22 1 5
github.com/aptlogica/go-postgres-rest/pkg/services/table_service.go:701.22,703.3 1 1
github.com/aptlogica/go-postgres-rest/pkg/services/table_service.go:704.2,706.16 3 4
github.com/aptlogica/go-postgres-rest/pkg/services/table_service.go:706.16,708.3 1 2
github.com/aptlogica/go-postgres-rest/pkg/services/table_service.go:709.2,709.12 1 2
github.com/aptlogica/go-postgres-rest/pkg/services/table_service.go:712.79,713.21 1 4
github.com/aptlogica/go-postgres-rest/pkg/services/table_service.go:713.21,715.3 1 2
github.com/aptlogica/go-postgres-rest/pkg/services/table_service.go:718.2,720.16 3 2
github.com/aptlogica/go-postgres-rest/pkg/services/table_service.go:720.16,722.3 1 1
github.com/aptlogica/go-postgres-rest/pkg/services/table_service.go:724.2,724.12 1 1
github.com/aptlogica/go-postgres-rest/pkg/services/table_service.go:727.95,728.37 1 5
github.com/aptlogica/go-postgres-rest/pkg/services/table_service.go:728.37,730.3 1 2
github.com/aptlogica/go-postgres-rest/pkg/services/table_service.go:732.2,734.16 3 3
github.com/aptlogica/go-postgres-rest/pkg/services/table_service.go:734.16,736.3 1 1
github.com/aptlogica/go-postgres-rest/pkg/services/table_service.go:737.2,737.12 1 2
github.com/aptlogica/go-postgres-rest/pkg/services/table_service.go:740.107,741.45 1 15
github.com/aptlogica/go-postgres-rest/pkg/services/table_service.go:741.45,743.3 1 7
github.com/aptlogica/go-postgres-rest/pkg/services/table_service.go:745.2,747.16 3 8
github.com/aptlogica/go-postgres-rest/pkg/services/table_service.go:747.16,749.3 1 3
github.com/aptlogica/go-postgres-rest/pkg/services/table_service.go:750.2,750.12 1 5
github.com/aptlogica/go-postgres-rest/pkg/services/table_service.go:753.143,754.24 1 17
github.com/aptlogica/go-postgres-rest/pkg/services/table_service.go:754.24,756.3 1 3
github.com/aptlogica/go-postgres-rest/pkg/services/table_service.go:758.2,759.16 2 14
github.com/aptlogica/go-postgres-rest/pkg/services/table_service.go:759.16,761.3 1 3
github.com/aptlogica/go-postgres-rest/pkg/services/table_service.go:763.2,763.28 1 11
github.com/aptlogica/go-postgres-rest/pkg/services/table_service.go:764.32,765.16 1 4
github.com/aptlogica/go-postgres-rest/pkg/services/table_service.go:766.30,767.42 1 4
github.com/aptlogica/go-postgres-rest/pkg/services/table_service.go:768.10,769.84 1 3
github.com/aptlogica/go-postgres-rest/pkg/database/dbFactory.go:22.24,27.2 3 1
github.com/aptlogica/go-postgres-rest/pkg/database/dbFactory.go:31.95,32.23 1 5
github.com/aptlogica/go-postgres-rest/pkg/database/dbFactory.go:32.23,36.3 3 1
github.com/aptlogica/go-postgres-rest/pkg/database/dbFactory.go:37.2,37.49 1 5
github.com/aptlogica/go-postgres-rest/pkg/database/factory.go:27.62,31.2 1 6
github.com/aptlogica/go-postgres-rest/pkg/database/factory.go:35.100,37.2 1 6
github.com/aptlogica/go-postgres-rest/pkg/database/factory.go:40.121,42.13 2 8
github.com/aptlogica/go-postgres-rest/pkg/database/factory.go:42.13,44.3 1 2
github.com/aptlogica/go-postgres-rest/pkg/database/factory.go:45.2,45.40 1 6
github.com/aptlogica/go-postgres-rest/pkg/database/factory.go:56.115,57.23 1 8
github.com/aptlogica/go-postgres-rest/pkg/database/factory.go:57.23,59.3 1 3
github.com/aptlogica/go-postgres-rest/pkg/database/factory.go:60.2,60.22 1 8
github.com/aptlogica/go-postgres-rest/pkg/database/factory.go:60.22,62.3 1 3
github.com/aptlogica/go-postgres-rest/pkg/database/factory.go:63.2,66.3 1 8
github.com/aptlogica/go-postgres-rest/pkg/database/factory.go:70.107,73.16 2 7
github.com/aptlogica/go-postgres-rest/pkg/database/factory.go:73.16,75.3 1 2
github.com/aptlogica/go-postgres-rest/pkg/database/factory.go:78.2,78.35 1 5
github.com/aptlogica/go-postgres-rest/pkg/database/factory.go:82.69,86.2 3 1
github.com/aptlogica/go-postgres-rest/pkg/database/repoFactory.go:18.86,22.2 3 3
github.com/aptlogica/go-postgres-rest/pkg/database/repoFactory.go:28.107,31.2 2 2
github.com/aptlogica/go-postgres-rest/pkg/database/repoFactory.go:34.55,36.2 1 3
github.com/aptlogica/go-postgres-rest/pkg/database/repository_factory.go:26.50,30.2 1 13
github.com/aptlogica/go-postgres-rest/pkg/database/repository_factory.go:34.89,36.2 1 10
github.com/aptlogica/go-postgres-rest/pkg/database/repository_factory.go:39.122,41.13 2 14
github.com/aptlogica/go-postgres-rest/pkg/database/repository_factory.go:41.13,43.3 1 5
github.com/aptlogica/go-postgres-rest/pkg/database/repository_factory.go:44.2,44.37 1 9
github.com/aptlogica/go-postgres-rest/pkg/database/repository_factory.go:49.114,51.16 2 4
github.com/aptlogica/go-postgres-rest/pkg/database/repository_factory.go:51.16,53.3 1 1
github.com/aptlogica/go-postgres-rest/pkg/database/repository_factory.go:57.2,58.9 2 3
github.com/aptlogica/go-postgres-rest/pkg/database/repository_factory.go:58.9,60.3 1 1
github.com/aptlogica/go-postgres-rest/pkg/database/repository_factory.go:62.2,62.22 1 2
github.com/aptlogica/go-postgres-rest/pkg/database/repository_factory.go:67.57,72.2 2 1
github.com/aptlogica/go-postgres-rest/pkg/utils/file_utility.go:13.36,15.16 2 2
github.com/aptlogica/go-postgres-rest/pkg/utils/file_utility.go:15.16,17.3 1 0
github.com/aptlogica/go-postgres-rest/pkg/utils/file_utility.go:18.2,19.12 2 2
github.com/aptlogica/go-postgres-rest/pkg/utils/file_utility.go:22.44,24.2 1 2
github.com/aptlogica/go-postgres-rest/pkg/utils/file_utility.go:26.36,28.2 1 1
github.com/aptlogica/go-postgres-rest/pkg/utils/file_utility.go:30.44,32.2 1 2
github.com/aptlogica/go-postgres-rest/pkg/utils/file_utility.go:34.31,37.2 2 3
github.com/aptlogica/go-postgres-rest/pkg/utils/helpers.go:19.36,23.2 3 1
github.com/aptlogica/go-postgres-rest/pkg/utils/helpers.go:26.48,27.18 1 10
github.com/aptlogica/go-postgres-rest/pkg/utils/helpers.go:27.18,29.3 1 1
github.com/aptlogica/go-postgres-rest/pkg/utils/helpers.go:31.2,31.27 1 9
github.com/aptlogica/go-postgres-rest/pkg/utils/helpers.go:32.14,33.11 1 1
github.com/aptlogica/go-postgres-rest/pkg/utils/helpers.go:34.38,35.30 1 3
github.com/aptlogica/go-postgres-rest/pkg/utils/helpers.go:36.43,37.30 1 1
github.com/aptlogica/go-postgres-rest/pkg/utils/helpers.go:38.24,39.30 1 1
github.com/aptlogica/go-postgres-rest/pkg/utils/helpers.go:40.12,41.31 1 1
github.com/aptlogica/go-postgres-rest/pkg/utils/helpers.go:42.17,43.32 1 1
github.com/aptlogica/go-postgres-rest/pkg/utils/helpers.go:44.10,45.30 1 1
github.com/aptlogica/go-postgres-rest/pkg/utils/helpers.go:50.46,50.76 1 2
github.com/aptlogica/go-postgres-rest/pkg/utils/helpers.go:53.52,53.92 1 2
github.com/aptlogica/go-postgres-rest/pkg/utils/helpers.go:56.48,56.83 1 2
github.com/aptlogica/go-postgres-rest/pkg/utils/helpers.go:63.35,63.57 1 2
github.com/aptlogica/go-postgres-rest/pkg/utils/helpers.go:66.38,66.60 1 2
github.com/aptlogica/go-postgres-rest/pkg/utils/helpers.go:69.54,69.76 1 2
github.com/aptlogica/go-postgres-rest/pkg/utils/helpers.go:72.38,75.2 2 2
github.com/aptlogica/go-postgres-rest/pkg/utils/helpers.go:80.44,81.18 1 9
github.com/aptlogica/go-postgres-rest/pkg/utils/helpers.go:81.18,83.3 1 1
github.com/aptlogica/go-postgres-rest/pkg/utils/helpers.go:85.2,86.18 2 8
github.com/aptlogica/go-postgres-rest/pkg/utils/helpers.go:87.79,88.22 1 3
github.com/aptlogica/go-postgres-rest/pkg/utils/helpers.go:89.20,90.19 1 2
github.com/aptlogica/go-postgres-rest/pkg/utils/helpers.go:91.78,92.22 1 1
github.com/aptlogica/go-postgres-rest/pkg/utils/helpers.go:93.100,94.23 1 0
github.com/aptlogica/go-postgres-rest/pkg/utils/helpers.go:95.40,96.24 1 0
github.com/aptlogica/go-postgres-rest/pkg/utils/helpers.go:97.38,98.19 1 1
github.com/aptlogica/go-postgres-rest/pkg/utils/helpers.go:101.2,101.14 1 1
github.com/aptlogica/go-postgres-rest/pkg/utils/helpers.go:109.56,110.26 1 8
github.com/aptlogica/go-postgres-rest/pkg/utils/helpers.go:110.26,111.19 1 12
github.com/aptlogica/go-postgres-rest/pkg/utils/helpers.go:111.19,113.4 1 4
github.com/aptlogica/go-postgres-rest/pkg/utils/helpers.go:115.2,115.14 1 4
github.com/aptlogica/go-postgres-rest/pkg/utils/helpers.go:119.58,119.93 1 2
github.com/aptlogica/go-postgres-rest/pkg/utils/helpers.go:120.58,120.93 1 2
github.com/aptlogica/go-postgres-rest/pkg/utils/helpers.go:121.58,121.93 1 2
github.com/aptlogica/go-postgres-rest/pkg/utils/helpers.go:124.61,126.31 2 10
github.com/aptlogica/go-postgres-rest/pkg/utils/helpers.go:126.31,128.3 1 4
github.com/aptlogica/go-postgres-rest/pkg/utils/helpers.go:129.2,129.16 1 6
github.com/aptlogica/go-postgres-rest/pkg/utils/helpers.go:133.80,134.31 1 4
github.com/aptlogica/go-postgres-rest/pkg/utils/helpers.go:134.31,135.36 1 8
github.com/aptlogica/go-postgres-rest/pkg/utils/helpers.go:135.36,137.4 1 1
github.com/aptlogica/go-postgres-rest/pkg/utils/helpers.go:139.2,139.14 1 3
github.com/aptlogica/go-postgres-rest/pkg/utils/helpers.go:145.66,147.9 2 3
github.com/aptlogica/go-postgres-rest/pkg/utils/helpers.go:147.9,149.3 1 1
github.com/aptlogica/go-postgres-rest/pkg/utils/helpers.go:150.2,150.60 1 2
github.com/aptlogica/go-postgres-rest/pkg/utils/helpers.go:150.60,152.3 1 3
github.com/aptlogica/go-postgres-rest/pkg/utils/helpers.go:160.52,161.21 1 6
github.com/aptlogica/go-postgres-rest/pkg/utils/helpers.go:161.21,163.3 1 3
github.com/aptlogica/go-postgres-rest/pkg/utils/helpers.go:164.2,166.26 3 3
github.com/aptlogica/go-postgres-rest/pkg/utils/helpers.go:166.26,167.15 1 9
github.com/aptlogica/go-postgres-rest/pkg/utils/helpers.go:167.15,170.4 2 6
github.com/aptlogica/go-postgres-rest/pkg/utils/helpers.go:172.2,172.15 1 3
github.com/aptlogica/go-postgres-rest/pkg/utils/helpers.go:176.54,176.88 1 2
github.com/aptlogica/go-postgres-rest/pkg/utils/helpers.go:177.54,177.88 1 2
github.com/aptlogica/go-postgres-rest/pkg/utils/helpers.go:181.60,183.9 2 2
github.com/aptlogica/go-postgres-rest/pkg/utils/helpers.go:183.9,185.3 1 1
github.com/aptlogica/go-postgres-rest/pkg/utils/helpers.go:187.2,190.52 3 1
github.com/aptlogica/go-postgres-rest/pkg/utils/helpers.go:190.52,191.17 1 3
github.com/aptlogica/go-postgres-rest/pkg/utils/helpers.go:191.17,194.4 2 2
github.com/aptlogica/go-postgres-rest/pkg/utils/helpers.go:195.3,195.15 1 3
github.com/aptlogica/go-postgres-rest/pkg/utils/helpers.go:198.2,198.27 1 1
github.com/aptlogica/go-postgres-rest/pkg/utils/helpers.go:202.52,203.24 1 3
github.com/aptlogica/go-postgres-rest/pkg/utils/helpers.go:203.24,205.3 1 1
github.com/aptlogica/go-postgres-rest/pkg/utils/helpers.go:207.2,207.17 1 2
github.com/aptlogica/go-postgres-rest/pkg/utils/helpers.go:207.17,209.3 1 1
github.com/aptlogica/go-postgres-rest/pkg/utils/helpers.go:211.2,211.31 1 1
github.com/aptlogica/go-postgres-rest/pkg/utils/helpers.go:215.41,217.18 2 3
github.com/aptlogica/go-postgres-rest/pkg/utils/helpers.go:217.18,219.3 1 1
github.com/aptlogica/go-postgres-rest/pkg/utils/helpers.go:221.2,222.46 2 2
github.com/aptlogica/go-postgres-rest/pkg/utils/helpers.go:222.46,225.3 2 1
github.com/aptlogica/go-postgres-rest/pkg/utils/helpers.go:227.2,227.76 1 2
github.com/aptlogica/go-postgres-rest/pkg/utils/helpers.go:235.77,236.21 1 4
github.com/aptlogica/go-postgres-rest/pkg/utils/helpers.go:236.21,238.3 1 2
github.com/aptlogica/go-postgres-rest/pkg/utils/helpers.go:239.2,240.26 2 2
github.com/aptlogica/go-postgres-rest/pkg/utils/helpers.go:240.26,241.12 1 4
github.com/aptlogica/go-postgres-rest/pkg/utils/helpers.go:241.12,243.4 1 2
github.com/aptlogica/go-postgres-rest/pkg/utils/helpers.go:244.3,244.31 1 4
github.com/aptlogica/go-postgres-rest/pkg/utils/helpers.go:246.2,246.20 1 2
github.com/aptlogica/go-postgres-rest/pkg/utils/helpers.go:250.50,251.58 1 2
github.com/aptlogica/go-postgres-rest/pkg/utils/helpers.go:251.58,251.70 1 2
github.com/aptlogica/go-postgres-rest/pkg/utils/helpers.go:253.44,254.55 1 2
github.com/aptlogica/go-postgres-rest/pkg/utils/helpers.go:254.55,254.86 1 2
github.com/aptlogica/go-postgres-rest/pkg/utils/helpers.go:259.46,261.25 2 3
github.com/aptlogica/go-postgres-rest/pkg/utils/helpers.go:261.25,263.3 1 2
github.com/aptlogica/go-postgres-rest/pkg/utils/helpers.go:265.2,266.53 2 1
github.com/aptlogica/go-postgres-rest/pkg/utils/helpers.go:266.53,267.12 1 2
github.com/aptlogica/go-postgres-rest/pkg/utils/helpers.go:267.12,269.4 1 1
github.com/aptlogica/go-postgres-rest/pkg/utils/helpers.go:270.3,271.15 2 2
github.com/aptlogica/go-postgres-rest/pkg/utils/helpers.go:274.2,274.20 1 1
github.com/aptlogica/go-postgres-rest/pkg/utils/helpers.go:278.41,279.15 1 2
github.com/aptlogica/go-postgres-rest/pkg/utils/helpers.go:279.15,281.3 1 1
github.com/aptlogica/go-postgres-rest/pkg/utils/helpers.go:283.2,284.29 2 1
github.com/aptlogica/go-postgres-rest/pkg/utils/helpers.go:284.29,286.3 1 2
github.com/aptlogica/go-postgres-rest/pkg/utils/helpers.go:288.2,288.14 1 1
github.com/aptlogica/go-postgres-rest/pkg/utils/helpers.go:296.72,298.29 2 4
github.com/aptlogica/go-postgres-rest/pkg/utils/helpers.go:298.29,300.3 1 2
github.com/aptlogica/go-postgres-rest/pkg/utils/helpers.go:301.2,301.29 1 2
github.com/aptlogica/go-postgres-rest/pkg/utils/helpers.go:305.43,307.9 2 2
github.com/aptlogica/go-postgres-rest/pkg/utils/helpers.go:307.9,309.3 1 1
github.com/aptlogica/go-postgres-rest/pkg/utils/helpers.go:310.2,311.27 2 1
github.com/aptlogica/go-postgres-rest/pkg/utils/helpers.go:311.27,313.3 1 2
github.com/aptlogica/go-postgres-rest/pkg/utils/helpers.go:314.2,314.15 1 1
github.com/aptlogica/go-postgres-rest/pkg/utils/helpers.go:318.45,320.9 2 2
github.com/aptlogica/go-postgres-rest/pkg/utils/helpers.go:320.9,322.3 1 1
github.com/aptlogica/go-postgres-rest/pkg/utils/helpers.go:323.2,324.27 2 1
github.com/aptlogica/go-postgres-rest/pkg/utils/helpers.go:324.27,326.3 1 2
github.com/aptlogica/go-postgres-rest/pkg/utils/helpers.go:327.2,327.15 1 1
github.com/aptlogica/go-postgres-rest/pkg/utils/helpers.go:335.32,336.54 1 4
github.com/aptlogica/go-postgres-rest/pkg/utils/helpers.go:336.54,338.3 1 4
github.com/aptlogica/go-postgres-rest/pkg/utils/helpers.go:342.37,342.55 1 1
github.com/aptlogica/go-postgres-rest/pkg/utils/helpers.go:343.37,343.55 1 1
github.com/aptlogica/go-postgres-rest/pkg/utils/helpers.go:344.37,344.55 1 1
github.com/aptlogica/go-postgres-rest/pkg/utils/helpers.go:348.39,350.9 2 2
github.com/aptlogica/go-postgres-rest/pkg/utils/helpers.go:350.9,352.3 1 1
github.com/aptlogica/go-postgres-rest/pkg/utils/helpers.go:353.2,353.51 1 1
github.com/aptlogica/go-postgres-rest/pkg/utils/helpers.go:353.51,358.3 4 1
github.com/aptlogica/go-postgres-rest/pkg/utils/helpers.go:362.52,363.16 1 12
github.com/aptlogica/go-postgres-rest/pkg/utils/helpers.go:363.16,365.3 1 6
github.com/aptlogica/go-postgres-rest/pkg/utils/helpers.go:366.2,366.47 1 6
github.com/aptlogica/go-postgres-rest/pkg/utils/helpers.go:370.34,374.9 3 15
github.com/aptlogica/go-postgres-rest/pkg/utils/helpers.go:375.26,376.20 1 3
github.com/aptlogica/go-postgres-rest/pkg/utils/helpers.go:377.24,378.55 1 2
github.com/aptlogica/go-postgres-rest/pkg/utils/helpers.go:379.27,380.51 1 2
github.com/aptlogica/go-postgres-rest/pkg/utils/helpers.go:381.29,382.53 1 2
github.com/aptlogica/go-postgres-rest/pkg/utils/helpers.go:383.30,384.58 1 2
github.com/aptlogica/go-postgres-rest/pkg/utils/helpers.go:385.31,386.60 1 2
github.com/aptlogica/go-postgres-rest/pkg/utils/helpers.go:387.10,388.60 1 2
github.com/aptlogica/go-postgres-rest/pkg/utils/sql_ddl_sanitizer.go:21.40,22.37 1 22
github.com/aptlogica/go-postgres-rest/pkg/utils/sql_ddl_sanitizer.go:22.37,24.3 1 8
github.com/aptlogica/go-postgres-rest/pkg/utils/sql_ddl_sanitizer.go:25.2,25.12 1 14
github.com/aptlogica/go-postgres-rest/pkg/utils/sql_ddl_sanitizer.go:65.48,67.13 2 31
github.com/aptlogica/go-postgres-rest/pkg/utils/sql_ddl_sanitizer.go:67.13,69.3 1 1
github.com/aptlogica/go-postgres-rest/pkg/utils/sql_ddl_sanitizer.go:71.2,72.33 2 30
github.com/aptlogica/go-postgres-rest/pkg/utils/sql_ddl_sanitizer.go:72.33,75.3 2 2
github.com/aptlogica/go-postgres-rest/pkg/utils/sql_ddl_sanitizer.go:77.2,78.45 2 30
github.com/aptlogica/go-postgres-rest/pkg/utils/sql_ddl_sanitizer.go:78.45,81.42 3 5
github.com/aptlogica/go-postgres-rest/pkg/utils/sql_ddl_sanitizer.go:81.42,83.4 1 1
github.com/aptlogica/go-postgres-rest/pkg/utils/sql_ddl_sanitizer.go:86.2,88.9 3 29
github.com/aptlogica/go-postgres-rest/pkg/utils/sql_ddl_sanitizer.go:88.9,90.3 1 5
github.com/aptlogica/go-postgres-rest/pkg/utils/sql_ddl_sanitizer.go:92.2,92.49 1 24
github.com/aptlogica/go-postgres-rest/pkg/utils/sql_ddl_sanitizer.go:115.53,117.13 2 43
github.com/aptlogica/go-postgres-rest/pkg/utils/sql_ddl_sanitizer.go:117.13,119.3 1 1
github.com/aptlogica/go-postgres-rest/pkg/utils/sql_ddl_sanitizer.go:121.2,123.37 2 42
github.com/aptlogica/go-postgres-rest/pkg/utils/sql_ddl_sanitizer.go:123.37,125.3 1 10
github.com/aptlogica/go-postgres-rest/pkg/utils/sql_ddl_sanitizer.go:127.2,127.25 1 32
github.com/aptlogica/go-postgres-rest/pkg/utils/sql_ddl_sanitizer.go:127.25,129.3 1 11
github.com/aptlogica/go-postgres-rest/pkg/utils/sql_ddl_sanitizer.go:131.2,131.34 1 21
github.com/aptlogica/go-postgres-rest/pkg/utils/sql_ddl_sanitizer.go:131.34,133.3 1 2
github.com/aptlogica/go-postgres-rest/pkg/utils/sql_ddl_sanitizer.go:135.2,135.40 1 19
github.com/aptlogica/go-postgres-rest/pkg/utils/sql_ddl_sanitizer.go:135.40,137.26 2 6
github.com/aptlogica/go-postgres-rest/pkg/utils/sql_ddl_sanitizer.go:137.26,138.61 1 1
github.com/aptlogica/go-postgres-rest/pkg/utils/sql_ddl_sanitizer.go:138.61,140.5 1 0
github.com/aptlogica/go-postgres-rest/pkg/utils/sql_ddl_sanitizer.go:141.9,141.38 1 5
github.com/aptlogica/go-postgres-rest/pkg/utils/sql_ddl_sanitizer.go:141.38,142.70 1 1
github.com/aptlogica/go-postgres-rest/pkg/utils/sql_ddl_sanitizer.go:142.70,144.5 1 0
github.com/aptlogica/go-postgres-rest/pkg/utils/sql_ddl_sanitizer.go:146.3,146.16 1 6
github.com/aptlogica/go-postgres-rest/pkg/utils/sql_ddl_sanitizer.go:149.2,149.48 1 13
github.com/aptlogica/go-postgres-rest/pkg/utils/sql_ddl_sanitizer.go:149.48,151.3 1 3
github.com/aptlogica/go-postgres-rest/pkg/utils/sql_ddl_sanitizer.go:153.2,156.68 1 10
github.com/aptlogica/go-postgres-rest/pkg/utils/sql_ddl_sanitizer.go:159.34,161.2 1 6
github.com/aptlogica/go-postgres-rest/pkg/utils/sql_ddl_sanitizer.go:163.39,165.2 1 5
github.com/aptlogica/go-postgres-rest/pkg/utils/sql_ddl_sanitizer.go:180.50,181.49 1 7
github.com/aptlogica/go-postgres-rest/pkg/utils/sql_ddl_sanitizer.go:181.49,183.3 1 1
github.com/aptlogica/go-postgres-rest/pkg/utils/sql_ddl_sanitizer.go:185.2,185.34 1 6
github.com/aptlogica/go-postgres-rest/pkg/utils/sql_ddl_sanitizer.go:185.34,187.3 1 1
github.com/aptlogica/go-postgres-rest/pkg/utils/sql_ddl_sanitizer.go:189.2,190.16 2 5
github.com/aptlogica/go-postgres-rest/pkg/utils/sql_ddl_sanitizer.go:190.16,192.3 1 1
github.com/aptlogica/go-postgres-rest/pkg/utils/sql_ddl_sanitizer.go:194.2,195.59 2 4
github.com/aptlogica/go-postgres-rest/pkg/utils/sql_ddl_sanitizer.go:206.52,207.49 1 2
github.com/aptlogica/go-postgres-rest/pkg/utils/sql_ddl_sanitizer.go:207.49,209.3 1 0
github.com/aptlogica/go-postgres-rest/pkg/utils/sql_ddl_sanitizer.go:210.2,211.16 2 2
github.com/aptlogica/go-postgres-rest/pkg/utils/sql_ddl_sanitizer.go:211.16,213.3 1 1
github.com/aptlogica/go-postgres-rest/pkg/utils/sql_ddl_sanitizer.go:214.2,215.16 2 1
github.com/aptlogica/go-postgres-rest/pkg/utils/sql_ddl_sanitizer.go:215.16,217.3 1 0
github.com/aptlogica/go-postgres-rest/pkg/utils/sql_ddl_sanitizer.go:218.2,219.68 2 1
github.com/aptlogica/go-postgres-rest/pkg/utils/sql_ddl_sanitizer.go:234.52,236.13 2 14
github.com/aptlogica/go-postgres-rest/pkg/utils/sql_ddl_sanitizer.go:236.13,238.3 1 1
github.com/aptlogica/go-postgres-rest/pkg/utils/sql_ddl_sanitizer.go:239.2,239.33 1 13
github.com/aptlogica/go-postgres-rest/pkg/utils/sql_ddl_sanitizer.go:239.33,243.3 1 6
github.com/aptlogica/go-postgres-rest/pkg/utils/sql_ddl_sanitizer.go:244.2,244.12 1 7
github.com/aptlogica/go-postgres-rest/pkg/utils/sql_ddl_sanitizer.go:255.114,259.16 3 5
github.com/aptlogica/go-postgres-rest/pkg/utils/sql_ddl_sanitizer.go:259.16,261.3 1 1
github.com/aptlogica/go-postgres-rest/pkg/utils/sql_ddl_sanitizer.go:262.2,264.23 2 4
github.com/aptlogica/go-postgres-rest/pkg/utils/sql_ddl_sanitizer.go:264.23,266.17 2 2
github.com/aptlogica/go-postgres-rest/pkg/utils/sql_ddl_sanitizer.go:266.17,268.4 1 1
github.com/aptlogica/go-postgres-rest/pkg/utils/sql_ddl_sanitizer.go:269.3,269.28 1 1
github.com/aptlogica/go-postgres-rest/pkg/utils/sql_ddl_sanitizer.go:272.2,272.22 1 3
github.com/aptlogica/go-postgres-rest/pkg/utils/sql_ddl_sanitizer.go:272.22,273.64 1 2
github.com/aptlogica/go-postgres-rest/pkg/utils/sql_ddl_sanitizer.go:273.64,275.4 1 1
github.com/aptlogica/go-postgres-rest/pkg/utils/sql_ddl_sanitizer.go:276.3,276.29 1 1
github.com/aptlogica/go-postgres-rest/pkg/utils/sql_ddl_sanitizer.go:279.2,279.17 1 2
github.com/aptlogica/go-postgres-rest/pkg/utils/sql_ddl_sanitizer.go:283.39,285.2 1 2
github.com/aptlogica/go-postgres-rest/pkg/utils/sql_ddl_sanitizer.go:288.43,290.2 1 1
github.com/aptlogica/go-postgres-rest/pkg/utils/sql_ddl_sanitizer.go:293.37,294.7 1 2
github.com/aptlogica/go-postgres-rest/pkg/utils/sql_ddl_sanitizer.go:294.7,296.3 1 1
github.com/aptlogica/go-postgres-rest/pkg/utils/sql_ddl_sanitizer.go:297.2,297.16 1 1
github.com/aptlogica/go-postgres-rest/pkg/utils/sql_ddl_sanitizer.go:301.39,303.2 1 2
github.com/aptlogica/go-postgres-rest/pkg/database/postgres/bulk_repo.go:13.55,15.2 1 6
github.com/aptlogica/go-postgres-rest/pkg/database/postgres/bulk_repo.go:18.121,20.2 1 1
github.com/aptlogica/go-postgres-rest/pkg/database/postgres/bulk_repo.go:23.122,25.2 1 1
github.com/aptlogica/go-postgres-rest/pkg/database/postgres/bulk_repo.go:28.104,30.2 1 1
github.com/aptlogica/go-postgres-rest/pkg/database/postgres/bulk_repo.go:33.151,35.2 1 1
github.com/aptlogica/go-postgres-rest/pkg/database/postgres/connector.go:30.39,36.2 1 2
github.com/aptlogica/go-postgres-rest/pkg/database/postgres/connector.go:39.96,45.2 1 3
github.com/aptlogica/go-postgres-rest/pkg/database/postgres/connector.go:48.77,49.15 1 3
github.com/aptlogica/go-postgres-rest/pkg/database/postgres/connector.go:49.15,51.3 1 2
github.com/aptlogica/go-postgres-rest/pkg/database/postgres/connector.go:53.2,54.16 2 1
github.com/aptlogica/go-postgres-rest/pkg/database/postgres/connector.go:54.16,56.3 1 0
github.com/aptlogica/go-postgres-rest/pkg/database/postgres/connector.go:59.2,64.34 4 1
github.com/aptlogica/go-postgres-rest/pkg/database/postgres/connector.go:64.34,67.3 2 1
github.com/aptlogica/go-postgres-rest/pkg/database/postgres/connector.go:69.2,69.16 1 0
github.com/aptlogica/go-postgres-rest/pkg/database/postgres/core_repo.go:19.55,21.2 1 7
github.com/aptlogica/go-postgres-rest/pkg/database/postgres/core_repo.go:26.45,28.36 2 3
github.com/aptlogica/go-postgres-rest/pkg/database/postgres/core_repo.go:28.36,30.3 1 1
github.com/aptlogica/go-postgres-rest/pkg/database/postgres/core_repo.go:31.2,31.18 1 2
github.com/aptlogica/go-postgres-rest/pkg/database/postgres/core_repo.go:37.79,39.2 1 2
github.com/aptlogica/go-postgres-rest/pkg/database/postgres/core_repo.go:44.90,46.2 1 2
github.com/aptlogica/go-postgres-rest/pkg/database/postgres/core_repo.go:51.116,53.2 1 2
github.com/aptlogica/go-postgres-rest/pkg/database/postgres/core_repo.go:58.77,60.16 2 2
github.com/aptlogica/go-postgres-rest/pkg/database/postgres/core_repo.go:60.16,62.3 1 1
github.com/aptlogica/go-postgres-rest/pkg/database/postgres/core_repo.go:63.2,63.12 1 1
github.com/aptlogica/go-postgres-rest/pkg/database/postgres/database_repo.go:27.69,37.2 1 3
github.com/aptlogica/go-postgres-rest/pkg/database/postgres/database_repo.go:42.62,44.2 1 2
github.com/aptlogica/go-postgres-rest/pkg/database/postgres/database_repo.go:47.60,49.2 1 2
github.com/aptlogica/go-postgres-rest/pkg/database/postgres/database_repo.go:52.60,54.2 1 2
github.com/aptlogica/go-postgres-rest/pkg/database/postgres/database_repo.go:57.62,59.2 1 2
github.com/aptlogica/go-postgres-rest/pkg/database/postgres/database_repo.go:62.78,64.2 1 2
github.com/aptlogica/go-postgres-rest/pkg/database/postgres/database_repo.go:67.76,69.2 1 2
github.com/aptlogica/go-postgres-rest/pkg/database/postgres/database_repo.go:72.72,74.2 1 2
github.com/aptlogica/go-postgres-rest/pkg/database/postgres/ddl_repo.go:18.53,20.2 1 7
github.com/aptlogica/go-postgres-rest/pkg/database/postgres/ddl_repo.go:25.77,27.2 1 2
github.com/aptlogica/go-postgres-rest/pkg/database/postgres/ddl_repo.go:32.86,34.2 1 2
github.com/aptlogica/go-postgres-rest/pkg/database/postgres/ddl_repo.go:39.94,41.2 1 2
github.com/aptlogica/go-postgres-rest/pkg/database/postgres/ddl_repo.go:46.72,50.16 4 2
github.com/aptlogica/go-postgres-rest/pkg/database/postgres/ddl_repo.go:50.16,52.3 1 0
github.com/aptlogica/go-postgres-rest/pkg/database/postgres/ddl_repo.go:53.2,53.20 1 2
github.com/aptlogica/go-postgres-rest/pkg/database/postgres/dml_repo.go:15.53,17.2 1 7
github.com/aptlogica/go-postgres-rest/pkg/database/postgres/dml_repo.go:22.83,24.2 1 2
github.com/aptlogica/go-postgres-rest/pkg/database/postgres/dml_repo.go:29.91,31.2 1 2
github.com/aptlogica/go-postgres-rest/pkg/database/postgres/dml_repo.go:36.63,38.2 1 2
github.com/aptlogica/go-postgres-rest/pkg/database/postgres/dml_repo.go:43.120,45.2 1 0
github.com/aptlogica/go-postgres-rest/pkg/database/postgres/dml_repo.go:50.101,52.2 1 0
github.com/aptlogica/go-postgres-rest/pkg/database/postgres/dsn_builder.go:23.41,25.2 1 2
github.com/aptlogica/go-postgres-rest/pkg/database/postgres/dsn_builder.go:28.84,29.16 1 9
github.com/aptlogica/go-postgres-rest/pkg/database/postgres/dsn_builder.go:29.16,31.3 1 0
github.com/aptlogica/go-postgres-rest/pkg/database/postgres/dsn_builder.go:33.2,33.50 1 9
github.com/aptlogica/go-postgres-rest/pkg/database/postgres/dsn_builder.go:33.50,35.3 1 0
github.com/aptlogica/go-postgres-rest/pkg/database/postgres/dsn_builder.go:38.2,38.20 1 9
github.com/aptlogica/go-postgres-rest/pkg/database/postgres/dsn_builder.go:38.20,40.3 1 3
github.com/aptlogica/go-postgres-rest/pkg/database/postgres/dsn_builder.go:41.2,41.39 1 6
github.com/aptlogica/go-postgres-rest/pkg/database/postgres/dsn_builder.go:41.39,43.3 1 2
github.com/aptlogica/go-postgres-rest/pkg/database/postgres/dsn_builder.go:44.2,44.24 1 4
github.com/aptlogica/go-postgres-rest/pkg/database/postgres/dsn_builder.go:44.24,46.3 1 1
github.com/aptlogica/go-postgres-rest/pkg/database/postgres/dsn_builder.go:47.2,47.28 1 3
github.com/aptlogica/go-postgres-rest/pkg/database/postgres/dsn_builder.go:47.28,49.3 1 1
github.com/aptlogica/go-postgres-rest/pkg/database/postgres/dsn_builder.go:52.2,62.17 2 2
github.com/aptlogica/go-postgres-rest/pkg/database/postgres/migration_repo.go:13.65,15.2 1 6
github.com/aptlogica/go-postgres-rest/pkg/database/postgres/migration_repo.go:19.85,21.2 1 1
github.com/aptlogica/go-postgres-rest/pkg/database/postgres/migration_repo.go:25.79,27.2 1 1
github.com/aptlogica/go-postgres-rest/pkg/database/postgres/performance_repo.go:13.69,15.2 1 7
github.com/aptlogica/go-postgres-rest/pkg/database/postgres/performance_repo.go:20.87,22.2 1 2
github.com/aptlogica/go-postgres-rest/pkg/database/postgres/performance_repo.go:27.87,29.2 1 2
github.com/aptlogica/go-postgres-rest/pkg/database/postgres/performance_repo.go:34.76,36.2 1 2
github.com/aptlogica/go-postgres-rest/pkg/database/postgres/postgres.go:20.37,20.57 1 1
github.com/aptlogica/go-postgres-rest/pkg/database/postgres/postgres.go:25.65,37.16 3 2
github.com/aptlogica/go-postgres-rest/pkg/database/postgres/postgres.go:37.16,39.3 1 0
github.com/aptlogica/go-postgres-rest/pkg/database/postgres/postgres.go:41.2,45.35 4 2
github.com/aptlogica/go-postgres-rest/pkg/database/postgres/postgres.go:45.35,47.3 1 2
github.com/aptlogica/go-postgres-rest/pkg/database/postgres/postgres.go:49.2,49.16 1 0
github.com/aptlogica/go-postgres-rest/pkg/database/postgres/relationship_repo.go:18.71,20.2 1 7
github.com/aptlogica/go-postgres-rest/pkg/database/postgres/relationship_repo.go:25.110,27.2 1 2
github.com/aptlogica/go-postgres-rest/pkg/database/postgres/relationship_repo.go:32.111,34.2 1 2
github.com/aptlogica/go-postgres-rest/pkg/database/postgres/relationship_repo.go:39.140,41.2 1 2
github.com/aptlogica/go-postgres-rest/pkg/database/postgres/relationship_repo.go:46.70,48.2 1 2
github.com/aptlogica/go-postgres-rest/pkg/database/postgres/relationship_repo.go:53.147,55.2 1 1
github.com/aptlogica/go-postgres-rest/pkg/database/postgres/relationship_repo.go:60.151,62.2 1 1
github.com/aptlogica/go-postgres-rest/pkg/database/postgres/relationship_repo.go:67.152,69.2 1 1
github.com/aptlogica/go-postgres-rest/pkg/database/postgres/relationship_repo.go:74.210,76.2 1 1
github.com/aptlogica/go-postgres-rest/pkg/database/postgres/relationship_repo.go:81.162,83.2 1 1
github.com/aptlogica/go-postgres-rest/pkg/database/postgres/relationship_repo.go:88.163,90.2 1 2
github.com/aptlogica/go-postgres-rest/pkg/database/postgres/relationship_repo.go:95.196,97.2 1 1
github.com/aptlogica/go-postgres-rest/pkg/database/postgres/repo.go:32.72,34.2 1 26
github.com/aptlogica/go-postgres-rest/pkg/database/postgres/repo.go:36.66,38.36 2 2
github.com/aptlogica/go-postgres-rest/pkg/database/postgres/repo.go:38.36,40.3 1 1
github.com/aptlogica/go-postgres-rest/pkg/database/postgres/repo.go:41.2,41.18 1 1
github.com/aptlogica/go-postgres-rest/pkg/database/postgres/repo.go:88.43,90.84 2 158
github.com/aptlogica/go-postgres-rest/pkg/database/postgres/repo.go:90.84,92.3 1 0
github.com/aptlogica/go-postgres-rest/pkg/database/postgres/repo.go:93.2,93.13 1 158
github.com/aptlogica/go-postgres-rest/pkg/database/postgres/repo.go:96.46,98.2 1 158
github.com/aptlogica/go-postgres-rest/pkg/database/postgres/repo.go:101.43,104.20 2 122
github.com/aptlogica/go-postgres-rest/pkg/database/postgres/repo.go:104.20,106.3 1 1
github.com/aptlogica/go-postgres-rest/pkg/database/postgres/repo.go:109.2,109.78 1 121
github.com/aptlogica/go-postgres-rest/pkg/database/postgres/repo.go:109.78,110.82 1 14
github.com/aptlogica/go-postgres-rest/pkg/database/postgres/repo.go:110.82,112.4 1 2
github.com/aptlogica/go-postgres-rest/pkg/database/postgres/repo.go:114.3,115.52 2 12
github.com/aptlogica/go-postgres-rest/pkg/database/postgres/repo.go:115.52,117.4 1 2
github.com/aptlogica/go-postgres-rest/pkg/database/postgres/repo.go:118.3,118.41 1 10
github.com/aptlogica/go-postgres-rest/pkg/database/postgres/repo.go:118.41,120.4 1 1
github.com/aptlogica/go-postgres-rest/pkg/database/postgres/repo.go:121.3,121.13 1 9
github.com/aptlogica/go-postgres-rest/pkg/database/postgres/repo.go:124.2,124.31 1 107
github.com/aptlogica/go-postgres-rest/pkg/database/postgres/repo.go:124.31,126.3 1 1
github.com/aptlogica/go-postgres-rest/pkg/database/postgres/repo.go:127.2,127.40 1 106
github.com/aptlogica/go-postgres-rest/pkg/database/postgres/repo.go:127.40,129.3 1 19
github.com/aptlogica/go-postgres-rest/pkg/database/postgres/repo.go:130.2,130.12 1 87
github.com/aptlogica/go-postgres-rest/pkg/database/postgres/repo.go:134.44,137.20 2 297
github.com/aptlogica/go-postgres-rest/pkg/database/postgres/repo.go:137.20,139.3 1 2
github.com/aptlogica/go-postgres-rest/pkg/database/postgres/repo.go:142.2,142.78 1 295
github.com/aptlogica/go-postgres-rest/pkg/database/postgres/repo.go:142.78,143.82 1 9
github.com/aptlogica/go-postgres-rest/pkg/database/postgres/repo.go:143.82,145.4 1 2
github.com/aptlogica/go-postgres-rest/pkg/database/postgres/repo.go:147.3,148.52 2 7
github.com/aptlogica/go-postgres-rest/pkg/database/postgres/repo.go:148.52,150.4 1 2
github.com/aptlogica/go-postgres-rest/pkg/database/postgres/repo.go:151.3,151.41 1 5
github.com/aptlogica/go-postgres-rest/pkg/database/postgres/repo.go:151.41,153.4 1 1
github.com/aptlogica/go-postgres-rest/pkg/database/postgres/repo.go:154.3,154.13 1 4
github.com/aptlogica/go-postgres-rest/pkg/database/postgres/repo.go:157.2,157.31 1 286
github.com/aptlogica/go-postgres-rest/pkg/database/postgres/repo.go:157.31,159.3 1 1
github.com/aptlogica/go-postgres-rest/pkg/database/postgres/repo.go:160.2,160.41 1 285
github.com/aptlogica/go-postgres-rest/pkg/database/postgres/repo.go:160.41,162.3 1 33
github.com/aptlogica/go-postgres-rest/pkg/database/postgres/repo.go:163.2,163.12 1 252
github.com/aptlogica/go-postgres-rest/pkg/database/postgres/repo.go:168.43,171.20 2 23
github.com/aptlogica/go-postgres-rest/pkg/database/postgres/repo.go:171.20,173.3 1 1
github.com/aptlogica/go-postgres-rest/pkg/database/postgres/repo.go:175.2,175.21 1 22
github.com/aptlogica/go-postgres-rest/pkg/database/postgres/repo.go:175.21,177.3 1 1
github.com/aptlogica/go-postgres-rest/pkg/database/postgres/repo.go:180.2,181.44 2 21
github.com/aptlogica/go-postgres-rest/pkg/database/postgres/repo.go:181.44,182.38 1 90
github.com/aptlogica/go-postgres-rest/pkg/database/postgres/repo.go:182.38,184.4 1 5
github.com/aptlogica/go-postgres-rest/pkg/database/postgres/repo.go:189.2,190.25 2 16
github.com/aptlogica/go-postgres-rest/pkg/database/postgres/repo.go:190.25,192.3 1 1
github.com/aptlogica/go-postgres-rest/pkg/database/postgres/repo.go:194.2,195.45 2 15
github.com/aptlogica/go-postgres-rest/pkg/database/postgres/repo.go:195.45,197.3 1 0
github.com/aptlogica/go-postgres-rest/pkg/database/postgres/repo.go:201.2,202.29 2 15
github.com/aptlogica/go-postgres-rest/pkg/database/postgres/repo.go:202.29,204.3 1 1
github.com/aptlogica/go-postgres-rest/pkg/database/postgres/repo.go:206.2,206.12 1 14
github.com/aptlogica/go-postgres-rest/pkg/database/postgres/repo.go:210.36,212.2 1 98
github.com/aptlogica/go-postgres-rest/pkg/database/postgres/repo.go:216.59,220.23 2 68
github.com/aptlogica/go-postgres-rest/pkg/database/postgres/repo.go:220.23,221.49 1 7
github.com/aptlogica/go-postgres-rest/pkg/database/postgres/repo.go:221.49,223.4 1 1
github.com/aptlogica/go-postgres-rest/pkg/database/postgres/repo.go:224.3,224.19 1 6
github.com/aptlogica/go-postgres-rest/pkg/database/postgres/repo.go:228.2,228.49 1 61
github.com/aptlogica/go-postgres-rest/pkg/database/postgres/repo.go:228.49,230.3 1 2
github.com/aptlogica/go-postgres-rest/pkg/database/postgres/repo.go:231.2,231.39 1 59
github.com/aptlogica/go-postgres-rest/pkg/database/postgres/repo.go:235.65,240.34 4 73
github.com/aptlogica/go-postgres-rest/pkg/database/postgres/repo.go:240.34,241.12 1 769
github.com/aptlogica/go-postgres-rest/pkg/database/postgres/repo.go:242.12,244.24 2 25
github.com/aptlogica/go-postgres-rest/pkg/database/postgres/repo.go:245.12,246.16 1 45
github.com/aptlogica/go-postgres-rest/pkg/database/postgres/repo.go:246.16,248.13 2 3
github.com/aptlogica/go-postgres-rest/pkg/database/postgres/repo.go:250.4,251.19 2 42
github.com/aptlogica/go-postgres-rest/pkg/database/postgres/repo.go:252.11,253.24 1 699
github.com/aptlogica/go-postgres-rest/pkg/database/postgres/repo.go:257.2,257.14 1 73
github.com/aptlogica/go-postgres-rest/pkg/database/postgres/repo.go:257.14,259.3 1 5
github.com/aptlogica/go-postgres-rest/pkg/database/postgres/repo.go:261.2,262.19 2 68
github.com/aptlogica/go-postgres-rest/pkg/database/postgres/repo.go:266.77,267.21 1 64
github.com/aptlogica/go-postgres-rest/pkg/database/postgres/repo.go:267.21,269.3 1 1
github.com/aptlogica/go-postgres-rest/pkg/database/postgres/repo.go:270.2,270.20 1 63
github.com/aptlogica/go-postgres-rest/pkg/database/postgres/repo.go:270.20,272.3 1 2
github.com/aptlogica/go-postgres-rest/pkg/database/postgres/repo.go:273.2,273.12 1 61
github.com/aptlogica/go-postgres-rest/pkg/database/postgres/repo.go:277.69,278.50 1 34
github.com/aptlogica/go-postgres-rest/pkg/database/postgres/repo.go:278.50,280.3 1 2
github.com/aptlogica/go-postgres-rest/pkg/database/postgres/repo.go:281.2,281.49 1 32
github.com/aptlogica/go-postgres-rest/pkg/database/postgres/repo.go:281.49,283.3 1 2
github.com/aptlogica/go-postgres-rest/pkg/database/postgres/repo.go:284.2,284.12 1 30
github.com/aptlogica/go-postgres-rest/pkg/database/postgres/repo.go:289.61,291.29 2 66
github.com/aptlogica/go-postgres-rest/pkg/database/postgres/repo.go:291.29,293.3 1 3
github.com/aptlogica/go-postgres-rest/pkg/database/postgres/repo.go:295.2,296.16 2 63
github.com/aptlogica/go-postgres-rest/pkg/database/postgres/repo.go:296.16,298.3 1 3
github.com/aptlogica/go-postgres-rest/pkg/database/postgres/repo.go:300.2,300.73 1 60
github.com/aptlogica/go-postgres-rest/pkg/database/postgres/repo.go:300.73,302.3 1 1
github.com/aptlogica/go-postgres-rest/pkg/database/postgres/repo.go:304.2,304.21 1 59
github.com/aptlogica/go-postgres-rest/pkg/database/postgres/repo.go:304.21,308.3 3 34
github.com/aptlogica/go-postgres-rest/pkg/database/postgres/repo.go:310.2,310.52 1 25
github.com/aptlogica/go-postgres-rest/pkg/database/postgres/repo.go:310.52,312.3 1 7
github.com/aptlogica/go-postgres-rest/pkg/database/postgres/repo.go:313.2,313.12 1 18
github.com/aptlogica/go-postgres-rest/pkg/database/postgres/repo.go:332.40,333.44 1 105
github.com/aptlogica/go-postgres-rest/pkg/database/postgres/repo.go:333.44,335.3 1 11
github.com/aptlogica/go-postgres-rest/pkg/database/postgres/repo.go:336.2,336.12 1 94
github.com/aptlogica/go-postgres-rest/pkg/database/postgres/repo.go:339.108,341.63 1 4
github.com/aptlogica/go-postgres-rest/pkg/database/postgres/repo.go:341.63,343.3 1 0
github.com/aptlogica/go-postgres-rest/pkg/database/postgres/repo.go:346.2,346.60 1 4
github.com/aptlogica/go-postgres-rest/pkg/database/postgres/repo.go:346.60,348.3 1 0
github.com/aptlogica/go-postgres-rest/pkg/database/postgres/repo.go:351.2,357.16 2 4
github.com/aptlogica/go-postgres-rest/pkg/database/postgres/repo.go:357.16,359.3 1 0
github.com/aptlogica/go-postgres-rest/pkg/database/postgres/repo.go:362.2,369.24 5 4
github.com/aptlogica/go-postgres-rest/pkg/database/postgres/repo.go:369.24,371.3 1 1
github.com/aptlogica/go-postgres-rest/pkg/database/postgres/repo.go:373.2,373.23 1 4
github.com/aptlogica/go-postgres-rest/pkg/database/postgres/repo.go:373.23,375.3 1 1
github.com/aptlogica/go-postgres-rest/pkg/database/postgres/repo.go:377.2,377.33 1 4
github.com/aptlogica/go-postgres-rest/pkg/database/postgres/repo.go:377.33,379.3 1 1
github.com/aptlogica/go-postgres-rest/pkg/database/postgres/repo.go:381.2,381.31 1 4
github.com/aptlogica/go-postgres-rest/pkg/database/postgres/repo.go:381.31,383.3 1 1
github.com/aptlogica/go-postgres-rest/pkg/database/postgres/repo.go:385.2,386.16 2 4
github.com/aptlogica/go-postgres-rest/pkg/database/postgres/repo.go:386.16,388.3 1 0
github.com/aptlogica/go-postgres-rest/pkg/database/postgres/repo.go:390.2,390.12 1 4
github.com/aptlogica/go-postgres-rest/pkg/database/postgres/repo.go:393.116,394.20 1 11
github.com/aptlogica/go-postgres-rest/pkg/database/postgres/repo.go:395.21,396.61 1 5
github.com/aptlogica/go-postgres-rest/pkg/database/postgres/repo.go:396.61,398.4 1 3
github.com/aptlogica/go-postgres-rest/pkg/database/postgres/repo.go:399.3,402.4 1 2
github.com/aptlogica/go-postgres-rest/pkg/database/postgres/repo.go:403.23,404.62 1 2
github.com/aptlogica/go-postgres-rest/pkg/database/postgres/repo.go:404.62,406.4 1 1
github.com/aptlogica/go-postgres-rest/pkg/database/postgres/repo.go:407.3,410.4 1 1
github.com/aptlogica/go-postgres-rest/pkg/database/postgres/repo.go:411.23,412.65 1 2
github.com/aptlogica/go-postgres-rest/pkg/database/postgres/repo.go:412.65,414.4 1 1
github.com/aptlogica/go-postgres-rest/pkg/database/postgres/repo.go:415.3,418.4 1 1
github.com/aptlogica/go-postgres-rest/pkg/database/postgres/repo.go:421.2,421.69 1 2
github.com/aptlogica/go-postgres-rest/pkg/database/postgres/repo.go:424.110,426.62 1 6
github.com/aptlogica/go-postgres-rest/pkg/database/postgres/repo.go:426.62,428.3 1 1
github.com/aptlogica/go-postgres-rest/pkg/database/postgres/repo.go:431.2,431.59 1 5
github.com/aptlogica/go-postgres-rest/pkg/database/postgres/repo.go:431.59,433.3 1 1
github.com/aptlogica/go-postgres-rest/pkg/database/postgres/repo.go:435.2,437.17 2 4
github.com/aptlogica/go-postgres-rest/pkg/database/postgres/repo.go:437.17,439.3 1 1
github.com/aptlogica/go-postgres-rest/pkg/database/postgres/repo.go:441.2,442.16 2 4
github.com/aptlogica/go-postgres-rest/pkg/database/postgres/repo.go:442.16,444.3 1 0
github.com/aptlogica/go-postgres-rest/pkg/database/postgres/repo.go:446.2,446.12 1 4
github.com/aptlogica/go-postgres-rest/pkg/database/postgres/repo.go:449.114,451.62 1 8
github.com/aptlogica/go-postgres-rest/pkg/database/postgres/repo.go:451.62,453.3 1 0
github.com/aptlogica/go-postgres-rest/pkg/database/postgres/repo.go:456.2,456.59 1 8
github.com/aptlogica/go-postgres-rest/pkg/database/postgres/repo.go:456.59,458.3 1 1
github.com/aptlogica/go-postgres-rest/pkg/database/postgres/repo.go:461.2,467.27 4 7
github.com/aptlogica/go-postgres-rest/pkg/database/postgres/repo.go:467.27,469.17 2 3
github.com/aptlogica/go-postgres-rest/pkg/database/postgres/repo.go:469.17,471.4 1 0
github.com/aptlogica/go-postgres-rest/pkg/database/postgres/repo.go:472.3,474.54 1 3
github.com/aptlogica/go-postgres-rest/pkg/database/postgres/repo.go:477.2,477.27 1 7
github.com/aptlogica/go-postgres-rest/pkg/database/postgres/repo.go:477.27,478.22 1 5
github.com/aptlogica/go-postgres-rest/pkg/database/postgres/repo.go:478.22,481.4 1 3
github.com/aptlogica/go-postgres-rest/pkg/database/postgres/repo.go:481.9,484.4 1 2
github.com/aptlogica/go-postgres-rest/pkg/database/postgres/repo.go:488.2,488.27 1 7
github.com/aptlogica/go-postgres-rest/pkg/database/postgres/repo.go:488.27,490.17 2 2
github.com/aptlogica/go-postgres-rest/pkg/database/postgres/repo.go:490.17,492.4 1 0
github.com/aptlogica/go-postgres-rest/pkg/database/postgres/repo.go:493.3,494.52 1 2
github.com/aptlogica/go-postgres-rest/pkg/database/postgres/repo.go:497.2,497.21 1 7
github.com/aptlogica/go-postgres-rest/pkg/database/postgres/repo.go:497.21,500.3 1 2
github.com/aptlogica/go-postgres-rest/pkg/database/postgres/repo.go:502.2,502.32 1 7
github.com/aptlogica/go-postgres-rest/pkg/database/postgres/repo.go:502.32,503.61 1 12
github.com/aptlogica/go-postgres-rest/pkg/database/postgres/repo.go:503.61,505.4 1 1
github.com/aptlogica/go-postgres-rest/pkg/database/postgres/repo.go:508.2,508.12 1 6
github.com/aptlogica/go-postgres-rest/pkg/database/postgres/repo.go:511.114,513.62 1 4
github.com/aptlogica/go-postgres-rest/pkg/database/postgres/repo.go:513.62,515.3 1 1
github.com/aptlogica/go-postgres-rest/pkg/database/postgres/repo.go:518.2,518.56 1 3
github.com/aptlogica/go-postgres-rest/pkg/database/postgres/repo.go:518.56,520.3 1 1
github.com/aptlogica/go-postgres-rest/pkg/database/postgres/repo.go:521.2,521.56 1 2
github.com/aptlogica/go-postgres-rest/pkg/database/postgres/repo.go:521.56,523.3 1 0
github.com/aptlogica/go-postgres-rest/pkg/database/postgres/repo.go:525.2,529.16 3 2
github.com/aptlogica/go-postgres-rest/pkg/database/postgres/repo.go:529.16,531.3 1 0
[...]
github.com/aptlogica/go-postgres-rest/pkg/database/postgres/repo.go:2694.90,2705.62 7 4
github.com/aptlogica/go-postgres-rest/pkg/database/postgres/repo.go:2705.62,2708.17 3 4
github.com/aptlogica/go-postgres-rest/pkg/database/postgres/repo.go:2708.17,2711.4 2 4
github.com/aptlogica/go-postgres-rest/pkg/database/postgres/repo.go:2714.2,2714.25 1 4
github.com/aptlogica/go-postgres-rest/pkg/database/postgres/repo.go:2758.104,2768.40 4 3
github.com/aptlogica/go-postgres-rest/pkg/database/postgres/repo.go:2768.40,2770.3 1 0
github.com/aptlogica/go-postgres-rest/pkg/database/postgres/repo.go:2771.2,2771.20 1 3
github.com/aptlogica/go-postgres-rest/pkg/database/postgres/repo.go:2774.107,2778.16 3 3
github.com/aptlogica/go-postgres-rest/pkg/database/postgres/repo.go:2778.16,2780.3 1 0
github.com/aptlogica/go-postgres-rest/pkg/database/postgres/repo.go:2782.2,2782.12 1 3
github.com/aptlogica/go-postgres-rest/pkg/database/postgres/repo.go:2782.12,2784.3 1 0
github.com/aptlogica/go-postgres-rest/pkg/database/postgres/repo.go:2786.2,2787.33 2 3
github.com/aptlogica/go-postgres-rest/pkg/database/postgres/repo.go:2787.33,2789.3 1 3
github.com/aptlogica/go-postgres-rest/pkg/database/postgres/repo.go:2791.2,2792.33 2 3
github.com/aptlogica/go-postgres-rest/pkg/database/postgres/repo.go:2792.33,2794.3 1 3
github.com/aptlogica/go-postgres-rest/pkg/database/postgres/repo.go:2796.2,2807.16 3 3
github.com/aptlogica/go-postgres-rest/pkg/database/postgres/repo.go:2807.16,2809.3 1 0
github.com/aptlogica/go-postgres-rest/pkg/database/postgres/repo.go:2810.2,2810.12 1 3
github.com/aptlogica/go-postgres-rest/pkg/database/postgres/repo.go:2813.108,2815.89 1 4
github.com/aptlogica/go-postgres-rest/pkg/database/postgres/repo.go:2815.89,2825.3 6 1
github.com/aptlogica/go-postgres-rest/pkg/database/postgres/repo.go:2825.8,2830.3 3 3
github.com/aptlogica/go-postgres-rest/pkg/database/postgres/repo.go:2832.2,2832.12 1 4
github.com/aptlogica/go-postgres-rest/pkg/database/postgres/repo.go:2835.137,2843.50 2 3
github.com/aptlogica/go-postgres-rest/pkg/database/postgres/repo.go:2843.50,2845.17 2 1
github.com/aptlogica/go-postgres-rest/pkg/database/postgres/repo.go:2845.17,2847.4 1 0
github.com/aptlogica/go-postgres-rest/pkg/database/postgres/repo.go:2849.3,2851.18 2 1
github.com/aptlogica/go-postgres-rest/pkg/database/postgres/repo.go:2851.18,2853.4 1 0
github.com/aptlogica/go-postgres-rest/pkg/database/postgres/repo.go:2855.3,2855.17 1 1
github.com/aptlogica/go-postgres-rest/pkg/database/postgres/repo.go:2855.17,2857.4 1 0
github.com/aptlogica/go-postgres-rest/pkg/database/postgres/repo.go:2859.3,2859.34 1 1
github.com/aptlogica/go-postgres-rest/pkg/database/postgres/repo.go:2859.34,2861.4 1 1
github.com/aptlogica/go-postgres-rest/pkg/database/postgres/repo.go:2863.3,2863.32 1 1
github.com/aptlogica/go-postgres-rest/pkg/database/postgres/repo.go:2863.32,2865.4 1 0
github.com/aptlogica/go-postgres-rest/pkg/database/postgres/repo.go:2867.3,2867.39 1 1
github.com/aptlogica/go-postgres-rest/pkg/database/postgres/repo.go:2871.2,2883.16 5 3
github.com/aptlogica/go-postgres-rest/pkg/database/postgres/repo.go:2883.16,2885.3 1 0
github.com/aptlogica/go-postgres-rest/pkg/database/postgres/repo.go:2886.2,2886.12 1 3
github.com/aptlogica/go-postgres-rest/pkg/database/postgres/repo.go:2889.67,2892.16 3 3
github.com/aptlogica/go-postgres-rest/pkg/database/postgres/repo.go:2892.16,2894.3 1 0
github.com/aptlogica/go-postgres-rest/pkg/database/postgres/repo.go:2895.2,2895.12 1 3
github.com/aptlogica/go-postgres-rest/pkg/database/postgres/repo.go:2900.144,2905.16 3 2
github.com/aptlogica/go-postgres-rest/pkg/database/postgres/repo.go:2905.16,2907.3 1 0
github.com/aptlogica/go-postgres-rest/pkg/database/postgres/repo.go:2908.2,2908.12 1 2
github.com/aptlogica/go-postgres-rest/pkg/database/postgres/repo.go:2911.148,2912.25 1 2
github.com/aptlogica/go-postgres-rest/pkg/database/postgres/repo.go:2912.25,2914.3 1 0
github.com/aptlogica/go-postgres-rest/pkg/database/postgres/repo.go:2917.2,2919.59 2 2
github.com/aptlogica/go-postgres-rest/pkg/database/postgres/repo.go:2919.59,2921.3 1 0
github.com/aptlogica/go-postgres-rest/pkg/database/postgres/repo.go:2924.2,2926.37 3 2
github.com/aptlogica/go-postgres-rest/pkg/database/postgres/repo.go:2926.37,2929.3 2 4
github.com/aptlogica/go-postgres-rest/pkg/database/postgres/repo.go:2931.2,2935.16 3 2
github.com/aptlogica/go-postgres-rest/pkg/database/postgres/repo.go:2935.16,2937.3 1 0
github.com/aptlogica/go-postgres-rest/pkg/database/postgres/repo.go:2938.2,2938.12 1 2
github.com/aptlogica/go-postgres-rest/pkg/database/postgres/repo.go:2941.149,2942.25 1 2
github.com/aptlogica/go-postgres-rest/pkg/database/postgres/repo.go:2942.25,2944.3 1 0
github.com/aptlogica/go-postgres-rest/pkg/database/postgres/repo.go:2946.2,2948.37 3 2
github.com/aptlogica/go-postgres-rest/pkg/database/postgres/repo.go:2948.37,2951.3 2 4
github.com/aptlogica/go-postgres-rest/pkg/database/postgres/repo.go:2953.2,2957.16 3 2
github.com/aptlogica/go-postgres-rest/pkg/database/postgres/repo.go:2957.16,2959.3 1 0
github.com/aptlogica/go-postgres-rest/pkg/database/postgres/repo.go:2960.2,2960.12 1 2
github.com/aptlogica/go-postgres-rest/pkg/database/postgres/repo.go:2964.198,2972.31 5 2
github.com/aptlogica/go-postgres-rest/pkg/database/postgres/repo.go:2972.31,2973.85 1 1
github.com/aptlogica/go-postgres-rest/pkg/database/postgres/repo.go:2973.85,2978.4 4 1
github.com/aptlogica/go-postgres-rest/pkg/database/postgres/repo.go:2981.2,2990.22 2 2
github.com/aptlogica/go-postgres-rest/pkg/database/postgres/repo.go:2994.101,2995.18 1 2
github.com/aptlogica/go-postgres-rest/pkg/database/postgres/repo.go:2995.18,2997.3 1 0
github.com/aptlogica/go-postgres-rest/pkg/database/postgres/repo.go:2999.2,3000.16 2 2
github.com/aptlogica/go-postgres-rest/pkg/database/postgres/repo.go:3000.16,3002.3 1 0
github.com/aptlogica/go-postgres-rest/pkg/database/postgres/repo.go:3004.2,3006.22 3 2
github.com/aptlogica/go-postgres-rest/pkg/database/postgres/repo.go:3006.22,3008.3 1 4
github.com/aptlogica/go-postgres-rest/pkg/database/postgres/repo.go:3010.2,3010.46 1 2
github.com/aptlogica/go-postgres-rest/pkg/database/postgres/repo.go:3010.46,3012.3 1 0
github.com/aptlogica/go-postgres-rest/pkg/database/postgres/repo.go:3014.2,3015.27 2 2
github.com/aptlogica/go-postgres-rest/pkg/database/postgres/repo.go:3015.27,3017.3 1 4
github.com/aptlogica/go-postgres-rest/pkg/database/postgres/repo.go:3018.2,3018.20 1 2
github.com/aptlogica/go-postgres-rest/pkg/database/postgres/repo.go:3021.207,3022.25 1 2
github.com/aptlogica/go-postgres-rest/pkg/database/postgres/repo.go:3022.25,3024.3 1 0
github.com/aptlogica/go-postgres-rest/pkg/database/postgres/repo.go:3026.2,3028.37 2 2
github.com/aptlogica/go-postgres-rest/pkg/database/postgres/repo.go:3028.37,3034.17 3 2
github.com/aptlogica/go-postgres-rest/pkg/database/postgres/repo.go:3034.17,3036.4 1 0
github.com/aptlogica/go-postgres-rest/pkg/database/postgres/repo.go:3037.3,3041.17 3 2
github.com/aptlogica/go-postgres-rest/pkg/database/postgres/repo.go:3041.17,3043.4 1 0
github.com/aptlogica/go-postgres-rest/pkg/database/postgres/repo.go:3044.3,3044.20 1 2
github.com/aptlogica/go-postgres-rest/pkg/database/postgres/repo.go:3044.20,3046.4 1 2
github.com/aptlogica/go-postgres-rest/pkg/database/postgres/repo.go:3049.2,3049.21 1 2
github.com/aptlogica/go-postgres-rest/pkg/database/postgres/repo.go:3052.159,3053.25 1 5
github.com/aptlogica/go-postgres-rest/pkg/database/postgres/repo.go:3053.25,3058.17 3 2
github.com/aptlogica/go-postgres-rest/pkg/database/postgres/repo.go:3058.17,3060.4 1 1
github.com/aptlogica/go-postgres-rest/pkg/database/postgres/repo.go:3061.3,3062.25 2 1
github.com/aptlogica/go-postgres-rest/pkg/database/postgres/repo.go:3065.2,3067.37 3 3
github.com/aptlogica/go-postgres-rest/pkg/database/postgres/repo.go:3067.37,3070.3 2 4
github.com/aptlogica/go-postgres-rest/pkg/database/postgres/repo.go:3072.2,3076.16 3 3
github.com/aptlogica/go-postgres-rest/pkg/database/postgres/repo.go:3076.16,3078.3 1 0
github.com/aptlogica/go-postgres-rest/pkg/database/postgres/repo.go:3080.2,3081.24 2 3
github.com/aptlogica/go-postgres-rest/pkg/database/postgres/repo.go:3084.160,3085.25 1 6
github.com/aptlogica/go-postgres-rest/pkg/database/postgres/repo.go:3085.25,3089.17 3 2
github.com/aptlogica/go-postgres-rest/pkg/database/postgres/repo.go:3089.17,3091.4 1 1
github.com/aptlogica/go-postgres-rest/pkg/database/postgres/repo.go:3092.3,3093.25 2 1
github.com/aptlogica/go-postgres-rest/pkg/database/postgres/repo.go:3096.2,3098.37 3 4
github.com/aptlogica/go-postgres-rest/pkg/database/postgres/repo.go:3098.37,3101.3 2 5
github.com/aptlogica/go-postgres-rest/pkg/database/postgres/repo.go:3103.2,3108.16 3 4
github.com/aptlogica/go-postgres-rest/pkg/database/postgres/repo.go:3108.16,3110.3 1 0
github.com/aptlogica/go-postgres-rest/pkg/database/postgres/repo.go:3112.2,3113.24 2 4
github.com/aptlogica/go-postgres-rest/pkg/database/postgres/repo.go:3140.158,3144.28 3 14
github.com/aptlogica/go-postgres-rest/pkg/database/postgres/repo.go:3144.28,3146.3 1 4
github.com/aptlogica/go-postgres-rest/pkg/database/postgres/repo.go:3146.8,3147.28 1 10
github.com/aptlogica/go-postgres-rest/pkg/database/postgres/repo.go:3148.66,3149.68 1 4
github.com/aptlogica/go-postgres-rest/pkg/database/postgres/repo.go:3150.38,3151.28 1 4
github.com/aptlogica/go-postgres-rest/pkg/database/postgres/repo.go:3155.2,3155.27 1 14
github.com/aptlogica/go-postgres-rest/pkg/database/postgres/repo.go:3156.65,3159.15 2 5
github.com/aptlogica/go-postgres-rest/pkg/database/postgres/repo.go:3161.37,3168.15 2 7
github.com/aptlogica/go-postgres-rest/pkg/database/postgres/repo.go:3171.2,3171.35 1 14
github.com/aptlogica/go-postgres-rest/pkg/database/postgres/repo.go:3194.135,3198.40 2 14
github.com/aptlogica/go-postgres-rest/pkg/database/postgres/repo.go:3198.40,3203.3 4 5
github.com/aptlogica/go-postgres-rest/pkg/database/postgres/repo.go:3206.2,3206.29 1 14
github.com/aptlogica/go-postgres-rest/pkg/database/postgres/repo.go:3206.29,3208.3 1 4
github.com/aptlogica/go-postgres-rest/pkg/database/postgres/repo.go:3211.2,3211.25 1 14
github.com/aptlogica/go-postgres-rest/pkg/database/postgres/repo.go:3211.25,3215.3 3 4
github.com/aptlogica/go-postgres-rest/pkg/database/postgres/repo.go:3218.2,3218.26 1 14
github.com/aptlogica/go-postgres-rest/pkg/database/postgres/repo.go:3218.26,3221.3 2 4
github.com/aptlogica/go-postgres-rest/pkg/database/postgres/repo.go:3223.2,3223.25 1 14
github.com/aptlogica/go-postgres-rest/pkg/database/postgres/repo.go:3231.37,3247.16 11 14
github.com/aptlogica/go-postgres-rest/pkg/database/postgres/repo.go:3247.16,3249.3 1 4
github.com/aptlogica/go-postgres-rest/pkg/database/postgres/repo.go:3250.2,3253.16 3 10
github.com/aptlogica/go-postgres-rest/pkg/database/postgres/repo.go:3253.16,3255.3 1 0
github.com/aptlogica/go-postgres-rest/pkg/database/postgres/repo.go:3257.2,3258.18 2 10
github.com/aptlogica/go-postgres-rest/pkg/database/postgres/repo.go:3258.18,3261.25 3 9
github.com/aptlogica/go-postgres-rest/pkg/database/postgres/repo.go:3261.25,3263.4 1 18
github.com/aptlogica/go-postgres-rest/pkg/database/postgres/repo.go:3265.3,3265.49 1 9
github.com/aptlogica/go-postgres-rest/pkg/database/postgres/repo.go:3265.49,3267.4 1 0
github.com/aptlogica/go-postgres-rest/pkg/database/postgres/repo.go:3269.3,3270.28 2 9
github.com/aptlogica/go-postgres-rest/pkg/database/postgres/repo.go:3270.28,3272.4 1 18
github.com/aptlogica/go-postgres-rest/pkg/database/postgres/repo.go:3273.3,3273.27 1 9
github.com/aptlogica/go-postgres-rest/pkg/database/postgres/repo.go:3277.2,3277.35 1 10
github.com/aptlogica/go-postgres-rest/pkg/database/postgres/repo.go:3277.35,3279.3 1 2
github.com/aptlogica/go-postgres-rest/pkg/database/postgres/repo.go:3281.2,3281.18 1 8
github.com/aptlogica/go-postgres-rest/pkg/database/postgres/repo.go:3291.86,3296.31 4 3
github.com/aptlogica/go-postgres-rest/pkg/database/postgres/repo.go:3296.31,3297.27 1 12
github.com/aptlogica/go-postgres-rest/pkg/database/postgres/repo.go:3297.27,3300.4 2 1
github.com/aptlogica/go-postgres-rest/pkg/database/postgres/repo.go:3302.2,3302.25 1 3
github.com/aptlogica/go-postgres-rest/pkg/database/postgres/repo.go:3302.25,3303.15 1 2
github.com/aptlogica/go-postgres-rest/pkg/database/postgres/repo.go:3303.15,3305.4 1 1
github.com/aptlogica/go-postgres-rest/pkg/database/postgres/repo.go:3307.2,3307.16 1 3
github.com/aptlogica/go-postgres-rest/pkg/database/postgres/repo.go:3311.108,3314.30 3 3
github.com/aptlogica/go-postgres-rest/pkg/database/postgres/repo.go:3314.30,3318.3 2 2
github.com/aptlogica/go-postgres-rest/pkg/database/postgres/repo.go:3320.2,3321.27 2 3
github.com/aptlogica/go-postgres-rest/pkg/database/postgres/repo.go:3321.27,3323.3 1 1
github.com/aptlogica/go-postgres-rest/pkg/database/postgres/repo.go:3323.8,3325.3 1 2
github.com/aptlogica/go-postgres-rest/pkg/database/postgres/repo.go:3327.2,3327.22 1 3
github.com/aptlogica/go-postgres-rest/pkg/database/postgres/repo.go:3330.121,3331.16 1 3
github.com/aptlogica/go-postgres-rest/pkg/database/postgres/repo.go:3331.16,3333.3 1 0
github.com/aptlogica/go-postgres-rest/pkg/database/postgres/repo.go:3336.2,3342.16 4 3
github.com/aptlogica/go-postgres-rest/pkg/database/postgres/repo.go:3342.16,3344.3 1 1
github.com/aptlogica/go-postgres-rest/pkg/database/postgres/repo.go:3345.2,3348.16 3 2
github.com/aptlogica/go-postgres-rest/pkg/database/postgres/repo.go:3348.16,3350.3 1 0
github.com/aptlogica/go-postgres-rest/pkg/database/postgres/repo.go:3352.2,3353.18 2 2
github.com/aptlogica/go-postgres-rest/pkg/database/postgres/repo.go:3353.18,3356.25 3 2
github.com/aptlogica/go-postgres-rest/pkg/database/postgres/repo.go:3356.25,3358.4 1 2
github.com/aptlogica/go-postgres-rest/pkg/database/postgres/repo.go:3360.3,3360.49 1 2
github.com/aptlogica/go-postgres-rest/pkg/database/postgres/repo.go:3360.49,3362.4 1 0
github.com/aptlogica/go-postgres-rest/pkg/database/postgres/repo.go:3364.3,3365.33 2 2
github.com/aptlogica/go-postgres-rest/pkg/database/postgres/repo.go:3369.2,3369.35 1 2
github.com/aptlogica/go-postgres-rest/pkg/database/postgres/repo.go:3369.35,3371.3 1 0
github.com/aptlogica/go-postgres-rest/pkg/database/postgres/repo.go:3373.2,3373.23 1 2
github.com/aptlogica/go-postgres-rest/pkg/database/postgres/repo.go:3373.23,3375.3 1 2
github.com/aptlogica/go-postgres-rest/pkg/database/postgres/repo.go:3376.2,3376.21 1 0
github.com/aptlogica/go-postgres-rest/examples/basic-crud/main.go:37.13,56.16 5 0
github.com/aptlogica/go-postgres-rest/examples/basic-crud/main.go:56.16,58.3 1 0
github.com/aptlogica/go-postgres-rest/examples/basic-crud/main.go:59.2,65.39 3 0
github.com/aptlogica/go-postgres-rest/examples/basic-crud/main.go:65.39,67.3 1 0
github.com/aptlogica/go-postgres-rest/examples/basic-crud/main.go:70.2,89.47 17 0
github.com/aptlogica/go-postgres-rest/examples/basic-crud/main.go:92.27,119.16 3 0
github.com/aptlogica/go-postgres-rest/examples/basic-crud/main.go:119.16,121.3 1 0
github.com/aptlogica/go-postgres-rest/examples/basic-crud/main.go:123.2,124.12 2 0
github.com/aptlogica/go-postgres-rest/examples/basic-crud/main.go:128.60,138.2 3 0
github.com/aptlogica/go-postgres-rest/examples/basic-crud/main.go:141.59,142.18 1 0
github.com/aptlogica/go-postgres-rest/examples/basic-crud/main.go:143.22,144.20 1 0
github.com/aptlogica/go-postgres-rest/examples/basic-crud/main.go:145.23,146.19 1 0
github.com/aptlogica/go-postgres-rest/examples/basic-crud/main.go:147.10,148.67 1 0
github.com/aptlogica/go-postgres-rest/examples/basic-crud/main.go:153.58,156.16 2 0
github.com/aptlogica/go-postgres-rest/examples/basic-crud/main.go:156.16,159.3 2 0
github.com/aptlogica/go-postgres-rest/examples/basic-crud/main.go:161.2,162.16 2 0
github.com/aptlogica/go-postgres-rest/examples/basic-crud/main.go:162.16,165.3 2 0
github.com/aptlogica/go-postgres-rest/examples/basic-crud/main.go:167.2,167.18 1 0
github.com/aptlogica/go-postgres-rest/examples/basic-crud/main.go:168.22,169.24 1 0
github.com/aptlogica/go-postgres-rest/examples/basic-crud/main.go:170.22,171.23 1 0
github.com/aptlogica/go-postgres-rest/examples/basic-crud/main.go:172.25,173.23 1 0
github.com/aptlogica/go-postgres-rest/examples/basic-crud/main.go:174.10,175.67 1 0
github.com/aptlogica/go-postgres-rest/examples/basic-crud/main.go:180.58,184.16 3 0
github.com/aptlogica/go-postgres-rest/examples/basic-crud/main.go:184.16,187.3 2 0
github.com/aptlogica/go-postgres-rest/examples/basic-crud/main.go:188.2,191.18 3 0
github.com/aptlogica/go-postgres-rest/examples/basic-crud/main.go:191.18,194.17 3 0
github.com/aptlogica/go-postgres-rest/examples/basic-crud/main.go:194.17,197.4 2 0
github.com/aptlogica/go-postgres-rest/examples/basic-crud/main.go:198.3,198.30 1 0
github.com/aptlogica/go-postgres-rest/examples/basic-crud/main.go:201.2,201.18 1 0
github.com/aptlogica/go-postgres-rest/examples/basic-crud/main.go:201.18,203.3 1 0
github.com/aptlogica/go-postgres-rest/examples/basic-crud/main.go:205.2,209.4 2 0
github.com/aptlogica/go-postgres-rest/examples/basic-crud/main.go:213.57,215.62 2 0
github.com/aptlogica/go-postgres-rest/examples/basic-crud/main.go:215.62,218.3 2 0
github.com/aptlogica/go-postgres-rest/examples/basic-crud/main.go:221.2,221.41 1 0
github.com/aptlogica/go-postgres-rest/examples/basic-crud/main.go:221.41,224.3 2 0
github.com/aptlogica/go-postgres-rest/examples/basic-crud/main.go:226.2,236.16 3 0
github.com/aptlogica/go-postgres-rest/examples/basic-crud/main.go:236.16,237.57 1 0
github.com/aptlogica/go-postgres-rest/examples/basic-crud/main.go:237.57,239.4 1 0
github.com/aptlogica/go-postgres-rest/examples/basic-crud/main.go:239.9,241.4 1 0
github.com/aptlogica/go-postgres-rest/examples/basic-crud/main.go:242.3,242.9 1 0
github.com/aptlogica/go-postgres-rest/examples/basic-crud/main.go:245.2,247.33 3 0
github.com/aptlogica/go-postgres-rest/examples/basic-crud/main.go:251.66,259.16 4 0
github.com/aptlogica/go-postgres-rest/examples/basic-crud/main.go:259.16,260.50 1 0
github.com/aptlogica/go-postgres-rest/examples/basic-crud/main.go:260.50,262.4 1 0
github.com/aptlogica/go-postgres-rest/examples/basic-crud/main.go:262.9,264.4 1 0
github.com/aptlogica/go-postgres-rest/examples/basic-crud/main.go:265.3,265.9 1 0
github.com/aptlogica/go-postgres-rest/examples/basic-crud/main.go:268.2,269.33 2 0
github.com/aptlogica/go-postgres-rest/examples/basic-crud/main.go:273.65,275.68 2 0
github.com/aptlogica/go-postgres-rest/examples/basic-crud/main.go:275.68,278.3 2 0
github.com/aptlogica/go-postgres-rest/examples/basic-crud/main.go:281.2,283.16 3 0
github.com/aptlogica/go-postgres-rest/examples/basic-crud/main.go:283.16,286.3 2 0
github.com/aptlogica/go-postgres-rest/examples/basic-crud/main.go:287.2,287.13 1 0
github.com/aptlogica/go-postgres-rest/examples/basic-crud/main.go:287.13,290.3 2 0
github.com/aptlogica/go-postgres-rest/examples/basic-crud/main.go:292.2,304.16 4 0
github.com/aptlogica/go-postgres-rest/examples/basic-crud/main.go:304.16,305.57 1 0
github.com/aptlogica/go-postgres-rest/examples/basic-crud/main.go:305.57,307.4 1 0
github.com/aptlogica/go-postgres-rest/examples/basic-crud/main.go:307.9,309.4 1 0
github.com/aptlogica/go-postgres-rest/examples/basic-crud/main.go:310.3,310.9 1 0
github.com/aptlogica/go-postgres-rest/examples/basic-crud/main.go:313.2,314.33 2 0
github.com/aptlogica/go-postgres-rest/examples/basic-crud/main.go:318.65,320.16 2 0
github.com/aptlogica/go-postgres-rest/examples/basic-crud/main.go:320.16,323.3 2 0
github.com/aptlogica/go-postgres-rest/examples/basic-crud/main.go:325.2,326.23 2 0
github.com/aptlogica/go-postgres-rest/examples/basic-crud/main.go:326.23,329.3 2 0
github.com/aptlogica/go-postgres-rest/examples/basic-crud/main.go:331.2,335.4 2 0
github.com/aptlogica/go-postgres-rest/examples/basic-crud/main.go:339.46,340.42 1 0
github.com/aptlogica/go-postgres-rest/examples/basic-crud/main.go:340.42,342.3 1 0
github.com/aptlogica/go-postgres-rest/examples/basic-crud/main.go:343.2,343.21 1 0
