mode: set
github.com/aptlogica/go-postgres-rest/pkg/config/config.go:39.51,40.17 1 1
github.com/aptlogica/go-postgres-rest/pkg/config/config.go:40.17,42.3 1 1
github.com/aptlogica/go-postgres-rest/pkg/config/config.go:43.2,44.16 2 1
github.com/aptlogica/go-postgres-rest/pkg/config/config.go:44.16,46.3 1 1
github.com/aptlogica/go-postgres-rest/pkg/config/config.go:47.2,47.10 1 1
github.com/aptlogica/go-postgres-rest/pkg/config/config.go:50.76,51.17 1 1
github.com/aptlogica/go-postgres-rest/pkg/config/config.go:51.17,53.3 1 1
github.com/aptlogica/go-postgres-rest/pkg/config/config.go:54.2,55.16 2 1
github.com/aptlogica/go-postgres-rest/pkg/config/config.go:55.16,57.3 1 1
github.com/aptlogica/go-postgres-rest/pkg/config/config.go:58.2,58.10 1 1
github.com/aptlogica/go-postgres-rest/pkg/config/config.go:63.30,84.2 3 1
github.com/aptlogica/go-postgres-rest/pkg/pkg.go:42.44,44.2 1 1
github.com/aptlogica/go-postgres-rest/pkg/pkg.go:50.79,51.16 1 1
github.com/aptlogica/go-postgres-rest/pkg/pkg.go:51.16,53.3 1 1
github.com/aptlogica/go-postgres-rest/pkg/pkg.go:55.2,60.16 4 1
github.com/aptlogica/go-postgres-rest/pkg/pkg.go:60.16,62.3 1 1
github.com/aptlogica/go-postgres-rest/pkg/pkg.go:65.2,66.16 2 1
github.com/aptlogica/go-postgres-rest/pkg/pkg.go:66.16,68.3 1 0
github.com/aptlogica/go-postgres-rest/pkg/pkg.go:71.2,79.8 1 1
github.com/aptlogica/go-postgres-rest/pkg/config/config.go:39.51,40.17 1 0
github.com/aptlogica/go-postgres-rest/pkg/config/config.go:40.17,42.3 1 0
github.com/aptlogica/go-postgres-rest/pkg/config/config.go:43.2,44.16 2 0
github.com/aptlogica/go-postgres-rest/pkg/config/config.go:44.16,46.3 1 0
github.com/aptlogica/go-postgres-rest/pkg/config/config.go:47.2,47.10 1 0
github.com/aptlogica/go-postgres-rest/pkg/config/config.go:50.76,51.17 1 0
github.com/aptlogica/go-postgres-rest/pkg/config/config.go:51.17,53.3 1 0
github.com/aptlogica/go-postgres-rest/pkg/config/config.go:54.2,55.16 2 0
github.com/aptlogica/go-postgres-rest/pkg/config/config.go:55.16,57.3 1 0
github.com/aptlogica/go-postgres-rest/pkg/config/config.go:58.2,58.10 1 0
github.com/aptlogica/go-postgres-rest/pkg/config/config.go:63.30,84.2 3 0
github.com/aptlogica/go-postgres-rest/pkg/database/dbFactory.go:22.24,27.2 3 0
github.com/aptlogica/go-postgres-rest/pkg/database/dbFactory.go:31.95,32.23 1 0
github.com/aptlogica/go-postgres-rest/pkg/database/dbFactory.go:32.23,36.3 3 0
github.com/aptlogica/go-postgres-rest/pkg/database/dbFactory.go:37.2,37.49 1 0
github.com/aptlogica/go-postgres-rest/pkg/database/factory.go:27.62,31.2 1 1
github.com/aptlogica/go-postgres-rest/pkg/database/factory.go:35.100,37.2 1 1
github.com/aptlogica/go-postgres-rest/pkg/database/factory.go:40.121,42.13 2 1
github.com/aptlogica/go-postgres-rest/pkg/database/factory.go:42.13,44.3 1 1
github.com/aptlogica/go-postgres-rest/pkg/database/factory.go:45.2,45.40 1 1
github.com/aptlogica/go-postgres-rest/pkg/database/factory.go:56.115,57.23 1 1
github.com/aptlogica/go-postgres-rest/pkg/database/factory.go:57.23,59.3 1 1
github.com/aptlogica/go-postgres-rest/pkg/database/factory.go:60.2,60.22 1 1
github.com/aptlogica/go-postgres-rest/pkg/database/factory.go:60.22,62.3 1 1
github.com/aptlogica/go-postgres-rest/pkg/database/factory.go:63.2,66.3 1 1
github.com/aptlogica/go-postgres-rest/pkg/database/factory.go:70.107,73.16 2 0
github.com/aptlogica/go-postgres-rest/pkg/database/factory.go:73.16,75.3 1 0
github.com/aptlogica/go-postgres-rest/pkg/database/factory.go:78.2,78.35 1 0
github.com/aptlogica/go-postgres-rest/pkg/database/factory.go:82.69,86.2 3 1
github.com/aptlogica/go-postgres-rest/pkg/database/repoFactory.go:18.86,22.2 3 0
github.com/aptlogica/go-postgres-rest/pkg/database/repoFactory.go:28.107,31.2 2 0
github.com/aptlogica/go-postgres-rest/pkg/database/repoFactory.go:34.55,36.2 1 0
github.com/aptlogica/go-postgres-rest/pkg/database/repository_factory.go:26.50,30.2 1 0
github.com/aptlogica/go-postgres-rest/pkg/database/repository_factory.go:34.89,36.2 1 0
github.com/aptlogica/go-postgres-rest/pkg/database/repository_factory.go:39.122,41.13 2 0
github.com/aptlogica/go-postgres-rest/pkg/database/repository_factory.go:41.13,43.3 1 0
github.com/aptlogica/go-postgres-rest/pkg/database/repository_factory.go:44.2,44.37 1 0
github.com/aptlogica/go-postgres-rest/pkg/database/repository_factory.go:49.114,51.16 2 0
github.com/aptlogica/go-postgres-rest/pkg/database/repository_factory.go:51.16,53.3 1 0
github.com/aptlogica/go-postgres-rest/pkg/database/repository_factory.go:57.2,58.9 2 0
github.com/aptlogica/go-postgres-rest/pkg/database/repository_factory.go:58.9,60.3 1 0
github.com/aptlogica/go-postgres-rest/pkg/database/repository_factory.go:62.2,62.22 1 0
github.com/aptlogica/go-postgres-rest/pkg/database/repository_factory.go:67.57,72.2 2 0
github.com/aptlogica/go-postgres-rest/pkg/database/postgres/bulk_repo.go:13.55,15.2 1 0
github.com/aptlogica/go-postgres-rest/pkg/database/postgres/bulk_repo.go:18.121,20.2 1 0
github.com/aptlogica/go-postgres-rest/pkg/database/postgres/bulk_repo.go:23.122,25.2 1 0
github.com/aptlogica/go-postgres-rest/pkg/database/postgres/bulk_repo.go:28.104,30.2 1 0
github.com/aptlogica/go-postgres-rest/pkg/database/postgres/bulk_repo.go:33.151,35.2 1 0
github.com/aptlogica/go-postgres-rest/pkg/database/postgres/connector.go:30.39,36.2 1 1
github.com/aptlogica/go-postgres-rest/pkg/database/postgres/connector.go:39.96,45.2 1 0
github.com/aptlogica/go-postgres-rest/pkg/database/postgres/connector.go:48.77,49.15 1 0
github.com/aptlogica/go-postgres-rest/pkg/database/postgres/connector.go:49.15,51.3 1 0
github.com/aptlogica/go-postgres-rest/pkg/database/postgres/connector.go:53.2,54.16 2 0
github.com/aptlogica/go-postgres-rest/pkg/database/postgres/connector.go:54.16,56.3 1 0
github.com/aptlogica/go-postgres-rest/pkg/database/postgres/connector.go:59.2,64.34 4 0
github.com/aptlogica/go-postgres-rest/pkg/database/postgres/connector.go:64.34,67.3 2 0
github.com/aptlogica/go-postgres-rest/pkg/database/postgres/connector.go:69.2,69.16 1 0
github.com/aptlogica/go-postgres-rest/pkg/database/postgres/core_repo.go:19.55,21.2 1 0
github.com/aptlogica/go-postgres-rest/pkg/database/postgres/core_repo.go:26.45,28.36 2 0
github.com/aptlogica/go-postgres-rest/pkg/database/postgres/core_repo.go:28.36,30.3 1 0
github.com/aptlogica/go-postgres-rest/pkg/database/postgres/core_repo.go:31.2,31.18 1 0
github.com/aptlogica/go-postgres-rest/pkg/database/postgres/core_repo.go:37.79,39.2 1 0
github.com/aptlogica/go-postgres-rest/pkg/database/postgres/core_repo.go:44.90,46.2 1 0
github.com/aptlogica/go-postgres-rest/pkg/database/postgres/core_repo.go:51.116,53.2 1 0
github.com/aptlogica/go-postgres-rest/pkg/database/postgres/core_repo.go:58.77,60.16 2 0
github.com/aptlogica/go-postgres-rest/pkg/database/postgres/core_repo.go:60.16,62.3 1 0
github.com/aptlogica/go-postgres-rest/pkg/database/postgres/core_repo.go:63.2,63.12 1 0
github.com/aptlogica/go-postgres-rest/pkg/database/postgres/database_repo.go:27.69,37.2 1 0
github.com/aptlogica/go-postgres-rest/pkg/database/postgres/database_repo.go:42.62,44.2 1 0
github.com/aptlogica/go-postgres-rest/pkg/database/postgres/database_repo.go:47.60,49.2 1 0
github.com/aptlogica/go-postgres-rest/pkg/database/postgres/database_repo.go:52.60,54.2 1 0
github.com/aptlogica/go-postgres-rest/pkg/database/postgres/database_repo.go:57.62,59.2 1 0
github.com/aptlogica/go-postgres-rest/pkg/database/postgres/database_repo.go:62.78,64.2 1 0
github.com/aptlogica/go-postgres-rest/pkg/database/postgres/database_repo.go:67.76,69.2 1 0
github.com/aptlogica/go-postgres-rest/pkg/database/postgres/database_repo.go:72.72,74.2 1 0
github.com/aptlogica/go-postgres-rest/pkg/database/postgres/ddl_repo.go:18.53,20.2 1 0
github.com/aptlogica/go-postgres-rest/pkg/database/postgres/ddl_repo.go:25.77,27.2 1 0
github.com/aptlogica/go-postgres-rest/pkg/database/postgres/ddl_repo.go:32.86,34.2 1 0
github.com/aptlogica/go-postgres-rest/pkg/database/postgres/ddl_repo.go:39.94,41.2 1 0
github.com/aptlogica/go-postgres-rest/pkg/database/postgres/ddl_repo.go:46.72,50.16 4 0
github.com/aptlogica/go-postgres-rest/pkg/database/postgres/ddl_repo.go:50.16,52.3 1 0
github.com/aptlogica/go-postgres-rest/pkg/database/postgres/ddl_repo.go:53.2,53.20 1 0
github.com/aptlogica/go-postgres-rest/pkg/database/postgres/dml_repo.go:15.53,17.2 1 0
github.com/aptlogica/go-postgres-rest/pkg/database/postgres/dml_repo.go:22.83,24.2 1 0
github.com/aptlogica/go-postgres-rest/pkg/database/postgres/dml_repo.go:29.91,31.2 1 0
github.com/aptlogica/go-postgres-rest/pkg/database/postgres/dml_repo.go:36.63,38.2 1 0
github.com/aptlogica/go-postgres-rest/pkg/database/postgres/dml_repo.go:43.120,45.2 1 0
github.com/aptlogica/go-postgres-rest/pkg/database/postgres/dml_repo.go:50.101,52.2 1 0
github.com/aptlogica/go-postgres-rest/pkg/database/postgres/dsn_builder.go:23.41,25.2 1 1
github.com/aptlogica/go-postgres-rest/pkg/database/postgres/dsn_builder.go:28.84,29.16 1 0
github.com/aptlogica/go-postgres-rest/pkg/database/postgres/dsn_builder.go:29.16,31.3 1 0
github.com/aptlogica/go-postgres-rest/pkg/database/postgres/dsn_builder.go:33.2,33.50 1 0
github.com/aptlogica/go-postgres-rest/pkg/database/postgres/dsn_builder.go:33.50,35.3 1 0
github.com/aptlogica/go-postgres-rest/pkg/database/postgres/dsn_builder.go:38.2,38.20 1 0
github.com/aptlogica/go-postgres-rest/pkg/database/postgres/dsn_builder.go:38.20,40.3 1 0
github.com/aptlogica/go-postgres-rest/pkg/database/postgres/dsn_builder.go:41.2,41.39 1 0
github.com/aptlogica/go-postgres-rest/pkg/database/postgres/dsn_builder.go:41.39,43.3 1 0
github.com/aptlogica/go-postgres-rest/pkg/database/postgres/dsn_builder.go:44.2,44.24 1 0
github.com/aptlogica/go-postgres-rest/pkg/database/postgres/dsn_builder.go:44.24,46.3 1 0
github.com/aptlogica/go-postgres-rest/pkg/database/postgres/dsn_builder.go:47.2,47.28 1 0
github.com/aptlogica/go-postgres-rest/pkg/database/postgres/dsn_builder.go:47.28,49.3 1 0
github.com/aptlogica/go-postgres-rest/pkg/database/postgres/dsn_builder.go:52.2,62.17 2 0
github.com/aptlogica/go-postgres-rest/pkg/database/postgres/migration_repo.go:13.65,15.2 1 0
github.com/aptlogica/go-postgres-rest/pkg/database/postgres/migration_repo.go:19.85,21.2 1 0
github.com/aptlogica/go-postgres-rest/pkg/database/postgres/migration_repo.go:25.79,27.2 1 0
github.com/aptlogica/go-postgres-rest/pkg/database/postgres/performance_repo.go:13.69,15.2 1 0
github.com/aptlogica/go-postgres-rest/pkg/database/postgres/performance_repo.go:20.87,22.2 1 0
github.com/aptlogica/go-postgres-rest/pkg/database/postgres/performance_repo.go:27.87,29.2 1 0
github.com/aptlogica/go-postgres-rest/pkg/database/postgres/performance_repo.go:34.76,36.2 1 0
github.com/aptlogica/go-postgres-rest/pkg/database/postgres/postgres.go:19.37,19.57 1 0
github.com/aptlogica/go-postgres-rest/pkg/database/postgres/postgres.go:24.65,36.16 3 0
github.com/aptlogica/go-postgres-rest/pkg/database/postgres/postgres.go:36.16,38.3 1 0
github.com/aptlogica/go-postgres-rest/pkg/database/postgres/postgres.go:40.2,44.35 4 0
github.com/aptlogica/go-postgres-rest/pkg/database/postgres/postgres.go:44.35,46.3 1 0
github.com/aptlogica/go-postgres-rest/pkg/database/postgres/postgres.go:48.2,48.16 1 0
github.com/aptlogica/go-postgres-rest/pkg/database/postgres/relationship_repo.go:18.71,20.2 1 0
github.com/aptlogica/go-postgres-rest/pkg/database/postgres/relationship_repo.go:25.110,27.2 1 0
github.com/aptlogica/go-postgres-rest/pkg/database/postgres/relationship_repo.go:32.111,34.2 1 0
github.com/aptlogica/go-postgres-rest/pkg/database/postgres/relationship_repo.go:39.140,41.2 1 0
github.com/aptlogica/go-postgres-rest/pkg/database/postgres/relationship_repo.go:46.70,48.2 1 0
github.com/aptlogica/go-postgres-rest/pkg/database/postgres/relationship_repo.go:53.147,55.2 1 0
github.com/aptlogica/go-postgres-rest/pkg/database/postgres/relationship_repo.go:60.151,62.2 1 0
github.com/aptlogica/go-postgres-rest/pkg/database/postgres/relationship_repo.go:67.152,69.2 1 0
github.com/aptlogica/go-postgres-rest/pkg/database/postgres/relationship_repo.go:74.210,76.2 1 0
github.com/aptlogica/go-postgres-rest/pkg/database/postgres/relationship_repo.go:81.162,83.2 1 0
github.com/aptlogica/go-postgres-rest/pkg/database/postgres/relationship_repo.go:88.163,90.2 1 0
github.com/aptlogica/go-postgres-rest/pkg/database/postgres/relationship_repo.go:95.196,97.2 1 0
github.com/aptlogica/go-postgres-rest/pkg/database/postgres/repo.go:31.72,33.2 1 0
github.com/aptlogica/go-postgres-rest/pkg/database/postgres/repo.go:35.66,37.36 2 0
github.com/aptlogica/go-postgres-rest/pkg/database/postgres/repo.go:37.36,39.3 1 0
github.com/aptlogica/go-postgres-rest/pkg/database/postgres/repo.go:40.2,40.18 1 0
github.com/aptlogica/go-postgres-rest/pkg/database/postgres/repo.go:82.43,85.20 2 0
github.com/aptlogica/go-postgres-rest/pkg/database/postgres/repo.go:85.20,87.3 1 0
github.com/aptlogica/go-postgres-rest/pkg/database/postgres/repo.go:90.2,90.78 1 0
github.com/aptlogica/go-postgres-rest/pkg/database/postgres/repo.go:90.78,91.82 1 0
github.com/aptlogica/go-postgres-rest/pkg/database/postgres/repo.go:91.82,93.4 1 0
github.com/aptlogica/go-postgres-rest/pkg/database/postgres/repo.go:95.3,96.52 2 0
github.com/aptlogica/go-postgres-rest/pkg/database/postgres/repo.go:96.52,98.4 1 0
github.com/aptlogica/go-postgres-rest/pkg/database/postgres/repo.go:99.3,99.41 1 0
github.com/aptlogica/go-postgres-rest/pkg/database/postgres/repo.go:99.41,101.4 1 0
github.com/aptlogica/go-postgres-rest/pkg/database/postgres/repo.go:102.3,102.13 1 0
github.com/aptlogica/go-postgres-rest/pkg/database/postgres/repo.go:105.2,105.31 1 0
github.com/aptlogica/go-postgres-rest/pkg/database/postgres/repo.go:105.31,107.3 1 0
github.com/aptlogica/go-postgres-rest/pkg/database/postgres/repo.go:108.2,108.40 1 0
github.com/aptlogica/go-postgres-rest/pkg/database/postgres/repo.go:108.40,110.3 1 0
github.com/aptlogica/go-postgres-rest/pkg/database/postgres/repo.go:111.2,111.12 1 0
github.com/aptlogica/go-postgres-rest/pkg/database/postgres/repo.go:115.44,118.20 2 0
github.com/aptlogica/go-postgres-rest/pkg/database/postgres/repo.go:118.20,120.3 1 0
github.com/aptlogica/go-postgres-rest/pkg/database/postgres/repo.go:123.2,123.78 1 0
github.com/aptlogica/go-postgres-rest/pkg/database/postgres/repo.go:123.78,124.82 1 0
github.com/aptlogica/go-postgres-rest/pkg/database/postgres/repo.go:124.82,126.4 1 0
github.com/aptlogica/go-postgres-rest/pkg/database/postgres/repo.go:128.3,129.52 2 0
github.com/aptlogica/go-postgres-rest/pkg/database/postgres/repo.go:129.52,131.4 1 0
github.com/aptlogica/go-postgres-rest/pkg/database/postgres/repo.go:132.3,132.41 1 0
github.com/aptlogica/go-postgres-rest/pkg/database/postgres/repo.go:132.41,134.4 1 0
github.com/aptlogica/go-postgres-rest/pkg/database/postgres/repo.go:135.3,135.13 1 0
github.com/aptlogica/go-postgres-rest/pkg/database/postgres/repo.go:138.2,138.31 1 0
github.com/aptlogica/go-postgres-rest/pkg/database/postgres/repo.go:138.31,140.3 1 0
github.com/aptlogica/go-postgres-rest/pkg/database/postgres/repo.go:141.2,141.41 1 0
github.com/aptlogica/go-postgres-rest/pkg/database/postgres/repo.go:141.41,143.3 1 0
github.com/aptlogica/go-postgres-rest/pkg/database/postgres/repo.go:144.2,144.12 1 0
github.com/aptlogica/go-postgres-rest/pkg/database/postgres/repo.go:148.65,153.34 4 0
github.com/aptlogica/go-postgres-rest/pkg/database/postgres/repo.go:153.34,154.12 1 0
github.com/aptlogica/go-postgres-rest/pkg/database/postgres/repo.go:155.12,157.24 2 0
github.com/aptlogica/go-postgres-rest/pkg/database/postgres/repo.go:158.12,159.16 1 0
github.com/aptlogica/go-postgres-rest/pkg/database/postgres/repo.go:159.16,161.13 2 0
github.com/aptlogica/go-postgres-rest/pkg/database/postgres/repo.go:163.4,164.19 2 0
github.com/aptlogica/go-postgres-rest/pkg/database/postgres/repo.go:165.11,166.24 1 0
github.com/aptlogica/go-postgres-rest/pkg/database/postgres/repo.go:170.2,170.14 1 0
github.com/aptlogica/go-postgres-rest/pkg/database/postgres/repo.go:170.14,172.3 1 0
github.com/aptlogica/go-postgres-rest/pkg/database/postgres/repo.go:174.2,175.19 2 0
github.com/aptlogica/go-postgres-rest/pkg/database/postgres/repo.go:179.77,180.21 1 0
github.com/aptlogica/go-postgres-rest/pkg/database/postgres/repo.go:180.21,182.3 1 0
github.com/aptlogica/go-postgres-rest/pkg/database/postgres/repo.go:183.2,183.20 1 0
github.com/aptlogica/go-postgres-rest/pkg/database/postgres/repo.go:183.20,185.3 1 0
github.com/aptlogica/go-postgres-rest/pkg/database/postgres/repo.go:186.2,186.12 1 0
github.com/aptlogica/go-postgres-rest/pkg/database/postgres/repo.go:190.69,191.50 1 0
github.com/aptlogica/go-postgres-rest/pkg/database/postgres/repo.go:191.50,193.3 1 0
github.com/aptlogica/go-postgres-rest/pkg/database/postgres/repo.go:194.2,194.49 1 0
github.com/aptlogica/go-postgres-rest/pkg/database/postgres/repo.go:194.49,196.3 1 0
github.com/aptlogica/go-postgres-rest/pkg/database/postgres/repo.go:197.2,197.12 1 0
github.com/aptlogica/go-postgres-rest/pkg/database/postgres/repo.go:202.61,204.29 2 0
github.com/aptlogica/go-postgres-rest/pkg/database/postgres/repo.go:204.29,206.3 1 0
github.com/aptlogica/go-postgres-rest/pkg/database/postgres/repo.go:208.2,209.16 2 0
github.com/aptlogica/go-postgres-rest/pkg/database/postgres/repo.go:209.16,211.3 1 0
github.com/aptlogica/go-postgres-rest/pkg/database/postgres/repo.go:213.2,213.73 1 0
github.com/aptlogica/go-postgres-rest/pkg/database/postgres/repo.go:213.73,215.3 1 0
github.com/aptlogica/go-postgres-rest/pkg/database/postgres/repo.go:217.2,217.21 1 0
github.com/aptlogica/go-postgres-rest/pkg/database/postgres/repo.go:217.21,221.3 3 0
github.com/aptlogica/go-postgres-rest/pkg/database/postgres/repo.go:223.2,223.52 1 0
github.com/aptlogica/go-postgres-rest/pkg/database/postgres/repo.go:223.52,225.3 1 0
github.com/aptlogica/go-postgres-rest/pkg/database/postgres/repo.go:226.2,226.12 1 0
github.com/aptlogica/go-postgres-rest/pkg/database/postgres/repo.go:239.40,240.44 1 0
github.com/aptlogica/go-postgres-rest/pkg/database/postgres/repo.go:240.44,242.3 1 0
github.com/aptlogica/go-postgres-rest/pkg/database/postgres/repo.go:243.2,243.12 1 0
github.com/aptlogica/go-postgres-rest/pkg/database/postgres/repo.go:246.108,248.63 1 0
github.com/aptlogica/go-postgres-rest/pkg/database/postgres/repo.go:248.63,250.3 1 0
github.com/aptlogica/go-postgres-rest/pkg/database/postgres/repo.go:253.2,253.60 1 0
github.com/aptlogica/go-postgres-rest/pkg/database/postgres/repo.go:253.60,255.3 1 0
github.com/aptlogica/go-postgres-rest/pkg/database/postgres/repo.go:257.2,262.24 3 0
github.com/aptlogica/go-postgres-rest/pkg/database/postgres/repo.go:262.24,264.3 1 0
github.com/aptlogica/go-postgres-rest/pkg/database/postgres/repo.go:266.2,266.23 1 0
github.com/aptlogica/go-postgres-rest/pkg/database/postgres/repo.go:266.23,268.3 1 0
github.com/aptlogica/go-postgres-rest/pkg/database/postgres/repo.go:270.2,270.36 1 0
github.com/aptlogica/go-postgres-rest/pkg/database/postgres/repo.go:270.36,272.3 1 0
github.com/aptlogica/go-postgres-rest/pkg/database/postgres/repo.go:274.2,274.29 1 0
github.com/aptlogica/go-postgres-rest/pkg/database/postgres/repo.go:274.29,276.3 1 0
github.com/aptlogica/go-postgres-rest/pkg/database/postgres/repo.go:278.2,279.16 2 0
github.com/aptlogica/go-postgres-rest/pkg/database/postgres/repo.go:279.16,281.3 1 0
github.com/aptlogica/go-postgres-rest/pkg/database/postgres/repo.go:283.2,283.12 1 0
github.com/aptlogica/go-postgres-rest/pkg/database/postgres/repo.go:286.116,287.20 1 0
github.com/aptlogica/go-postgres-rest/pkg/database/postgres/repo.go:288.21,289.61 1 0
github.com/aptlogica/go-postgres-rest/pkg/database/postgres/repo.go:289.61,291.4 1 0
github.com/aptlogica/go-postgres-rest/pkg/database/postgres/repo.go:292.3,295.4 1 0
github.com/aptlogica/go-postgres-rest/pkg/database/postgres/repo.go:296.23,297.62 1 0
github.com/aptlogica/go-postgres-rest/pkg/database/postgres/repo.go:297.62,299.4 1 0
github.com/aptlogica/go-postgres-rest/pkg/database/postgres/repo.go:300.3,303.4 1 0
github.com/aptlogica/go-postgres-rest/pkg/database/postgres/repo.go:304.23,305.65 1 0
github.com/aptlogica/go-postgres-rest/pkg/database/postgres/repo.go:305.65,307.4 1 0
github.com/aptlogica/go-postgres-rest/pkg/database/postgres/repo.go:308.3,311.4 1 0
github.com/aptlogica/go-postgres-rest/pkg/database/postgres/repo.go:314.2,314.69 1 0
github.com/aptlogica/go-postgres-rest/pkg/database/postgres/repo.go:317.110,319.62 1 0
github.com/aptlogica/go-postgres-rest/pkg/database/postgres/repo.go:319.62,321.3 1 0
github.com/aptlogica/go-postgres-rest/pkg/database/postgres/repo.go:324.2,324.59 1 0
github.com/aptlogica/go-postgres-rest/pkg/database/postgres/repo.go:324.59,326.3 1 0
github.com/aptlogica/go-postgres-rest/pkg/database/postgres/repo.go:328.2,330.17 2 0
github.com/aptlogica/go-postgres-rest/pkg/database/postgres/repo.go:330.17,332.3 1 0
github.com/aptlogica/go-postgres-rest/pkg/database/postgres/repo.go:334.2,335.16 2 0
github.com/aptlogica/go-postgres-rest/pkg/database/postgres/repo.go:335.16,337.3 1 0
github.com/aptlogica/go-postgres-rest/pkg/database/postgres/repo.go:339.2,339.12 1 0
github.com/aptlogica/go-postgres-rest/pkg/database/postgres/repo.go:342.114,344.62 1 0
github.com/aptlogica/go-postgres-rest/pkg/database/postgres/repo.go:344.62,346.3 1 0
github.com/aptlogica/go-postgres-rest/pkg/database/postgres/repo.go:349.2,349.59 1 0
github.com/aptlogica/go-postgres-rest/pkg/database/postgres/repo.go:349.59,351.3 1 0
github.com/aptlogica/go-postgres-rest/pkg/database/postgres/repo.go:353.2,355.27 2 0
github.com/aptlogica/go-postgres-rest/pkg/database/postgres/repo.go:355.27,358.3 1 0
github.com/aptlogica/go-postgres-rest/pkg/database/postgres/repo.go:359.2,359.27 1 0
github.com/aptlogica/go-postgres-rest/pkg/database/postgres/repo.go:359.27,360.22 1 0
github.com/aptlogica/go-postgres-rest/pkg/database/postgres/repo.go:360.22,363.4 1 0
github.com/aptlogica/go-postgres-rest/pkg/database/postgres/repo.go:363.9,366.4 1 0
github.com/aptlogica/go-postgres-rest/pkg/database/postgres/repo.go:369.2,369.27 1 0
github.com/aptlogica/go-postgres-rest/pkg/database/postgres/repo.go:369.27,372.3 1 0
github.com/aptlogica/go-postgres-rest/pkg/database/postgres/repo.go:374.2,374.21 1 0
github.com/aptlogica/go-postgres-rest/pkg/database/postgres/repo.go:374.21,377.3 1 0
github.com/aptlogica/go-postgres-rest/pkg/database/postgres/repo.go:379.2,379.32 1 0
github.com/aptlogica/go-postgres-rest/pkg/database/postgres/repo.go:379.32,380.61 1 0
github.com/aptlogica/go-postgres-rest/pkg/database/postgres/repo.go:380.61,382.4 1 0
github.com/aptlogica/go-postgres-rest/pkg/database/postgres/repo.go:385.2,385.12 1 0
github.com/aptlogica/go-postgres-rest/pkg/database/postgres/repo.go:388.114,390.62 1 0
github.com/aptlogica/go-postgres-rest/pkg/database/postgres/repo.go:390.62,392.3 1 0
github.com/aptlogica/go-postgres-rest/pkg/database/postgres/repo.go:395.2,395.56 1 0
github.com/aptlogica/go-postgres-rest/pkg/database/postgres/repo.go:395.56,397.3 1 0
github.com/aptlogica/go-postgres-rest/pkg/database/postgres/repo.go:398.2,398.56 1 0
github.com/aptlogica/go-postgres-rest/pkg/database/postgres/repo.go:398.56,400.3 1 0
github.com/aptlogica/go-postgres-rest/pkg/database/postgres/repo.go:402.2,406.16 3 0
github.com/aptlogica/go-postgres-rest/pkg/database/postgres/repo.go:406.16,408.3 1 0
github.com/aptlogica/go-postgres-rest/pkg/database/postgres/repo.go:410.2,410.12 1 0
github.com/aptlogica/go-postgres-rest/pkg/database/postgres/repo.go:413.123,418.16 3 0
github.com/aptlogica/go-postgres-rest/pkg/database/postgres/repo.go:418.16,420.3 1 0
github.com/aptlogica/go-postgres-rest/pkg/database/postgres/repo.go:422.2,424.20 2 0
github.com/aptlogica/go-postgres-rest/pkg/database/postgres/repo.go:424.20,426.3 1 0
github.com/aptlogica/go-postgres-rest/pkg/database/postgres/repo.go:426.8,428.3 1 0
github.com/aptlogica/go-postgres-rest/pkg/database/postgres/repo.go:430.2,432.20 2 0
github.com/aptlogica/go-postgres-rest/pkg/database/postgres/repo.go:432.20,434.3 1 0
github.com/aptlogica/go-postgres-rest/pkg/database/postgres/repo.go:436.2,439.16 3 0
github.com/aptlogica/go-postgres-rest/pkg/database/postgres/repo.go:439.16,441.3 1 0
github.com/aptlogica/go-postgres-rest/pkg/database/postgres/repo.go:442.2,442.12 1 0
github.com/aptlogica/go-postgres-rest/pkg/database/postgres/repo.go:445.99,447.74 1 0
github.com/aptlogica/go-postgres-rest/pkg/database/postgres/repo.go:447.74,449.3 1 0
github.com/aptlogica/go-postgres-rest/pkg/database/postgres/repo.go:451.2,459.29 5 0
github.com/aptlogica/go-postgres-rest/pkg/database/postgres/repo.go:459.29,461.3 1 0
github.com/aptlogica/go-postgres-rest/pkg/database/postgres/repo.go:464.2,465.31 2 0
github.com/aptlogica/go-postgres-rest/pkg/database/postgres/repo.go:465.31,467.3 1 0
github.com/aptlogica/go-postgres-rest/pkg/database/postgres/repo.go:469.2,472.16 3 0
github.com/aptlogica/go-postgres-rest/pkg/database/postgres/repo.go:472.16,474.3 1 0
github.com/aptlogica/go-postgres-rest/pkg/database/postgres/repo.go:477.2,477.34 1 0
github.com/aptlogica/go-postgres-rest/pkg/database/postgres/repo.go:477.34,478.84 1 0
github.com/aptlogica/go-postgres-rest/pkg/database/postgres/repo.go:478.84,480.4 1 0
github.com/aptlogica/go-postgres-rest/pkg/database/postgres/repo.go:483.2,483.12 1 0
github.com/aptlogica/go-postgres-rest/pkg/database/postgres/repo.go:487.109,489.81 1 0
github.com/aptlogica/go-postgres-rest/pkg/database/postgres/repo.go:489.81,491.3 1 0
github.com/aptlogica/go-postgres-rest/pkg/database/postgres/repo.go:494.2,494.82 1 0
github.com/aptlogica/go-postgres-rest/pkg/database/postgres/repo.go:494.82,496.3 1 0
github.com/aptlogica/go-postgres-rest/pkg/database/postgres/repo.go:499.2,499.88 1 0
github.com/aptlogica/go-postgres-rest/pkg/database/postgres/repo.go:499.88,501.3 1 0
github.com/aptlogica/go-postgres-rest/pkg/database/postgres/repo.go:504.2,504.90 1 0
github.com/aptlogica/go-postgres-rest/pkg/database/postgres/repo.go:504.90,506.3 1 0
github.com/aptlogica/go-postgres-rest/pkg/database/postgres/repo.go:509.2,509.82 1 0
github.com/aptlogica/go-postgres-rest/pkg/database/postgres/repo.go:509.82,511.3 1 0
github.com/aptlogica/go-postgres-rest/pkg/database/postgres/repo.go:513.2,513.12 1 0
github.com/aptlogica/go-postgres-rest/pkg/database/postgres/repo.go:517.98,518.62 1 0
github.com/aptlogica/go-postgres-rest/pkg/database/postgres/repo.go:518.62,520.3 1 0
github.com/aptlogica/go-postgres-rest/pkg/database/postgres/repo.go:521.2,521.12 1 0
github.com/aptlogica/go-postgres-rest/pkg/database/postgres/repo.go:525.113,526.30 1 0
github.com/aptlogica/go-postgres-rest/pkg/database/postgres/repo.go:526.30,527.54 1 0
github.com/aptlogica/go-postgres-rest/pkg/database/postgres/repo.go:527.54,529.4 1 0
github.com/aptlogica/go-postgres-rest/pkg/database/postgres/repo.go:531.2,531.12 1 0
github.com/aptlogica/go-postgres-rest/pkg/database/postgres/repo.go:535.102,536.32 1 0
github.com/aptlogica/go-postgres-rest/pkg/database/postgres/repo.go:536.32,537.48 1 0
github.com/aptlogica/go-postgres-rest/pkg/database/postgres/repo.go:537.48,539.4 1 0
github.com/aptlogica/go-postgres-rest/pkg/database/postgres/repo.go:541.2,541.12 1 0
github.com/aptlogica/go-postgres-rest/pkg/database/postgres/repo.go:545.118,546.33 1 0
github.com/aptlogica/go-postgres-rest/pkg/database/postgres/repo.go:546.33,547.34 1 0
github.com/aptlogica/go-postgres-rest/pkg/database/postgres/repo.go:547.34,548.50 1 0
github.com/aptlogica/go-postgres-rest/pkg/database/postgres/repo.go:548.50,550.5 1 0
github.com/aptlogica/go-postgres-rest/pkg/database/postgres/repo.go:552.3,552.44 1 0
github.com/aptlogica/go-postgres-rest/pkg/database/postgres/repo.go:552.44,553.50 1 0
github.com/aptlogica/go-postgres-rest/pkg/database/postgres/repo.go:553.50,555.5 1 0
github.com/aptlogica/go-postgres-rest/pkg/database/postgres/repo.go:558.2,558.12 1 0
github.com/aptlogica/go-postgres-rest/pkg/database/postgres/repo.go:562.112,563.30 1 0
github.com/aptlogica/go-postgres-rest/pkg/database/postgres/repo.go:563.30,564.35 1 0
github.com/aptlogica/go-postgres-rest/pkg/database/postgres/repo.go:564.35,565.50 1 0
github.com/aptlogica/go-postgres-rest/pkg/database/postgres/repo.go:565.50,567.5 1 0
github.com/aptlogica/go-postgres-rest/pkg/database/postgres/repo.go:570.2,570.12 1 0
github.com/aptlogica/go-postgres-rest/pkg/database/postgres/repo.go:574.112,576.30 2 0
github.com/aptlogica/go-postgres-rest/pkg/database/postgres/repo.go:576.30,582.18 5 0
github.com/aptlogica/go-postgres-rest/pkg/database/postgres/repo.go:582.18,584.4 1 0
github.com/aptlogica/go-postgres-rest/pkg/database/postgres/repo.go:586.3,586.17 1 0
github.com/aptlogica/go-postgres-rest/pkg/database/postgres/repo.go:586.17,588.4 1 0
github.com/aptlogica/go-postgres-rest/pkg/database/postgres/repo.go:590.3,590.30 1 0
github.com/aptlogica/go-postgres-rest/pkg/database/postgres/repo.go:590.30,593.4 2 0
github.com/aptlogica/go-postgres-rest/pkg/database/postgres/repo.go:595.3,595.23 1 0
github.com/aptlogica/go-postgres-rest/pkg/database/postgres/repo.go:595.23,599.4 3 0
github.com/aptlogica/go-postgres-rest/pkg/database/postgres/repo.go:601.3,601.50 1 0
github.com/aptlogica/go-postgres-rest/pkg/database/postgres/repo.go:603.2,603.19 1 0
github.com/aptlogica/go-postgres-rest/pkg/database/postgres/repo.go:607.117,609.33 2 0
github.com/aptlogica/go-postgres-rest/pkg/database/postgres/repo.go:609.33,619.24 9 0
github.com/aptlogica/go-postgres-rest/pkg/database/postgres/repo.go:619.24,622.4 2 0
github.com/aptlogica/go-postgres-rest/pkg/database/postgres/repo.go:624.3,624.24 1 0
github.com/aptlogica/go-postgres-rest/pkg/database/postgres/repo.go:624.24,627.4 2 0
github.com/aptlogica/go-postgres-rest/pkg/database/postgres/repo.go:629.3,629.41 1 0
github.com/aptlogica/go-postgres-rest/pkg/database/postgres/repo.go:631.2,631.15 1 0
github.com/aptlogica/go-postgres-rest/pkg/database/postgres/repo.go:634.85,636.63 1 0
github.com/aptlogica/go-postgres-rest/pkg/database/postgres/repo.go:636.63,638.3 1 0
github.com/aptlogica/go-postgres-rest/pkg/database/postgres/repo.go:640.2,643.16 3 0
github.com/aptlogica/go-postgres-rest/pkg/database/postgres/repo.go:643.16,645.3 1 0
github.com/aptlogica/go-postgres-rest/pkg/database/postgres/repo.go:647.2,648.16 2 0
github.com/aptlogica/go-postgres-rest/pkg/database/postgres/repo.go:648.16,650.3 1 0
github.com/aptlogica/go-postgres-rest/pkg/database/postgres/repo.go:652.2,652.23 1 0
github.com/aptlogica/go-postgres-rest/pkg/database/postgres/repo.go:652.23,654.3 1 0
github.com/aptlogica/go-postgres-rest/pkg/database/postgres/repo.go:656.2,656.12 1 0
github.com/aptlogica/go-postgres-rest/pkg/database/postgres/repo.go:659.137,660.46 1 0
github.com/aptlogica/go-postgres-rest/pkg/database/postgres/repo.go:660.46,662.3 1 0
github.com/aptlogica/go-postgres-rest/pkg/database/postgres/repo.go:664.2,669.34 4 0
github.com/aptlogica/go-postgres-rest/pkg/database/postgres/repo.go:669.34,670.49 1 0
github.com/aptlogica/go-postgres-rest/pkg/database/postgres/repo.go:670.49,672.4 1 0
github.com/aptlogica/go-postgres-rest/pkg/database/postgres/repo.go:675.2,675.26 1 0
github.com/aptlogica/go-postgres-rest/pkg/database/postgres/repo.go:675.26,677.3 1 0
github.com/aptlogica/go-postgres-rest/pkg/database/postgres/repo.go:680.2,684.20 3 0
github.com/aptlogica/go-postgres-rest/pkg/database/postgres/repo.go:685.16,686.113 1 0
github.com/aptlogica/go-postgres-rest/pkg/database/postgres/repo.go:687.19,688.117 1 0
github.com/aptlogica/go-postgres-rest/pkg/database/postgres/repo.go:689.10,690.112 1 0
github.com/aptlogica/go-postgres-rest/pkg/database/postgres/repo.go:693.2,696.36 3 0
github.com/aptlogica/go-postgres-rest/pkg/database/postgres/repo.go:699.99,701.23 1 0
github.com/aptlogica/go-postgres-rest/pkg/database/postgres/repo.go:702.21,703.17 1 0
github.com/aptlogica/go-postgres-rest/pkg/database/postgres/repo.go:704.16,706.23 2 0
github.com/aptlogica/go-postgres-rest/pkg/database/postgres/repo.go:706.23,708.4 1 0
github.com/aptlogica/go-postgres-rest/pkg/database/postgres/repo.go:709.3,709.19 1 0
github.com/aptlogica/go-postgres-rest/pkg/database/postgres/repo.go:710.13,712.23 2 0
github.com/aptlogica/go-postgres-rest/pkg/database/postgres/repo.go:712.23,714.4 1 0
github.com/aptlogica/go-postgres-rest/pkg/database/postgres/repo.go:715.3,715.19 1 0
github.com/aptlogica/go-postgres-rest/pkg/database/postgres/repo.go:716.10,717.20 1 0
github.com/aptlogica/go-postgres-rest/pkg/database/postgres/repo.go:722.155,726.2 3 0
github.com/aptlogica/go-postgres-rest/pkg/database/postgres/repo.go:729.147,731.29 2 0
github.com/aptlogica/go-postgres-rest/pkg/database/postgres/repo.go:731.29,733.3 1 0
github.com/aptlogica/go-postgres-rest/pkg/database/postgres/repo.go:735.2,737.29 3 0
github.com/aptlogica/go-postgres-rest/pkg/database/postgres/repo.go:737.29,741.3 3 0
github.com/aptlogica/go-postgres-rest/pkg/database/postgres/repo.go:743.2,744.12 2 0
github.com/aptlogica/go-postgres-rest/pkg/database/postgres/repo.go:744.12,746.3 1 0
github.com/aptlogica/go-postgres-rest/pkg/database/postgres/repo.go:747.2,748.36 2 0
github.com/aptlogica/go-postgres-rest/pkg/database/postgres/repo.go:752.149,754.12 2 0
github.com/aptlogica/go-postgres-rest/pkg/database/postgres/repo.go:754.12,756.3 1 0
github.com/aptlogica/go-postgres-rest/pkg/database/postgres/repo.go:757.2,758.35 2 0
github.com/aptlogica/go-postgres-rest/pkg/database/postgres/repo.go:762.135,766.2 3 0
github.com/aptlogica/go-postgres-rest/pkg/database/postgres/repo.go:768.138,770.58 1 0
github.com/aptlogica/go-postgres-rest/pkg/database/postgres/repo.go:770.58,774.3 1 0
github.com/aptlogica/go-postgres-rest/pkg/database/postgres/repo.go:777.2,777.58 1 0
github.com/aptlogica/go-postgres-rest/pkg/database/postgres/repo.go:777.58,780.3 1 0
github.com/aptlogica/go-postgres-rest/pkg/database/postgres/repo.go:782.2,782.42 1 0
github.com/aptlogica/go-postgres-rest/pkg/database/postgres/repo.go:783.17,784.73 1 0
github.com/aptlogica/go-postgres-rest/pkg/database/postgres/repo.go:785.25,786.74 1 0
github.com/aptlogica/go-postgres-rest/pkg/database/postgres/repo.go:787.17,788.73 1 0
github.com/aptlogica/go-postgres-rest/pkg/database/postgres/repo.go:789.19,790.74 1 0
github.com/aptlogica/go-postgres-rest/pkg/database/postgres/repo.go:791.17,792.73 1 0
github.com/aptlogica/go-postgres-rest/pkg/database/postgres/repo.go:793.19,794.74 1 0
github.com/aptlogica/go-postgres-rest/pkg/database/postgres/repo.go:795.14,796.76 1 0
github.com/aptlogica/go-postgres-rest/pkg/database/postgres/repo.go:797.15,798.77 1 0
github.com/aptlogica/go-postgres-rest/pkg/database/postgres/repo.go:799.12,800.71 1 0
github.com/aptlogica/go-postgres-rest/pkg/database/postgres/repo.go:801.16,802.70 1 0
github.com/aptlogica/go-postgres-rest/pkg/database/postgres/repo.go:803.17,804.73 1 0
github.com/aptlogica/go-postgres-rest/pkg/database/postgres/repo.go:805.21,806.72 1 0
github.com/aptlogica/go-postgres-rest/pkg/database/postgres/repo.go:807.13,808.65 1 0
github.com/aptlogica/go-postgres-rest/pkg/database/postgres/repo.go:809.10,811.85 1 0
github.com/aptlogica/go-postgres-rest/pkg/database/postgres/repo.go:817.69,818.23 1 0
github.com/aptlogica/go-postgres-rest/pkg/database/postgres/repo.go:818.23,820.3 1 0
github.com/aptlogica/go-postgres-rest/pkg/database/postgres/repo.go:822.2,823.30 2 0
github.com/aptlogica/go-postgres-rest/pkg/database/postgres/repo.go:823.30,824.17 1 0
github.com/aptlogica/go-postgres-rest/pkg/database/postgres/repo.go:824.17,827.12 2 0
github.com/aptlogica/go-postgres-rest/pkg/database/postgres/repo.go:831.3,831.49 1 0
github.com/aptlogica/go-postgres-rest/pkg/database/postgres/repo.go:831.49,833.4 1 0
github.com/aptlogica/go-postgres-rest/pkg/database/postgres/repo.go:836.3,836.59 1 0
github.com/aptlogica/go-postgres-rest/pkg/database/postgres/repo.go:839.2,839.24 1 0
github.com/aptlogica/go-postgres-rest/pkg/database/postgres/repo.go:844.74,845.27 1 0
github.com/aptlogica/go-postgres-rest/pkg/database/postgres/repo.go:845.27,847.3 1 0
github.com/aptlogica/go-postgres-rest/pkg/database/postgres/repo.go:849.2,850.40 2 0
github.com/aptlogica/go-postgres-rest/pkg/database/postgres/repo.go:850.40,853.22 2 0
github.com/aptlogica/go-postgres-rest/pkg/database/postgres/repo.go:853.22,854.12 1 0
github.com/aptlogica/go-postgres-rest/pkg/database/postgres/repo.go:858.3,859.53 2 0
github.com/aptlogica/go-postgres-rest/pkg/database/postgres/repo.go:859.53,861.4 1 0
github.com/aptlogica/go-postgres-rest/pkg/database/postgres/repo.go:864.3,867.21 2 0
github.com/aptlogica/go-postgres-rest/pkg/database/postgres/repo.go:867.21,869.49 2 0
github.com/aptlogica/go-postgres-rest/pkg/database/postgres/repo.go:869.49,871.5 1 0
github.com/aptlogica/go-postgres-rest/pkg/database/postgres/repo.go:875.3,875.72 1 0
github.com/aptlogica/go-postgres-rest/pkg/database/postgres/repo.go:878.2,878.27 1 0
github.com/aptlogica/go-postgres-rest/pkg/database/postgres/repo.go:881.138,887.35 3 0
github.com/aptlogica/go-postgres-rest/pkg/database/postgres/repo.go:887.35,892.3 4 0
github.com/aptlogica/go-postgres-rest/pkg/database/postgres/repo.go:895.2,895.38 1 0
github.com/aptlogica/go-postgres-rest/pkg/database/postgres/repo.go:895.38,897.27 2 0
github.com/aptlogica/go-postgres-rest/pkg/database/postgres/repo.go:897.27,901.4 3 0
github.com/aptlogica/go-postgres-rest/pkg/database/postgres/repo.go:904.2,904.26 1 0
github.com/aptlogica/go-postgres-rest/pkg/database/postgres/repo.go:904.26,906.3 1 0
github.com/aptlogica/go-postgres-rest/pkg/database/postgres/repo.go:908.2,909.24 2 0
github.com/aptlogica/go-postgres-rest/pkg/database/postgres/repo.go:909.24,911.3 1 0
github.com/aptlogica/go-postgres-rest/pkg/database/postgres/repo.go:913.2,913.66 1 0
github.com/aptlogica/go-postgres-rest/pkg/database/postgres/repo.go:916.133,932.22 10 0
github.com/aptlogica/go-postgres-rest/pkg/database/postgres/repo.go:932.22,934.3 1 0
github.com/aptlogica/go-postgres-rest/pkg/database/postgres/repo.go:937.2,938.23 2 0
github.com/aptlogica/go-postgres-rest/pkg/database/postgres/repo.go:938.23,942.3 3 0
github.com/aptlogica/go-postgres-rest/pkg/database/postgres/repo.go:945.2,946.25 2 0
github.com/aptlogica/go-postgres-rest/pkg/database/postgres/repo.go:946.25,948.3 1 0
github.com/aptlogica/go-postgres-rest/pkg/database/postgres/repo.go:951.2,952.24 2 0
github.com/aptlogica/go-postgres-rest/pkg/database/postgres/repo.go:952.24,956.3 3 0
github.com/aptlogica/go-postgres-rest/pkg/database/postgres/repo.go:959.2,960.25 2 0
github.com/aptlogica/go-postgres-rest/pkg/database/postgres/repo.go:960.25,962.3 1 0
github.com/aptlogica/go-postgres-rest/pkg/database/postgres/repo.go:965.2,966.29 2 0
github.com/aptlogica/go-postgres-rest/pkg/database/postgres/repo.go:966.29,969.3 2 0
github.com/aptlogica/go-postgres-rest/pkg/database/postgres/repo.go:971.2,971.29 1 0
github.com/aptlogica/go-postgres-rest/pkg/database/postgres/repo.go:975.113,977.33 2 0
github.com/aptlogica/go-postgres-rest/pkg/database/postgres/repo.go:977.33,980.56 2 0
github.com/aptlogica/go-postgres-rest/pkg/database/postgres/repo.go:980.56,982.4 1 0
github.com/aptlogica/go-postgres-rest/pkg/database/postgres/repo.go:985.3,986.59 2 0
github.com/aptlogica/go-postgres-rest/pkg/database/postgres/repo.go:986.59,988.23 2 0
github.com/aptlogica/go-postgres-rest/pkg/database/postgres/repo.go:988.23,990.57 1 0
github.com/aptlogica/go-postgres-rest/pkg/database/postgres/repo.go:990.57,992.6 1 0
github.com/aptlogica/go-postgres-rest/pkg/database/postgres/repo.go:994.4,994.39 1 0
github.com/aptlogica/go-postgres-rest/pkg/database/postgres/repo.go:997.2,997.17 1 0
github.com/aptlogica/go-postgres-rest/pkg/database/postgres/repo.go:1001.92,1002.18 1 0
github.com/aptlogica/go-postgres-rest/pkg/database/postgres/repo.go:1003.43,1004.14 1 0
github.com/aptlogica/go-postgres-rest/pkg/database/postgres/repo.go:1005.10,1006.15 1 0
github.com/aptlogica/go-postgres-rest/pkg/database/postgres/repo.go:1011.98,1012.26 1 0
github.com/aptlogica/go-postgres-rest/pkg/database/postgres/repo.go:1012.26,1014.3 1 0
github.com/aptlogica/go-postgres-rest/pkg/database/postgres/repo.go:1017.2,1018.16 2 0
github.com/aptlogica/go-postgres-rest/pkg/database/postgres/repo.go:1018.16,1020.3 1 0
github.com/aptlogica/go-postgres-rest/pkg/database/postgres/repo.go:1023.2,1023.22 1 0
github.com/aptlogica/go-postgres-rest/pkg/database/postgres/repo.go:1027.119,1030.32 2 0
github.com/aptlogica/go-postgres-rest/pkg/database/postgres/repo.go:1030.32,1036.29 3 0
github.com/aptlogica/go-postgres-rest/pkg/database/postgres/repo.go:1036.29,1039.4 2 0
github.com/aptlogica/go-postgres-rest/pkg/database/postgres/repo.go:1040.8,1044.3 2 0
github.com/aptlogica/go-postgres-rest/pkg/database/postgres/repo.go:1046.2,1046.64 1 0
github.com/aptlogica/go-postgres-rest/pkg/database/postgres/repo.go:1050.95,1051.21 1 0
github.com/aptlogica/go-postgres-rest/pkg/database/postgres/repo.go:1051.21,1053.3 1 0
github.com/aptlogica/go-postgres-rest/pkg/database/postgres/repo.go:1055.2,1056.29 2 0
github.com/aptlogica/go-postgres-rest/pkg/database/postgres/repo.go:1056.29,1058.21 2 0
github.com/aptlogica/go-postgres-rest/pkg/database/postgres/repo.go:1058.21,1060.4 1 0
github.com/aptlogica/go-postgres-rest/pkg/database/postgres/repo.go:1061.3,1062.23 2 0
github.com/aptlogica/go-postgres-rest/pkg/database/postgres/repo.go:1062.23,1064.4 1 0
github.com/aptlogica/go-postgres-rest/pkg/database/postgres/repo.go:1065.3,1065.43 1 0
github.com/aptlogica/go-postgres-rest/pkg/database/postgres/repo.go:1067.2,1067.28 1 0
github.com/aptlogica/go-postgres-rest/pkg/database/postgres/repo.go:1071.134,1077.27 3 0
github.com/aptlogica/go-postgres-rest/pkg/database/postgres/repo.go:1077.27,1079.22 2 0
github.com/aptlogica/go-postgres-rest/pkg/database/postgres/repo.go:1079.22,1083.4 3 0
github.com/aptlogica/go-postgres-rest/pkg/database/postgres/repo.go:1087.2,1087.29 1 0
github.com/aptlogica/go-postgres-rest/pkg/database/postgres/repo.go:1087.29,1090.41 2 0
github.com/aptlogica/go-postgres-rest/pkg/database/postgres/repo.go:1090.41,1095.4 4 0
github.com/aptlogica/go-postgres-rest/pkg/database/postgres/repo.go:1096.3,1096.26 1 0
github.com/aptlogica/go-postgres-rest/pkg/database/postgres/repo.go:1096.26,1098.4 1 0
github.com/aptlogica/go-postgres-rest/pkg/database/postgres/repo.go:1102.2,1102.25 1 0
github.com/aptlogica/go-postgres-rest/pkg/database/postgres/repo.go:1102.25,1103.65 1 0
github.com/aptlogica/go-postgres-rest/pkg/database/postgres/repo.go:1103.65,1108.4 4 0
github.com/aptlogica/go-postgres-rest/pkg/database/postgres/repo.go:1112.2,1112.28 1 0
github.com/aptlogica/go-postgres-rest/pkg/database/postgres/repo.go:1112.28,1114.22 2 0
github.com/aptlogica/go-postgres-rest/pkg/database/postgres/repo.go:1114.22,1118.4 3 0
github.com/aptlogica/go-postgres-rest/pkg/database/postgres/repo.go:1121.2,1121.30 1 0
github.com/aptlogica/go-postgres-rest/pkg/database/postgres/repo.go:1121.30,1123.3 1 0
github.com/aptlogica/go-postgres-rest/pkg/database/postgres/repo.go:1124.2,1124.29 1 0
github.com/aptlogica/go-postgres-rest/pkg/database/postgres/repo.go:1128.89,1129.23 1 0
github.com/aptlogica/go-postgres-rest/pkg/database/postgres/repo.go:1129.23,1131.3 1 0
github.com/aptlogica/go-postgres-rest/pkg/database/postgres/repo.go:1133.2,1134.42 2 0
github.com/aptlogica/go-postgres-rest/pkg/database/postgres/repo.go:1134.42,1136.3 1 0
github.com/aptlogica/go-postgres-rest/pkg/database/postgres/repo.go:1137.2,1137.11 1 0
github.com/aptlogica/go-postgres-rest/pkg/database/postgres/repo.go:1141.137,1142.22 1 0
github.com/aptlogica/go-postgres-rest/pkg/database/postgres/repo.go:1142.22,1144.3 1 0
github.com/aptlogica/go-postgres-rest/pkg/database/postgres/repo.go:1146.2,1149.32 3 0
github.com/aptlogica/go-postgres-rest/pkg/database/postgres/repo.go:1149.32,1154.3 4 0
github.com/aptlogica/go-postgres-rest/pkg/database/postgres/repo.go:1156.2,1156.31 1 0
github.com/aptlogica/go-postgres-rest/pkg/database/postgres/repo.go:1156.31,1158.3 1 0
github.com/aptlogica/go-postgres-rest/pkg/database/postgres/repo.go:1159.2,1159.29 1 0
github.com/aptlogica/go-postgres-rest/pkg/database/postgres/repo.go:1163.89,1164.23 1 0
github.com/aptlogica/go-postgres-rest/pkg/database/postgres/repo.go:1164.23,1166.3 1 0
github.com/aptlogica/go-postgres-rest/pkg/database/postgres/repo.go:1168.2,1169.42 2 0
github.com/aptlogica/go-postgres-rest/pkg/database/postgres/repo.go:1169.42,1171.3 1 0
github.com/aptlogica/go-postgres-rest/pkg/database/postgres/repo.go:1172.2,1172.11 1 0
github.com/aptlogica/go-postgres-rest/pkg/database/postgres/repo.go:1176.128,1181.18 3 0
github.com/aptlogica/go-postgres-rest/pkg/database/postgres/repo.go:1181.18,1185.3 3 0
github.com/aptlogica/go-postgres-rest/pkg/database/postgres/repo.go:1188.2,1188.19 1 0
github.com/aptlogica/go-postgres-rest/pkg/database/postgres/repo.go:1188.19,1191.3 2 0
github.com/aptlogica/go-postgres-rest/pkg/database/postgres/repo.go:1193.2,1193.30 1 0
github.com/aptlogica/go-postgres-rest/pkg/database/postgres/repo.go:1196.111,1199.16 3 0
github.com/aptlogica/go-postgres-rest/pkg/database/postgres/repo.go:1199.16,1201.3 1 0
github.com/aptlogica/go-postgres-rest/pkg/database/postgres/repo.go:1202.2,1205.16 3 0
github.com/aptlogica/go-postgres-rest/pkg/database/postgres/repo.go:1205.16,1207.3 1 0
github.com/aptlogica/go-postgres-rest/pkg/database/postgres/repo.go:1209.2,1210.18 2 0
github.com/aptlogica/go-postgres-rest/pkg/database/postgres/repo.go:1210.18,1213.25 3 0
github.com/aptlogica/go-postgres-rest/pkg/database/postgres/repo.go:1213.25,1215.4 1 0
github.com/aptlogica/go-postgres-rest/pkg/database/postgres/repo.go:1217.3,1217.49 1 0
github.com/aptlogica/go-postgres-rest/pkg/database/postgres/repo.go:1217.49,1219.4 1 0
github.com/aptlogica/go-postgres-rest/pkg/database/postgres/repo.go:1221.3,1222.33 2 0
github.com/aptlogica/go-postgres-rest/pkg/database/postgres/repo.go:1226.2,1226.35 1 0
github.com/aptlogica/go-postgres-rest/pkg/database/postgres/repo.go:1226.35,1228.3 1 0
github.com/aptlogica/go-postgres-rest/pkg/database/postgres/repo.go:1230.2,1230.21 1 0
github.com/aptlogica/go-postgres-rest/pkg/database/postgres/repo.go:1233.104,1236.30 2 0
github.com/aptlogica/go-postgres-rest/pkg/database/postgres/repo.go:1236.30,1239.10 2 0
github.com/aptlogica/go-postgres-rest/pkg/database/postgres/repo.go:1241.53,1242.29 1 0
github.com/aptlogica/go-postgres-rest/pkg/database/postgres/repo.go:1245.29,1246.32 1 0
github.com/aptlogica/go-postgres-rest/pkg/database/postgres/repo.go:1248.11,1249.30 1 0
github.com/aptlogica/go-postgres-rest/pkg/database/postgres/repo.go:1253.2,1253.12 1 0
github.com/aptlogica/go-postgres-rest/pkg/database/postgres/repo.go:1258.43,1259.25 1 0
github.com/aptlogica/go-postgres-rest/pkg/database/postgres/repo.go:1260.14,1261.54 1 0
github.com/aptlogica/go-postgres-rest/pkg/database/postgres/repo.go:1261.54,1263.4 1 0
github.com/aptlogica/go-postgres-rest/pkg/database/postgres/repo.go:1264.3,1264.21 1 0
github.com/aptlogica/go-postgres-rest/pkg/database/postgres/repo.go:1265.14,1266.49 1 0
github.com/aptlogica/go-postgres-rest/pkg/database/postgres/repo.go:1266.49,1268.4 1 0
github.com/aptlogica/go-postgres-rest/pkg/database/postgres/repo.go:1269.3,1269.13 1 0
github.com/aptlogica/go-postgres-rest/pkg/database/postgres/repo.go:1270.10,1271.11 1 0
github.com/aptlogica/go-postgres-rest/pkg/database/postgres/repo.go:1275.46,1276.23 1 0
github.com/aptlogica/go-postgres-rest/pkg/database/postgres/repo.go:1277.15,1278.29 1 0
github.com/aptlogica/go-postgres-rest/pkg/database/postgres/repo.go:1278.29,1280.4 1 0
github.com/aptlogica/go-postgres-rest/pkg/database/postgres/repo.go:1281.15,1282.38 1 0
github.com/aptlogica/go-postgres-rest/pkg/database/postgres/repo.go:1282.38,1284.4 1 0
github.com/aptlogica/go-postgres-rest/pkg/database/postgres/repo.go:1286.2,1286.10 1 0
github.com/aptlogica/go-postgres-rest/pkg/database/postgres/repo.go:1289.44,1291.9 2 0
github.com/aptlogica/go-postgres-rest/pkg/database/postgres/repo.go:1291.9,1294.3 1 0
github.com/aptlogica/go-postgres-rest/pkg/database/postgres/repo.go:1297.2,1297.39 1 0
github.com/aptlogica/go-postgres-rest/pkg/database/postgres/repo.go:1297.39,1299.3 1 0
github.com/aptlogica/go-postgres-rest/pkg/database/postgres/repo.go:1302.2,1302.47 1 0
github.com/aptlogica/go-postgres-rest/pkg/database/postgres/repo.go:1302.47,1304.3 1 0
github.com/aptlogica/go-postgres-rest/pkg/database/postgres/repo.go:1306.2,1306.18 1 0
github.com/aptlogica/go-postgres-rest/pkg/database/postgres/repo.go:1310.49,1312.49 2 0
github.com/aptlogica/go-postgres-rest/pkg/database/postgres/repo.go:1312.49,1314.3 1 0
github.com/aptlogica/go-postgres-rest/pkg/database/postgres/repo.go:1315.2,1315.19 1 0
github.com/aptlogica/go-postgres-rest/pkg/database/postgres/repo.go:1319.42,1324.32 2 0
github.com/aptlogica/go-postgres-rest/pkg/database/postgres/repo.go:1324.32,1325.45 1 0
github.com/aptlogica/go-postgres-rest/pkg/database/postgres/repo.go:1325.45,1329.42 2 0
github.com/aptlogica/go-postgres-rest/pkg/database/postgres/repo.go:1329.42,1331.5 1 0
github.com/aptlogica/go-postgres-rest/pkg/database/postgres/repo.go:1333.4,1333.14 1 0
github.com/aptlogica/go-postgres-rest/pkg/database/postgres/repo.go:1337.2,1337.12 1 0
github.com/aptlogica/go-postgres-rest/pkg/database/postgres/repo.go:1341.64,1343.32 2 0
github.com/aptlogica/go-postgres-rest/pkg/database/postgres/repo.go:1343.32,1344.57 1 0
github.com/aptlogica/go-postgres-rest/pkg/database/postgres/repo.go:1344.57,1346.4 1 0
github.com/aptlogica/go-postgres-rest/pkg/database/postgres/repo.go:1346.9,1348.4 1 0
github.com/aptlogica/go-postgres-rest/pkg/database/postgres/repo.go:1350.2,1350.15 1 0
github.com/aptlogica/go-postgres-rest/pkg/database/postgres/repo.go:1354.51,1358.45 4 0
github.com/aptlogica/go-postgres-rest/pkg/database/postgres/repo.go:1358.45,1360.3 1 0
github.com/aptlogica/go-postgres-rest/pkg/database/postgres/repo.go:1361.2,1361.12 1 0
github.com/aptlogica/go-postgres-rest/pkg/database/postgres/repo.go:1364.105,1366.63 1 0
github.com/aptlogica/go-postgres-rest/pkg/database/postgres/repo.go:1366.63,1368.3 1 0
github.com/aptlogica/go-postgres-rest/pkg/database/postgres/repo.go:1370.2,1370.20 1 0
github.com/aptlogica/go-postgres-rest/pkg/database/postgres/repo.go:1370.20,1372.3 1 0
github.com/aptlogica/go-postgres-rest/pkg/database/postgres/repo.go:1375.2,1380.29 5 0
github.com/aptlogica/go-postgres-rest/pkg/database/postgres/repo.go:1380.29,1382.49 1 0
github.com/aptlogica/go-postgres-rest/pkg/database/postgres/repo.go:1382.49,1384.4 1 0
github.com/aptlogica/go-postgres-rest/pkg/database/postgres/repo.go:1385.3,1388.6 4 0
github.com/aptlogica/go-postgres-rest/pkg/database/postgres/repo.go:1391.2,1399.16 3 0
github.com/aptlogica/go-postgres-rest/pkg/database/postgres/repo.go:1399.16,1401.3 1 0
github.com/aptlogica/go-postgres-rest/pkg/database/postgres/repo.go:1402.2,1404.18 2 0
github.com/aptlogica/go-postgres-rest/pkg/database/postgres/repo.go:1404.18,1406.3 1 0
github.com/aptlogica/go-postgres-rest/pkg/database/postgres/repo.go:1408.2,1409.16 2 0
github.com/aptlogica/go-postgres-rest/pkg/database/postgres/repo.go:1409.16,1411.3 1 0
github.com/aptlogica/go-postgres-rest/pkg/database/postgres/repo.go:1413.2,1415.24 3 0
github.com/aptlogica/go-postgres-rest/pkg/database/postgres/repo.go:1415.24,1417.3 1 0
github.com/aptlogica/go-postgres-rest/pkg/database/postgres/repo.go:1419.2,1419.48 1 0
github.com/aptlogica/go-postgres-rest/pkg/database/postgres/repo.go:1419.48,1421.3 1 0
github.com/aptlogica/go-postgres-rest/pkg/database/postgres/repo.go:1424.2,1426.20 2 0
github.com/aptlogica/go-postgres-rest/pkg/database/postgres/repo.go:1429.113,1430.20 1 0
github.com/aptlogica/go-postgres-rest/pkg/database/postgres/repo.go:1430.20,1432.3 1 0
github.com/aptlogica/go-postgres-rest/pkg/database/postgres/repo.go:1435.2,1439.29 4 0
github.com/aptlogica/go-postgres-rest/pkg/database/postgres/repo.go:1439.29,1443.3 3 0
github.com/aptlogica/go-postgres-rest/pkg/database/postgres/repo.go:1445.2,1455.16 4 0
github.com/aptlogica/go-postgres-rest/pkg/database/postgres/repo.go:1455.16,1457.3 1 0
github.com/aptlogica/go-postgres-rest/pkg/database/postgres/repo.go:1458.2,1460.18 2 0
github.com/aptlogica/go-postgres-rest/pkg/database/postgres/repo.go:1460.18,1462.3 1 0
github.com/aptlogica/go-postgres-rest/pkg/database/postgres/repo.go:1464.2,1465.16 2 0
github.com/aptlogica/go-postgres-rest/pkg/database/postgres/repo.go:1465.16,1467.3 1 0
github.com/aptlogica/go-postgres-rest/pkg/database/postgres/repo.go:1469.2,1471.24 3 0
github.com/aptlogica/go-postgres-rest/pkg/database/postgres/repo.go:1471.24,1473.3 1 0
github.com/aptlogica/go-postgres-rest/pkg/database/postgres/repo.go:1475.2,1475.48 1 0
github.com/aptlogica/go-postgres-rest/pkg/database/postgres/repo.go:1475.48,1477.3 1 0
github.com/aptlogica/go-postgres-rest/pkg/database/postgres/repo.go:1479.2,1481.20 2 0
github.com/aptlogica/go-postgres-rest/pkg/database/postgres/repo.go:1486.142,1487.20 1 0
github.com/aptlogica/go-postgres-rest/pkg/database/postgres/repo.go:1487.20,1489.3 1 0
github.com/aptlogica/go-postgres-rest/pkg/database/postgres/repo.go:1491.2,1491.55 1 0
github.com/aptlogica/go-postgres-rest/pkg/database/postgres/repo.go:1491.55,1493.3 1 0
github.com/aptlogica/go-postgres-rest/pkg/database/postgres/repo.go:1496.2,1496.63 1 0
github.com/aptlogica/go-postgres-rest/pkg/database/postgres/repo.go:1496.63,1498.3 1 0
github.com/aptlogica/go-postgres-rest/pkg/database/postgres/repo.go:1500.2,1504.29 4 0
github.com/aptlogica/go-postgres-rest/pkg/database/postgres/repo.go:1504.29,1505.49 1 0
github.com/aptlogica/go-postgres-rest/pkg/database/postgres/repo.go:1505.49,1507.4 1 0
github.com/aptlogica/go-postgres-rest/pkg/database/postgres/repo.go:1508.3,1510.6 3 0
github.com/aptlogica/go-postgres-rest/pkg/database/postgres/repo.go:1514.2,1515.23 2 0
github.com/aptlogica/go-postgres-rest/pkg/database/postgres/repo.go:1515.23,1517.3 1 0
github.com/aptlogica/go-postgres-rest/pkg/database/postgres/repo.go:1518.2,1528.16 4 0
github.com/aptlogica/go-postgres-rest/pkg/database/postgres/repo.go:1528.16,1530.3 1 0
github.com/aptlogica/go-postgres-rest/pkg/database/postgres/repo.go:1531.2,1533.18 2 0
github.com/aptlogica/go-postgres-rest/pkg/database/postgres/repo.go:1533.18,1535.3 1 0
github.com/aptlogica/go-postgres-rest/pkg/database/postgres/repo.go:1537.2,1538.16 2 0
github.com/aptlogica/go-postgres-rest/pkg/database/postgres/repo.go:1538.16,1540.3 1 0
github.com/aptlogica/go-postgres-rest/pkg/database/postgres/repo.go:1542.2,1544.24 3 0
github.com/aptlogica/go-postgres-rest/pkg/database/postgres/repo.go:1544.24,1546.3 1 0
github.com/aptlogica/go-postgres-rest/pkg/database/postgres/repo.go:1548.2,1548.48 1 0
github.com/aptlogica/go-postgres-rest/pkg/database/postgres/repo.go:1548.48,1550.3 1 0
github.com/aptlogica/go-postgres-rest/pkg/database/postgres/repo.go:1552.2,1554.20 2 0
github.com/aptlogica/go-postgres-rest/pkg/database/postgres/repo.go:1558.96,1559.25 1 0
github.com/aptlogica/go-postgres-rest/pkg/database/postgres/repo.go:1560.16,1561.18 1 0
github.com/aptlogica/go-postgres-rest/pkg/database/postgres/repo.go:1561.18,1563.4 1 0
github.com/aptlogica/go-postgres-rest/pkg/database/postgres/repo.go:1564.3,1564.21 1 0
github.com/aptlogica/go-postgres-rest/pkg/database/postgres/repo.go:1565.13,1566.18 1 0
github.com/aptlogica/go-postgres-rest/pkg/database/postgres/repo.go:1566.18,1568.4 1 0
github.com/aptlogica/go-postgres-rest/pkg/database/postgres/repo.go:1569.3,1569.21 1 0
github.com/aptlogica/go-postgres-rest/pkg/database/postgres/repo.go:1570.15,1571.18 1 0
github.com/aptlogica/go-postgres-rest/pkg/database/postgres/repo.go:1571.18,1573.4 1 0
github.com/aptlogica/go-postgres-rest/pkg/database/postgres/repo.go:1574.3,1574.21 1 0
github.com/aptlogica/go-postgres-rest/pkg/database/postgres/repo.go:1575.17,1576.18 1 0
github.com/aptlogica/go-postgres-rest/pkg/database/postgres/repo.go:1576.18,1578.4 1 0
github.com/aptlogica/go-postgres-rest/pkg/database/postgres/repo.go:1579.3,1579.21 1 0
github.com/aptlogica/go-postgres-rest/pkg/database/postgres/repo.go:1580.14,1581.18 1 0
github.com/aptlogica/go-postgres-rest/pkg/database/postgres/repo.go:1581.18,1583.4 1 0
github.com/aptlogica/go-postgres-rest/pkg/database/postgres/repo.go:1584.3,1584.21 1 0
github.com/aptlogica/go-postgres-rest/pkg/database/postgres/repo.go:1585.10,1586.13 1 0
github.com/aptlogica/go-postgres-rest/pkg/database/postgres/repo.go:1591.94,1592.25 1 0
github.com/aptlogica/go-postgres-rest/pkg/database/postgres/repo.go:1593.21,1594.18 1 0
github.com/aptlogica/go-postgres-rest/pkg/database/postgres/repo.go:1594.18,1596.4 1 0
github.com/aptlogica/go-postgres-rest/pkg/database/postgres/repo.go:1597.3,1597.21 1 0
github.com/aptlogica/go-postgres-rest/pkg/database/postgres/repo.go:1598.32,1599.18 1 0
github.com/aptlogica/go-postgres-rest/pkg/database/postgres/repo.go:1599.18,1601.4 1 0
github.com/aptlogica/go-postgres-rest/pkg/database/postgres/repo.go:1602.3,1603.17 2 0
github.com/aptlogica/go-postgres-rest/pkg/database/postgres/repo.go:1603.17,1605.4 1 0
github.com/aptlogica/go-postgres-rest/pkg/database/postgres/repo.go:1606.3,1606.28 1 0
github.com/aptlogica/go-postgres-rest/pkg/database/postgres/repo.go:1607.10,1608.13 1 0
github.com/aptlogica/go-postgres-rest/pkg/database/postgres/repo.go:1613.41,1614.25 1 0
github.com/aptlogica/go-postgres-rest/pkg/database/postgres/repo.go:1615.16,1616.21 1 0
github.com/aptlogica/go-postgres-rest/pkg/database/postgres/repo.go:1617.13,1618.21 1 0
github.com/aptlogica/go-postgres-rest/pkg/database/postgres/repo.go:1619.15,1620.21 1 0
github.com/aptlogica/go-postgres-rest/pkg/database/postgres/repo.go:1621.17,1622.21 1 0
github.com/aptlogica/go-postgres-rest/pkg/database/postgres/repo.go:1623.14,1624.21 1 0
github.com/aptlogica/go-postgres-rest/pkg/database/postgres/repo.go:1625.21,1626.21 1 0
github.com/aptlogica/go-postgres-rest/pkg/database/postgres/repo.go:1627.32,1628.21 1 0
github.com/aptlogica/go-postgres-rest/pkg/database/postgres/repo.go:1629.10,1630.15 1 0
github.com/aptlogica/go-postgres-rest/pkg/database/postgres/repo.go:1635.40,1636.20 1 0
github.com/aptlogica/go-postgres-rest/pkg/database/postgres/repo.go:1637.92,1638.14 1 0
github.com/aptlogica/go-postgres-rest/pkg/database/postgres/repo.go:1639.10,1640.15 1 0
github.com/aptlogica/go-postgres-rest/pkg/database/postgres/repo.go:1644.58,1646.23 1 0
github.com/aptlogica/go-postgres-rest/pkg/database/postgres/repo.go:1646.23,1648.3 1 0
github.com/aptlogica/go-postgres-rest/pkg/database/postgres/repo.go:1651.2,1651.23 1 0
github.com/aptlogica/go-postgres-rest/pkg/database/postgres/repo.go:1651.23,1653.3 1 0
github.com/aptlogica/go-postgres-rest/pkg/database/postgres/repo.go:1656.2,1656.80 1 0
github.com/aptlogica/go-postgres-rest/pkg/database/postgres/repo.go:1656.80,1658.3 1 0
github.com/aptlogica/go-postgres-rest/pkg/database/postgres/repo.go:1660.2,1660.78 1 0
github.com/aptlogica/go-postgres-rest/pkg/database/postgres/repo.go:1660.78,1662.3 1 0
github.com/aptlogica/go-postgres-rest/pkg/database/postgres/repo.go:1665.2,1665.12 1 0
github.com/aptlogica/go-postgres-rest/pkg/database/postgres/repo.go:1668.72,1670.19 2 0
github.com/aptlogica/go-postgres-rest/pkg/database/postgres/repo.go:1670.19,1672.3 1 0
github.com/aptlogica/go-postgres-rest/pkg/database/postgres/repo.go:1674.2,1677.24 3 0
github.com/aptlogica/go-postgres-rest/pkg/database/postgres/repo.go:1677.24,1679.43 2 0
github.com/aptlogica/go-postgres-rest/pkg/database/postgres/repo.go:1679.43,1681.4 1 0
github.com/aptlogica/go-postgres-rest/pkg/database/postgres/repo.go:1683.3,1684.22 2 0
github.com/aptlogica/go-postgres-rest/pkg/database/postgres/repo.go:1686.2,1686.20 1 0
github.com/aptlogica/go-postgres-rest/pkg/database/postgres/repo.go:1690.84,1705.16 3 0
github.com/aptlogica/go-postgres-rest/pkg/database/postgres/repo.go:1705.16,1707.3 1 0
github.com/aptlogica/go-postgres-rest/pkg/database/postgres/repo.go:1708.2,1711.18 3 0
github.com/aptlogica/go-postgres-rest/pkg/database/postgres/repo.go:1711.18,1720.99 2 0
github.com/aptlogica/go-postgres-rest/pkg/database/postgres/repo.go:1720.99,1722.4 1 0
github.com/aptlogica/go-postgres-rest/pkg/database/postgres/repo.go:1724.3,1725.23 2 0
github.com/aptlogica/go-postgres-rest/pkg/database/postgres/repo.go:1725.23,1728.4 2 0
github.com/aptlogica/go-postgres-rest/pkg/database/postgres/repo.go:1729.3,1730.19 2 0
github.com/aptlogica/go-postgres-rest/pkg/database/postgres/repo.go:1730.19,1733.4 2 0
github.com/aptlogica/go-postgres-rest/pkg/database/postgres/repo.go:1735.3,1742.5 1 0
github.com/aptlogica/go-postgres-rest/pkg/database/postgres/repo.go:1744.2,1744.35 1 0
github.com/aptlogica/go-postgres-rest/pkg/database/postgres/repo.go:1744.35,1746.3 1 0
github.com/aptlogica/go-postgres-rest/pkg/database/postgres/repo.go:1747.2,1748.12 2 0
github.com/aptlogica/go-postgres-rest/pkg/database/postgres/repo.go:1752.88,1766.16 3 0
github.com/aptlogica/go-postgres-rest/pkg/database/postgres/repo.go:1766.16,1768.3 1 0
github.com/aptlogica/go-postgres-rest/pkg/database/postgres/repo.go:1769.2,1772.20 3 0
github.com/aptlogica/go-postgres-rest/pkg/database/postgres/repo.go:1772.20,1774.47 2 0
github.com/aptlogica/go-postgres-rest/pkg/database/postgres/repo.go:1774.47,1776.4 1 0
github.com/aptlogica/go-postgres-rest/pkg/database/postgres/repo.go:1777.3,1777.45 1 0
github.com/aptlogica/go-postgres-rest/pkg/database/postgres/repo.go:1779.2,1779.37 1 0
github.com/aptlogica/go-postgres-rest/pkg/database/postgres/repo.go:1779.37,1781.3 1 0
github.com/aptlogica/go-postgres-rest/pkg/database/postgres/repo.go:1782.2,1786.39 3 0
github.com/aptlogica/go-postgres-rest/pkg/database/postgres/repo.go:1786.39,1788.3 1 0
github.com/aptlogica/go-postgres-rest/pkg/database/postgres/repo.go:1790.2,1790.31 1 0
github.com/aptlogica/go-postgres-rest/pkg/database/postgres/repo.go:1790.31,1792.3 1 0
github.com/aptlogica/go-postgres-rest/pkg/database/postgres/repo.go:1793.2,1793.12 1 0
github.com/aptlogica/go-postgres-rest/pkg/database/postgres/repo.go:1797.88,1815.16 3 0
github.com/aptlogica/go-postgres-rest/pkg/database/postgres/repo.go:1815.16,1817.3 1 0
github.com/aptlogica/go-postgres-rest/pkg/database/postgres/repo.go:1818.2,1821.20 3 0
github.com/aptlogica/go-postgres-rest/pkg/database/postgres/repo.go:1821.20,1828.101 2 0
github.com/aptlogica/go-postgres-rest/pkg/database/postgres/repo.go:1828.101,1830.4 1 0
github.com/aptlogica/go-postgres-rest/pkg/database/postgres/repo.go:1831.3,1836.5 1 0
github.com/aptlogica/go-postgres-rest/pkg/database/postgres/repo.go:1838.2,1838.37 1 0
github.com/aptlogica/go-postgres-rest/pkg/database/postgres/repo.go:1838.37,1840.3 1 0
github.com/aptlogica/go-postgres-rest/pkg/database/postgres/repo.go:1841.2,1842.12 2 0
github.com/aptlogica/go-postgres-rest/pkg/database/postgres/repo.go:1845.89,1846.61 1 0
github.com/aptlogica/go-postgres-rest/pkg/database/postgres/repo.go:1846.61,1848.3 1 0
github.com/aptlogica/go-postgres-rest/pkg/database/postgres/repo.go:1849.2,1849.65 1 0
github.com/aptlogica/go-postgres-rest/pkg/database/postgres/repo.go:1849.65,1851.3 1 0
github.com/aptlogica/go-postgres-rest/pkg/database/postgres/repo.go:1852.2,1852.65 1 0
github.com/aptlogica/go-postgres-rest/pkg/database/postgres/repo.go:1852.65,1854.3 1 0
github.com/aptlogica/go-postgres-rest/pkg/database/postgres/repo.go:1855.2,1855.12 1 0
github.com/aptlogica/go-postgres-rest/pkg/database/postgres/repo.go:1858.100,1868.16 4 0
github.com/aptlogica/go-postgres-rest/pkg/database/postgres/repo.go:1868.16,1870.3 1 0
github.com/aptlogica/go-postgres-rest/pkg/database/postgres/repo.go:1871.2,1873.18 2 0
github.com/aptlogica/go-postgres-rest/pkg/database/postgres/repo.go:1873.18,1875.64 2 0
github.com/aptlogica/go-postgres-rest/pkg/database/postgres/repo.go:1875.64,1877.4 1 0
github.com/aptlogica/go-postgres-rest/pkg/database/postgres/repo.go:1878.3,1878.29 1 0
github.com/aptlogica/go-postgres-rest/pkg/database/postgres/repo.go:1880.2,1880.35 1 0
github.com/aptlogica/go-postgres-rest/pkg/database/postgres/repo.go:1880.35,1882.3 1 0
github.com/aptlogica/go-postgres-rest/pkg/database/postgres/repo.go:1884.2,1884.24 1 0
github.com/aptlogica/go-postgres-rest/pkg/database/postgres/repo.go:1884.24,1885.72 1 0
github.com/aptlogica/go-postgres-rest/pkg/database/postgres/repo.go:1885.72,1887.4 1 0
github.com/aptlogica/go-postgres-rest/pkg/database/postgres/repo.go:1890.2,1890.20 1 0
github.com/aptlogica/go-postgres-rest/pkg/database/postgres/repo.go:1894.142,1895.23 1 0
github.com/aptlogica/go-postgres-rest/pkg/database/postgres/repo.go:1895.23,1897.3 1 0
github.com/aptlogica/go-postgres-rest/pkg/database/postgres/repo.go:1900.2,1901.30 2 0
github.com/aptlogica/go-postgres-rest/pkg/database/postgres/repo.go:1901.30,1903.3 1 0
github.com/aptlogica/go-postgres-rest/pkg/database/postgres/repo.go:1905.2,1906.16 2 0
github.com/aptlogica/go-postgres-rest/pkg/database/postgres/repo.go:1906.16,1908.3 1 0
github.com/aptlogica/go-postgres-rest/pkg/database/postgres/repo.go:1909.2,1919.33 6 0
github.com/aptlogica/go-postgres-rest/pkg/database/postgres/repo.go:1919.33,1921.31 2 0
github.com/aptlogica/go-postgres-rest/pkg/database/postgres/repo.go:1921.31,1925.4 3 0
github.com/aptlogica/go-postgres-rest/pkg/database/postgres/repo.go:1926.3,1926.93 1 0
github.com/aptlogica/go-postgres-rest/pkg/database/postgres/repo.go:1929.2,1937.16 3 0
github.com/aptlogica/go-postgres-rest/pkg/database/postgres/repo.go:1937.16,1939.3 1 0
github.com/aptlogica/go-postgres-rest/pkg/database/postgres/repo.go:1940.2,1943.16 3 0
github.com/aptlogica/go-postgres-rest/pkg/database/postgres/repo.go:1943.16,1945.3 1 0
github.com/aptlogica/go-postgres-rest/pkg/database/postgres/repo.go:1947.2,1947.18 1 0
github.com/aptlogica/go-postgres-rest/pkg/database/postgres/repo.go:1947.18,1950.25 3 0
github.com/aptlogica/go-postgres-rest/pkg/database/postgres/repo.go:1950.25,1952.4 1 0
github.com/aptlogica/go-postgres-rest/pkg/database/postgres/repo.go:1954.3,1954.49 1 0
github.com/aptlogica/go-postgres-rest/pkg/database/postgres/repo.go:1954.49,1956.4 1 0
github.com/aptlogica/go-postgres-rest/pkg/database/postgres/repo.go:1959.3,1960.36 2 0
github.com/aptlogica/go-postgres-rest/pkg/database/postgres/repo.go:1964.2,1964.35 1 0
github.com/aptlogica/go-postgres-rest/pkg/database/postgres/repo.go:1964.35,1966.3 1 0
github.com/aptlogica/go-postgres-rest/pkg/database/postgres/repo.go:1968.2,1968.36 1 0
github.com/aptlogica/go-postgres-rest/pkg/database/postgres/repo.go:1968.36,1970.3 1 0
github.com/aptlogica/go-postgres-rest/pkg/database/postgres/repo.go:1972.2,1972.21 1 0
github.com/aptlogica/go-postgres-rest/pkg/database/postgres/repo.go:1976.181,1977.20 1 0
github.com/aptlogica/go-postgres-rest/pkg/database/postgres/repo.go:1977.20,1979.3 1 0
github.com/aptlogica/go-postgres-rest/pkg/database/postgres/repo.go:1981.2,1986.29 5 0
github.com/aptlogica/go-postgres-rest/pkg/database/postgres/repo.go:1986.29,1991.3 4 0
github.com/aptlogica/go-postgres-rest/pkg/database/postgres/repo.go:1994.2,1995.30 2 0
github.com/aptlogica/go-postgres-rest/pkg/database/postgres/repo.go:1995.30,1998.29 2 0
github.com/aptlogica/go-postgres-rest/pkg/database/postgres/repo.go:1998.29,2000.38 2 0
github.com/aptlogica/go-postgres-rest/pkg/database/postgres/repo.go:2000.38,2002.5 1 0
github.com/aptlogica/go-postgres-rest/pkg/database/postgres/repo.go:2003.4,2003.73 1 0
github.com/aptlogica/go-postgres-rest/pkg/database/postgres/repo.go:2004.9,2006.4 1 0
github.com/aptlogica/go-postgres-rest/pkg/database/postgres/repo.go:2009.2,2018.16 3 0
github.com/aptlogica/go-postgres-rest/pkg/database/postgres/repo.go:2018.16,2020.3 1 0
github.com/aptlogica/go-postgres-rest/pkg/database/postgres/repo.go:2021.2,2023.18 2 0
github.com/aptlogica/go-postgres-rest/pkg/database/postgres/repo.go:2023.18,2025.3 1 0
github.com/aptlogica/go-postgres-rest/pkg/database/postgres/repo.go:2027.2,2028.16 2 0
github.com/aptlogica/go-postgres-rest/pkg/database/postgres/repo.go:2028.16,2030.3 1 0
github.com/aptlogica/go-postgres-rest/pkg/database/postgres/repo.go:2032.2,2034.24 3 0
github.com/aptlogica/go-postgres-rest/pkg/database/postgres/repo.go:2034.24,2036.3 1 0
github.com/aptlogica/go-postgres-rest/pkg/database/postgres/repo.go:2038.2,2038.48 1 0
github.com/aptlogica/go-postgres-rest/pkg/database/postgres/repo.go:2038.48,2040.3 1 0
github.com/aptlogica/go-postgres-rest/pkg/database/postgres/repo.go:2042.2,2043.27 2 0
github.com/aptlogica/go-postgres-rest/pkg/database/postgres/repo.go:2043.27,2045.3 1 0
github.com/aptlogica/go-postgres-rest/pkg/database/postgres/repo.go:2047.2,2047.20 1 0
github.com/aptlogica/go-postgres-rest/pkg/database/postgres/repo.go:2051.143,2052.23 1 0
github.com/aptlogica/go-postgres-rest/pkg/database/postgres/repo.go:2052.23,2054.3 1 0
github.com/aptlogica/go-postgres-rest/pkg/database/postgres/repo.go:2056.2,2057.16 2 0
github.com/aptlogica/go-postgres-rest/pkg/database/postgres/repo.go:2057.16,2059.3 1 0
github.com/aptlogica/go-postgres-rest/pkg/database/postgres/repo.go:2060.2,2064.33 3 0
github.com/aptlogica/go-postgres-rest/pkg/database/postgres/repo.go:2064.33,2066.14 2 0
github.com/aptlogica/go-postgres-rest/pkg/database/postgres/repo.go:2066.14,2067.12 1 0
github.com/aptlogica/go-postgres-rest/pkg/database/postgres/repo.go:2070.3,2074.32 4 0
github.com/aptlogica/go-postgres-rest/pkg/database/postgres/repo.go:2074.32,2075.26 1 0
github.com/aptlogica/go-postgres-rest/pkg/database/postgres/repo.go:2075.26,2079.5 3 0
github.com/aptlogica/go-postgres-rest/pkg/database/postgres/repo.go:2082.3,2093.17 4 0
github.com/aptlogica/go-postgres-rest/pkg/database/postgres/repo.go:2093.17,2095.4 1 0
github.com/aptlogica/go-postgres-rest/pkg/database/postgres/repo.go:2097.3,2098.17 2 0
github.com/aptlogica/go-postgres-rest/pkg/database/postgres/repo.go:2098.17,2100.4 1 0
github.com/aptlogica/go-postgres-rest/pkg/database/postgres/repo.go:2102.3,2102.28 1 0
github.com/aptlogica/go-postgres-rest/pkg/database/postgres/repo.go:2105.2,2105.36 1 0
github.com/aptlogica/go-postgres-rest/pkg/database/postgres/repo.go:2105.36,2107.3 1 0
github.com/aptlogica/go-postgres-rest/pkg/database/postgres/repo.go:2109.2,2109.27 1 0
github.com/aptlogica/go-postgres-rest/pkg/database/postgres/repo.go:2114.123,2115.55 1 0
github.com/aptlogica/go-postgres-rest/pkg/database/postgres/repo.go:2115.55,2117.3 1 0
github.com/aptlogica/go-postgres-rest/pkg/database/postgres/repo.go:2120.2,2120.63 1 0
github.com/aptlogica/go-postgres-rest/pkg/database/postgres/repo.go:2120.63,2122.3 1 0
github.com/aptlogica/go-postgres-rest/pkg/database/postgres/repo.go:2125.2,2126.23 2 0
github.com/aptlogica/go-postgres-rest/pkg/database/postgres/repo.go:2126.23,2128.3 1 0
github.com/aptlogica/go-postgres-rest/pkg/database/postgres/repo.go:2130.2,2133.16 3 0
github.com/aptlogica/go-postgres-rest/pkg/database/postgres/repo.go:2133.16,2135.3 1 0
github.com/aptlogica/go-postgres-rest/pkg/database/postgres/repo.go:2137.2,2138.16 2 0
github.com/aptlogica/go-postgres-rest/pkg/database/postgres/repo.go:2138.16,2140.3 1 0
github.com/aptlogica/go-postgres-rest/pkg/database/postgres/repo.go:2142.2,2142.22 1 0
github.com/aptlogica/go-postgres-rest/pkg/database/postgres/repo.go:2146.125,2147.19 1 0
github.com/aptlogica/go-postgres-rest/pkg/database/postgres/repo.go:2147.19,2149.3 1 0
github.com/aptlogica/go-postgres-rest/pkg/database/postgres/repo.go:2151.2,2152.21 2 0
github.com/aptlogica/go-postgres-rest/pkg/database/postgres/repo.go:2152.21,2154.3 1 0
github.com/aptlogica/go-postgres-rest/pkg/database/postgres/repo.go:2156.2,2164.16 3 0
github.com/aptlogica/go-postgres-rest/pkg/database/postgres/repo.go:2164.16,2166.3 1 0
github.com/aptlogica/go-postgres-rest/pkg/database/postgres/repo.go:2168.2,2168.30 1 0
github.com/aptlogica/go-postgres-rest/pkg/database/postgres/repo.go:2172.98,2174.16 2 0
github.com/aptlogica/go-postgres-rest/pkg/database/postgres/repo.go:2174.16,2176.3 1 0
github.com/aptlogica/go-postgres-rest/pkg/database/postgres/repo.go:2177.2,2177.12 1 0
github.com/aptlogica/go-postgres-rest/pkg/database/postgres/repo.go:2181.94,2185.16 4 0
github.com/aptlogica/go-postgres-rest/pkg/database/postgres/repo.go:2185.16,2187.3 1 0
github.com/aptlogica/go-postgres-rest/pkg/database/postgres/repo.go:2188.2,2188.20 1 0
github.com/aptlogica/go-postgres-rest/pkg/database/postgres/repo.go:2192.101,2195.16 3 0
github.com/aptlogica/go-postgres-rest/pkg/database/postgres/repo.go:2195.16,2197.3 1 0
github.com/aptlogica/go-postgres-rest/pkg/database/postgres/repo.go:2198.2,2201.16 3 0
github.com/aptlogica/go-postgres-rest/pkg/database/postgres/repo.go:2201.16,2203.3 1 0
github.com/aptlogica/go-postgres-rest/pkg/database/postgres/repo.go:2205.2,2206.18 2 0
github.com/aptlogica/go-postgres-rest/pkg/database/postgres/repo.go:2206.18,2209.25 3 0
github.com/aptlogica/go-postgres-rest/pkg/database/postgres/repo.go:2209.25,2211.4 1 0
github.com/aptlogica/go-postgres-rest/pkg/database/postgres/repo.go:2213.3,2213.49 1 0
github.com/aptlogica/go-postgres-rest/pkg/database/postgres/repo.go:2213.49,2215.4 1 0
github.com/aptlogica/go-postgres-rest/pkg/database/postgres/repo.go:2217.3,2218.28 2 0
github.com/aptlogica/go-postgres-rest/pkg/database/postgres/repo.go:2218.28,2220.4 1 0
github.com/aptlogica/go-postgres-rest/pkg/database/postgres/repo.go:2221.3,2221.45 1 0
github.com/aptlogica/go-postgres-rest/pkg/database/postgres/repo.go:2225.2,2225.35 1 0
github.com/aptlogica/go-postgres-rest/pkg/database/postgres/repo.go:2225.35,2227.3 1 0
github.com/aptlogica/go-postgres-rest/pkg/database/postgres/repo.go:2229.2,2229.24 1 0
github.com/aptlogica/go-postgres-rest/pkg/database/postgres/repo.go:2233.95,2236.16 3 0
github.com/aptlogica/go-postgres-rest/pkg/database/postgres/repo.go:2236.16,2238.3 1 0
github.com/aptlogica/go-postgres-rest/pkg/database/postgres/repo.go:2239.2,2239.12 1 0
github.com/aptlogica/go-postgres-rest/pkg/database/postgres/repo.go:2243.101,2246.16 3 0
github.com/aptlogica/go-postgres-rest/pkg/database/postgres/repo.go:2246.16,2248.3 1 0
github.com/aptlogica/go-postgres-rest/pkg/database/postgres/repo.go:2249.2,2249.12 1 0
github.com/aptlogica/go-postgres-rest/pkg/database/postgres/repo.go:2253.101,2265.16 4 0
github.com/aptlogica/go-postgres-rest/pkg/database/postgres/repo.go:2265.16,2267.3 1 0
github.com/aptlogica/go-postgres-rest/pkg/database/postgres/repo.go:2270.2,2279.16 3 0
github.com/aptlogica/go-postgres-rest/pkg/database/postgres/repo.go:2279.16,2281.3 1 0
github.com/aptlogica/go-postgres-rest/pkg/database/postgres/repo.go:2284.2,2291.16 3 0
github.com/aptlogica/go-postgres-rest/pkg/database/postgres/repo.go:2291.16,2293.3 1 0
github.com/aptlogica/go-postgres-rest/pkg/database/postgres/repo.go:2296.2,2300.16 3 0
github.com/aptlogica/go-postgres-rest/pkg/database/postgres/repo.go:2300.16,2302.3 1 0
github.com/aptlogica/go-postgres-rest/pkg/database/postgres/repo.go:2304.2,2304.21 1 0
github.com/aptlogica/go-postgres-rest/pkg/database/postgres/repo.go:2308.90,2319.62 7 0
github.com/aptlogica/go-postgres-rest/pkg/database/postgres/repo.go:2319.62,2322.17 3 0
github.com/aptlogica/go-postgres-rest/pkg/database/postgres/repo.go:2322.17,2325.4 2 0
github.com/aptlogica/go-postgres-rest/pkg/database/postgres/repo.go:2328.2,2328.25 1 0
github.com/aptlogica/go-postgres-rest/pkg/database/postgres/repo.go:2372.111,2382.40 4 0
github.com/aptlogica/go-postgres-rest/pkg/database/postgres/repo.go:2382.40,2384.3 1 0
github.com/aptlogica/go-postgres-rest/pkg/database/postgres/repo.go:2385.2,2385.20 1 0
github.com/aptlogica/go-postgres-rest/pkg/database/postgres/repo.go:2388.107,2392.16 3 0
github.com/aptlogica/go-postgres-rest/pkg/database/postgres/repo.go:2392.16,2394.3 1 0
github.com/aptlogica/go-postgres-rest/pkg/database/postgres/repo.go:2396.2,2396.12 1 0
github.com/aptlogica/go-postgres-rest/pkg/database/postgres/repo.go:2396.12,2398.3 1 0
github.com/aptlogica/go-postgres-rest/pkg/database/postgres/repo.go:2400.2,2401.33 2 0
github.com/aptlogica/go-postgres-rest/pkg/database/postgres/repo.go:2401.33,2403.3 1 0
github.com/aptlogica/go-postgres-rest/pkg/database/postgres/repo.go:2405.2,2406.33 2 0
github.com/aptlogica/go-postgres-rest/pkg/database/postgres/repo.go:2406.33,2408.3 1 0
github.com/aptlogica/go-postgres-rest/pkg/database/postgres/repo.go:2410.2,2421.16 3 0
github.com/aptlogica/go-postgres-rest/pkg/database/postgres/repo.go:2421.16,2423.3 1 0
github.com/aptlogica/go-postgres-rest/pkg/database/postgres/repo.go:2424.2,2424.12 1 0
github.com/aptlogica/go-postgres-rest/pkg/database/postgres/repo.go:2427.108,2429.89 1 0
github.com/aptlogica/go-postgres-rest/pkg/database/postgres/repo.go:2429.89,2439.3 6 0
github.com/aptlogica/go-postgres-rest/pkg/database/postgres/repo.go:2439.8,2444.3 3 0
github.com/aptlogica/go-postgres-rest/pkg/database/postgres/repo.go:2446.2,2446.12 1 0
github.com/aptlogica/go-postgres-rest/pkg/database/postgres/repo.go:2449.137,2456.50 2 0
github.com/aptlogica/go-postgres-rest/pkg/database/postgres/repo.go:2456.50,2459.18 2 0
github.com/aptlogica/go-postgres-rest/pkg/database/postgres/repo.go:2459.18,2461.4 1 0
github.com/aptlogica/go-postgres-rest/pkg/database/postgres/repo.go:2463.3,2463.17 1 0
github.com/aptlogica/go-postgres-rest/pkg/database/postgres/repo.go:2463.17,2465.4 1 0
github.com/aptlogica/go-postgres-rest/pkg/database/postgres/repo.go:2467.3,2467.30 1 0
github.com/aptlogica/go-postgres-rest/pkg/database/postgres/repo.go:2467.30,2469.4 1 0
github.com/aptlogica/go-postgres-rest/pkg/database/postgres/repo.go:2471.3,2471.23 1 0
github.com/aptlogica/go-postgres-rest/pkg/database/postgres/repo.go:2471.23,2473.4 1 0
github.com/aptlogica/go-postgres-rest/pkg/database/postgres/repo.go:2475.3,2475.39 1 0
github.com/aptlogica/go-postgres-rest/pkg/database/postgres/repo.go:2479.2,2491.16 5 0
github.com/aptlogica/go-postgres-rest/pkg/database/postgres/repo.go:2491.16,2493.3 1 0
github.com/aptlogica/go-postgres-rest/pkg/database/postgres/repo.go:2494.2,2494.12 1 0
github.com/aptlogica/go-postgres-rest/pkg/database/postgres/repo.go:2497.67,2500.16 3 0
github.com/aptlogica/go-postgres-rest/pkg/database/postgres/repo.go:2500.16,2502.3 1 0
github.com/aptlogica/go-postgres-rest/pkg/database/postgres/repo.go:2503.2,2503.12 1 0
github.com/aptlogica/go-postgres-rest/pkg/database/postgres/repo.go:2508.144,2513.16 3 0
github.com/aptlogica/go-postgres-rest/pkg/database/postgres/repo.go:2513.16,2515.3 1 0
github.com/aptlogica/go-postgres-rest/pkg/database/postgres/repo.go:2516.2,2516.12 1 0
github.com/aptlogica/go-postgres-rest/pkg/database/postgres/repo.go:2519.148,2520.25 1 0
github.com/aptlogica/go-postgres-rest/pkg/database/postgres/repo.go:2520.25,2522.3 1 0
github.com/aptlogica/go-postgres-rest/pkg/database/postgres/repo.go:2525.2,2527.59 2 0
github.com/aptlogica/go-postgres-rest/pkg/database/postgres/repo.go:2527.59,2529.3 1 0
github.com/aptlogica/go-postgres-rest/pkg/database/postgres/repo.go:2532.2,2534.37 3 0
github.com/aptlogica/go-postgres-rest/pkg/database/postgres/repo.go:2534.37,2537.3 2 0
github.com/aptlogica/go-postgres-rest/pkg/database/postgres/repo.go:2539.2,2543.16 3 0
github.com/aptlogica/go-postgres-rest/pkg/database/postgres/repo.go:2543.16,2545.3 1 0
github.com/aptlogica/go-postgres-rest/pkg/database/postgres/repo.go:2546.2,2546.12 1 0
github.com/aptlogica/go-postgres-rest/pkg/database/postgres/repo.go:2549.149,2550.25 1 0
github.com/aptlogica/go-postgres-rest/pkg/database/postgres/repo.go:2550.25,2552.3 1 0
github.com/aptlogica/go-postgres-rest/pkg/database/postgres/repo.go:2554.2,2556.37 3 0
github.com/aptlogica/go-postgres-rest/pkg/database/postgres/repo.go:2556.37,2559.3 2 0
github.com/aptlogica/go-postgres-rest/pkg/database/postgres/repo.go:2561.2,2565.16 3 0
github.com/aptlogica/go-postgres-rest/pkg/database/postgres/repo.go:2565.16,2567.3 1 0
github.com/aptlogica/go-postgres-rest/pkg/database/postgres/repo.go:2568.2,2568.12 1 0
github.com/aptlogica/go-postgres-rest/pkg/database/postgres/repo.go:2572.198,2580.31 5 0
github.com/aptlogica/go-postgres-rest/pkg/database/postgres/repo.go:2580.31,2581.85 1 0
[...]
github.com/aptlogica/go-postgres-rest/pkg/database/postgres/repo.go:2066.14,2067.12 1 0
github.com/aptlogica/go-postgres-rest/pkg/database/postgres/repo.go:2070.3,2074.32 4 1
github.com/aptlogica/go-postgres-rest/pkg/database/postgres/repo.go:2074.32,2075.26 1 1
github.com/aptlogica/go-postgres-rest/pkg/database/postgres/repo.go:2075.26,2079.5 3 1
github.com/aptlogica/go-postgres-rest/pkg/database/postgres/repo.go:2082.3,2093.17 4 1
github.com/aptlogica/go-postgres-rest/pkg/database/postgres/repo.go:2093.17,2095.4 1 0
github.com/aptlogica/go-postgres-rest/pkg/database/postgres/repo.go:2097.3,2098.17 2 1
github.com/aptlogica/go-postgres-rest/pkg/database/postgres/repo.go:2098.17,2100.4 1 0
github.com/aptlogica/go-postgres-rest/pkg/database/postgres/repo.go:2102.3,2102.28 1 1
github.com/aptlogica/go-postgres-rest/pkg/database/postgres/repo.go:2105.2,2105.36 1 1
github.com/aptlogica/go-postgres-rest/pkg/database/postgres/repo.go:2105.36,2107.3 1 0
github.com/aptlogica/go-postgres-rest/pkg/database/postgres/repo.go:2109.2,2109.27 1 1
github.com/aptlogica/go-postgres-rest/pkg/database/postgres/repo.go:2114.123,2115.55 1 0
github.com/aptlogica/go-postgres-rest/pkg/database/postgres/repo.go:2115.55,2117.3 1 0
github.com/aptlogica/go-postgres-rest/pkg/database/postgres/repo.go:2120.2,2120.63 1 0
github.com/aptlogica/go-postgres-rest/pkg/database/postgres/repo.go:2120.63,2122.3 1 0
github.com/aptlogica/go-postgres-rest/pkg/database/postgres/repo.go:2125.2,2126.23 2 0
github.com/aptlogica/go-postgres-rest/pkg/database/postgres/repo.go:2126.23,2128.3 1 0
github.com/aptlogica/go-postgres-rest/pkg/database/postgres/repo.go:2130.2,2133.16 3 0
github.com/aptlogica/go-postgres-rest/pkg/database/postgres/repo.go:2133.16,2135.3 1 0
github.com/aptlogica/go-postgres-rest/pkg/database/postgres/repo.go:2137.2,2138.16 2 0
github.com/aptlogica/go-postgres-rest/pkg/database/postgres/repo.go:2138.16,2140.3 1 0
github.com/aptlogica/go-postgres-rest/pkg/database/postgres/repo.go:2142.2,2142.22 1 0
github.com/aptlogica/go-postgres-rest/pkg/database/postgres/repo.go:2146.125,2147.19 1 1
github.com/aptlogica/go-postgres-rest/pkg/database/postgres/repo.go:2147.19,2149.3 1 0
github.com/aptlogica/go-postgres-rest/pkg/database/postgres/repo.go:2151.2,2152.21 2 1
github.com/aptlogica/go-postgres-rest/pkg/database/postgres/repo.go:2152.21,2154.3 1 1
github.com/aptlogica/go-postgres-rest/pkg/database/postgres/repo.go:2156.2,2164.16 3 1
github.com/aptlogica/go-postgres-rest/pkg/database/postgres/repo.go:2164.16,2166.3 1 1
github.com/aptlogica/go-postgres-rest/pkg/database/postgres/repo.go:2168.2,2168.30 1 1
github.com/aptlogica/go-postgres-rest/pkg/database/postgres/repo.go:2172.98,2174.16 2 1
github.com/aptlogica/go-postgres-rest/pkg/database/postgres/repo.go:2174.16,2176.3 1 0
github.com/aptlogica/go-postgres-rest/pkg/database/postgres/repo.go:2177.2,2177.12 1 1
github.com/aptlogica/go-postgres-rest/pkg/database/postgres/repo.go:2181.94,2185.16 4 1
github.com/aptlogica/go-postgres-rest/pkg/database/postgres/repo.go:2185.16,2187.3 1 0
github.com/aptlogica/go-postgres-rest/pkg/database/postgres/repo.go:2188.2,2188.20 1 1
github.com/aptlogica/go-postgres-rest/pkg/database/postgres/repo.go:2192.101,2195.16 3 1
github.com/aptlogica/go-postgres-rest/pkg/database/postgres/repo.go:2195.16,2197.3 1 0
github.com/aptlogica/go-postgres-rest/pkg/database/postgres/repo.go:2198.2,2201.16 3 1
github.com/aptlogica/go-postgres-rest/pkg/database/postgres/repo.go:2201.16,2203.3 1 0
github.com/aptlogica/go-postgres-rest/pkg/database/postgres/repo.go:2205.2,2206.18 2 1
github.com/aptlogica/go-postgres-rest/pkg/database/postgres/repo.go:2206.18,2209.25 3 1
github.com/aptlogica/go-postgres-rest/pkg/database/postgres/repo.go:2209.25,2211.4 1 1
github.com/aptlogica/go-postgres-rest/pkg/database/postgres/repo.go:2213.3,2213.49 1 1
github.com/aptlogica/go-postgres-rest/pkg/database/postgres/repo.go:2213.49,2215.4 1 0
github.com/aptlogica/go-postgres-rest/pkg/database/postgres/repo.go:2217.3,2218.28 2 1
github.com/aptlogica/go-postgres-rest/pkg/database/postgres/repo.go:2218.28,2220.4 1 1
github.com/aptlogica/go-postgres-rest/pkg/database/postgres/repo.go:2221.3,2221.45 1 1
github.com/aptlogica/go-postgres-rest/pkg/database/postgres/repo.go:2225.2,2225.35 1 1
github.com/aptlogica/go-postgres-rest/pkg/database/postgres/repo.go:2225.35,2227.3 1 0
github.com/aptlogica/go-postgres-rest/pkg/database/postgres/repo.go:2229.2,2229.24 1 1
github.com/aptlogica/go-postgres-rest/pkg/database/postgres/repo.go:2233.95,2236.16 3 1
github.com/aptlogica/go-postgres-rest/pkg/database/postgres/repo.go:2236.16,2238.3 1 0
github.com/aptlogica/go-postgres-rest/pkg/database/postgres/repo.go:2239.2,2239.12 1 1
github.com/aptlogica/go-postgres-rest/pkg/database/postgres/repo.go:2243.101,2246.16 3 1
github.com/aptlogica/go-postgres-rest/pkg/database/postgres/repo.go:2246.16,2248.3 1 0
github.com/aptlogica/go-postgres-rest/pkg/database/postgres/repo.go:2249.2,2249.12 1 1
github.com/aptlogica/go-postgres-rest/pkg/database/postgres/repo.go:2253.101,2265.16 4 1
github.com/aptlogica/go-postgres-rest/pkg/database/postgres/repo.go:2265.16,2267.3 1 1
github.com/aptlogica/go-postgres-rest/pkg/database/postgres/repo.go:2270.2,2279.16 3 1
github.com/aptlogica/go-postgres-rest/pkg/database/postgres/repo.go:2279.16,2281.3 1 1
github.com/aptlogica/go-postgres-rest/pkg/database/postgres/repo.go:2284.2,2291.16 3 1
github.com/aptlogica/go-postgres-rest/pkg/database/postgres/repo.go:2291.16,2293.3 1 1
github.com/aptlogica/go-postgres-rest/pkg/database/postgres/repo.go:2296.2,2300.16 3 1
github.com/aptlogica/go-postgres-rest/pkg/database/postgres/repo.go:2300.16,2302.3 1 1
github.com/aptlogica/go-postgres-rest/pkg/database/postgres/repo.go:2304.2,2304.21 1 1
github.com/aptlogica/go-postgres-rest/pkg/database/postgres/repo.go:2308.90,2319.62 7 1
github.com/aptlogica/go-postgres-rest/pkg/database/postgres/repo.go:2319.62,2322.17 3 1
github.com/aptlogica/go-postgres-rest/pkg/database/postgres/repo.go:2322.17,2325.4 2 1
github.com/aptlogica/go-postgres-rest/pkg/database/postgres/repo.go:2328.2,2328.25 1 1
github.com/aptlogica/go-postgres-rest/pkg/database/postgres/repo.go:2372.111,2382.40 4 1
github.com/aptlogica/go-postgres-rest/pkg/database/postgres/repo.go:2382.40,2384.3 1 0
github.com/aptlogica/go-postgres-rest/pkg/database/postgres/repo.go:2385.2,2385.20 1 1
github.com/aptlogica/go-postgres-rest/pkg/database/postgres/repo.go:2388.107,2392.16 3 1
github.com/aptlogica/go-postgres-rest/pkg/database/postgres/repo.go:2392.16,2394.3 1 0
github.com/aptlogica/go-postgres-rest/pkg/database/postgres/repo.go:2396.2,2396.12 1 1
github.com/aptlogica/go-postgres-rest/pkg/database/postgres/repo.go:2396.12,2398.3 1 0
github.com/aptlogica/go-postgres-rest/pkg/database/postgres/repo.go:2400.2,2401.33 2 1
github.com/aptlogica/go-postgres-rest/pkg/database/postgres/repo.go:2401.33,2403.3 1 1
github.com/aptlogica/go-postgres-rest/pkg/database/postgres/repo.go:2405.2,2406.33 2 1
github.com/aptlogica/go-postgres-rest/pkg/database/postgres/repo.go:2406.33,2408.3 1 1
github.com/aptlogica/go-postgres-rest/pkg/database/postgres/repo.go:2410.2,2421.16 3 1
github.com/aptlogica/go-postgres-rest/pkg/database/postgres/repo.go:2421.16,2423.3 1 0
github.com/aptlogica/go-postgres-rest/pkg/database/postgres/repo.go:2424.2,2424.12 1 1
github.com/aptlogica/go-postgres-rest/pkg/database/postgres/repo.go:2427.108,2429.89 1 1
github.com/aptlogica/go-postgres-rest/pkg/database/postgres/repo.go:2429.89,2439.3 6 1
github.com/aptlogica/go-postgres-rest/pkg/database/postgres/repo.go:2439.8,2444.3 3 1
github.com/aptlogica/go-postgres-rest/pkg/database/postgres/repo.go:2446.2,2446.12 1 1
github.com/aptlogica/go-postgres-rest/pkg/database/postgres/repo.go:2449.137,2456.50 2 1
github.com/aptlogica/go-postgres-rest/pkg/database/postgres/repo.go:2456.50,2459.18 2 1
github.com/aptlogica/go-postgres-rest/pkg/database/postgres/repo.go:2459.18,2461.4 1 0
github.com/aptlogica/go-postgres-rest/pkg/database/postgres/repo.go:2463.3,2463.17 1 1
github.com/aptlogica/go-postgres-rest/pkg/database/postgres/repo.go:2463.17,2465.4 1 0
github.com/aptlogica/go-postgres-rest/pkg/database/postgres/repo.go:2467.3,2467.30 1 1
github.com/aptlogica/go-postgres-rest/pkg/database/postgres/repo.go:2467.30,2469.4 1 1
github.com/aptlogica/go-postgres-rest/pkg/database/postgres/repo.go:2471.3,2471.23 1 1
github.com/aptlogica/go-postgres-rest/pkg/database/postgres/repo.go:2471.23,2473.4 1 0
github.com/aptlogica/go-postgres-rest/pkg/database/postgres/repo.go:2475.3,2475.39 1 1
github.com/aptlogica/go-postgres-rest/pkg/database/postgres/repo.go:2479.2,2491.16 5 1
github.com/aptlogica/go-postgres-rest/pkg/database/postgres/repo.go:2491.16,2493.3 1 0
github.com/aptlogica/go-postgres-rest/pkg/database/postgres/repo.go:2494.2,2494.12 1 1
github.com/aptlogica/go-postgres-rest/pkg/database/postgres/repo.go:2497.67,2500.16 3 1
github.com/aptlogica/go-postgres-rest/pkg/database/postgres/repo.go:2500.16,2502.3 1 0
github.com/aptlogica/go-postgres-rest/pkg/database/postgres/repo.go:2503.2,2503.12 1 1
github.com/aptlogica/go-postgres-rest/pkg/database/postgres/repo.go:2508.144,2513.16 3 1
github.com/aptlogica/go-postgres-rest/pkg/database/postgres/repo.go:2513.16,2515.3 1 0
github.com/aptlogica/go-postgres-rest/pkg/database/postgres/repo.go:2516.2,2516.12 1 1
github.com/aptlogica/go-postgres-rest/pkg/database/postgres/repo.go:2519.148,2520.25 1 1
github.com/aptlogica/go-postgres-rest/pkg/database/postgres/repo.go:2520.25,2522.3 1 0
github.com/aptlogica/go-postgres-rest/pkg/database/postgres/repo.go:2525.2,2527.59 2 1
github.com/aptlogica/go-postgres-rest/pkg/database/postgres/repo.go:2527.59,2529.3 1 0
github.com/aptlogica/go-postgres-rest/pkg/database/postgres/repo.go:2532.2,2534.37 3 1
github.com/aptlogica/go-postgres-rest/pkg/database/postgres/repo.go:2534.37,2537.3 2 1
github.com/aptlogica/go-postgres-rest/pkg/database/postgres/repo.go:2539.2,2543.16 3 1
github.com/aptlogica/go-postgres-rest/pkg/database/postgres/repo.go:2543.16,2545.3 1 0
github.com/aptlogica/go-postgres-rest/pkg/database/postgres/repo.go:2546.2,2546.12 1 1
github.com/aptlogica/go-postgres-rest/pkg/database/postgres/repo.go:2549.149,2550.25 1 1
github.com/aptlogica/go-postgres-rest/pkg/database/postgres/repo.go:2550.25,2552.3 1 0
github.com/aptlogica/go-postgres-rest/pkg/database/postgres/repo.go:2554.2,2556.37 3 1
github.com/aptlogica/go-postgres-rest/pkg/database/postgres/repo.go:2556.37,2559.3 2 1
github.com/aptlogica/go-postgres-rest/pkg/database/postgres/repo.go:2561.2,2565.16 3 1
github.com/aptlogica/go-postgres-rest/pkg/database/postgres/repo.go:2565.16,2567.3 1 0
github.com/aptlogica/go-postgres-rest/pkg/database/postgres/repo.go:2568.2,2568.12 1 1
github.com/aptlogica/go-postgres-rest/pkg/database/postgres/repo.go:2572.198,2580.31 5 1
github.com/aptlogica/go-postgres-rest/pkg/database/postgres/repo.go:2580.31,2581.85 1 1
github.com/aptlogica/go-postgres-rest/pkg/database/postgres/repo.go:2581.85,2586.4 4 1
github.com/aptlogica/go-postgres-rest/pkg/database/postgres/repo.go:2589.2,2598.22 2 1
github.com/aptlogica/go-postgres-rest/pkg/database/postgres/repo.go:2602.101,2603.18 1 1
github.com/aptlogica/go-postgres-rest/pkg/database/postgres/repo.go:2603.18,2605.3 1 0
github.com/aptlogica/go-postgres-rest/pkg/database/postgres/repo.go:2607.2,2608.16 2 1
github.com/aptlogica/go-postgres-rest/pkg/database/postgres/repo.go:2608.16,2610.3 1 0
github.com/aptlogica/go-postgres-rest/pkg/database/postgres/repo.go:2612.2,2614.22 3 1
github.com/aptlogica/go-postgres-rest/pkg/database/postgres/repo.go:2614.22,2616.3 1 1
github.com/aptlogica/go-postgres-rest/pkg/database/postgres/repo.go:2618.2,2618.46 1 1
github.com/aptlogica/go-postgres-rest/pkg/database/postgres/repo.go:2618.46,2620.3 1 0
github.com/aptlogica/go-postgres-rest/pkg/database/postgres/repo.go:2622.2,2623.27 2 1
github.com/aptlogica/go-postgres-rest/pkg/database/postgres/repo.go:2623.27,2625.3 1 1
github.com/aptlogica/go-postgres-rest/pkg/database/postgres/repo.go:2626.2,2626.20 1 1
github.com/aptlogica/go-postgres-rest/pkg/database/postgres/repo.go:2629.207,2630.25 1 1
github.com/aptlogica/go-postgres-rest/pkg/database/postgres/repo.go:2630.25,2632.3 1 0
github.com/aptlogica/go-postgres-rest/pkg/database/postgres/repo.go:2634.2,2636.37 2 1
github.com/aptlogica/go-postgres-rest/pkg/database/postgres/repo.go:2636.37,2642.17 3 1
github.com/aptlogica/go-postgres-rest/pkg/database/postgres/repo.go:2642.17,2644.4 1 0
github.com/aptlogica/go-postgres-rest/pkg/database/postgres/repo.go:2645.3,2649.17 3 1
github.com/aptlogica/go-postgres-rest/pkg/database/postgres/repo.go:2649.17,2651.4 1 0
github.com/aptlogica/go-postgres-rest/pkg/database/postgres/repo.go:2652.3,2652.20 1 1
github.com/aptlogica/go-postgres-rest/pkg/database/postgres/repo.go:2652.20,2654.4 1 1
github.com/aptlogica/go-postgres-rest/pkg/database/postgres/repo.go:2657.2,2657.21 1 1
github.com/aptlogica/go-postgres-rest/pkg/database/postgres/repo.go:2660.159,2661.25 1 1
github.com/aptlogica/go-postgres-rest/pkg/database/postgres/repo.go:2661.25,2666.17 3 1
github.com/aptlogica/go-postgres-rest/pkg/database/postgres/repo.go:2666.17,2668.4 1 1
github.com/aptlogica/go-postgres-rest/pkg/database/postgres/repo.go:2669.3,2670.25 2 1
github.com/aptlogica/go-postgres-rest/pkg/database/postgres/repo.go:2673.2,2675.37 3 1
github.com/aptlogica/go-postgres-rest/pkg/database/postgres/repo.go:2675.37,2678.3 2 1
github.com/aptlogica/go-postgres-rest/pkg/database/postgres/repo.go:2680.2,2684.16 3 1
github.com/aptlogica/go-postgres-rest/pkg/database/postgres/repo.go:2684.16,2686.3 1 0
github.com/aptlogica/go-postgres-rest/pkg/database/postgres/repo.go:2688.2,2689.24 2 1
github.com/aptlogica/go-postgres-rest/pkg/database/postgres/repo.go:2692.160,2693.25 1 1
github.com/aptlogica/go-postgres-rest/pkg/database/postgres/repo.go:2693.25,2697.17 3 1
github.com/aptlogica/go-postgres-rest/pkg/database/postgres/repo.go:2697.17,2699.4 1 1
github.com/aptlogica/go-postgres-rest/pkg/database/postgres/repo.go:2700.3,2701.25 2 1
github.com/aptlogica/go-postgres-rest/pkg/database/postgres/repo.go:2704.2,2706.37 3 1
github.com/aptlogica/go-postgres-rest/pkg/database/postgres/repo.go:2706.37,2709.3 2 1
github.com/aptlogica/go-postgres-rest/pkg/database/postgres/repo.go:2711.2,2716.16 3 1
github.com/aptlogica/go-postgres-rest/pkg/database/postgres/repo.go:2716.16,2718.3 1 0
github.com/aptlogica/go-postgres-rest/pkg/database/postgres/repo.go:2720.2,2721.24 2 1
github.com/aptlogica/go-postgres-rest/pkg/database/postgres/repo.go:2725.158,2729.28 3 1
github.com/aptlogica/go-postgres-rest/pkg/database/postgres/repo.go:2729.28,2731.3 1 1
github.com/aptlogica/go-postgres-rest/pkg/database/postgres/repo.go:2731.8,2732.28 1 1
github.com/aptlogica/go-postgres-rest/pkg/database/postgres/repo.go:2733.66,2734.68 1 1
github.com/aptlogica/go-postgres-rest/pkg/database/postgres/repo.go:2735.38,2736.28 1 1
github.com/aptlogica/go-postgres-rest/pkg/database/postgres/repo.go:2740.2,2740.27 1 1
github.com/aptlogica/go-postgres-rest/pkg/database/postgres/repo.go:2741.65,2744.15 2 1
github.com/aptlogica/go-postgres-rest/pkg/database/postgres/repo.go:2746.37,2753.15 2 1
github.com/aptlogica/go-postgres-rest/pkg/database/postgres/repo.go:2756.2,2756.35 1 1
github.com/aptlogica/go-postgres-rest/pkg/database/postgres/repo.go:2760.135,2764.40 2 1
github.com/aptlogica/go-postgres-rest/pkg/database/postgres/repo.go:2764.40,2769.3 4 1
github.com/aptlogica/go-postgres-rest/pkg/database/postgres/repo.go:2772.2,2772.29 1 1
github.com/aptlogica/go-postgres-rest/pkg/database/postgres/repo.go:2772.29,2774.3 1 1
github.com/aptlogica/go-postgres-rest/pkg/database/postgres/repo.go:2777.2,2777.25 1 1
github.com/aptlogica/go-postgres-rest/pkg/database/postgres/repo.go:2777.25,2781.3 3 1
github.com/aptlogica/go-postgres-rest/pkg/database/postgres/repo.go:2784.2,2784.26 1 1
github.com/aptlogica/go-postgres-rest/pkg/database/postgres/repo.go:2784.26,2787.3 2 1
github.com/aptlogica/go-postgres-rest/pkg/database/postgres/repo.go:2789.2,2789.25 1 1
github.com/aptlogica/go-postgres-rest/pkg/database/postgres/repo.go:2797.37,2813.16 11 1
github.com/aptlogica/go-postgres-rest/pkg/database/postgres/repo.go:2813.16,2815.3 1 1
github.com/aptlogica/go-postgres-rest/pkg/database/postgres/repo.go:2816.2,2819.16 3 1
github.com/aptlogica/go-postgres-rest/pkg/database/postgres/repo.go:2819.16,2821.3 1 0
github.com/aptlogica/go-postgres-rest/pkg/database/postgres/repo.go:2823.2,2824.18 2 1
github.com/aptlogica/go-postgres-rest/pkg/database/postgres/repo.go:2824.18,2827.25 3 1
github.com/aptlogica/go-postgres-rest/pkg/database/postgres/repo.go:2827.25,2829.4 1 1
github.com/aptlogica/go-postgres-rest/pkg/database/postgres/repo.go:2831.3,2831.49 1 1
github.com/aptlogica/go-postgres-rest/pkg/database/postgres/repo.go:2831.49,2833.4 1 0
github.com/aptlogica/go-postgres-rest/pkg/database/postgres/repo.go:2835.3,2836.28 2 1
github.com/aptlogica/go-postgres-rest/pkg/database/postgres/repo.go:2836.28,2838.4 1 1
github.com/aptlogica/go-postgres-rest/pkg/database/postgres/repo.go:2839.3,2839.27 1 1
github.com/aptlogica/go-postgres-rest/pkg/database/postgres/repo.go:2843.2,2843.35 1 1
github.com/aptlogica/go-postgres-rest/pkg/database/postgres/repo.go:2843.35,2845.3 1 1
github.com/aptlogica/go-postgres-rest/pkg/database/postgres/repo.go:2847.2,2847.18 1 1
github.com/aptlogica/go-postgres-rest/pkg/database/postgres/repo.go:2857.86,2862.31 4 1
github.com/aptlogica/go-postgres-rest/pkg/database/postgres/repo.go:2862.31,2863.27 1 1
github.com/aptlogica/go-postgres-rest/pkg/database/postgres/repo.go:2863.27,2866.4 2 1
github.com/aptlogica/go-postgres-rest/pkg/database/postgres/repo.go:2868.2,2868.25 1 1
github.com/aptlogica/go-postgres-rest/pkg/database/postgres/repo.go:2868.25,2869.15 1 1
github.com/aptlogica/go-postgres-rest/pkg/database/postgres/repo.go:2869.15,2871.4 1 1
github.com/aptlogica/go-postgres-rest/pkg/database/postgres/repo.go:2873.2,2873.16 1 1
github.com/aptlogica/go-postgres-rest/pkg/database/postgres/repo.go:2877.108,2880.30 3 1
github.com/aptlogica/go-postgres-rest/pkg/database/postgres/repo.go:2880.30,2884.3 2 1
github.com/aptlogica/go-postgres-rest/pkg/database/postgres/repo.go:2886.2,2887.27 2 1
github.com/aptlogica/go-postgres-rest/pkg/database/postgres/repo.go:2887.27,2889.3 1 1
github.com/aptlogica/go-postgres-rest/pkg/database/postgres/repo.go:2889.8,2891.3 1 1
github.com/aptlogica/go-postgres-rest/pkg/database/postgres/repo.go:2893.2,2893.22 1 1
github.com/aptlogica/go-postgres-rest/pkg/database/postgres/repo.go:2896.121,2897.16 1 1
github.com/aptlogica/go-postgres-rest/pkg/database/postgres/repo.go:2897.16,2899.3 1 0
github.com/aptlogica/go-postgres-rest/pkg/database/postgres/repo.go:2902.2,2908.16 4 1
github.com/aptlogica/go-postgres-rest/pkg/database/postgres/repo.go:2908.16,2910.3 1 1
github.com/aptlogica/go-postgres-rest/pkg/database/postgres/repo.go:2911.2,2914.16 3 1
github.com/aptlogica/go-postgres-rest/pkg/database/postgres/repo.go:2914.16,2916.3 1 0
github.com/aptlogica/go-postgres-rest/pkg/database/postgres/repo.go:2918.2,2919.18 2 1
github.com/aptlogica/go-postgres-rest/pkg/database/postgres/repo.go:2919.18,2922.25 3 1
github.com/aptlogica/go-postgres-rest/pkg/database/postgres/repo.go:2922.25,2924.4 1 1
github.com/aptlogica/go-postgres-rest/pkg/database/postgres/repo.go:2926.3,2926.49 1 1
github.com/aptlogica/go-postgres-rest/pkg/database/postgres/repo.go:2926.49,2928.4 1 0
github.com/aptlogica/go-postgres-rest/pkg/database/postgres/repo.go:2930.3,2931.33 2 1
github.com/aptlogica/go-postgres-rest/pkg/database/postgres/repo.go:2935.2,2935.35 1 1
github.com/aptlogica/go-postgres-rest/pkg/database/postgres/repo.go:2935.35,2937.3 1 0
github.com/aptlogica/go-postgres-rest/pkg/database/postgres/repo.go:2939.2,2939.23 1 1
github.com/aptlogica/go-postgres-rest/pkg/database/postgres/repo.go:2939.23,2941.3 1 1
github.com/aptlogica/go-postgres-rest/pkg/database/postgres/repo.go:2942.2,2942.21 1 0
